Model training with data: 0010_09082021
Number of parameters combinations: 100
2021-08-23 19:34:46
Parameters (8Q4YT5NV8R) 1/100
{'n_neighbors': 400}
Fold 1
Fold 2
Fold 3
Fold 4
Fold 5
Fold 6



2021-08-23 19:35:00
Parameters (X23GS2PW60) 2/100
{'n_neighbors': 350}
Fold 1
Fold 2
Fold 3
Fold 4
Fold 5
Fold 6



2021-08-23 19:35:11
Parameters (OI41Q9NS96) 3/100
{'n_neighbors': 300}
Fold 1
Fold 2
Fold 3
Fold 4
Fold 5
Fold 6



2021-08-23 19:35:21
Parameters (MR1DWDPJU9) 4/100
{'n_neighbors': 700}
Fold 1
Fold 2
Fold 3
Fold 4
Fold 5
Fold 6



2021-08-23 19:35:43
Parameters (XXUG8MWK58) 5/100
{'n_neighbors': 490}
Fold 1
Fold 2
Fold 3
Fold 4
Fold 5
Fold 6



2021-08-23 19:36:00
Parameters (00MRXB5EB5) 6/100
{'n_neighbors': 600}
Fold 1
Fold 2
Fold 3
Fold 4
Fold 5
Fold 6



2021-08-23 19:36:20
Parameters (WQBL578T54) 7/100
{'n_neighbors': 540}
Fold 1
Fold 2
Fold 3
Fold 4
Fold 5
Fold 6



2021-08-23 19:36:37
Parameters (VZ6Q7LXAJ7) 8/100
{'n_neighbors': 910}
Fold 1
Fold 2
Fold 3
Fold 4
Fold 5
Fold 6



2021-08-23 19:37:05
Parameters (2NE6UYCWI8) 9/100
{'n_neighbors': 840}
Fold 1
Fold 2
Fold 3
Fold 4
Fold 5
Fold 6



2021-08-23 19:37:34
Parameters (TEPRXLUCZ9) 10/100
{'n_neighbors': 580}
Fold 1
Fold 2
Fold 3
Fold 4
Fold 5
Fold 6



2021-08-23 19:37:54
Parameters (GVTWUH4X8D) 11/100
{'n_neighbors': 660}
Fold 1
Fold 2
Fold 3
Fold 4
Fold 5
Fold 6



2021-08-23 19:38:17
Parameters (FIGK7BQ4GZ) 12/100
{'n_neighbors': 890}
Fold 1
Fold 2
Fold 3
Fold 4
Fold 5
Fold 6



2021-08-23 19:38:43
Parameters (6J1330X067) 13/100
{'n_neighbors': 680}
Fold 1
Fold 2
Fold 3
Fold 4
Fold 5
Fold 6



2021-08-23 19:39:05
Parameters (6PIX7BSRYU) 14/100
{'n_neighbors': 620}
Fold 1
Fold 2
Fold 3
Fold 4
Fold 5
Fold 6



2021-08-23 19:39:24
Parameters (EF0CFHN515) 15/100
{'n_neighbors': 610}
Fold 1
Fold 2
Fold 3
Fold 4
Fold 5
Fold 6



2021-08-23 19:39:44
Parameters (PBRO2V7FY2) 16/100
{'n_neighbors': 420}
Fold 1
Fold 2
Fold 3
Fold 4
Fold 5
Fold 6



2021-08-23 19:39:58
Parameters (1HXKGD4ZZG) 17/100
{'n_neighbors': 280}
Fold 1
Fold 2
Fold 3
Fold 4
Fold 5
Fold 6



2021-08-23 19:40:07
Parameters (ZHEB3PV77Z) 18/100
{'n_neighbors': 410}
Fold 1
Fold 2
Fold 3
Fold 4
Fold 5
Fold 6



2021-08-23 19:40:20
Parameters (OA4LQPPSF7) 19/100
{'n_neighbors': 780}
Fold 1
Fold 2
Fold 3
Fold 4
Fold 5
Fold 6



2021-08-23 19:40:43
Parameters (KNCPJA6MIT) 20/100
{'n_neighbors': 220}
Fold 1
Fold 2
Fold 3
Fold 4
Fold 5
Fold 6



2021-08-23 19:40:51
Parameters (SOYFE8FAT5) 21/100
{'n_neighbors': 310}
Fold 1
Fold 2
Fold 3
Fold 4
Fold 5
Fold 6



2021-08-23 19:41:01
Parameters (PVZKPJF0R8) 22/100
{'n_neighbors': 210}
Fold 1
Fold 2
Fold 3
Fold 4
Fold 5
Fold 6



2021-08-23 19:41:07
Parameters (CIIF8Q6GRI) 23/100
{'n_neighbors': 560}
Fold 1
Fold 2
Fold 3
Fold 4
Fold 5
Fold 6



2021-08-23 19:41:25
Parameters (PVCRLR52UA) 24/100
{'n_neighbors': 430}
Fold 1
Fold 2
Fold 3
Fold 4
Fold 5
Fold 6



2021-08-23 19:41:39
Parameters (RII1YSVP0N) 25/100
{'n_neighbors': 170}
Fold 1
Fold 2
Fold 3
Fold 4
Fold 5
Fold 6



2021-08-23 19:41:45
Parameters (2WJSOLLIEW) 26/100
{'n_neighbors': 550}
Fold 1
Fold 2
Fold 3
Fold 4
Fold 5
Fold 6



2021-08-23 19:42:02
Parameters (0EH10D1DPR) 27/100
{'n_neighbors': 810}
Fold 1
Fold 2
Fold 3
Fold 4
Fold 5
Fold 6



2021-08-23 19:42:25
Parameters (HKLAN40ECK) 28/100
{'n_neighbors': 160}
Fold 1
Fold 2
Fold 3
Fold 4
Fold 5
Fold 6



2021-08-23 19:42:31
Parameters (UC4OO8AFH4) 29/100
{'n_neighbors': 330}
Fold 1
Fold 2
Fold 3
Fold 4
Fold 5
Fold 6



2021-08-23 19:42:41
Parameters (JQ8X7H2TWY) 30/100
{'n_neighbors': 830}
Fold 1
Fold 2
Fold 3
Fold 4
Fold 5
Fold 6



2021-08-23 19:43:08
Parameters (H2ZMOZQOUX) 31/100
{'n_neighbors': 460}
Fold 1
Fold 2
Fold 3
Fold 4
Fold 5
Fold 6



2021-08-23 19:43:24
Parameters (J8NZEPI4Q4) 32/100
{'n_neighbors': 500}
Fold 1
Fold 2
Fold 3
Fold 4
Fold 5
Fold 6



2021-08-23 19:43:40
Parameters (V85Z5OIRO9) 33/100
{'n_neighbors': 790}
Fold 1
Fold 2
Fold 3
Fold 4
Fold 5
Fold 6



2021-08-23 19:44:06
Parameters (6CXUVM9RBH) 34/100
{'n_neighbors': 850}
Fold 1
Fold 2
Fold 3
Fold 4
Fold 5
Fold 6



2021-08-23 19:44:32
Parameters (GWD9JEEKAE) 35/100
{'n_neighbors': 820}
Fold 1
Fold 2
Fold 3
Fold 4
Fold 5
Fold 6



2021-08-23 19:44:56
Parameters (13258VK7NQ) 36/100
{'n_neighbors': 270}
Fold 1
Fold 2
Fold 3
Fold 4
Fold 5
Fold 6



2021-08-23 19:45:04
Parameters (E850465NJ3) 37/100
{'n_neighbors': 750}
Fold 1
Fold 2
Fold 3
Fold 4
Fold 5
Fold 6



2021-08-23 19:45:26
Parameters (2HODVA2W9G) 38/100
{'n_neighbors': 510}
Fold 1
Fold 2
Fold 3
Fold 4
Fold 5
Fold 6



2021-08-23 19:45:40
Parameters (RSF0CT97ZD) 39/100
{'n_neighbors': 230}
Fold 1
Fold 2
Fold 3
Fold 4
Fold 5
Fold 6



2021-08-23 19:45:48
Parameters (M17CKEQXQ2) 40/100
{'n_neighbors': 130}
Fold 1
Fold 2
Fold 3
Fold 4
Fold 5
Fold 6



2021-08-23 19:45:53
Parameters (4V32M4IGZ5) 41/100
{'n_neighbors': 100}
Fold 1
Fold 2
Fold 3
Fold 4
Fold 5
Fold 6



2021-08-23 19:45:57
Parameters (ZVQLK8G8YT) 42/100
{'n_neighbors': 10}
Fold 1
Fold 2
Fold 3
Fold 4
Fold 5
Fold 6



2021-08-23 19:45:58
Parameters (KTL21YLEDH) 43/100
{'n_neighbors': 140}
Fold 1
Fold 2
Fold 3
Fold 4
Fold 5
Fold 6



2021-08-23 19:46:02
Parameters (JF3TCUAPVL) 44/100
{'n_neighbors': 740}
Fold 1
Fold 2
Fold 3
Fold 4
Fold 5
Fold 6



2021-08-23 19:46:24
Parameters (5N5XUVRPD7) 45/100
{'n_neighbors': 530}
Fold 1
Fold 2
Fold 3
Fold 4
Fold 5
Fold 6



2021-08-23 19:46:40
Parameters (ZVN53AW6L9) 46/100
{'n_neighbors': 770}
Fold 1
Fold 2
Fold 3
Fold 4
Fold 5
Fold 6



2021-08-23 19:47:03
Parameters (TVHES814DZ) 47/100
{'n_neighbors': 630}
Fold 1
Fold 2
Fold 3
Fold 4
Fold 5
Fold 6



2021-08-23 19:47:22
Parameters (KVCV0872KW) 48/100
{'n_neighbors': 390}
Fold 1
Fold 2
Fold 3
Fold 4
Fold 5
Fold 6



2021-08-23 19:47:35
Parameters (2CSH2JSRJ8) 49/100
{'n_neighbors': 440}
Fold 1
Fold 2
Fold 3
Fold 4
Fold 5
Fold 6



2021-08-23 19:47:49
Parameters (SP3DOMG5RV) 50/100
{'n_neighbors': 950}
Fold 1
Fold 2
Fold 3
Fold 4
Fold 5
Fold 6



2021-08-23 19:48:20
Parameters (DJ5F5O5V98) 51/100
{'n_neighbors': 470}
Fold 1
Fold 2
Fold 3
Fold 4
Fold 5
Fold 6



2021-08-23 19:48:35
Parameters (AZNSMWV448) 52/100
{'n_neighbors': 180}
Fold 1
Fold 2
Fold 3
Fold 4
Fold 5
Fold 6



2021-08-23 19:48:41
Parameters (F5W04LU87N) 53/100
{'n_neighbors': 200}
Fold 1
Fold 2
Fold 3
Fold 4
Fold 5
Fold 6



2021-08-23 19:48:48
Parameters (QNF7LLNJ1N) 54/100
{'n_neighbors': 360}
Fold 1
Fold 2
Fold 3
Fold 4
Fold 5
Fold 6



2021-08-23 19:49:00
Parameters (5ZNFE1YPKX) 55/100
{'n_neighbors': 290}
Fold 1
Fold 2
Fold 3
Fold 4
Fold 5
Fold 6



2021-08-23 19:49:11
Parameters (GYO16KH9LG) 56/100
{'n_neighbors': 70}
Fold 1
Fold 2
Fold 3
Fold 4
Fold 5
Fold 6



2021-08-23 19:49:14
Parameters (HH3E9DWRMG) 57/100
{'n_neighbors': 710}
Fold 1
Fold 2
Fold 3
Fold 4
Fold 5
Fold 6



2021-08-23 19:49:38
Parameters (WRQYJ93KGG) 58/100
{'n_neighbors': 590}
Fold 1
Fold 2
Fold 3
Fold 4
Fold 5
Fold 6



2021-08-23 19:49:56
Parameters (MLTELRE6B4) 59/100
{'n_neighbors': 240}
Fold 1
Fold 2
Fold 3
Fold 4
Fold 5
Fold 6



2021-08-23 19:50:04
Parameters (8UAUK0EFHV) 60/100
{'n_neighbors': 260}
Fold 1
Fold 2
Fold 3
Fold 4
Fold 5
Fold 6



2021-08-23 19:50:13
Parameters (OIMLCZL0T7) 61/100
{'n_neighbors': 250}
Fold 1
Fold 2
Fold 3
Fold 4
Fold 5
Fold 6



2021-08-23 19:50:21
Parameters (FTXLJGOUQE) 62/100
{'n_neighbors': 120}
Fold 1
Fold 2
Fold 3
Fold 4
Fold 5
Fold 6



2021-08-23 19:50:25
Parameters (QSDCC3L31A) 63/100
{'n_neighbors': 110}
Fold 1
Fold 2
Fold 3
Fold 4
Fold 5
Fold 6



2021-08-23 19:50:29
Parameters (QB6BJ4LIUT) 64/100
{'n_neighbors': 80}
Fold 1
Fold 2
Fold 3
Fold 4
Fold 5
Fold 6



2021-08-23 19:50:32
Parameters (CNK0MRO90B) 65/100
{'n_neighbors': 50}
Fold 1
Fold 2
Fold 3
Fold 4
Fold 5
Fold 6



2021-08-23 19:50:34
Parameters (EQI5EXO1LZ) 66/100
{'n_neighbors': 720}
Fold 1
Fold 2
Fold 3
Fold 4
Fold 5
Fold 6



2021-08-23 19:50:56
Parameters (F2GER4RI9T) 67/100
{'n_neighbors': 880}
Fold 1
Fold 2
Fold 3
Fold 4
Fold 5
Fold 6



2021-08-23 19:51:22
Parameters (2KHM9LWZV5) 68/100
{'n_neighbors': 980}
Fold 1
Fold 2
Fold 3
Fold 4
Fold 5
Fold 6



2021-08-23 19:51:55
Parameters (SGTZ7779AD) 69/100
{'n_neighbors': 570}
Fold 1
Fold 2
Fold 3
Fold 4
Fold 5
Fold 6



2021-08-23 19:52:12
Parameters (SORQDUKWAP) 70/100
{'n_neighbors': 900}
Fold 1
Fold 2
Fold 3
Fold 4
Fold 5
Fold 6



2021-08-23 19:52:40
Parameters (MRVQRUJBRZ) 71/100
{'n_neighbors': 920}
Fold 1
Fold 2
Fold 3
Fold 4
Fold 5
Fold 6



2021-08-23 19:53:09
Parameters (P82RCYY5EB) 72/100
{'n_neighbors': 30}
Fold 1
Fold 2
Fold 3
Fold 4
Fold 5
Fold 6



2021-08-23 19:53:11
Parameters (QBU8LJ30MR) 73/100
{'n_neighbors': 90}
Fold 1
Fold 2
Fold 3
Fold 4
Fold 5
Fold 6



2021-08-23 19:53:15
Parameters (XONFDVWZF6) 74/100
{'n_neighbors': 730}
Fold 1
Fold 2
Fold 3
Fold 4
Fold 5
Fold 6



2021-08-23 19:53:38
Parameters (V52V4LTZU2) 75/100
{'n_neighbors': 320}
Fold 1
Fold 2
Fold 3
Fold 4
Fold 5
Fold 6



2021-08-23 19:53:49
Parameters (820HK6ZWND) 76/100
{'n_neighbors': 370}
Fold 1
Fold 2
Fold 3
Fold 4
Fold 5
Fold 6



2021-08-23 19:54:01
Parameters (HJ3G8R3VAX) 77/100
{'n_neighbors': 860}
Fold 1
Fold 2
Fold 3
Fold 4
Fold 5
Fold 6



2021-08-23 19:54:30
Parameters (AV4DWIUSB9) 78/100
{'n_neighbors': 670}
Fold 1
Fold 2
Fold 3
Fold 4
Fold 5
Fold 6



2021-08-23 19:54:52
Parameters (OGMQ0ZPVVN) 79/100
{'n_neighbors': 960}
Fold 1
Fold 2
Fold 3
Fold 4
Fold 5
Fold 6



2021-08-23 19:55:24
Parameters (XZLG5QBSRL) 80/100
{'n_neighbors': 760}
Fold 1
Fold 2
Fold 3
Fold 4
Fold 5
Fold 6



2021-08-23 19:55:48
Parameters (A0JW8XQGB8) 81/100
{'n_neighbors': 640}
Fold 1
Fold 2
Fold 3
Fold 4
Fold 5
Fold 6



2021-08-23 19:56:07
Parameters (Q8HTTPGLLO) 82/100
{'n_neighbors': 190}
Fold 1
Fold 2
Fold 3
Fold 4
Fold 5
Fold 6



2021-08-23 19:56:14
Parameters (4BRF8IH4IB) 83/100
{'n_neighbors': 380}
Fold 1
Fold 2
Fold 3
Fold 4
Fold 5
Fold 6



2021-08-23 19:56:27
Parameters (PI4QB1EZ1O) 84/100
{'n_neighbors': 650}
Fold 1
Fold 2
Fold 3
Fold 4
Fold 5
Fold 6



2021-08-23 19:56:47
Parameters (IMBAMI2JD5) 85/100
{'n_neighbors': 40}
Fold 1
Fold 2
Fold 3
Fold 4
Fold 5
Fold 6



2021-08-23 19:56:49
Parameters (7NGTV6SKEM) 86/100
{'n_neighbors': 0}
Fold 1
