Model training with data: 0010_09082021
Number of parameters combinations: 100
2021-08-24 17:29:27
Parameters (FJRL7USACB) 1/100
{'n_neighbors': 81}
Fold 1
Fold 2
Fold 3
Fold 4
Fold 5
Fold 6



2021-08-24 17:29:30
Parameters (FXFWTLVCJO) 2/100
{'n_neighbors': 201}
Fold 1
Fold 2
Fold 3
Fold 4
Fold 5
Fold 6



2021-08-24 17:29:36
Parameters (7W6479U8DT) 3/100
{'n_neighbors': 931}
Fold 1
Fold 2
Fold 3
Fold 4
Fold 5
Fold 6



2021-08-24 17:30:02
Parameters (CPF3TZ7NWC) 4/100
{'n_neighbors': 181}
Fold 1
Fold 2
Fold 3
Fold 4
Fold 5
Fold 6



2021-08-24 17:30:08
Parameters (F26XGJF02C) 5/100
{'n_neighbors': 251}
Fold 1
Fold 2
Fold 3
Fold 4
Fold 5
Fold 6



2021-08-24 17:30:15
Parameters (FITXAWBPMM) 6/100
{'n_neighbors': 781}
Fold 1
Fold 2
Fold 3
Fold 4
Fold 5
Fold 6



2021-08-24 17:30:37
Parameters (2LZVH98BD5) 7/100
{'n_neighbors': 881}
Fold 1
Fold 2
Fold 3
Fold 4
Fold 5
Fold 6



2021-08-24 17:31:02
Parameters (JNCF045IPI) 8/100
{'n_neighbors': 511}
Fold 1
Fold 2
Fold 3
Fold 4
Fold 5
Fold 6



2021-08-24 17:31:16
Parameters (YAIY12AQBM) 9/100
{'n_neighbors': 761}
Fold 1
Fold 2
Fold 3
Fold 4
Fold 5
Fold 6



2021-08-24 17:31:37
Parameters (4JRLAOATSR) 10/100
{'n_neighbors': 631}
Fold 1
Fold 2
Fold 3
Fold 4
Fold 5
Fold 6



2021-08-24 17:31:55
Parameters (SUB3TKJA2X) 11/100
{'n_neighbors': 491}
Fold 1
Fold 2
Fold 3
Fold 4
Fold 5
Fold 6



2021-08-24 17:32:09
Parameters (TNYDI044DB) 12/100
{'n_neighbors': 861}
Fold 1
Fold 2
Fold 3
Fold 4
Fold 5
Fold 6



2021-08-24 17:32:33
Parameters (1B0B0ATHFP) 13/100
{'n_neighbors': 561}
Fold 1
Fold 2
Fold 3
Fold 4
Fold 5
Fold 6



2021-08-24 17:32:49
Parameters (RV7BZA8WIP) 14/100
{'n_neighbors': 71}
Fold 1
Fold 2
Fold 3
Fold 4
Fold 5
Fold 6



2021-08-24 17:32:52
Parameters (V6TP353YV5) 15/100
{'n_neighbors': 841}
Fold 1
Fold 2
Fold 3
Fold 4
Fold 5
Fold 6



2021-08-24 17:33:16
Parameters (ZBSZ5C3732) 16/100
{'n_neighbors': 371}
Fold 1
Fold 2
Fold 3
Fold 4
Fold 5
Fold 6



2021-08-24 17:33:26
Parameters (38F88EK6IY) 17/100
{'n_neighbors': 851}
Fold 1
Fold 2
Fold 3
Fold 4
Fold 5
Fold 6



2021-08-24 17:33:50
Parameters (XX6D6P6JSI) 18/100
{'n_neighbors': 871}
Fold 1
Fold 2
Fold 3
Fold 4
Fold 5
Fold 6



2021-08-24 17:34:15
Parameters (RADD9SNR31) 19/100
{'n_neighbors': 911}
Fold 1
Fold 2
Fold 3
Fold 4
Fold 5
Fold 6



2021-08-24 17:34:40
Parameters (R1WAL031IZ) 20/100
{'n_neighbors': 471}
Fold 1
Fold 2
Fold 3
Fold 4
Fold 5
Fold 6



2021-08-24 17:34:54
Parameters (BEPOKXQD6Q) 21/100
{'n_neighbors': 91}
Fold 1
Fold 2
Fold 3
Fold 4
Fold 5
Fold 6



2021-08-24 17:34:57
Parameters (V5KXK5J2DM) 22/100
{'n_neighbors': 611}
Fold 1
Fold 2
Fold 3
Fold 4
Fold 5
Fold 6



2021-08-24 17:35:14
Parameters (E5AXVZNUHL) 23/100
{'n_neighbors': 831}
Fold 1
Fold 2
Fold 3
Fold 4
Fold 5
Fold 6



2021-08-24 17:35:38
Parameters (50OI94J99V) 24/100
{'n_neighbors': 101}
Fold 1
Fold 2
Fold 3
Fold 4
Fold 5
Fold 6



2021-08-24 17:35:41
Parameters (FCJBMZVLO3) 25/100
{'n_neighbors': 1}
Fold 1
Fold 2
Fold 3
Fold 4
Fold 5
Fold 6



2021-08-24 17:35:41
Parameters (5112E00JJ3) 26/100
{'n_neighbors': 591}
Fold 1
Fold 2
Fold 3
Fold 4
Fold 5
Fold 6



2021-08-24 17:35:59
Parameters (KY51AAUO34) 27/100
{'n_neighbors': 641}
Fold 1
Fold 2
Fold 3
Fold 4
Fold 5
Fold 6



2021-08-24 17:36:17
Parameters (0X8X6HZK39) 28/100
{'n_neighbors': 31}
Fold 1
Fold 2
Fold 3
Fold 4
Fold 5
Fold 6



2021-08-24 17:36:18
Parameters (RSUGF55Y9J) 29/100
{'n_neighbors': 431}
Fold 1
Fold 2
Fold 3
Fold 4
Fold 5
Fold 6



2021-08-24 17:36:31
Parameters (FKNH57IE72) 30/100
{'n_neighbors': 381}
Fold 1
Fold 2
Fold 3
Fold 4
Fold 5
Fold 6



2021-08-24 17:36:42
Parameters (FC6CS71FRU) 31/100
{'n_neighbors': 261}
Fold 1
Fold 2
Fold 3
Fold 4
Fold 5
Fold 6



2021-08-24 17:36:50
Parameters (4IWO15ELI2) 32/100
{'n_neighbors': 701}
Fold 1
Fold 2
Fold 3
Fold 4
Fold 5
Fold 6



2021-08-24 17:37:10
Parameters (Y5JV2G8Q1M) 33/100
{'n_neighbors': 791}
Fold 1
Fold 2
Fold 3
Fold 4
Fold 5
Fold 6



2021-08-24 17:37:32
Parameters (1AVPHHS9U2) 34/100
{'n_neighbors': 821}
Fold 1
Fold 2
Fold 3
Fold 4
Fold 5
Fold 6



2021-08-24 17:37:55
Parameters (LEYS1V4H53) 35/100
{'n_neighbors': 571}
Fold 1
Fold 2
Fold 3
Fold 4
Fold 5
Fold 6



2021-08-24 17:38:11
Parameters (2IFE7UVLGO) 36/100
{'n_neighbors': 361}
Fold 1
Fold 2
Fold 3
Fold 4
Fold 5
Fold 6



2021-08-24 17:38:22
Parameters (BVC2S9KJD7) 37/100
{'n_neighbors': 321}
Fold 1
Fold 2
Fold 3
Fold 4
Fold 5
Fold 6



2021-08-24 17:38:31
Parameters (0L5UHEUXBQ) 38/100
{'n_neighbors': 131}
Fold 1
Fold 2
Fold 3
Fold 4
Fold 5
Fold 6



2021-08-24 17:38:35
Parameters (GGR7SPKQBW) 39/100
{'n_neighbors': 231}
Fold 1
Fold 2
Fold 3
Fold 4
Fold 5
Fold 6



2021-08-24 17:38:42
Parameters (61EVYVETEC) 40/100
{'n_neighbors': 671}
Fold 1
Fold 2
Fold 3
Fold 4
Fold 5
Fold 6



2021-08-24 17:39:02
Parameters (B6S0K5WEAQ) 41/100
{'n_neighbors': 391}
Fold 1
Fold 2
Fold 3
Fold 4
Fold 5
Fold 6



2021-08-24 17:39:14
Parameters (BPIF79Y1G0) 42/100
{'n_neighbors': 171}
Fold 1
Fold 2
Fold 3
Fold 4
Fold 5
Fold 6



2021-08-24 17:39:20
Parameters (WC9UZKGPDX) 43/100
{'n_neighbors': 551}
Fold 1
Fold 2
Fold 3
Fold 4
Fold 5
Fold 6



2021-08-24 17:39:36
Parameters (JGMAESTR8D) 44/100
{'n_neighbors': 721}
Fold 1
Fold 2
Fold 3
Fold 4
Fold 5
Fold 6



2021-08-24 17:39:56
Parameters (00PRFZKK0H) 45/100
{'n_neighbors': 741}
Fold 1
Fold 2
Fold 3
Fold 4
Fold 5
Fold 6



2021-08-24 17:40:17
Parameters (KJ7AUY49HH) 46/100
{'n_neighbors': 351}
Fold 1
Fold 2
Fold 3
Fold 4
Fold 5
Fold 6



2021-08-24 17:40:27
Parameters (LBZ0CFLEY6) 47/100
{'n_neighbors': 291}
Fold 1
Fold 2
Fold 3
Fold 4
Fold 5
Fold 6



2021-08-24 17:40:36
Parameters (UKAW6LO7EQ) 48/100
{'n_neighbors': 621}
Fold 1
Fold 2
Fold 3
Fold 4
Fold 5
Fold 6



2021-08-24 17:40:54
Parameters (BUBHDCS7MP) 49/100
{'n_neighbors': 681}
Fold 1
Fold 2
Fold 3
Fold 4
Fold 5
Fold 6



2021-08-24 17:41:14
Parameters (37T4FLB6WB) 50/100
{'n_neighbors': 531}
Fold 1
Fold 2
Fold 3
Fold 4
Fold 5
Fold 6



2021-08-24 17:41:29
Parameters (S2730B5NHB) 51/100
{'n_neighbors': 421}
Fold 1
Fold 2
Fold 3
Fold 4
Fold 5
Fold 6



2021-08-24 17:41:42
Parameters (LEW6F4J28U) 52/100
{'n_neighbors': 301}
Fold 1
Fold 2
Fold 3
Fold 4
Fold 5
Fold 6



2021-08-24 17:41:51
Parameters (FAYZ5D9EJ9) 53/100
{'n_neighbors': 581}
Fold 1
Fold 2
Fold 3
Fold 4
Fold 5
Fold 6



2021-08-24 17:42:07
Parameters (VA5JULA6Z8) 54/100
{'n_neighbors': 401}
Fold 1
Fold 2
Fold 3
Fold 4
Fold 5
Fold 6



2021-08-24 17:42:19
Parameters (G0KYK6UGOV) 55/100
{'n_neighbors': 341}
Fold 1
Fold 2
Fold 3
Fold 4
Fold 5
Fold 6



2021-08-24 17:42:29
Parameters (6MEPFXMFCE) 56/100
{'n_neighbors': 691}
Fold 1
Fold 2
Fold 3
Fold 4
Fold 5
Fold 6



2021-08-24 17:42:49
Parameters (VHCWZT51DT) 57/100
{'n_neighbors': 281}
Fold 1
Fold 2
Fold 3
Fold 4
Fold 5
Fold 6



2021-08-24 17:42:57
Parameters (CDCOLX9VC2) 58/100
{'n_neighbors': 211}
Fold 1
Fold 2
Fold 3
Fold 4
Fold 5
Fold 6



2021-08-24 17:43:04
Parameters (QGH50N6A29) 59/100
{'n_neighbors': 271}
Fold 1
Fold 2
Fold 3
Fold 4
Fold 5
Fold 6



2021-08-24 17:43:12
Parameters (ZUCKQ82WW4) 60/100
{'n_neighbors': 141}
Fold 1
Fold 2
Fold 3
Fold 4
Fold 5
Fold 6



2021-08-24 17:43:17
Parameters (0WRPDDDRF9) 61/100
{'n_neighbors': 951}
Fold 1
Fold 2
Fold 3
Fold 4
Fold 5
Fold 6



2021-08-24 17:43:43
Parameters (IMMLQCQI0O) 62/100
{'n_neighbors': 601}
Fold 1
Fold 2
Fold 3
Fold 4
Fold 5
Fold 6



2021-08-24 17:44:00
Parameters (M73DOORJHT) 63/100
{'n_neighbors': 41}
Fold 1
Fold 2
Fold 3
Fold 4
Fold 5
Fold 6



2021-08-24 17:44:02
Parameters (MNGGSLT9R5) 64/100
{'n_neighbors': 651}
Fold 1
Fold 2
Fold 3
Fold 4
Fold 5
Fold 6



2021-08-24 17:44:20
Parameters (GSBB2ECLFO) 65/100
{'n_neighbors': 51}
Fold 1
Fold 2
Fold 3
Fold 4
Fold 5
Fold 6



2021-08-24 17:44:22
Parameters (UX88JSNWS4) 66/100
{'n_neighbors': 751}
Fold 1
Fold 2
Fold 3
Fold 4
Fold 5
Fold 6



2021-08-24 17:44:44
Parameters (3NNF69QKKV) 67/100
{'n_neighbors': 541}
Fold 1
Fold 2
Fold 3
Fold 4
Fold 5
Fold 6



2021-08-24 17:45:00
Parameters (RN053H7WGE) 68/100
{'n_neighbors': 921}
Fold 1
Fold 2
Fold 3
Fold 4
Fold 5
Fold 6



2021-08-24 17:45:26
Parameters (TS7SRDN79X) 69/100
{'n_neighbors': 61}
Fold 1
Fold 2
Fold 3
Fold 4
Fold 5
Fold 6



2021-08-24 17:45:28
Parameters (X93LSSBDND) 70/100
{'n_neighbors': 221}
Fold 1
Fold 2
Fold 3
Fold 4
Fold 5
Fold 6



2021-08-24 17:45:34
Parameters (NM448F8A39) 71/100
{'n_neighbors': 441}
Fold 1
Fold 2
Fold 3
Fold 4
Fold 5
Fold 6



2021-08-24 17:45:47
Parameters (U9EYPZV8L7) 72/100
{'n_neighbors': 161}
Fold 1
Fold 2
Fold 3
Fold 4
Fold 5
Fold 6



2021-08-24 17:45:52
Parameters (HJX84CF53D) 73/100
{'n_neighbors': 461}
Fold 1
Fold 2
Fold 3
Fold 4
Fold 5
Fold 6



2021-08-24 17:46:06
Parameters (08O9AA0FD3) 74/100
{'n_neighbors': 151}
Fold 1
Fold 2
Fold 3
Fold 4
Fold 5
Fold 6



2021-08-24 17:46:11
Parameters (QQ3BZC7PCE) 75/100
{'n_neighbors': 411}
Fold 1
Fold 2
Fold 3
Fold 4
Fold 5
Fold 6



2021-08-24 17:46:23
Parameters (IQL2191W8J) 76/100
{'n_neighbors': 731}
Fold 1
Fold 2
Fold 3
Fold 4
Fold 5
Fold 6



2021-08-24 17:46:44
Parameters (QVUZE5XMMV) 77/100
{'n_neighbors': 711}
Fold 1
Fold 2
Fold 3
Fold 4
Fold 5
Fold 6



2021-08-24 17:47:05
Parameters (WREQYEH6SS) 78/100
{'n_neighbors': 451}
Fold 1
Fold 2
Fold 3
Fold 4
Fold 5
Fold 6



2021-08-24 17:47:18
Parameters (FL9O66NI0W) 79/100
{'n_neighbors': 991}
Fold 1
Fold 2
Fold 3
Fold 4
Fold 5
Fold 6



2021-08-24 17:47:46
Parameters (DNDJL9BF6K) 80/100
{'n_neighbors': 11}
Fold 1
Fold 2
Fold 3
Fold 4
Fold 5
Fold 6



2021-08-24 17:47:47
Parameters (7BM6B92VMC) 81/100
{'n_neighbors': 331}
Fold 1
Fold 2
Fold 3
Fold 4
Fold 5
Fold 6



2021-08-24 17:47:57
Parameters (UOX9031O98) 82/100
{'n_neighbors': 891}
Fold 1
Fold 2
Fold 3
Fold 4
Fold 5
Fold 6



2021-08-24 17:48:22
Parameters (DIZRMVOR5A) 83/100
{'n_neighbors': 981}
Fold 1
Fold 2
Fold 3
Fold 4
Fold 5
Fold 6



2021-08-24 17:48:50
Parameters (SS1EVG8TFV) 84/100
{'n_neighbors': 941}
Fold 1
Fold 2
Fold 3
Fold 4
Fold 5
Fold 6



2021-08-24 17:49:17
Parameters (Z2TLEK08KO) 85/100
{'n_neighbors': 521}
Fold 1
Fold 2
Fold 3
Fold 4
Fold 5
Fold 6



2021-08-24 17:49:32
Parameters (VYQ1UWTJ1P) 86/100
{'n_neighbors': 481}
Fold 1
Fold 2
Fold 3
Fold 4
Fold 5
Fold 6



2021-08-24 17:49:46
Parameters (JS5ON4RAQ7) 87/100
{'n_neighbors': 21}
Fold 1
Fold 2
Fold 3
Fold 4
Fold 5
Fold 6



2021-08-24 17:49:47
Parameters (ACQKQE9683) 88/100
{'n_neighbors': 661}
Fold 1
Fold 2
Fold 3
Fold 4
Fold 5
Fold 6



2021-08-24 17:50:06
Parameters (1U1Q670GRZ) 89/100
{'n_neighbors': 811}
Fold 1
Fold 2
Fold 3
Fold 4
Fold 5
Fold 6



2021-08-24 17:50:29
Parameters (E61Z42SYO4) 90/100
{'n_neighbors': 111}
Fold 1
Fold 2
Fold 3
Fold 4
Fold 5
Fold 6



2021-08-24 17:50:33
Parameters (U0PDZJ66UV) 91/100
{'n_neighbors': 241}
Fold 1
Fold 2
Fold 3
Fold 4
Fold 5
Fold 6



2021-08-24 17:50:40
Parameters (NET5SC3GRT) 92/100
{'n_neighbors': 961}
Fold 1
Fold 2
Fold 3
Fold 4
Fold 5
Fold 6



2021-08-24 17:51:07
Parameters (78UHMF58TB) 93/100
{'n_neighbors': 501}
Fold 1
Fold 2
Fold 3
Fold 4
Fold 5
Fold 6



2021-08-24 17:51:21
Parameters (YVXL4B8UD6) 94/100
{'n_neighbors': 311}
Fold 1
Fold 2
Fold 3
Fold 4
Fold 5
Fold 6



2021-08-24 17:51:31
Parameters (S9T1G5B5QM) 95/100
{'n_neighbors': 771}
Fold 1
Fold 2
Fold 3
Fold 4
Fold 5
Fold 6



2021-08-24 17:51:53
Parameters (IYD3BUV14I) 96/100
{'n_neighbors': 191}
Fold 1
Fold 2
Fold 3
Fold 4
Fold 5
Fold 6



2021-08-24 17:51:59
Parameters (E10MJDXZYR) 97/100
{'n_neighbors': 971}
Fold 1
Fold 2
Fold 3
Fold 4
Fold 5
Fold 6



2021-08-24 17:52:27
Parameters (354AKERIOV) 98/100
{'n_neighbors': 801}
Fold 1
Fold 2
Fold 3
Fold 4
Fold 5
Fold 6



2021-08-24 17:52:50
Parameters (0IM8PPBLWR) 99/100
{'n_neighbors': 901}
Fold 1
Fold 2
Fold 3
Fold 4
Fold 5
Fold 6



2021-08-24 17:53:16
Parameters (PH1QA05Z4A) 100/100
{'n_neighbors': 121}
Fold 1
Fold 2
Fold 3
Fold 4
Fold 5
Fold 6



