Model training with data: 0010_09082021
Number of parameters combinations: 144
2021-08-23 18:00:27
Parameters (0J4LCZFE9A) 1/144
{'C': 0.2, 'epsilon': 0.9, 'kernel': 'linear'}
Fold 1
Number of parameters combinations: 144
2021-08-23 18:00:57
Parameters (FJWPAW3UUE) 1/144
{'C': 0.3, 'epsilon': 0.9, 'kernel': 'sigmoid'}
Fold 1
Number of parameters combinations: 144
2021-08-23 18:02:33
Parameters (S03TD0HLXZ) 1/144
{'C': 0.3, 'epsilon': 0.3, 'kernel': 'rbf'}
Fold 1
Training time: 118.4207
Fold 2
Training time: 120.9605
Fold 3
Training time: 123.8835
Fold 4
Training time: 121.1257
Fold 5
Training time: 149.6799
Fold 6
Training time: 194.5154



2021-08-23 18:33:36
Parameters (RZPN3DRWPG) 2/144
{'C': 1.2, 'epsilon': 0.5, 'kernel': 'poly'}
Fold 1
Training time: 191.9157
Fold 2
Training time: 212.9557
Fold 3
Training time: 206.5275
Fold 4
Training time: 172.1512
Fold 5
Training time: 125.3964
Fold 6
Training time: 134.5875



2021-08-23 19:01:31
Parameters (WKZUXHLLP9) 3/144
{'C': 1.0, 'epsilon': 0.1, 'kernel': 'poly'}
Fold 1
Training time: 136.6764
Fold 2
Training time: 133.9274
Fold 3
Training time: 137.2401
Fold 4
Training time: 136.4007
Fold 5
Training time: 144.7046
Fold 6
Training time: 141.3858



2021-08-23 19:23:53
Parameters (YPB93BOMSU) 4/144
{'C': 0.8, 'epsilon': 0.2, 'kernel': 'linear'}
Fold 1
Training time: 117.3824
Fold 2
Training time: 116.1371
Fold 3
Training time: 108.0613
Fold 4
Training time: 136.6924
Fold 5
Training time: 166.0708
Fold 6
Training time: 154.3139



2021-08-23 19:46:30
Parameters (9FH4MSLOB0) 5/144
{'C': 0.2, 'epsilon': 0.7, 'kernel': 'rbf'}
Fold 1
Training time: 189.9156
Fold 2
Training time: 160.9453
Fold 3
Training time: 120.8118
Fold 4
Training time: 120.8858
Fold 5
Training time: 120.2825
Fold 6
Training time: 128.1562



2021-08-23 20:17:46
Parameters (1XN3DYTAFX) 6/144
{'C': 0.5, 'epsilon': 0.7, 'kernel': 'sigmoid'}
Fold 1
Training time: 224.0608
Fold 2
Training time: 219.0348
Fold 3
Training time: 193.4721
Fold 4
Training time: 189.4939
Fold 5
Training time: 190.8919
Fold 6
Training time: 181.2039



2021-08-23 20:58:01
Parameters (H5S18T5WNC) 7/144
{'C': 1.0, 'epsilon': 0.1, 'kernel': 'rbf'}
Fold 1
Training time: 117.1507
Fold 2
Training time: 119.3490
Fold 3
Training time: 120.7268
Fold 4
Training time: 116.5969
Fold 5
Training time: 116.5302
Fold 6
Training time: 118.7369



2021-08-23 21:24:24
Parameters (T4G25XNCE1) 8/144
{'C': 0.3, 'epsilon': 0.9, 'kernel': 'poly'}
Fold 1
Training time: 93.7912
Fold 2
Training time: 95.2108
Fold 3
Training time: 93.5743
Fold 4
Training time: 89.6491
Fold 5
Training time: 90.2708
Fold 6
Training time: 90.1494



2021-08-23 21:39:59
Parameters (5J1C060YIU) 9/144
{'C': 1.0, 'epsilon': 0.3, 'kernel': 'poly'}
Fold 1
Training time: 109.3909
Fold 2
Training time: 112.0903
Fold 3
Training time: 111.1945
Fold 4
Training time: 109.7041
Fold 5
Training time: 112.3806
Fold 6
Training time: 110.8276



2021-08-23 21:58:02
Parameters (KGTRW2PZ5T) 10/144
{'C': 0.5, 'epsilon': 0.7, 'kernel': 'rbf'}
Fold 1
Training time: 106.1119
Fold 2
Training time: 109.7106
Fold 3
Training time: 108.4868
Fold 4
Training time: 105.8940
Fold 5
Training time: 107.9106
Fold 6
Training time: 106.3986



2021-08-23 22:22:14
Parameters (IKNXYB80PT) 11/144
{'C': 0.5, 'epsilon': 0.9, 'kernel': 'sigmoid'}
Fold 1
Training time: 180.9098
Fold 2
Training time: 183.7571
Fold 3
Training time: 184.0413
Fold 4
Training time: 182.2401
Fold 5
Training time: 180.6178
Fold 6
Training time: 185.6663



2021-08-23 22:59:14
Parameters (ZD49I6A5HH) 12/144
{'C': 0.2, 'epsilon': 0.2, 'kernel': 'poly'}
Fold 1
Training time: 102.7919
Fold 2
Training time: 103.1263
Fold 3
Training time: 106.6147
Fold 4
Training time: 102.2699
Fold 5
Training time: 102.3178
Fold 6
Training time: 101.6298



2021-08-23 23:16:44
Parameters (HLKEB3CZ22) 13/144
{'C': 0.8, 'epsilon': 0.9, 'kernel': 'poly'}
Fold 1
Training time: 100.0112
Fold 2
Training time: 100.9577
Fold 3
Training time: 101.8493
Fold 4
Training time: 99.4100
Fold 5
Training time: 99.7622
Fold 6
Training time: 98.1812



2021-08-23 23:33:11
Parameters (PPPVDZ1YDP) 14/144
{'C': 0.2, 'epsilon': 0.1, 'kernel': 'rbf'}
Fold 1
