Model training with data: 0011_09082021
Number of parameters combinations: 675
2021-08-11 15:11:24
Parameters (UK6PCOWY3N) 1/675
{'max_depth': 15, 'max_features': 0.2, 'min_samples_leaf': 0.0001, 'min_samples_split': 0.001, 'n_estimators': 1000}
Fold 1
Fold 2
Fold 3
Fold 4



2021-08-11 15:11:36
Parameters (06HQZDK0MR) 2/675
{'max_depth': 13, 'max_features': 0.7, 'min_samples_leaf': 0.0001, 'min_samples_split': 0.0001, 'n_estimators': 700}
Fold 1
Fold 2
Fold 3
Fold 4



2021-08-11 15:11:46
Parameters (GKEMBC39PC) 3/675
{'max_depth': 15, 'max_features': 0.3, 'min_samples_leaf': 0.0001, 'min_samples_split': 0.0001, 'n_estimators': 700}
Fold 1
Fold 2
Fold 3
Fold 4



2021-08-11 15:11:55
Parameters (FMRQRGBFQG) 4/675
{'max_depth': 13, 'max_features': 0.3, 'min_samples_leaf': 1e-05, 'min_samples_split': 1e-05, 'n_estimators': 2500}
Fold 1
Fold 2
Fold 3
Fold 4



2021-08-11 15:12:25
Parameters (CEZEYK9JHS) 5/675
{'max_depth': 13, 'max_features': 0.5, 'min_samples_leaf': 0.0001, 'min_samples_split': 1e-05, 'n_estimators': 700}
Fold 1
Fold 2
Fold 3
Fold 4



2021-08-11 15:12:33
Parameters (OS5PZSEHA0) 6/675
{'max_depth': 20, 'max_features': 0.1, 'min_samples_leaf': 1e-05, 'min_samples_split': 0.0001, 'n_estimators': 2500}
Fold 1
Fold 2
Fold 3
Fold 4



2021-08-11 15:13:09
Parameters (XVLPY1WPOQ) 7/675
{'max_depth': 30, 'max_features': 0.7, 'min_samples_leaf': 1e-05, 'min_samples_split': 1e-05, 'n_estimators': 1000}
Fold 1
Fold 2
Fold 3
Fold 4



2021-08-11 15:13:28
Parameters (U8LG1CDBWW) 8/675
{'max_depth': 50, 'max_features': 0.1, 'min_samples_leaf': 1e-05, 'min_samples_split': 0.0001, 'n_estimators': 2500}
Fold 1
Fold 2
Fold 3
Fold 4



2021-08-11 15:14:04
Parameters (VA4Y4UDYWC) 9/675
{'max_depth': 15, 'max_features': 0.5, 'min_samples_leaf': 0.001, 'min_samples_split': 1e-05, 'n_estimators': 700}
Fold 1
Fold 2
Fold 3
Fold 4



2021-08-11 15:14:12
Parameters (JMELIVK6FA) 10/675
{'max_depth': 15, 'max_features': 0.3, 'min_samples_leaf': 0.001, 'min_samples_split': 0.001, 'n_estimators': 2500}
Fold 1
Fold 2
Fold 3
Fold 4



2021-08-11 15:14:38
Parameters (QGV8KIL6PE) 11/675
{'max_depth': 50, 'max_features': 0.5, 'min_samples_leaf': 0.0001, 'min_samples_split': 0.0001, 'n_estimators': 2500}
Fold 1
Fold 2
Fold 3
Fold 4



2021-08-11 15:15:11
Parameters (JFE4M2ZK4S) 12/675
{'max_depth': 30, 'max_features': 0.7, 'min_samples_leaf': 0.0001, 'min_samples_split': 0.0001, 'n_estimators': 1000}
Fold 1
Fold 2
Fold 3
Fold 4



2021-08-11 15:15:27
Parameters (5DZSOOKJAG) 13/675
{'max_depth': 20, 'max_features': 0.7, 'min_samples_leaf': 1e-05, 'min_samples_split': 0.0001, 'n_estimators': 700}
Fold 1
Fold 2
Fold 3
Fold 4



2021-08-11 15:15:40
Parameters (SPDAVUZ75A) 14/675
{'max_depth': 30, 'max_features': 0.1, 'min_samples_leaf': 0.0001, 'min_samples_split': 1e-05, 'n_estimators': 2500}
Fold 1
Fold 2
Fold 3
Fold 4



2021-08-11 15:16:12
Parameters (U4QOO8VCAO) 15/675
{'max_depth': 13, 'max_features': 0.7, 'min_samples_leaf': 0.0001, 'min_samples_split': 1e-05, 'n_estimators': 1000}
Fold 1
Fold 2
Fold 3
Fold 4



2021-08-11 15:16:27
Parameters (FLHNSY8SZC) 16/675
{'max_depth': 50, 'max_features': 0.2, 'min_samples_leaf': 0.001, 'min_samples_split': 0.001, 'n_estimators': 2500}
Fold 1
Fold 2
Fold 3
Fold 4



2021-08-11 15:16:53
Parameters (8ZEG1HPUZK) 17/675
{'max_depth': 15, 'max_features': 0.3, 'min_samples_leaf': 0.001, 'min_samples_split': 1e-05, 'n_estimators': 2500}
Fold 1
Fold 2
Fold 3
Fold 4



2021-08-11 15:17:20
Parameters (MF1F4R3EE3) 18/675
{'max_depth': 20, 'max_features': 0.1, 'min_samples_leaf': 0.001, 'min_samples_split': 0.0001, 'n_estimators': 700}
Fold 1
Fold 2
Fold 3
Fold 4



2021-08-11 15:17:27
Parameters (701VFG3L7S) 19/675
{'max_depth': 30, 'max_features': 0.1, 'min_samples_leaf': 1e-05, 'min_samples_split': 1e-05, 'n_estimators': 1000}
Fold 1
Fold 2
Fold 3
Fold 4



2021-08-11 15:17:42
Parameters (3LDIGYMEZB) 20/675
{'max_depth': 13, 'max_features': 0.5, 'min_samples_leaf': 1e-05, 'min_samples_split': 1e-05, 'n_estimators': 2500}
Fold 1
Fold 2
Fold 3
Fold 4



2021-08-11 15:18:12
Parameters (O45VVBA8BU) 21/675
{'max_depth': 50, 'max_features': 0.2, 'min_samples_leaf': 0.001, 'min_samples_split': 0.001, 'n_estimators': 700}
Fold 1
Fold 2
Fold 3
Fold 4



2021-08-11 15:18:19
Parameters (5J6DRFYQ86) 22/675
{'max_depth': 13, 'max_features': 0.7, 'min_samples_leaf': 0.001, 'min_samples_split': 1e-05, 'n_estimators': 2500}
Fold 1
Fold 2
Fold 3
Fold 4



2021-08-11 15:18:52
Parameters (1MDHWV9XQQ) 23/675
{'max_depth': 30, 'max_features': 0.3, 'min_samples_leaf': 1e-05, 'min_samples_split': 1e-05, 'n_estimators': 700}
Fold 1
Fold 2
Fold 3
Fold 4



2021-08-11 15:19:03
Parameters (5353A17WR7) 24/675
{'max_depth': 20, 'max_features': 0.3, 'min_samples_leaf': 1e-05, 'min_samples_split': 1e-05, 'n_estimators': 2500}
Fold 1
Fold 2
Fold 3
Fold 4



2021-08-11 15:19:38
Parameters (G6LANMW33M) 25/675
{'max_depth': 20, 'max_features': 0.7, 'min_samples_leaf': 0.0001, 'min_samples_split': 0.001, 'n_estimators': 700}
Fold 1
Fold 2
Fold 3
Fold 4



2021-08-11 15:19:49
Parameters (2V9EFP94N2) 26/675
{'max_depth': 15, 'max_features': 0.5, 'min_samples_leaf': 0.001, 'min_samples_split': 0.0001, 'n_estimators': 2500}
Fold 1
Fold 2
Fold 3
Fold 4



2021-08-11 15:20:15
Parameters (TL9YT1FX1K) 27/675
{'max_depth': 30, 'max_features': 0.3, 'min_samples_leaf': 0.0001, 'min_samples_split': 1e-05, 'n_estimators': 700}
Fold 1
Fold 2
Fold 3
Fold 4



2021-08-11 15:20:24
Parameters (OQ8O7OJMVI) 28/675
{'max_depth': 50, 'max_features': 0.2, 'min_samples_leaf': 1e-05, 'min_samples_split': 0.001, 'n_estimators': 700}
Fold 1
Fold 2
Fold 3
Fold 4



2021-08-11 15:20:33
Parameters (D51PDEBCZ1) 29/675
{'max_depth': 20, 'max_features': 0.2, 'min_samples_leaf': 1e-05, 'min_samples_split': 1e-05, 'n_estimators': 700}
Fold 1
Fold 2
Fold 3
Fold 4



2021-08-11 15:20:43
Parameters (QVCLOG9T22) 30/675
{'max_depth': 15, 'max_features': 0.7, 'min_samples_leaf': 1e-05, 'min_samples_split': 0.001, 'n_estimators': 2500}
Fold 1
Fold 2
Fold 3
Fold 4



2021-08-11 15:21:20
Parameters (0HKOZU2NPG) 31/675
{'max_depth': 50, 'max_features': 0.3, 'min_samples_leaf': 0.001, 'min_samples_split': 0.001, 'n_estimators': 1000}
Fold 1
Fold 2
Fold 3
Fold 4



2021-08-11 15:21:31
Parameters (S1LZEGL2D0) 32/675
{'max_depth': 15, 'max_features': 0.5, 'min_samples_leaf': 0.001, 'min_samples_split': 1e-05, 'n_estimators': 1000}
Fold 1
Fold 2
Fold 3
Fold 4



2021-08-11 15:21:41
Parameters (LUKWQ6393X) 33/675
{'max_depth': 50, 'max_features': 0.7, 'min_samples_leaf': 0.0001, 'min_samples_split': 0.0001, 'n_estimators': 2500}
Fold 1
Fold 2
Fold 3
Fold 4



2021-08-11 15:22:23
Parameters (I6G5RTBX2Z) 34/675
{'max_depth': 15, 'max_features': 0.1, 'min_samples_leaf': 1e-05, 'min_samples_split': 0.001, 'n_estimators': 700}
Fold 1
Fold 2
Fold 3
Fold 4



2021-08-11 15:22:31
Parameters (CI5ATJSQLQ) 35/675
{'max_depth': 15, 'max_features': 0.3, 'min_samples_leaf': 1e-05, 'min_samples_split': 1e-05, 'n_estimators': 2500}
Fold 1
Fold 2
Fold 3
Fold 4



2021-08-11 15:23:03
Parameters (1DUMOLN0W3) 36/675
{'max_depth': 30, 'max_features': 0.3, 'min_samples_leaf': 1e-05, 'min_samples_split': 0.0001, 'n_estimators': 2500}
Fold 1
Fold 2
Fold 3
Fold 4



2021-08-11 15:23:40
Parameters (WH7IQFMOGK) 37/675
{'max_depth': 13, 'max_features': 0.3, 'min_samples_leaf': 0.001, 'min_samples_split': 0.0001, 'n_estimators': 700}
Fold 1
Fold 2
Fold 3
Fold 4



2021-08-11 15:23:47
Parameters (1NU9RREZ5O) 38/675
{'max_depth': 30, 'max_features': 0.5, 'min_samples_leaf': 1e-05, 'min_samples_split': 0.0001, 'n_estimators': 700}
Fold 1
Fold 2
Fold 3
Fold 4



2021-08-11 15:23:57
Parameters (0MS7BVKHY3) 39/675
{'max_depth': 13, 'max_features': 0.2, 'min_samples_leaf': 1e-05, 'min_samples_split': 0.0001, 'n_estimators': 1000}
Fold 1
Fold 2
Fold 3
Fold 4



2021-08-11 15:24:09
Parameters (BPRNIQKUUH) 40/675
{'max_depth': 15, 'max_features': 0.7, 'min_samples_leaf': 1e-05, 'min_samples_split': 1e-05, 'n_estimators': 2500}
Fold 1
Fold 2
Fold 3
Fold 4



2021-08-11 15:24:51
Parameters (4NHWO4ZJF2) 41/675
{'max_depth': 30, 'max_features': 0.2, 'min_samples_leaf': 0.001, 'min_samples_split': 1e-05, 'n_estimators': 2500}
Fold 1
Fold 2
Fold 3
Fold 4



2021-08-11 15:25:17
Parameters (RJSLU5NRYE) 42/675
{'max_depth': 15, 'max_features': 0.7, 'min_samples_leaf': 0.0001, 'min_samples_split': 0.0001, 'n_estimators': 700}
Fold 1
Fold 2
Fold 3
Fold 4



2021-08-11 15:25:28
Parameters (4E0WLEOCFK) 43/675
{'max_depth': 20, 'max_features': 0.3, 'min_samples_leaf': 0.0001, 'min_samples_split': 1e-05, 'n_estimators': 700}
Fold 1
Fold 2
Fold 3
Fold 4



2021-08-11 15:25:38
Parameters (JB35C6RYJ3) 44/675
{'max_depth': 30, 'max_features': 0.2, 'min_samples_leaf': 0.001, 'min_samples_split': 1e-05, 'n_estimators': 1000}
Fold 1
Fold 2
Fold 3
Fold 4



2021-08-11 15:25:48
Parameters (R6B2HBN7HI) 45/675
{'max_depth': 15, 'max_features': 0.1, 'min_samples_leaf': 0.001, 'min_samples_split': 0.0001, 'n_estimators': 2500}
Fold 1
Fold 2
Fold 3
Fold 4



2021-08-11 15:26:14
Parameters (AV1AEYOWE0) 46/675
{'max_depth': 20, 'max_features': 0.2, 'min_samples_leaf': 0.0001, 'min_samples_split': 0.001, 'n_estimators': 2500}
Fold 1
Fold 2
Fold 3
Fold 4



2021-08-11 15:26:44
Parameters (2KVRRDS596) 47/675
{'max_depth': 13, 'max_features': 0.7, 'min_samples_leaf': 1e-05, 'min_samples_split': 0.001, 'n_estimators': 2500}
Fold 1
Fold 2
Fold 3
Fold 4



2021-08-11 15:27:20
Parameters (7SEU9L3Q9L) 48/675
{'max_depth': 13, 'max_features': 0.3, 'min_samples_leaf': 0.0001, 'min_samples_split': 1e-05, 'n_estimators': 1000}
Fold 1
Fold 2
Fold 3
Fold 4



2021-08-11 15:27:32
Parameters (A3HA69FSV2) 49/675
{'max_depth': 13, 'max_features': 0.5, 'min_samples_leaf': 0.001, 'min_samples_split': 0.001, 'n_estimators': 2500}
Fold 1
Fold 2
Fold 3
Fold 4



2021-08-11 15:27:57
Parameters (Q61RS29R6R) 50/675
{'max_depth': 50, 'max_features': 0.3, 'min_samples_leaf': 0.001, 'min_samples_split': 1e-05, 'n_estimators': 1000}
Fold 1
Fold 2
Fold 3
Fold 4



2021-08-11 15:28:08
Parameters (HFD1467425) 51/675
{'max_depth': 30, 'max_features': 0.3, 'min_samples_leaf': 0.001, 'min_samples_split': 0.0001, 'n_estimators': 700}
Fold 1
Fold 2
Fold 3
Fold 4



2021-08-11 15:28:15
Parameters (CQJRKBYPUJ) 52/675
{'max_depth': 13, 'max_features': 0.1, 'min_samples_leaf': 0.0001, 'min_samples_split': 1e-05, 'n_estimators': 700}
Fold 1
Fold 2
Fold 3
Fold 4



2021-08-11 15:28:24
Parameters (6591YBXRRV) 53/675
{'max_depth': 30, 'max_features': 0.7, 'min_samples_leaf': 0.0001, 'min_samples_split': 1e-05, 'n_estimators': 2500}
Fold 1
Fold 2
Fold 3
Fold 4



2021-08-11 15:29:05
Parameters (CEVPW4XB0E) 54/675
{'max_depth': 20, 'max_features': 0.3, 'min_samples_leaf': 1e-05, 'min_samples_split': 0.0001, 'n_estimators': 1000}
Fold 1
Fold 2
Fold 3
Fold 4



2021-08-11 15:29:19
Parameters (4OR067O8W6) 55/675
{'max_depth': 30, 'max_features': 0.1, 'min_samples_leaf': 0.0001, 'min_samples_split': 0.001, 'n_estimators': 1000}
Fold 1
Fold 2
Fold 3
Fold 4



2021-08-11 15:29:31
Parameters (B54LAXAC8U) 56/675
{'max_depth': 50, 'max_features': 0.7, 'min_samples_leaf': 0.001, 'min_samples_split': 0.0001, 'n_estimators': 2500}
Fold 1
Fold 2
Fold 3
Fold 4



2021-08-11 15:30:05
Parameters (GYOPYNDOFU) 57/675
{'max_depth': 15, 'max_features': 0.7, 'min_samples_leaf': 0.001, 'min_samples_split': 0.0001, 'n_estimators': 700}
Fold 1
Fold 2
Fold 3
Fold 4



2021-08-11 15:30:14
Parameters (CCZN7R5WDP) 58/675
{'max_depth': 30, 'max_features': 0.2, 'min_samples_leaf': 1e-05, 'min_samples_split': 0.0001, 'n_estimators': 700}
Fold 1
Fold 2
Fold 3
Fold 4



2021-08-11 15:30:25
Parameters (HYW09KT7PX) 59/675
{'max_depth': 13, 'max_features': 0.1, 'min_samples_leaf': 0.0001, 'min_samples_split': 1e-05, 'n_estimators': 2500}
Fold 1
Fold 2
Fold 3
Fold 4



2021-08-11 15:30:54
Parameters (AH1HAV6N0B) 60/675
{'max_depth': 30, 'max_features': 0.5, 'min_samples_leaf': 0.0001, 'min_samples_split': 1e-05, 'n_estimators': 700}
Fold 1
Fold 2
Fold 3
Fold 4



2021-08-11 15:31:03
Parameters (7NJ978B4NG) 61/675
{'max_depth': 13, 'max_features': 0.1, 'min_samples_leaf': 1e-05, 'min_samples_split': 0.001, 'n_estimators': 700}
Fold 1
Fold 2
Fold 3
Fold 4



2021-08-11 15:31:11
Parameters (1VWIFL6VLV) 62/675
{'max_depth': 15, 'max_features': 0.7, 'min_samples_leaf': 0.001, 'min_samples_split': 0.001, 'n_estimators': 700}
Fold 1
Fold 2
Fold 3
Fold 4



2021-08-11 15:31:20
Parameters (NNPK27M3YU) 63/675
{'max_depth': 30, 'max_features': 0.5, 'min_samples_leaf': 1e-05, 'min_samples_split': 0.0001, 'n_estimators': 2500}
Fold 1
Fold 2
Fold 3
Fold 4



2021-08-11 15:31:57
Parameters (1R90PUWXOQ) 64/675
{'max_depth': 15, 'max_features': 0.7, 'min_samples_leaf': 0.001, 'min_samples_split': 0.0001, 'n_estimators': 2500}
Fold 1
Fold 2
Fold 3
Fold 4



2021-08-11 15:32:30
Parameters (Z8KCH28WSE) 65/675
{'max_depth': 15, 'max_features': 0.5, 'min_samples_leaf': 0.0001, 'min_samples_split': 1e-05, 'n_estimators': 1000}
Fold 1
Fold 2
Fold 3
Fold 4



2021-08-11 15:32:43
Parameters (5HHM2HV1XA) 66/675
{'max_depth': 30, 'max_features': 0.7, 'min_samples_leaf': 0.001, 'min_samples_split': 1e-05, 'n_estimators': 1000}
Fold 1
Fold 2
Fold 3
Fold 4



2021-08-11 15:32:56
Parameters (W3FN007Z9S) 67/675
{'max_depth': 20, 'max_features': 0.5, 'min_samples_leaf': 1e-05, 'min_samples_split': 1e-05, 'n_estimators': 2500}
Fold 1
Fold 2
Fold 3
Fold 4



2021-08-11 15:33:32
Parameters (7D4KOCBH71) 68/675
{'max_depth': 13, 'max_features': 0.5, 'min_samples_leaf': 0.001, 'min_samples_split': 0.0001, 'n_estimators': 700}
Fold 1
Fold 2
Fold 3
Fold 4



2021-08-11 15:33:39
Parameters (TAIVEFLXPI) 69/675
{'max_depth': 20, 'max_features': 0.3, 'min_samples_leaf': 1e-05, 'min_samples_split': 0.0001, 'n_estimators': 2500}
Fold 1
Fold 2
Fold 3
Fold 4



2021-08-11 15:34:15
Parameters (HXD00CLP7Z) 70/675
{'max_depth': 30, 'max_features': 0.1, 'min_samples_leaf': 0.0001, 'min_samples_split': 0.0001, 'n_estimators': 1000}
Fold 1
Fold 2
Fold 3
Fold 4



2021-08-11 15:34:28
Parameters (GJMVOGTN0S) 71/675
{'max_depth': 50, 'max_features': 0.7, 'min_samples_leaf': 0.001, 'min_samples_split': 0.001, 'n_estimators': 2500}
Fold 1
Fold 2
Fold 3
Fold 4



2021-08-11 15:35:02
Parameters (XKXCG7D7MA) 72/675
{'max_depth': 13, 'max_features': 0.1, 'min_samples_leaf': 1e-05, 'min_samples_split': 0.0001, 'n_estimators': 2500}
Fold 1
Fold 2
Fold 3
Fold 4



2021-08-11 15:35:32
Parameters (JZCMFZ49VB) 73/675
{'max_depth': 50, 'max_features': 0.5, 'min_samples_leaf': 0.001, 'min_samples_split': 0.0001, 'n_estimators': 1000}
Fold 1
Fold 2
Fold 3
Fold 4



2021-08-11 15:35:42
Parameters (QDWBIJH26Y) 74/675
{'max_depth': 15, 'max_features': 0.3, 'min_samples_leaf': 0.001, 'min_samples_split': 0.0001, 'n_estimators': 1000}
Fold 1
Fold 2
Fold 3
Fold 4



2021-08-11 15:35:53
Parameters (TBE328EIIN) 75/675
{'max_depth': 13, 'max_features': 0.2, 'min_samples_leaf': 1e-05, 'min_samples_split': 0.001, 'n_estimators': 1000}
Fold 1
Fold 2
Fold 3
Fold 4



2021-08-11 15:36:04
Parameters (VFEVNX6VN5) 76/675
{'max_depth': 50, 'max_features': 0.7, 'min_samples_leaf': 0.001, 'min_samples_split': 0.001, 'n_estimators': 1000}
Fold 1
Fold 2
Fold 3
Fold 4



2021-08-11 15:36:18
Parameters (ESJH3VUGI2) 77/675
{'max_depth': 15, 'max_features': 0.7, 'min_samples_leaf': 0.0001, 'min_samples_split': 0.0001, 'n_estimators': 2500}
Fold 1
Fold 2
Fold 3
Fold 4



2021-08-11 15:36:57
Parameters (YCKMUEJH4B) 78/675
{'max_depth': 50, 'max_features': 0.1, 'min_samples_leaf': 0.001, 'min_samples_split': 0.0001, 'n_estimators': 1000}
Fold 1
Fold 2
Fold 3
Fold 4



2021-08-11 15:37:07
Parameters (VF9JK4XF7X) 79/675
{'max_depth': 13, 'max_features': 0.7, 'min_samples_leaf': 0.001, 'min_samples_split': 1e-05, 'n_estimators': 700}
Fold 1
Fold 2
Fold 3
Fold 4



2021-08-11 15:37:17
Parameters (0OWTE6VWOO) 80/675
{'max_depth': 15, 'max_features': 0.7, 'min_samples_leaf': 0.001, 'min_samples_split': 1e-05, 'n_estimators': 700}
Fold 1
Fold 2
Fold 3
Fold 4



2021-08-11 15:37:26
Parameters (8KVJRYIBJW) 81/675
{'max_depth': 15, 'max_features': 0.1, 'min_samples_leaf': 1e-05, 'min_samples_split': 0.0001, 'n_estimators': 2500}
Fold 1
Fold 2
Fold 3
Fold 4



2021-08-11 15:37:59
Parameters (T0J6ELWY6R) 82/675
{'max_depth': 15, 'max_features': 0.5, 'min_samples_leaf': 1e-05, 'min_samples_split': 0.001, 'n_estimators': 700}
Fold 1
Fold 2
Fold 3
Fold 4



2021-08-11 15:38:07
Parameters (337ZPBRJNF) 83/675
{'max_depth': 50, 'max_features': 0.5, 'min_samples_leaf': 0.001, 'min_samples_split': 1e-05, 'n_estimators': 1000}
Fold 1
Fold 2
Fold 3
Fold 4



2021-08-11 15:38:18
Parameters (TVHXP9YCG7) 84/675
{'max_depth': 20, 'max_features': 0.5, 'min_samples_leaf': 1e-05, 'min_samples_split': 0.001, 'n_estimators': 700}
Fold 1
Fold 2
Fold 3
Fold 4



2021-08-11 15:38:26
Parameters (74PFVJMGPV) 85/675
{'max_depth': 13, 'max_features': 0.2, 'min_samples_leaf': 1e-05, 'min_samples_split': 0.001, 'n_estimators': 2500}
Fold 1
Fold 2
Fold 3
Fold 4



2021-08-11 15:38:54
Parameters (5E6RKWAB07) 86/675
{'max_depth': 13, 'max_features': 0.3, 'min_samples_leaf': 0.0001, 'min_samples_split': 1e-05, 'n_estimators': 700}
Fold 1
Fold 2
Fold 3
Fold 4



2021-08-11 15:39:02
Parameters (FBZ9G1ZII2) 87/675
{'max_depth': 50, 'max_features': 0.3, 'min_samples_leaf': 0.0001, 'min_samples_split': 0.001, 'n_estimators': 700}
Fold 1
Fold 2
Fold 3
Fold 4



2021-08-11 15:39:11
Parameters (PAN1BXKA92) 88/675
{'max_depth': 15, 'max_features': 0.1, 'min_samples_leaf': 0.0001, 'min_samples_split': 1e-05, 'n_estimators': 2500}
Fold 1
Fold 2
Fold 3
Fold 4



2021-08-11 15:39:42
Parameters (FWMYX8JUN8) 89/675
{'max_depth': 30, 'max_features': 0.3, 'min_samples_leaf': 0.0001, 'min_samples_split': 0.0001, 'n_estimators': 700}
Fold 1
Fold 2
Fold 3
Fold 4



2021-08-11 15:39:51
Parameters (ATLB9TX86R) 90/675
{'max_depth': 15, 'max_features': 0.5, 'min_samples_leaf': 1e-05, 'min_samples_split': 0.001, 'n_estimators': 2500}
Fold 1
Fold 2
Fold 3
Fold 4



2021-08-11 15:40:21
Parameters (ECACENASBK) 91/675
{'max_depth': 13, 'max_features': 0.1, 'min_samples_leaf': 0.001, 'min_samples_split': 0.0001, 'n_estimators': 700}
Fold 1
Fold 2
Fold 3
Fold 4



2021-08-11 15:40:28
Parameters (D5O7UDSMV9) 92/675
{'max_depth': 30, 'max_features': 0.2, 'min_samples_leaf': 0.001, 'min_samples_split': 0.001, 'n_estimators': 2500}
Fold 1
Fold 2
Fold 3
Fold 4



2021-08-11 15:40:55
Parameters (JSPCGNFE78) 93/675
{'max_depth': 50, 'max_features': 0.2, 'min_samples_leaf': 0.001, 'min_samples_split': 0.001, 'n_estimators': 1000}
Fold 1
Fold 2
Fold 3
Fold 4



2021-08-11 15:41:05
Parameters (KF75V5F96F) 94/675
{'max_depth': 13, 'max_features': 0.3, 'min_samples_leaf': 0.0001, 'min_samples_split': 0.001, 'n_estimators': 700}
Fold 1
Fold 2
Fold 3
Fold 4



2021-08-11 15:41:13
Parameters (QJ1PKBM8L5) 95/675
{'max_depth': 20, 'max_features': 0.1, 'min_samples_leaf': 1e-05, 'min_samples_split': 0.001, 'n_estimators': 700}
Fold 1
Fold 2
Fold 3
Fold 4



2021-08-11 15:41:22
Parameters (2MU2PCO5E6) 96/675
{'max_depth': 50, 'max_features': 0.3, 'min_samples_leaf': 0.001, 'min_samples_split': 1e-05, 'n_estimators': 2500}
Fold 1
Fold 2
Fold 3
Fold 4



2021-08-11 15:41:48
Parameters (FDWFG3FX3W) 97/675
{'max_depth': 30, 'max_features': 0.7, 'min_samples_leaf': 0.001, 'min_samples_split': 0.001, 'n_estimators': 1000}
Fold 1
Fold 2
Fold 3
Fold 4



2021-08-11 15:42:02
Parameters (5HU7FS4X0C) 98/675
{'max_depth': 50, 'max_features': 0.5, 'min_samples_leaf': 0.001, 'min_samples_split': 0.001, 'n_estimators': 700}
Fold 1
Fold 2
Fold 3
Fold 4



2021-08-11 15:42:10
Parameters (M90XTMEGZF) 99/675
{'max_depth': 50, 'max_features': 0.7, 'min_samples_leaf': 0.0001, 'min_samples_split': 0.001, 'n_estimators': 2500}
Fold 1
Fold 2
Fold 3
Fold 4



2021-08-11 15:42:47
Parameters (9DFQE6KKSG) 100/675
{'max_depth': 13, 'max_features': 0.5, 'min_samples_leaf': 0.001, 'min_samples_split': 1e-05, 'n_estimators': 700}
Fold 1
Fold 2
Fold 3
Fold 4



2021-08-11 15:42:55
Parameters (QNVP8NWVOP) 101/675
{'max_depth': 20, 'max_features': 0.1, 'min_samples_leaf': 1e-05, 'min_samples_split': 1e-05, 'n_estimators': 700}
Fold 1
Fold 2
Fold 3
Fold 4



2021-08-11 15:43:05
Parameters (9Q0U6I2TBM) 102/675
{'max_depth': 50, 'max_features': 0.7, 'min_samples_leaf': 1e-05, 'min_samples_split': 1e-05, 'n_estimators': 700}
Fold 1
Fold 2
Fold 3
Fold 4



2021-08-11 15:43:19
Parameters (T2NMD983CS) 103/675
{'max_depth': 13, 'max_features': 0.5, 'min_samples_leaf': 0.0001, 'min_samples_split': 0.0001, 'n_estimators': 1000}
Fold 1
Fold 2
Fold 3
Fold 4



2021-08-11 15:43:30
Parameters (BT9PPWPSHZ) 104/675
{'max_depth': 50, 'max_features': 0.1, 'min_samples_leaf': 0.001, 'min_samples_split': 0.001, 'n_estimators': 700}
Fold 1
Fold 2
Fold 3
Fold 4



2021-08-11 15:43:38
Parameters (P3U45NUNAR) 105/675
{'max_depth': 50, 'max_features': 0.3, 'min_samples_leaf': 1e-05, 'min_samples_split': 0.001, 'n_estimators': 2500}
Fold 1
Fold 2
Fold 3
Fold 4



2021-08-11 15:44:09
Parameters (J180M9LR91) 106/675
{'max_depth': 13, 'max_features': 0.5, 'min_samples_leaf': 0.0001, 'min_samples_split': 1e-05, 'n_estimators': 1000}
Fold 1
Fold 2
Fold 3
Fold 4



2021-08-11 15:44:21
Parameters (Q5FBMJKTMW) 107/675
{'max_depth': 30, 'max_features': 0.5, 'min_samples_leaf': 0.001, 'min_samples_split': 0.0001, 'n_estimators': 2500}
Fold 1
Fold 2
Fold 3
Fold 4



2021-08-11 15:44:47
Parameters (EQ6B0E74LN) 108/675
{'max_depth': 15, 'max_features': 0.2, 'min_samples_leaf': 1e-05, 'min_samples_split': 0.001, 'n_estimators': 700}
Fold 1
Fold 2
Fold 3
Fold 4



2021-08-11 15:44:56
Parameters (4TP0CPLNOV) 109/675
{'max_depth': 15, 'max_features': 0.7, 'min_samples_leaf': 1e-05, 'min_samples_split': 0.0001, 'n_estimators': 2500}
Fold 1
Fold 2
Fold 3
Fold 4



2021-08-11 15:45:38
Parameters (VYV7EEBLKB) 110/675
{'max_depth': 20, 'max_features': 0.7, 'min_samples_leaf': 0.001, 'min_samples_split': 1e-05, 'n_estimators': 2500}
Fold 1
Fold 2
Fold 3
Fold 4



2021-08-11 15:46:12
Parameters (XSAN5I0IB2) 111/675
{'max_depth': 15, 'max_features': 0.1, 'min_samples_leaf': 1e-05, 'min_samples_split': 1e-05, 'n_estimators': 2500}
Fold 1
Fold 2
Fold 3
Fold 4



2021-08-11 15:46:45
Parameters (RGWJ0ZCUYL) 112/675
{'max_depth': 30, 'max_features': 0.2, 'min_samples_leaf': 1e-05, 'min_samples_split': 0.001, 'n_estimators': 700}
Fold 1
Fold 2
Fold 3
Fold 4



2021-08-11 15:46:53
Parameters (MICZZR36YX) 113/675
{'max_depth': 50, 'max_features': 0.1, 'min_samples_leaf': 0.0001, 'min_samples_split': 0.001, 'n_estimators': 700}
Fold 1
Fold 2
Fold 3
Fold 4



2021-08-11 15:47:02
Parameters (TCIHQUHH3N) 114/675
{'max_depth': 20, 'max_features': 0.7, 'min_samples_leaf': 0.0001, 'min_samples_split': 1e-05, 'n_estimators': 2500}
Fold 1
Fold 2
Fold 3
Fold 4



2021-08-11 15:47:44
Parameters (BY0GCO6220) 115/675
{'max_depth': 15, 'max_features': 0.5, 'min_samples_leaf': 1e-05, 'min_samples_split': 0.0001, 'n_estimators': 1000}
Fold 1
Fold 2
Fold 3
Fold 4



2021-08-11 15:47:57
Parameters (0T1OH1TAM9) 116/675
{'max_depth': 15, 'max_features': 0.2, 'min_samples_leaf': 0.0001, 'min_samples_split': 1e-05, 'n_estimators': 2500}
Fold 1
Fold 2
Fold 3
Fold 4



2021-08-11 15:48:28
Parameters (ZT9XRQIRPR) 117/675
{'max_depth': 15, 'max_features': 0.3, 'min_samples_leaf': 0.0001, 'min_samples_split': 0.001, 'n_estimators': 1000}
Fold 1
Fold 2
Fold 3
Fold 4



2021-08-11 15:48:40
Parameters (UC0ZFFML4C) 118/675
{'max_depth': 30, 'max_features': 0.3, 'min_samples_leaf': 1e-05, 'min_samples_split': 0.0001, 'n_estimators': 700}
Fold 1
Fold 2
Fold 3
Fold 4



2021-08-11 15:48:51
Parameters (9DTS9RZV8M) 119/675
{'max_depth': 15, 'max_features': 0.1, 'min_samples_leaf': 0.0001, 'min_samples_split': 0.0001, 'n_estimators': 700}
Fold 1
Fold 2
Fold 3
Fold 4



2021-08-11 15:48:59
Parameters (5Q0SILXJ7D) 120/675
{'max_depth': 50, 'max_features': 0.3, 'min_samples_leaf': 1e-05, 'min_samples_split': 0.001, 'n_estimators': 1000}
Fold 1
Fold 2
Fold 3
Fold 4



2021-08-11 15:49:12
Parameters (ZNTHAID38V) 121/675
{'max_depth': 13, 'max_features': 0.5, 'min_samples_leaf': 1e-05, 'min_samples_split': 0.001, 'n_estimators': 2500}
Fold 1
Fold 2
Fold 3
Fold 4



2021-08-11 15:49:40
Parameters (QSKVJX4OJD) 122/675
{'max_depth': 13, 'max_features': 0.5, 'min_samples_leaf': 1e-05, 'min_samples_split': 1e-05, 'n_estimators': 1000}
Fold 1
Fold 2
Fold 3
Fold 4



2021-08-11 15:49:52
Parameters (V5OKYBLYIL) 123/675
{'max_depth': 50, 'max_features': 0.3, 'min_samples_leaf': 0.001, 'min_samples_split': 0.0001, 'n_estimators': 1000}
Fold 1
Fold 2
Fold 3
Fold 4



2021-08-11 15:50:03
Parameters (DGLX49KUUU) 124/675
{'max_depth': 15, 'max_features': 0.2, 'min_samples_leaf': 1e-05, 'min_samples_split': 0.0001, 'n_estimators': 1000}
Fold 1
Fold 2
Fold 3
Fold 4



2021-08-11 15:50:16
Parameters (596E07JEKC) 125/675
{'max_depth': 15, 'max_features': 0.5, 'min_samples_leaf': 0.001, 'min_samples_split': 0.001, 'n_estimators': 2500}
Fold 1
Fold 2
Fold 3
Fold 4



2021-08-11 15:50:42
Parameters (RKNADABZMC) 126/675
{'max_depth': 50, 'max_features': 0.7, 'min_samples_leaf': 1e-05, 'min_samples_split': 0.001, 'n_estimators': 1000}
Fold 1
Fold 2
Fold 3
Fold 4



2021-08-11 15:50:58
Parameters (7G9T3V49I4) 127/675
{'max_depth': 30, 'max_features': 0.5, 'min_samples_leaf': 0.0001, 'min_samples_split': 1e-05, 'n_estimators': 1000}
Fold 1
Fold 2
Fold 3
Fold 4



2021-08-11 15:51:11
Parameters (CB7FT0098J) 128/675
{'max_depth': 20, 'max_features': 0.2, 'min_samples_leaf': 1e-05, 'min_samples_split': 0.0001, 'n_estimators': 1000}
Fold 1
Fold 2
Fold 3
Fold 4



2021-08-11 15:51:26
Parameters (TXJDDAQJDG) 129/675
{'max_depth': 13, 'max_features': 0.3, 'min_samples_leaf': 0.0001, 'min_samples_split': 0.001, 'n_estimators': 1000}
Fold 1
Fold 2
Fold 3
Fold 4



2021-08-11 15:51:37
Parameters (2S6IFM75YZ) 130/675
{'max_depth': 20, 'max_features': 0.2, 'min_samples_leaf': 0.001, 'min_samples_split': 0.001, 'n_estimators': 2500}
Fold 1
Fold 2
Fold 3
Fold 4



2021-08-11 15:52:03
Parameters (H1Z0NKC2MV) 131/675
{'max_depth': 20, 'max_features': 0.5, 'min_samples_leaf': 0.001, 'min_samples_split': 0.0001, 'n_estimators': 2500}
Fold 1
Fold 2
Fold 3
Fold 4



2021-08-11 15:52:30
Parameters (TEHZ39U0ZI) 132/675
{'max_depth': 50, 'max_features': 0.7, 'min_samples_leaf': 0.0001, 'min_samples_split': 0.0001, 'n_estimators': 700}
Fold 1
Fold 2
Fold 3
Fold 4



2021-08-11 15:52:41
Parameters (JRF7DM765M) 133/675
{'max_depth': 50, 'max_features': 0.5, 'min_samples_leaf': 0.0001, 'min_samples_split': 1e-05, 'n_estimators': 2500}
Fold 1
Fold 2
Fold 3
Fold 4



2021-08-11 15:53:14
Parameters (ZLWTPIVQJ3) 134/675
{'max_depth': 50, 'max_features': 0.5, 'min_samples_leaf': 1e-05, 'min_samples_split': 0.0001, 'n_estimators': 1000}
Fold 1
Fold 2
Fold 3
Fold 4



2021-08-11 15:53:29
Parameters (YX67ZJPO9T) 135/675
{'max_depth': 20, 'max_features': 0.2, 'min_samples_leaf': 0.001, 'min_samples_split': 1e-05, 'n_estimators': 2500}
Fold 1
Fold 2
Fold 3
Fold 4



2021-08-11 15:53:56
Parameters (QFTI7XDV5S) 136/675
{'max_depth': 20, 'max_features': 0.7, 'min_samples_leaf': 1e-05, 'min_samples_split': 0.0001, 'n_estimators': 2500}
Fold 1
Fold 2
Fold 3
Fold 4



2021-08-11 15:54:43
Parameters (VIZWBNV3YO) 137/675
{'max_depth': 50, 'max_features': 0.2, 'min_samples_leaf': 1e-05, 'min_samples_split': 0.001, 'n_estimators': 2500}
Fold 1
Fold 2
Fold 3
Fold 4



2021-08-11 15:55:14
Parameters (J5KZY3VNET) 138/675
{'max_depth': 50, 'max_features': 0.1, 'min_samples_leaf': 0.001, 'min_samples_split': 0.001, 'n_estimators': 2500}
Fold 1
Fold 2
Fold 3
Fold 4



2021-08-11 15:55:40
Parameters (HGIEW585LA) 139/675
{'max_depth': 15, 'max_features': 0.7, 'min_samples_leaf': 0.0001, 'min_samples_split': 0.0001, 'n_estimators': 1000}
Fold 1
Fold 2
Fold 3
Fold 4



2021-08-11 15:55:56
Parameters (GLWEDI2XDE) 140/675
{'max_depth': 30, 'max_features': 0.1, 'min_samples_leaf': 0.0001, 'min_samples_split': 0.001, 'n_estimators': 2500}
Fold 1
Fold 2
Fold 3
Fold 4



2021-08-11 15:56:26
Parameters (M17RNSOM1I) 141/675
{'max_depth': 20, 'max_features': 0.5, 'min_samples_leaf': 0.001, 'min_samples_split': 0.001, 'n_estimators': 2500}
Fold 1
Fold 2
Fold 3
Fold 4



2021-08-11 15:56:53
Parameters (EQ8EL5SDOF) 142/675
{'max_depth': 15, 'max_features': 0.2, 'min_samples_leaf': 0.001, 'min_samples_split': 0.001, 'n_estimators': 700}
Fold 1
Fold 2
Fold 3
Fold 4



2021-08-11 15:57:00
Parameters (VWRUPY11Z8) 143/675
{'max_depth': 15, 'max_features': 0.7, 'min_samples_leaf': 0.0001, 'min_samples_split': 0.001, 'n_estimators': 2500}
Fold 1
Fold 2
Fold 3
Fold 4



2021-08-11 15:57:38
Parameters (1DVMGQ46BE) 144/675
{'max_depth': 20, 'max_features': 0.5, 'min_samples_leaf': 1e-05, 'min_samples_split': 0.001, 'n_estimators': 2500}
Fold 1
Fold 2
Fold 3
Fold 4



2021-08-11 15:58:08
Parameters (41PVZA2VHC) 145/675
{'max_depth': 20, 'max_features': 0.5, 'min_samples_leaf': 0.0001, 'min_samples_split': 1e-05, 'n_estimators': 2500}
Fold 1
Fold 2
Fold 3
Fold 4



2021-08-11 15:58:41
Parameters (YOFHA0RMZN) 146/675
{'max_depth': 30, 'max_features': 0.5, 'min_samples_leaf': 1e-05, 'min_samples_split': 0.0001, 'n_estimators': 1000}
Fold 1
Fold 2
Fold 3
Fold 4



2021-08-11 15:58:56
Parameters (KR34GV4UL6) 147/675
{'max_depth': 30, 'max_features': 0.3, 'min_samples_leaf': 0.001, 'min_samples_split': 0.0001, 'n_estimators': 1000}
Fold 1
Fold 2
Fold 3
Fold 4



2021-08-11 15:59:07
Parameters (ODIABOLJOH) 148/675
{'max_depth': 50, 'max_features': 0.5, 'min_samples_leaf': 0.0001, 'min_samples_split': 0.001, 'n_estimators': 1000}
Fold 1
Fold 2
Fold 3
Fold 4



2021-08-11 15:59:19
Parameters (LYUC61H61H) 149/675
{'max_depth': 15, 'max_features': 0.2, 'min_samples_leaf': 0.0001, 'min_samples_split': 0.001, 'n_estimators': 700}
Fold 1
Fold 2
Fold 3
Fold 4



2021-08-11 15:59:27
Parameters (AKDKEEYJ6X) 150/675
{'max_depth': 50, 'max_features': 0.7, 'min_samples_leaf': 0.0001, 'min_samples_split': 1e-05, 'n_estimators': 1000}
Fold 1
Fold 2
Fold 3
Fold 4



2021-08-11 15:59:44
Parameters (ZNVXP9IJYS) 151/675
{'max_depth': 15, 'max_features': 0.2, 'min_samples_leaf': 1e-05, 'min_samples_split': 0.001, 'n_estimators': 1000}
Fold 1
Fold 2
Fold 3
Fold 4



2021-08-11 15:59:55
Parameters (7VU67QHYV3) 152/675
{'max_depth': 20, 'max_features': 0.5, 'min_samples_leaf': 1e-05, 'min_samples_split': 0.001, 'n_estimators': 1000}
Fold 1
Fold 2
Fold 3
Fold 4



2021-08-11 16:00:08
Parameters (W6F3BSA7PY) 153/675
{'max_depth': 50, 'max_features': 0.1, 'min_samples_leaf': 0.001, 'min_samples_split': 1e-05, 'n_estimators': 1000}
Fold 1
Fold 2
Fold 3
Fold 4



2021-08-11 16:00:18
Parameters (QS7NCX2FEF) 154/675
{'max_depth': 20, 'max_features': 0.7, 'min_samples_leaf': 1e-05, 'min_samples_split': 0.0001, 'n_estimators': 1000}
Fold 1
Fold 2
Fold 3
Fold 4



2021-08-11 16:00:37
Parameters (M091PPZGLQ) 155/675
{'max_depth': 30, 'max_features': 0.3, 'min_samples_leaf': 0.0001, 'min_samples_split': 1e-05, 'n_estimators': 2500}
Fold 1
Fold 2
Fold 3
Fold 4



2021-08-11 16:01:10
Parameters (YCBU7VZBPL) 156/675
{'max_depth': 30, 'max_features': 0.3, 'min_samples_leaf': 0.001, 'min_samples_split': 1e-05, 'n_estimators': 1000}
Fold 1
Fold 2
Fold 3
Fold 4



2021-08-11 16:01:21
Parameters (DC67JNA7AM) 157/675
{'max_depth': 13, 'max_features': 0.1, 'min_samples_leaf': 0.0001, 'min_samples_split': 0.001, 'n_estimators': 700}
Fold 1
Fold 2
Fold 3
Fold 4



2021-08-11 16:01:28
Parameters (HCSYNDYU9C) 158/675
{'max_depth': 50, 'max_features': 0.3, 'min_samples_leaf': 0.0001, 'min_samples_split': 0.001, 'n_estimators': 1000}
Fold 1
Fold 2
Fold 3
Fold 4



2021-08-11 16:01:40
Parameters (O0T324JTCD) 159/675
{'max_depth': 50, 'max_features': 0.1, 'min_samples_leaf': 0.0001, 'min_samples_split': 0.0001, 'n_estimators': 2500}
Fold 1
Fold 2
Fold 3
Fold 4



2021-08-11 16:02:13
Parameters (8OLHIIHK9Q) 160/675
{'max_depth': 30, 'max_features': 0.3, 'min_samples_leaf': 0.001, 'min_samples_split': 1e-05, 'n_estimators': 700}
Fold 1
Fold 2
Fold 3
Fold 4



2021-08-11 16:02:21
Parameters (H253R5XTBU) 161/675
{'max_depth': 30, 'max_features': 0.1, 'min_samples_leaf': 0.001, 'min_samples_split': 1e-05, 'n_estimators': 1000}
Fold 1
Fold 2
Fold 3
Fold 4



2021-08-11 16:02:31
Parameters (7OU2BCV0GA) 162/675
{'max_depth': 30, 'max_features': 0.5, 'min_samples_leaf': 0.0001, 'min_samples_split': 0.001, 'n_estimators': 2500}
Fold 1
Fold 2
Fold 3
Fold 4



2021-08-11 16:03:02
Parameters (W1TJPM3UM4) 163/675
{'max_depth': 30, 'max_features': 0.1, 'min_samples_leaf': 0.001, 'min_samples_split': 0.0001, 'n_estimators': 1000}
Fold 1
Fold 2
Fold 3
Fold 4



2021-08-11 16:03:13
Parameters (NU917GR8V1) 164/675
{'max_depth': 13, 'max_features': 0.2, 'min_samples_leaf': 0.0001, 'min_samples_split': 1e-05, 'n_estimators': 1000}
Fold 1
Fold 2
Fold 3
Fold 4



2021-08-11 16:03:24
Parameters (2RSOHIHZW5) 165/675
{'max_depth': 13, 'max_features': 0.1, 'min_samples_leaf': 0.0001, 'min_samples_split': 0.001, 'n_estimators': 1000}
Fold 1
Fold 2
Fold 3
Fold 4



2021-08-11 16:03:36
Parameters (WUKYLEDLYQ) 166/675
{'max_depth': 13, 'max_features': 0.3, 'min_samples_leaf': 0.0001, 'min_samples_split': 0.0001, 'n_estimators': 700}
Fold 1
Fold 2
Fold 3
Fold 4



2021-08-11 16:03:44
Parameters (1NDVAOG4BP) 167/675
{'max_depth': 13, 'max_features': 0.2, 'min_samples_leaf': 0.0001, 'min_samples_split': 0.0001, 'n_estimators': 2500}
Fold 1
Fold 2
Fold 3
Fold 4



2021-08-11 16:04:14
Parameters (ZMS46S4B15) 168/675
{'max_depth': 20, 'max_features': 0.1, 'min_samples_leaf': 0.0001, 'min_samples_split': 0.0001, 'n_estimators': 700}
Fold 1
Fold 2
Fold 3
Fold 4



2021-08-11 16:04:23
Parameters (W54DAGQ6RW) 169/675
{'max_depth': 50, 'max_features': 0.1, 'min_samples_leaf': 1e-05, 'min_samples_split': 1e-05, 'n_estimators': 2500}
Fold 1
Fold 2
Fold 3
Fold 4



2021-08-11 16:05:00
Parameters (K9GPYS2YB2) 170/675
{'max_depth': 20, 'max_features': 0.2, 'min_samples_leaf': 0.0001, 'min_samples_split': 0.0001, 'n_estimators': 1000}
Fold 1
Fold 2
Fold 3
Fold 4



2021-08-11 16:05:13
Parameters (TWH6Q0JM9J) 171/675
{'max_depth': 50, 'max_features': 0.7, 'min_samples_leaf': 0.0001, 'min_samples_split': 0.0001, 'n_estimators': 1000}
Fold 1
Fold 2
Fold 3
Fold 4



2021-08-11 16:05:30
Parameters (AZWPNS0GQJ) 172/675
{'max_depth': 13, 'max_features': 0.7, 'min_samples_leaf': 0.0001, 'min_samples_split': 0.0001, 'n_estimators': 2500}
Fold 1
Fold 2
Fold 3
Fold 4



2021-08-11 16:06:07
Parameters (JHSGKERTG0) 173/675
{'max_depth': 15, 'max_features': 0.1, 'min_samples_leaf': 0.0001, 'min_samples_split': 1e-05, 'n_estimators': 700}
Fold 1
Fold 2
Fold 3
Fold 4



2021-08-11 16:06:16
Parameters (X1ZPB7GKF8) 174/675
{'max_depth': 50, 'max_features': 0.3, 'min_samples_leaf': 1e-05, 'min_samples_split': 0.0001, 'n_estimators': 2500}
Fold 1
Fold 2
Fold 3
Fold 4



2021-08-11 16:06:53
Parameters (IPQNBN31HI) 175/675
{'max_depth': 30, 'max_features': 0.7, 'min_samples_leaf': 1e-05, 'min_samples_split': 0.001, 'n_estimators': 1000}
Fold 1
Fold 2
Fold 3
Fold 4



2021-08-11 16:07:09
Parameters (7EJ41IA5CG) 176/675
{'max_depth': 15, 'max_features': 0.2, 'min_samples_leaf': 0.001, 'min_samples_split': 0.001, 'n_estimators': 1000}
Fold 1
Fold 2
Fold 3
Fold 4



2021-08-11 16:07:20
Parameters (8P9MFOZNJ1) 177/675
{'max_depth': 50, 'max_features': 0.7, 'min_samples_leaf': 0.001, 'min_samples_split': 1e-05, 'n_estimators': 700}
Fold 1
Fold 2
Fold 3
Fold 4



2021-08-11 16:07:29
Parameters (AOXA8JXMYC) 178/675
{'max_depth': 15, 'max_features': 0.5, 'min_samples_leaf': 1e-05, 'min_samples_split': 0.0001, 'n_estimators': 2500}
Fold 1
Fold 2
Fold 3
Fold 4



2021-08-11 16:08:02
Parameters (CSQWE1J18G) 179/675
{'max_depth': 20, 'max_features': 0.7, 'min_samples_leaf': 1e-05, 'min_samples_split': 0.001, 'n_estimators': 1000}
Fold 1
Fold 2
Fold 3
Fold 4



2021-08-11 16:08:18
Parameters (4DTWFMF13S) 180/675
{'max_depth': 20, 'max_features': 0.3, 'min_samples_leaf': 0.001, 'min_samples_split': 1e-05, 'n_estimators': 2500}
Fold 1
Fold 2
Fold 3
Fold 4



2021-08-11 16:08:44
Parameters (5UUQO09FY5) 181/675
{'max_depth': 20, 'max_features': 0.1, 'min_samples_leaf': 0.001, 'min_samples_split': 1e-05, 'n_estimators': 700}
Fold 1
Fold 2
Fold 3
Fold 4



2021-08-11 16:08:52
Parameters (7YCPFPG4NF) 182/675
{'max_depth': 30, 'max_features': 0.1, 'min_samples_leaf': 1e-05, 'min_samples_split': 0.0001, 'n_estimators': 1000}
Fold 1
Fold 2
Fold 3
Fold 4



2021-08-11 16:09:07
Parameters (0YA7SJ8KH3) 183/675
{'max_depth': 15, 'max_features': 0.2, 'min_samples_leaf': 1e-05, 'min_samples_split': 0.0001, 'n_estimators': 2500}
Fold 1
Fold 2
Fold 3
Fold 4



2021-08-11 16:09:40
Parameters (YR8EHFVP7U) 184/675
{'max_depth': 13, 'max_features': 0.1, 'min_samples_leaf': 0.0001, 'min_samples_split': 0.0001, 'n_estimators': 1000}
Fold 1
Fold 2
Fold 3
Fold 4



2021-08-11 16:09:51
Parameters (OIB7RA74OE) 185/675
{'max_depth': 13, 'max_features': 0.7, 'min_samples_leaf': 0.001, 'min_samples_split': 0.001, 'n_estimators': 700}
Fold 1
Fold 2
Fold 3
Fold 4



2021-08-11 16:10:01
Parameters (K0JTOE16IM) 186/675
{'max_depth': 15, 'max_features': 0.5, 'min_samples_leaf': 0.001, 'min_samples_split': 0.001, 'n_estimators': 700}
Fold 1
Fold 2
Fold 3
Fold 4



2021-08-11 16:10:08
Parameters (LFSRSGHBF4) 187/675
{'max_depth': 15, 'max_features': 0.7, 'min_samples_leaf': 1e-05, 'min_samples_split': 1e-05, 'n_estimators': 1000}
Fold 1
Fold 2
Fold 3
Fold 4



2021-08-11 16:10:25
Parameters (EFGBH98LYI) 188/675
{'max_depth': 50, 'max_features': 0.7, 'min_samples_leaf': 1e-05, 'min_samples_split': 1e-05, 'n_estimators': 2500}
Fold 1
Fold 2
Fold 3
Fold 4



2021-08-11 16:11:13
Parameters (TSNAS63ZJV) 189/675
{'max_depth': 13, 'max_features': 0.5, 'min_samples_leaf': 0.0001, 'min_samples_split': 0.0001, 'n_estimators': 700}
Fold 1
Fold 2
Fold 3
Fold 4



2021-08-11 16:11:21
Parameters (MPODLAZBZD) 190/675
{'max_depth': 30, 'max_features': 0.7, 'min_samples_leaf': 0.0001, 'min_samples_split': 1e-05, 'n_estimators': 700}
Fold 1
Fold 2
Fold 3
Fold 4



2021-08-11 16:11:33
Parameters (LQU6CTNEDU) 191/675
{'max_depth': 20, 'max_features': 0.7, 'min_samples_leaf': 0.0001, 'min_samples_split': 0.001, 'n_estimators': 2500}
Fold 1
Fold 2
Fold 3
Fold 4



2021-08-11 16:12:11
Parameters (SBLXFTKS34) 192/675
{'max_depth': 50, 'max_features': 0.2, 'min_samples_leaf': 0.001, 'min_samples_split': 0.0001, 'n_estimators': 1000}
Fold 1
Fold 2
Fold 3
Fold 4



2021-08-11 16:12:22
Parameters (U7D2DX7O0W) 193/675
{'max_depth': 30, 'max_features': 0.2, 'min_samples_leaf': 1e-05, 'min_samples_split': 0.001, 'n_estimators': 1000}
Fold 1
Fold 2
Fold 3
Fold 4



2021-08-11 16:12:34
Parameters (CV0GQZEA8N) 194/675
{'max_depth': 50, 'max_features': 0.5, 'min_samples_leaf': 1e-05, 'min_samples_split': 1e-05, 'n_estimators': 1000}
Fold 1
Fold 2
Fold 3
Fold 4



2021-08-11 16:12:49
Parameters (J8YC9B23SC) 195/675
{'max_depth': 15, 'max_features': 0.3, 'min_samples_leaf': 1e-05, 'min_samples_split': 0.0001, 'n_estimators': 700}
Fold 1
Fold 2
Fold 3
Fold 4



2021-08-11 16:12:58
Parameters (1OM1PIT2TT) 196/675
{'max_depth': 15, 'max_features': 0.3, 'min_samples_leaf': 1e-05, 'min_samples_split': 0.0001, 'n_estimators': 1000}
Fold 1
Fold 2
Fold 3
Fold 4



2021-08-11 16:13:12
Parameters (HGZWUHSDTA) 197/675
{'max_depth': 20, 'max_features': 0.3, 'min_samples_leaf': 0.001, 'min_samples_split': 1e-05, 'n_estimators': 700}
Fold 1
Fold 2
Fold 3
Fold 4



2021-08-11 16:13:19
Parameters (AG9PE1JZJ1) 198/675
{'max_depth': 50, 'max_features': 0.1, 'min_samples_leaf': 1e-05, 'min_samples_split': 0.0001, 'n_estimators': 1000}
Fold 1
Fold 2
Fold 3
Fold 4



2021-08-11 16:13:34
Parameters (416OUDYEW3) 199/675
{'max_depth': 20, 'max_features': 0.1, 'min_samples_leaf': 0.0001, 'min_samples_split': 1e-05, 'n_estimators': 2500}
Fold 1
Fold 2
Fold 3
Fold 4



2021-08-11 16:14:07
Parameters (5L75RHIOWE) 200/675
{'max_depth': 30, 'max_features': 0.5, 'min_samples_leaf': 1e-05, 'min_samples_split': 1e-05, 'n_estimators': 1000}
Fold 1
Fold 2
Fold 3
Fold 4



2021-08-11 16:14:22
Parameters (POUF8ROTN8) 201/675
{'max_depth': 15, 'max_features': 0.1, 'min_samples_leaf': 0.0001, 'min_samples_split': 0.001, 'n_estimators': 1000}
Fold 1
Fold 2
Fold 3
Fold 4



2021-08-11 16:14:34
Parameters (J1BU614ECP) 202/675
{'max_depth': 20, 'max_features': 0.3, 'min_samples_leaf': 0.0001, 'min_samples_split': 0.001, 'n_estimators': 2500}
Fold 1
Fold 2
Fold 3
Fold 4



2021-08-11 16:15:04
Parameters (0JHV3JVLE4) 203/675
{'max_depth': 30, 'max_features': 0.1, 'min_samples_leaf': 0.0001, 'min_samples_split': 0.0001, 'n_estimators': 700}
Fold 1
Fold 2
Fold 3
Fold 4



2021-08-11 16:15:13
Parameters (GDHPQ2Y4FT) 204/675
{'max_depth': 13, 'max_features': 0.1, 'min_samples_leaf': 0.001, 'min_samples_split': 0.001, 'n_estimators': 700}
Fold 1
Fold 2
Fold 3
Fold 4



2021-08-11 16:15:21
Parameters (N5C1W4FAJY) 205/675
{'max_depth': 15, 'max_features': 0.1, 'min_samples_leaf': 1e-05, 'min_samples_split': 0.0001, 'n_estimators': 700}
Fold 1
Fold 2
Fold 3
Fold 4



2021-08-11 16:15:30
Parameters (WUUV76S6EL) 206/675
{'max_depth': 13, 'max_features': 0.5, 'min_samples_leaf': 0.0001, 'min_samples_split': 0.001, 'n_estimators': 1000}
Fold 1
Fold 2
Fold 3
Fold 4



2021-08-11 16:15:41
Parameters (TG92Q0NF0Z) 207/675
{'max_depth': 50, 'max_features': 0.5, 'min_samples_leaf': 0.0001, 'min_samples_split': 1e-05, 'n_estimators': 1000}
Fold 1
Fold 2
Fold 3
Fold 4



2021-08-11 16:15:54
Parameters (38RKAO3CXF) 208/675
{'max_depth': 13, 'max_features': 0.1, 'min_samples_leaf': 0.001, 'min_samples_split': 1e-05, 'n_estimators': 2500}
Fold 1
Fold 2
Fold 3
Fold 4



2021-08-11 16:16:20
Parameters (WB7ONXOVLB) 209/675
{'max_depth': 50, 'max_features': 0.2, 'min_samples_leaf': 1e-05, 'min_samples_split': 0.0001, 'n_estimators': 1000}
Fold 1
Fold 2
Fold 3
Fold 4



2021-08-11 16:16:35
Parameters (I57O1F7DCV) 210/675
{'max_depth': 20, 'max_features': 0.1, 'min_samples_leaf': 0.001, 'min_samples_split': 0.001, 'n_estimators': 1000}
Fold 1
Fold 2
Fold 3
Fold 4



2021-08-11 16:16:46
Parameters (7MQMF0LJOF) 211/675
{'max_depth': 20, 'max_features': 0.1, 'min_samples_leaf': 1e-05, 'min_samples_split': 1e-05, 'n_estimators': 1000}
Fold 1
Fold 2
Fold 3
Fold 4



2021-08-11 16:17:01
Parameters (Y4BGWAMWBR) 212/675
{'max_depth': 30, 'max_features': 0.7, 'min_samples_leaf': 0.0001, 'min_samples_split': 0.0001, 'n_estimators': 700}
Fold 1
Fold 2
Fold 3
Fold 4



2021-08-11 16:17:12
Parameters (VE47S1E7XT) 213/675
{'max_depth': 30, 'max_features': 0.1, 'min_samples_leaf': 0.0001, 'min_samples_split': 0.0001, 'n_estimators': 2500}
Fold 1
Fold 2
Fold 3
Fold 4



2021-08-11 16:17:45
Parameters (UCIP1TIHTF) 214/675
{'max_depth': 50, 'max_features': 0.7, 'min_samples_leaf': 1e-05, 'min_samples_split': 0.001, 'n_estimators': 700}
Fold 1
Fold 2
Fold 3
Fold 4



2021-08-11 16:17:56
Parameters (CS40ZRB6Z4) 215/675
{'max_depth': 13, 'max_features': 0.5, 'min_samples_leaf': 0.001, 'min_samples_split': 0.0001, 'n_estimators': 2500}
Fold 1
Fold 2
Fold 3
Fold 4



2021-08-11 16:18:22
Parameters (TW3UWRBOLQ) 216/675
{'max_depth': 13, 'max_features': 0.2, 'min_samples_leaf': 0.0001, 'min_samples_split': 1e-05, 'n_estimators': 700}
Fold 1
Fold 2
Fold 3
Fold 4



2021-08-11 16:18:31
Parameters (ZVJKJIG4PI) 217/675
{'max_depth': 20, 'max_features': 0.5, 'min_samples_leaf': 0.0001, 'min_samples_split': 0.0001, 'n_estimators': 2500}
Fold 1
Fold 2
Fold 3
Fold 4



2021-08-11 16:19:03
Parameters (2WKPYKM4LG) 218/675
{'max_depth': 13, 'max_features': 0.3, 'min_samples_leaf': 1e-05, 'min_samples_split': 0.0001, 'n_estimators': 2500}
Fold 1
Fold 2
Fold 3
Fold 4



2021-08-11 16:19:34
Parameters (LDHC4IU118) 219/675
{'max_depth': 20, 'max_features': 0.7, 'min_samples_leaf': 0.001, 'min_samples_split': 0.001, 'n_estimators': 2500}
Fold 1
Fold 2
Fold 3
Fold 4



2021-08-11 16:20:08
Parameters (Q6MPF9I114) 220/675
{'max_depth': 50, 'max_features': 0.5, 'min_samples_leaf': 0.0001, 'min_samples_split': 0.0001, 'n_estimators': 1000}
Fold 1
Fold 2
Fold 3
Fold 4



2021-08-11 16:20:21
Parameters (CUQ1NKKKUU) 221/675
{'max_depth': 30, 'max_features': 0.1, 'min_samples_leaf': 1e-05, 'min_samples_split': 0.001, 'n_estimators': 700}
Fold 1
Fold 2
Fold 3
Fold 4



2021-08-11 16:20:30
Parameters (GOZ5Z0TKKH) 222/675
{'max_depth': 50, 'max_features': 0.2, 'min_samples_leaf': 0.0001, 'min_samples_split': 1e-05, 'n_estimators': 2500}
Fold 1
Fold 2
Fold 3
Fold 4



2021-08-11 16:21:03
Parameters (KELIKIPJUU) 223/675
{'max_depth': 50, 'max_features': 0.2, 'min_samples_leaf': 1e-05, 'min_samples_split': 1e-05, 'n_estimators': 700}
Fold 1
Fold 2
Fold 3
Fold 4



2021-08-11 16:21:13
Parameters (Z1DS1RJ64C) 224/675
{'max_depth': 30, 'max_features': 0.2, 'min_samples_leaf': 1e-05, 'min_samples_split': 1e-05, 'n_estimators': 2500}
Fold 1
Fold 2
Fold 3
Fold 4



2021-08-11 16:21:51
Parameters (A4XAQADYYH) 225/675
{'max_depth': 30, 'max_features': 0.3, 'min_samples_leaf': 1e-05, 'min_samples_split': 0.0001, 'n_estimators': 1000}
Fold 1
Fold 2
Fold 3
Fold 4



2021-08-11 16:22:06
Parameters (5Z4RSE0UN7) 226/675
{'max_depth': 30, 'max_features': 0.5, 'min_samples_leaf': 1e-05, 'min_samples_split': 0.001, 'n_estimators': 2500}
Fold 1
Fold 2
Fold 3
Fold 4



2021-08-11 16:22:37
Parameters (9PZO0206FI) 227/675
{'max_depth': 50, 'max_features': 0.2, 'min_samples_leaf': 0.001, 'min_samples_split': 1e-05, 'n_estimators': 2500}
Fold 1
Fold 2
Fold 3
Fold 4



2021-08-11 16:23:03
Parameters (TEP4JQB4TR) 228/675
{'max_depth': 30, 'max_features': 0.5, 'min_samples_leaf': 0.0001, 'min_samples_split': 0.0001, 'n_estimators': 1000}
Fold 1
Fold 2
Fold 3
Fold 4



2021-08-11 16:23:16
Parameters (04C1YLB8DN) 229/675
{'max_depth': 50, 'max_features': 0.1, 'min_samples_leaf': 1e-05, 'min_samples_split': 0.001, 'n_estimators': 2500}
Fold 1
Fold 2
Fold 3
Fold 4



2021-08-11 16:23:47
Parameters (QKKMJ5Z458) 230/675
{'max_depth': 20, 'max_features': 0.2, 'min_samples_leaf': 0.0001, 'min_samples_split': 0.0001, 'n_estimators': 700}
Fold 1
Fold 2
Fold 3
Fold 4



2021-08-11 16:23:57
Parameters (HPSC2E27LV) 231/675
{'max_depth': 13, 'max_features': 0.5, 'min_samples_leaf': 0.001, 'min_samples_split': 0.001, 'n_estimators': 700}
Fold 1
Fold 2
Fold 3
Fold 4



2021-08-11 16:24:04
Parameters (T9PE9TNP2H) 232/675
{'max_depth': 30, 'max_features': 0.5, 'min_samples_leaf': 0.001, 'min_samples_split': 0.001, 'n_estimators': 1000}
Fold 1
Fold 2
Fold 3
Fold 4



2021-08-11 16:24:15
Parameters (RQVQ8O18OR) 233/675
{'max_depth': 50, 'max_features': 0.3, 'min_samples_leaf': 1e-05, 'min_samples_split': 0.0001, 'n_estimators': 700}
Fold 1
Fold 2
Fold 3
Fold 4



2021-08-11 16:24:25
Parameters (K9X391YNO2) 234/675
{'max_depth': 13, 'max_features': 0.7, 'min_samples_leaf': 0.001, 'min_samples_split': 0.0001, 'n_estimators': 1000}
Fold 1
Fold 2
Fold 3
Fold 4



2021-08-11 16:24:39
Parameters (6UF7IGV8IR) 235/675
{'max_depth': 13, 'max_features': 0.3, 'min_samples_leaf': 0.001, 'min_samples_split': 0.001, 'n_estimators': 1000}
Fold 1
Fold 2
Fold 3
Fold 4



2021-08-11 16:24:49
Parameters (4Y705NJYXG) 236/675
{'max_depth': 50, 'max_features': 0.3, 'min_samples_leaf': 0.001, 'min_samples_split': 0.0001, 'n_estimators': 700}
Fold 1
Fold 2
Fold 3
Fold 4



2021-08-11 16:24:57
Parameters (4X4NPKCVDK) 237/675
{'max_depth': 20, 'max_features': 0.2, 'min_samples_leaf': 0.001, 'min_samples_split': 0.0001, 'n_estimators': 2500}
Fold 1
Fold 2
Fold 3
Fold 4



2021-08-11 16:25:23
Parameters (BRR5JUNS2U) 238/675
{'max_depth': 15, 'max_features': 0.2, 'min_samples_leaf': 0.0001, 'min_samples_split': 1e-05, 'n_estimators': 700}
Fold 1
Fold 2
Fold 3
Fold 4



2021-08-11 16:25:32
Parameters (QNOTOJ546F) 239/675
{'max_depth': 13, 'max_features': 0.1, 'min_samples_leaf': 0.0001, 'min_samples_split': 0.001, 'n_estimators': 2500}
Fold 1
Fold 2
Fold 3
Fold 4



2021-08-11 16:26:00
Parameters (YV24VC1O85) 240/675
{'max_depth': 13, 'max_features': 0.1, 'min_samples_leaf': 0.001, 'min_samples_split': 0.0001, 'n_estimators': 1000}
Fold 1
Fold 2
Fold 3
Fold 4



2021-08-11 16:26:10
Parameters (5CF2A7JITL) 241/675
{'max_depth': 20, 'max_features': 0.1, 'min_samples_leaf': 1e-05, 'min_samples_split': 0.0001, 'n_estimators': 1000}
Fold 1
Fold 2
Fold 3
Fold 4



2021-08-11 16:26:25
Parameters (HY6JCBGRUB) 242/675
{'max_depth': 30, 'max_features': 0.3, 'min_samples_leaf': 1e-05, 'min_samples_split': 0.001, 'n_estimators': 700}
Fold 1
Fold 2
Fold 3
Fold 4



2021-08-11 16:26:34
Parameters (THTML1RWKL) 243/675
{'max_depth': 20, 'max_features': 0.7, 'min_samples_leaf': 0.0001, 'min_samples_split': 0.0001, 'n_estimators': 1000}
Fold 1
Fold 2
Fold 3
Fold 4



2021-08-11 16:26:50
Parameters (NJVSNFXJ9F) 244/675
{'max_depth': 13, 'max_features': 0.5, 'min_samples_leaf': 1e-05, 'min_samples_split': 0.0001, 'n_estimators': 700}
Fold 1
Fold 2
Fold 3
Fold 4



2021-08-11 16:26:59
Parameters (5JUEX7I6ZX) 245/675
{'max_depth': 13, 'max_features': 0.3, 'min_samples_leaf': 0.001, 'min_samples_split': 0.001, 'n_estimators': 700}
Fold 1
Fold 2
Fold 3
Fold 4



2021-08-11 16:27:06
Parameters (Q1TDLFRT3Y) 246/675
{'max_depth': 50, 'max_features': 0.5, 'min_samples_leaf': 0.001, 'min_samples_split': 0.001, 'n_estimators': 1000}
Fold 1
Fold 2
Fold 3
Fold 4



2021-08-11 16:27:17
Parameters (M91LVPNCNJ) 247/675
{'max_depth': 30, 'max_features': 0.5, 'min_samples_leaf': 0.001, 'min_samples_split': 0.001, 'n_estimators': 700}
Fold 1
Fold 2
Fold 3
Fold 4



2021-08-11 16:27:25
Parameters (HPD26MV53Q) 248/675
{'max_depth': 15, 'max_features': 0.1, 'min_samples_leaf': 0.001, 'min_samples_split': 1e-05, 'n_estimators': 1000}
Fold 1
Fold 2
Fold 3
Fold 4



2021-08-11 16:27:35
Parameters (QHH2ZS1YOJ) 249/675
{'max_depth': 15, 'max_features': 0.2, 'min_samples_leaf': 1e-05, 'min_samples_split': 1e-05, 'n_estimators': 1000}
Fold 1
Fold 2
Fold 3
Fold 4



2021-08-11 16:27:48
Parameters (PH3182QZQX) 250/675
{'max_depth': 13, 'max_features': 0.5, 'min_samples_leaf': 0.0001, 'min_samples_split': 0.0001, 'n_estimators': 2500}
Fold 1
Fold 2
Fold 3
Fold 4



2021-08-11 16:28:18
Parameters (6DWJRAG9DQ) 251/675
{'max_depth': 30, 'max_features': 0.5, 'min_samples_leaf': 1e-05, 'min_samples_split': 1e-05, 'n_estimators': 700}
Fold 1
Fold 2
Fold 3
Fold 4



2021-08-11 16:28:29
Parameters (JVASV4HBZF) 252/675
{'max_depth': 30, 'max_features': 0.2, 'min_samples_leaf': 0.001, 'min_samples_split': 0.0001, 'n_estimators': 700}
Fold 1
Fold 2
Fold 3
Fold 4



2021-08-11 16:28:36
Parameters (UUWH54OK0R) 253/675
{'max_depth': 30, 'max_features': 0.7, 'min_samples_leaf': 0.001, 'min_samples_split': 0.0001, 'n_estimators': 700}
Fold 1
Fold 2
Fold 3
Fold 4



2021-08-11 16:28:46
Parameters (H3EKW7VCB2) 254/675
{'max_depth': 15, 'max_features': 0.1, 'min_samples_leaf': 1e-05, 'min_samples_split': 1e-05, 'n_estimators': 700}
Fold 1
Fold 2
Fold 3
Fold 4



2021-08-11 16:28:55
Parameters (GNSTU5PRHS) 255/675
{'max_depth': 30, 'max_features': 0.1, 'min_samples_leaf': 0.001, 'min_samples_split': 0.001, 'n_estimators': 2500}
Fold 1
Fold 2
Fold 3
Fold 4



2021-08-11 16:29:21
Parameters (2LFKY93JG6) 256/675
{'max_depth': 30, 'max_features': 0.2, 'min_samples_leaf': 0.0001, 'min_samples_split': 0.001, 'n_estimators': 1000}
Fold 1
Fold 2
Fold 3
Fold 4



2021-08-11 16:29:34
Parameters (U5TEPA8KL9) 257/675
{'max_depth': 20, 'max_features': 0.5, 'min_samples_leaf': 1e-05, 'min_samples_split': 0.0001, 'n_estimators': 1000}
Fold 1
Fold 2
Fold 3
Fold 4



2021-08-11 16:29:48
Parameters (TRJV4W5WMY) 258/675
{'max_depth': 13, 'max_features': 0.1, 'min_samples_leaf': 1e-05, 'min_samples_split': 1e-05, 'n_estimators': 2500}
Fold 1
Fold 2
Fold 3
Fold 4



2021-08-11 16:30:19
Parameters (E4ER11V286) 259/675
{'max_depth': 50, 'max_features': 0.7, 'min_samples_leaf': 1e-05, 'min_samples_split': 0.0001, 'n_estimators': 1000}
Fold 1
Fold 2
Fold 3
Fold 4



2021-08-11 16:30:38
Parameters (NUQMRXK7HV) 260/675
{'max_depth': 50, 'max_features': 0.1, 'min_samples_leaf': 0.001, 'min_samples_split': 0.001, 'n_estimators': 1000}
Fold 1
Fold 2
Fold 3
Fold 4



2021-08-11 16:30:49
Parameters (WRN8DFRXOZ) 261/675
{'max_depth': 50, 'max_features': 0.2, 'min_samples_leaf': 0.0001, 'min_samples_split': 1e-05, 'n_estimators': 700}
Fold 1
Fold 2
Fold 3
Fold 4



2021-08-11 16:30:58
Parameters (8ZM6IF4BH9) 262/675
{'max_depth': 20, 'max_features': 0.2, 'min_samples_leaf': 0.001, 'min_samples_split': 1e-05, 'n_estimators': 1000}
Fold 1
Fold 2
Fold 3
Fold 4



2021-08-11 16:31:09
Parameters (K99K238U0U) 263/675
{'max_depth': 50, 'max_features': 0.2, 'min_samples_leaf': 0.001, 'min_samples_split': 1e-05, 'n_estimators': 1000}
Fold 1
Fold 2
Fold 3
Fold 4



2021-08-11 16:31:19
Parameters (41ERQYGZQA) 264/675
{'max_depth': 30, 'max_features': 0.3, 'min_samples_leaf': 0.0001, 'min_samples_split': 0.001, 'n_estimators': 2500}
Fold 1
Fold 2
Fold 3
Fold 4



2021-08-11 16:31:50
Parameters (JAQ6N0LRFW) 265/675
{'max_depth': 50, 'max_features': 0.1, 'min_samples_leaf': 0.0001, 'min_samples_split': 0.0001, 'n_estimators': 700}
Fold 1
Fold 2
Fold 3
Fold 4



2021-08-11 16:31:59
Parameters (GYZO1B7GKD) 266/675
{'max_depth': 15, 'max_features': 0.3, 'min_samples_leaf': 0.0001, 'min_samples_split': 1e-05, 'n_estimators': 2500}
Fold 1
Fold 2
Fold 3
Fold 4



2021-08-11 16:32:30
Parameters (TQUK7F2UR4) 267/675
{'max_depth': 15, 'max_features': 0.7, 'min_samples_leaf': 1e-05, 'min_samples_split': 1e-05, 'n_estimators': 700}
Fold 1
Fold 2
Fold 3
Fold 4



2021-08-11 16:32:42
Parameters (2BM985O0FQ) 268/675
{'max_depth': 20, 'max_features': 0.7, 'min_samples_leaf': 0.001, 'min_samples_split': 0.0001, 'n_estimators': 1000}
Fold 1
Fold 2
Fold 3
Fold 4



2021-08-11 16:32:56
Parameters (CEUIHHFVX1) 269/675
{'max_depth': 13, 'max_features': 0.7, 'min_samples_leaf': 1e-05, 'min_samples_split': 0.0001, 'n_estimators': 1000}
Fold 1
Fold 2
Fold 3
Fold 4



2021-08-11 16:33:11
Parameters (O1BI8YMP6S) 270/675
{'max_depth': 50, 'max_features': 0.1, 'min_samples_leaf': 0.0001, 'min_samples_split': 0.0001, 'n_estimators': 1000}
Fold 1
Fold 2
Fold 3
Fold 4



2021-08-11 16:33:24
Parameters (FWR9QH3N74) 271/675
{'max_depth': 20, 'max_features': 0.2, 'min_samples_leaf': 0.0001, 'min_samples_split': 1e-05, 'n_estimators': 2500}
Fold 1
Fold 2
Fold 3
Fold 4



2021-08-11 16:33:57
Parameters (T4A8YWSEHG) 272/675
{'max_depth': 20, 'max_features': 0.5, 'min_samples_leaf': 1e-05, 'min_samples_split': 0.0001, 'n_estimators': 2500}
Fold 1
Fold 2
Fold 3
Fold 4



2021-08-11 16:34:33
Parameters (9CICR09J8D) 273/675
{'max_depth': 20, 'max_features': 0.7, 'min_samples_leaf': 1e-05, 'min_samples_split': 0.001, 'n_estimators': 700}
Fold 1
Fold 2
Fold 3
Fold 4



2021-08-11 16:34:44
Parameters (91K5JH6UXL) 274/675
{'max_depth': 13, 'max_features': 0.7, 'min_samples_leaf': 0.001, 'min_samples_split': 1e-05, 'n_estimators': 1000}
Fold 1
Fold 2
Fold 3
Fold 4



2021-08-11 16:34:58
Parameters (EOENK20XBR) 275/675
{'max_depth': 13, 'max_features': 0.3, 'min_samples_leaf': 0.001, 'min_samples_split': 1e-05, 'n_estimators': 1000}
Fold 1
Fold 2
Fold 3
Fold 4



2021-08-11 16:35:08
Parameters (1SMYCBMGW1) 276/675
{'max_depth': 30, 'max_features': 0.5, 'min_samples_leaf': 0.001, 'min_samples_split': 0.0001, 'n_estimators': 1000}
Fold 1
Fold 2
Fold 3
Fold 4



2021-08-11 16:35:19
Parameters (AR1QHSGU3A) 277/675
{'max_depth': 20, 'max_features': 0.5, 'min_samples_leaf': 0.001, 'min_samples_split': 1e-05, 'n_estimators': 2500}
Fold 1
Fold 2
Fold 3
Fold 4



2021-08-11 16:35:45
Parameters (T3PJBH2ZDK) 278/675
{'max_depth': 50, 'max_features': 0.7, 'min_samples_leaf': 0.001, 'min_samples_split': 1e-05, 'n_estimators': 2500}
Fold 1
Fold 2
Fold 3
Fold 4



2021-08-11 16:36:20
Parameters (VUO8FORQXV) 279/675
{'max_depth': 20, 'max_features': 0.2, 'min_samples_leaf': 1e-05, 'min_samples_split': 0.0001, 'n_estimators': 700}
Fold 1
Fold 2
Fold 3
Fold 4



2021-08-11 16:36:30
Parameters (9BT67U3VFX) 280/675
{'max_depth': 20, 'max_features': 0.1, 'min_samples_leaf': 1e-05, 'min_samples_split': 0.001, 'n_estimators': 1000}
Fold 1
Fold 2
Fold 3
Fold 4



2021-08-11 16:36:42
Parameters (UXXC76DEFZ) 281/675
{'max_depth': 20, 'max_features': 0.3, 'min_samples_leaf': 1e-05, 'min_samples_split': 1e-05, 'n_estimators': 1000}
Fold 1
Fold 2
Fold 3
Fold 4



2021-08-11 16:36:57
Parameters (BR644E1ON9) 282/675
{'max_depth': 20, 'max_features': 0.7, 'min_samples_leaf': 0.001, 'min_samples_split': 1e-05, 'n_estimators': 1000}
Fold 1
Fold 2
Fold 3
Fold 4



2021-08-11 16:37:11
Parameters (HRQSRXOLG9) 283/675
{'max_depth': 20, 'max_features': 0.3, 'min_samples_leaf': 0.001, 'min_samples_split': 0.0001, 'n_estimators': 700}
Fold 1
Fold 2
Fold 3
Fold 4



2021-08-11 16:37:18
Parameters (4E9P8OCJRN) 284/675
{'max_depth': 15, 'max_features': 0.5, 'min_samples_leaf': 0.0001, 'min_samples_split': 0.0001, 'n_estimators': 2500}
Fold 1
Fold 2
Fold 3
Fold 4



2021-08-11 16:37:49
Parameters (19PFM47P35) 285/675
{'max_depth': 20, 'max_features': 0.5, 'min_samples_leaf': 0.001, 'min_samples_split': 0.001, 'n_estimators': 1000}
Fold 1
Fold 2
Fold 3
Fold 4



2021-08-11 16:38:00
Parameters (ASXF1ELQF2) 286/675
{'max_depth': 30, 'max_features': 0.2, 'min_samples_leaf': 1e-05, 'min_samples_split': 1e-05, 'n_estimators': 1000}
Fold 1
Fold 2
Fold 3
Fold 4



2021-08-11 16:38:15
Parameters (90U7N4BIBN) 287/675
{'max_depth': 30, 'max_features': 0.5, 'min_samples_leaf': 0.0001, 'min_samples_split': 0.001, 'n_estimators': 700}
Fold 1
Fold 2
Fold 3
Fold 4



2021-08-11 16:38:24
Parameters (C04RGRHVHB) 288/675
{'max_depth': 13, 'max_features': 0.5, 'min_samples_leaf': 0.0001, 'min_samples_split': 0.001, 'n_estimators': 700}
Fold 1
Fold 2
Fold 3
Fold 4



2021-08-11 16:38:32
Parameters (GRVX6WINKY) 289/675
{'max_depth': 15, 'max_features': 0.3, 'min_samples_leaf': 1e-05, 'min_samples_split': 0.001, 'n_estimators': 2500}
Fold 1
Fold 2
Fold 3
Fold 4



2021-08-11 16:39:01
Parameters (YDOOK61F0M) 290/675
{'max_depth': 30, 'max_features': 0.3, 'min_samples_leaf': 0.0001, 'min_samples_split': 1e-05, 'n_estimators': 1000}
Fold 1
Fold 2
Fold 3
Fold 4



2021-08-11 16:39:14
Parameters (EQ32MWA863) 291/675
{'max_depth': 30, 'max_features': 0.5, 'min_samples_leaf': 0.0001, 'min_samples_split': 1e-05, 'n_estimators': 2500}
Fold 1
Fold 2
Fold 3
Fold 4



2021-08-11 16:39:47
Parameters (T00TWRAF9E) 292/675
{'max_depth': 13, 'max_features': 0.3, 'min_samples_leaf': 1e-05, 'min_samples_split': 0.001, 'n_estimators': 700}
Fold 1
Fold 2
Fold 3
Fold 4



2021-08-11 16:39:55
Parameters (JSP5JFSPGI) 293/675
{'max_depth': 50, 'max_features': 0.2, 'min_samples_leaf': 0.001, 'min_samples_split': 1e-05, 'n_estimators': 700}
Fold 1
Fold 2
Fold 3
Fold 4



2021-08-11 16:40:02
Parameters (3HY49HYPD5) 294/675
{'max_depth': 50, 'max_features': 0.2, 'min_samples_leaf': 0.0001, 'min_samples_split': 0.001, 'n_estimators': 700}
Fold 1
Fold 2
Fold 3
Fold 4



2021-08-11 16:40:11
Parameters (JHND6AJD0M) 295/675
{'max_depth': 30, 'max_features': 0.2, 'min_samples_leaf': 1e-05, 'min_samples_split': 0.001, 'n_estimators': 2500}
Fold 1
Fold 2
Fold 3
Fold 4



2021-08-11 16:40:42
Parameters (NYKF5QUQEQ) 296/675
{'max_depth': 50, 'max_features': 0.1, 'min_samples_leaf': 1e-05, 'min_samples_split': 0.0001, 'n_estimators': 700}
Fold 1
Fold 2
Fold 3
Fold 4



2021-08-11 16:40:53
Parameters (7RDE34W7MO) 297/675
{'max_depth': 13, 'max_features': 0.3, 'min_samples_leaf': 0.001, 'min_samples_split': 1e-05, 'n_estimators': 700}
Fold 1
Fold 2
Fold 3
Fold 4



2021-08-11 16:41:00
Parameters (WXCXEVCPIL) 298/675
{'max_depth': 15, 'max_features': 0.5, 'min_samples_leaf': 1e-05, 'min_samples_split': 1e-05, 'n_estimators': 1000}
Fold 1
Fold 2
Fold 3
Fold 4



2021-08-11 16:41:13
Parameters (XKGRRQQ8QZ) 299/675
{'max_depth': 30, 'max_features': 0.5, 'min_samples_leaf': 0.0001, 'min_samples_split': 0.0001, 'n_estimators': 2500}
Fold 1
Fold 2
Fold 3
Fold 4



2021-08-11 16:41:46
Parameters (NC25L86WP7) 300/675
{'max_depth': 30, 'max_features': 0.3, 'min_samples_leaf': 0.0001, 'min_samples_split': 0.001, 'n_estimators': 1000}
Fold 1
Fold 2
Fold 3
Fold 4



2021-08-11 16:41:58
Parameters (CTFBU533BS) 301/675
{'max_depth': 30, 'max_features': 0.7, 'min_samples_leaf': 0.0001, 'min_samples_split': 0.001, 'n_estimators': 700}
Fold 1
Fold 2
Fold 3
Fold 4



2021-08-11 16:42:09
Parameters (EAF3J3HO5A) 302/675
{'max_depth': 30, 'max_features': 0.1, 'min_samples_leaf': 0.001, 'min_samples_split': 0.0001, 'n_estimators': 2500}
Fold 1
Fold 2
Fold 3
Fold 4



2021-08-11 16:42:35
Parameters (B4C6N0KKFY) 303/675
{'max_depth': 20, 'max_features': 0.7, 'min_samples_leaf': 0.001, 'min_samples_split': 1e-05, 'n_estimators': 700}
Fold 1
Fold 2
Fold 3
Fold 4



2021-08-11 16:42:45
Parameters (CDHFGFWW7R) 304/675
{'max_depth': 15, 'max_features': 0.7, 'min_samples_leaf': 1e-05, 'min_samples_split': 0.001, 'n_estimators': 1000}
Fold 1
Fold 2
Fold 3
Fold 4



2021-08-11 16:43:00
Parameters (1QQEBWWGSI) 305/675
{'max_depth': 20, 'max_features': 0.3, 'min_samples_leaf': 0.0001, 'min_samples_split': 0.0001, 'n_estimators': 2500}
Fold 1
Fold 2
Fold 3
Fold 4



2021-08-11 16:43:33
Parameters (OT6UTII92V) 306/675
{'max_depth': 30, 'max_features': 0.1, 'min_samples_leaf': 0.001, 'min_samples_split': 0.0001, 'n_estimators': 700}
Fold 1
Fold 2
Fold 3
Fold 4



2021-08-11 16:43:40
Parameters (HLOF4SCPO0) 307/675
{'max_depth': 15, 'max_features': 0.1, 'min_samples_leaf': 0.001, 'min_samples_split': 0.001, 'n_estimators': 1000}
Fold 1
Fold 2
Fold 3
Fold 4



2021-08-11 16:43:51
Parameters (IZEW25TTLB) 308/675
{'max_depth': 50, 'max_features': 0.1, 'min_samples_leaf': 1e-05, 'min_samples_split': 1e-05, 'n_estimators': 700}
Fold 1
Fold 2
Fold 3
Fold 4



2021-08-11 16:44:01
Parameters (BKVYSGDQBS) 309/675
{'max_depth': 30, 'max_features': 0.5, 'min_samples_leaf': 0.0001, 'min_samples_split': 0.0001, 'n_estimators': 700}
Fold 1
Fold 2
Fold 3
Fold 4



2021-08-11 16:44:11
Parameters (2PMBFJ109A) 310/675
{'max_depth': 50, 'max_features': 0.2, 'min_samples_leaf': 0.0001, 'min_samples_split': 0.001, 'n_estimators': 1000}
Fold 1
Fold 2
Fold 3
Fold 4



2021-08-11 16:44:23
Parameters (B5V74XIUAN) 311/675
{'max_depth': 30, 'max_features': 0.3, 'min_samples_leaf': 0.001, 'min_samples_split': 1e-05, 'n_estimators': 2500}
Fold 1
Fold 2
Fold 3
Fold 4



2021-08-11 16:44:49
Parameters (SBBZ4HIWVD) 312/675
{'max_depth': 30, 'max_features': 0.7, 'min_samples_leaf': 1e-05, 'min_samples_split': 0.0001, 'n_estimators': 700}
Fold 1
Fold 2
Fold 3
Fold 4



2021-08-11 16:45:03
Parameters (WH5M9DRYSD) 313/675
{'max_depth': 15, 'max_features': 0.5, 'min_samples_leaf': 0.001, 'min_samples_split': 0.001, 'n_estimators': 1000}
Fold 1
Fold 2
Fold 3
Fold 4



2021-08-11 16:45:13
Parameters (YKTN1EZEJ7) 314/675
{'max_depth': 13, 'max_features': 0.1, 'min_samples_leaf': 1e-05, 'min_samples_split': 1e-05, 'n_estimators': 700}
Fold 1
Fold 2
Fold 3
Fold 4



2021-08-11 16:45:22
Parameters (AMRA69GF3E) 315/675
{'max_depth': 20, 'max_features': 0.7, 'min_samples_leaf': 1e-05, 'min_samples_split': 1e-05, 'n_estimators': 2500}
Fold 1
Fold 2
Fold 3
Fold 4



2021-08-11 16:46:08
Parameters (OK1STV9GVQ) 316/675
{'max_depth': 30, 'max_features': 0.2, 'min_samples_leaf': 0.0001, 'min_samples_split': 0.001, 'n_estimators': 2500}
Fold 1
Fold 2
Fold 3
Fold 4



2021-08-11 16:46:38
Parameters (7N4EBFZZGR) 317/675
{'max_depth': 20, 'max_features': 0.3, 'min_samples_leaf': 1e-05, 'min_samples_split': 0.0001, 'n_estimators': 700}
Fold 1
Fold 2
Fold 3
Fold 4



2021-08-11 16:46:49
Parameters (Q0PXAF6WRG) 318/675
{'max_depth': 50, 'max_features': 0.1, 'min_samples_leaf': 1e-05, 'min_samples_split': 1e-05, 'n_estimators': 1000}
Fold 1
Fold 2
Fold 3
Fold 4



2021-08-11 16:47:04
Parameters (VAMWXDUL0I) 319/675
{'max_depth': 15, 'max_features': 0.7, 'min_samples_leaf': 0.001, 'min_samples_split': 1e-05, 'n_estimators': 2500}
Fold 1
Fold 2
Fold 3
Fold 4



2021-08-11 16:47:38
Parameters (7FGY1O9XM8) 320/675
{'max_depth': 20, 'max_features': 0.7, 'min_samples_leaf': 0.001, 'min_samples_split': 0.0001, 'n_estimators': 700}
Fold 1
Fold 2
Fold 3
Fold 4



2021-08-11 16:47:47
Parameters (77RKJQ4HZQ) 321/675
{'max_depth': 20, 'max_features': 0.7, 'min_samples_leaf': 0.0001, 'min_samples_split': 0.0001, 'n_estimators': 700}
Fold 1
Fold 2
Fold 3
Fold 4



2021-08-11 16:47:59
Parameters (355KZKTT94) 322/675
{'max_depth': 13, 'max_features': 0.2, 'min_samples_leaf': 0.001, 'min_samples_split': 1e-05, 'n_estimators': 2500}
Fold 1
Fold 2
Fold 3
Fold 4



2021-08-11 16:48:25
Parameters (CDK3XI7MDY) 323/675
{'max_depth': 50, 'max_features': 0.2, 'min_samples_leaf': 0.0001, 'min_samples_split': 0.0001, 'n_estimators': 2500}
Fold 1
Fold 2
Fold 3
Fold 4



2021-08-11 16:48:58
Parameters (H2YK0HZZLK) 324/675
{'max_depth': 13, 'max_features': 0.1, 'min_samples_leaf': 1e-05, 'min_samples_split': 0.001, 'n_estimators': 1000}
Fold 1
Fold 2
Fold 3
Fold 4



2021-08-11 16:49:09
Parameters (QF5GPCYEYX) 325/675
{'max_depth': 20, 'max_features': 0.2, 'min_samples_leaf': 1e-05, 'min_samples_split': 0.001, 'n_estimators': 1000}
Fold 1
Fold 2
Fold 3
Fold 4



2021-08-11 16:49:22
Parameters (3ZTMOOURAT) 326/675
{'max_depth': 13, 'max_features': 0.1, 'min_samples_leaf': 0.001, 'min_samples_split': 0.001, 'n_estimators': 2500}
Fold 1
Fold 2
Fold 3
Fold 4



2021-08-11 16:49:48
Parameters (RUG8QN0P8I) 327/675
{'max_depth': 50, 'max_features': 0.1, 'min_samples_leaf': 0.0001, 'min_samples_split': 1e-05, 'n_estimators': 700}
Fold 1
Fold 2
Fold 3
Fold 4



2021-08-11 16:49:57
Parameters (0GX3O2KF92) 328/675
{'max_depth': 15, 'max_features': 0.3, 'min_samples_leaf': 1e-05, 'min_samples_split': 1e-05, 'n_estimators': 700}
Fold 1
Fold 2
Fold 3
Fold 4



2021-08-11 16:50:07
Parameters (ETMPVI4AWG) 329/675
{'max_depth': 15, 'max_features': 0.3, 'min_samples_leaf': 0.0001, 'min_samples_split': 0.0001, 'n_estimators': 1000}
Fold 1
Fold 2
Fold 3
Fold 4



2021-08-11 16:50:19
Parameters (53NPGVH65W) 330/675
{'max_depth': 30, 'max_features': 0.7, 'min_samples_leaf': 0.0001, 'min_samples_split': 1e-05, 'n_estimators': 1000}
Fold 1
Fold 2
Fold 3
Fold 4



2021-08-11 16:50:36
Parameters (DLPVH03HB9) 331/675
{'max_depth': 20, 'max_features': 0.1, 'min_samples_leaf': 0.001, 'min_samples_split': 0.0001, 'n_estimators': 1000}
Fold 1
Fold 2
Fold 3
Fold 4



2021-08-11 16:50:47
Parameters (XZETF2O4ZK) 332/675
{'max_depth': 50, 'max_features': 0.7, 'min_samples_leaf': 0.001, 'min_samples_split': 0.001, 'n_estimators': 700}
Fold 1
Fold 2
Fold 3
Fold 4



2021-08-11 16:50:56
Parameters (A67GDFXZJT) 333/675
{'max_depth': 13, 'max_features': 0.2, 'min_samples_leaf': 0.0001, 'min_samples_split': 1e-05, 'n_estimators': 2500}
Fold 1
Fold 2
Fold 3
Fold 4



2021-08-11 16:51:26
Parameters (3G3B2I0I75) 334/675
{'max_depth': 30, 'max_features': 0.5, 'min_samples_leaf': 0.0001, 'min_samples_split': 0.001, 'n_estimators': 1000}
Fold 1
Fold 2
Fold 3
Fold 4



2021-08-11 16:51:38
Parameters (MJJXU3ULQ2) 335/675
{'max_depth': 20, 'max_features': 0.5, 'min_samples_leaf': 0.001, 'min_samples_split': 1e-05, 'n_estimators': 1000}
Fold 1
Fold 2
Fold 3
Fold 4



2021-08-11 16:51:49
Parameters (TR23L37M7J) 336/675
{'max_depth': 15, 'max_features': 0.5, 'min_samples_leaf': 0.0001, 'min_samples_split': 1e-05, 'n_estimators': 700}
Fold 1
Fold 2
Fold 3
Fold 4



2021-08-11 16:51:57
Parameters (K2VOQQH60X) 337/675
{'max_depth': 50, 'max_features': 0.3, 'min_samples_leaf': 0.0001, 'min_samples_split': 0.0001, 'n_estimators': 2500}
Fold 1
Fold 2
Fold 3
Fold 4



2021-08-11 16:52:30
Parameters (X7E6GUO7B6) 338/675
{'max_depth': 50, 'max_features': 0.2, 'min_samples_leaf': 0.001, 'min_samples_split': 0.0001, 'n_estimators': 700}
Fold 1
Fold 2
Fold 3
Fold 4



2021-08-11 16:52:38
Parameters (UNNGMSK5R7) 339/675
{'max_depth': 13, 'max_features': 0.2, 'min_samples_leaf': 0.001, 'min_samples_split': 0.001, 'n_estimators': 1000}
Fold 1
Fold 2
Fold 3
Fold 4



2021-08-11 16:52:48
Parameters (4PLO46TCXX) 340/675
{'max_depth': 30, 'max_features': 0.2, 'min_samples_leaf': 0.0001, 'min_samples_split': 0.0001, 'n_estimators': 2500}
Fold 1
Fold 2
Fold 3
Fold 4



2021-08-11 16:53:21
Parameters (AHCWO9WTXJ) 341/675
{'max_depth': 50, 'max_features': 0.5, 'min_samples_leaf': 0.0001, 'min_samples_split': 0.001, 'n_estimators': 2500}
Fold 1
Fold 2
Fold 3
Fold 4



2021-08-11 16:53:52
Parameters (CQ7XWVFQDE) 342/675
{'max_depth': 30, 'max_features': 0.2, 'min_samples_leaf': 1e-05, 'min_samples_split': 0.0001, 'n_estimators': 1000}
Fold 1
Fold 2
Fold 3
Fold 4



2021-08-11 16:54:07
Parameters (XQ2CWMDAL1) 343/675
{'max_depth': 50, 'max_features': 0.2, 'min_samples_leaf': 1e-05, 'min_samples_split': 0.001, 'n_estimators': 1000}
Fold 1
Fold 2
Fold 3
Fold 4



2021-08-11 16:54:19
Parameters (7LPBJSZN7X) 344/675
{'max_depth': 20, 'max_features': 0.7, 'min_samples_leaf': 0.0001, 'min_samples_split': 0.0001, 'n_estimators': 2500}
Fold 1
Fold 2
Fold 3
Fold 4



2021-08-11 16:55:00
Parameters (Z4FVB6M65U) 345/675
{'max_depth': 30, 'max_features': 0.3, 'min_samples_leaf': 0.001, 'min_samples_split': 0.0001, 'n_estimators': 2500}
Fold 1
Fold 2
Fold 3
Fold 4



2021-08-11 16:55:27
Parameters (UK9MF3H0YO) 346/675
{'max_depth': 50, 'max_features': 0.5, 'min_samples_leaf': 0.001, 'min_samples_split': 0.0001, 'n_estimators': 2500}
Fold 1
Fold 2
Fold 3
Fold 4



2021-08-11 16:55:53
Parameters (XQIDLH018T) 347/675
{'max_depth': 15, 'max_features': 0.3, 'min_samples_leaf': 0.001, 'min_samples_split': 0.0001, 'n_estimators': 2500}
Fold 1
Fold 2
Fold 3
Fold 4



2021-08-11 16:56:20
Parameters (6MLFZ0QP4C) 348/675
{'max_depth': 50, 'max_features': 0.1, 'min_samples_leaf': 0.0001, 'min_samples_split': 1e-05, 'n_estimators': 2500}
Fold 1
Fold 2
Fold 3
Fold 4



2021-08-11 16:56:53
Parameters (5ZMCXRCKZP) 349/675
{'max_depth': 20, 'max_features': 0.1, 'min_samples_leaf': 0.001, 'min_samples_split': 0.0001, 'n_estimators': 2500}
Fold 1
Fold 2
Fold 3
Fold 4



2021-08-11 16:57:19
Parameters (IEOM6I2QI4) 350/675
{'max_depth': 50, 'max_features': 0.1, 'min_samples_leaf': 1e-05, 'min_samples_split': 0.001, 'n_estimators': 700}
Fold 1
Fold 2
Fold 3
Fold 4



2021-08-11 16:57:28
Parameters (A25FRQ8HHD) 351/675
{'max_depth': 13, 'max_features': 0.1, 'min_samples_leaf': 1e-05, 'min_samples_split': 1e-05, 'n_estimators': 1000}
Fold 1
Fold 2
Fold 3
Fold 4



2021-08-11 16:57:41
Parameters (3UULZ43EF7) 352/675
{'max_depth': 20, 'max_features': 0.5, 'min_samples_leaf': 0.0001, 'min_samples_split': 0.001, 'n_estimators': 2500}
Fold 1
Fold 2
Fold 3
Fold 4



2021-08-11 16:58:11
Parameters (G9Y506UXR6) 353/675
{'max_depth': 15, 'max_features': 0.3, 'min_samples_leaf': 0.001, 'min_samples_split': 0.001, 'n_estimators': 700}
Fold 1
Fold 2
Fold 3
Fold 4



2021-08-11 16:58:18
Parameters (OVH70J3KIT) 354/675
{'max_depth': 50, 'max_features': 0.7, 'min_samples_leaf': 0.001, 'min_samples_split': 1e-05, 'n_estimators': 1000}
Fold 1
Fold 2
Fold 3
Fold 4



2021-08-11 16:58:32
Parameters (UVW2OZCPQT) 355/675
{'max_depth': 20, 'max_features': 0.1, 'min_samples_leaf': 0.0001, 'min_samples_split': 0.0001, 'n_estimators': 2500}
Fold 1
Fold 2
Fold 3
Fold 4



2021-08-11 16:59:05
Parameters (1US8N989T1) 356/675
{'max_depth': 20, 'max_features': 0.3, 'min_samples_leaf': 0.0001, 'min_samples_split': 0.0001, 'n_estimators': 1000}
Fold 1
Fold 2
Fold 3
Fold 4



2021-08-11 16:59:18
Parameters (JGUET7H8FX) 357/675
{'max_depth': 15, 'max_features': 0.5, 'min_samples_leaf': 0.0001, 'min_samples_split': 0.001, 'n_estimators': 2500}
Fold 1
Fold 2
Fold 3
Fold 4



2021-08-11 16:59:47
Parameters (8SW77YHJG2) 358/675
{'max_depth': 13, 'max_features': 0.3, 'min_samples_leaf': 0.001, 'min_samples_split': 0.001, 'n_estimators': 2500}
Fold 1
Fold 2
Fold 3
Fold 4



2021-08-11 17:00:13
Parameters (UZLX72CG4Z) 359/675
{'max_depth': 13, 'max_features': 0.7, 'min_samples_leaf': 1e-05, 'min_samples_split': 1e-05, 'n_estimators': 1000}
Fold 1
Fold 2
Fold 3
Fold 4



2021-08-11 17:00:28
Parameters (XMHP4UTKPB) 360/675
{'max_depth': 30, 'max_features': 0.1, 'min_samples_leaf': 0.001, 'min_samples_split': 0.001, 'n_estimators': 700}
Fold 1
Fold 2
Fold 3
Fold 4



2021-08-11 17:00:36
Parameters (BGV93YZYI9) 361/675
{'max_depth': 50, 'max_features': 0.7, 'min_samples_leaf': 0.001, 'min_samples_split': 0.0001, 'n_estimators': 1000}
Fold 1
Fold 2
Fold 3
Fold 4



2021-08-11 17:00:49
Parameters (LXWR6WA3Z0) 362/675
{'max_depth': 20, 'max_features': 0.2, 'min_samples_leaf': 0.0001, 'min_samples_split': 0.0001, 'n_estimators': 2500}
Fold 1
Fold 2
Fold 3
Fold 4



2021-08-11 17:01:22
Parameters (3DY3JJLDFJ) 363/675
{'max_depth': 20, 'max_features': 0.3, 'min_samples_leaf': 0.001, 'min_samples_split': 0.0001, 'n_estimators': 1000}
Fold 1
Fold 2
Fold 3
Fold 4



2021-08-11 17:01:33
Parameters (H0T4PDVTP1) 364/675
{'max_depth': 20, 'max_features': 0.3, 'min_samples_leaf': 0.001, 'min_samples_split': 0.001, 'n_estimators': 2500}
Fold 1
Fold 2
Fold 3
Fold 4



2021-08-11 17:01:59
Parameters (9Z7U88QWVA) 365/675
{'max_depth': 13, 'max_features': 0.7, 'min_samples_leaf': 0.0001, 'min_samples_split': 1e-05, 'n_estimators': 700}
Fold 1
Fold 2
Fold 3
Fold 4



2021-08-11 17:02:10
Parameters (ZW0ZDTHK8N) 366/675
{'max_depth': 15, 'max_features': 0.1, 'min_samples_leaf': 1e-05, 'min_samples_split': 0.0001, 'n_estimators': 1000}
Fold 1
Fold 2
Fold 3
Fold 4



2021-08-11 17:02:23
Parameters (PMSI7R8MX9) 367/675
{'max_depth': 15, 'max_features': 0.2, 'min_samples_leaf': 1e-05, 'min_samples_split': 1e-05, 'n_estimators': 700}
Fold 1
Fold 2
Fold 3
Fold 4



2021-08-11 17:02:32
Parameters (840SDTIEYQ) 368/675
{'max_depth': 20, 'max_features': 0.2, 'min_samples_leaf': 0.001, 'min_samples_split': 0.001, 'n_estimators': 1000}
Fold 1
Fold 2
Fold 3
Fold 4



2021-08-11 17:02:43
Parameters (QIDKFPWXAC) 369/675
{'max_depth': 50, 'max_features': 0.3, 'min_samples_leaf': 1e-05, 'min_samples_split': 1e-05, 'n_estimators': 1000}
Fold 1
Fold 2
Fold 3
Fold 4



2021-08-11 17:02:58
Parameters (VA9ZBDU1L4) 370/675
{'max_depth': 13, 'max_features': 0.2, 'min_samples_leaf': 0.001, 'min_samples_split': 0.001, 'n_estimators': 700}
Fold 1
Fold 2
Fold 3
Fold 4



2021-08-11 17:03:05
Parameters (R5N6PI21C9) 371/675
{'max_depth': 15, 'max_features': 0.2, 'min_samples_leaf': 0.001, 'min_samples_split': 1e-05, 'n_estimators': 700}
Fold 1
Fold 2
Fold 3
Fold 4



2021-08-11 17:03:13
Parameters (ILOHM4ZF85) 372/675
{'max_depth': 13, 'max_features': 0.1, 'min_samples_leaf': 0.0001, 'min_samples_split': 0.0001, 'n_estimators': 2500}
Fold 1
Fold 2
Fold 3
Fold 4



2021-08-11 17:03:42
Parameters (PH6ENSICMR) 373/675
{'max_depth': 20, 'max_features': 0.3, 'min_samples_leaf': 1e-05, 'min_samples_split': 0.001, 'n_estimators': 700}
Fold 1
Fold 2
Fold 3
Fold 4



2021-08-11 17:03:51
Parameters (J3RDVKSOUT) 374/675
{'max_depth': 15, 'max_features': 0.7, 'min_samples_leaf': 0.0001, 'min_samples_split': 1e-05, 'n_estimators': 2500}
Fold 1
Fold 2
Fold 3
Fold 4



2021-08-11 17:04:31
Parameters (APBFUN13VS) 375/675
{'max_depth': 15, 'max_features': 0.1, 'min_samples_leaf': 0.001, 'min_samples_split': 0.001, 'n_estimators': 700}
Fold 1
Fold 2
Fold 3
Fold 4



2021-08-11 17:04:38
Parameters (5PWF31P5ST) 376/675
{'max_depth': 15, 'max_features': 0.5, 'min_samples_leaf': 0.001, 'min_samples_split': 0.0001, 'n_estimators': 1000}
Fold 1
Fold 2
Fold 3
Fold 4



2021-08-11 17:04:49
Parameters (8068G06JXI) 377/675
{'max_depth': 20, 'max_features': 0.3, 'min_samples_leaf': 1e-05, 'min_samples_split': 0.001, 'n_estimators': 2500}
Fold 1
Fold 2
Fold 3
Fold 4



2021-08-11 17:05:20
Parameters (XLP93R46HZ) 378/675
{'max_depth': 50, 'max_features': 0.2, 'min_samples_leaf': 0.0001, 'min_samples_split': 0.001, 'n_estimators': 2500}
Fold 1
Fold 2
Fold 3
Fold 4



2021-08-11 17:05:50
Parameters (TZ3DVVH4F3) 379/675
{'max_depth': 13, 'max_features': 0.2, 'min_samples_leaf': 1e-05, 'min_samples_split': 0.0001, 'n_estimators': 2500}
Fold 1
Fold 2
Fold 3
Fold 4



2021-08-11 17:06:21
Parameters (UR1BD7O5O6) 380/675
{'max_depth': 20, 'max_features': 0.7, 'min_samples_leaf': 1e-05, 'min_samples_split': 0.001, 'n_estimators': 2500}
Fold 1
Fold 2
Fold 3
Fold 4



2021-08-11 17:07:00
Parameters (XZ2HWJZ0BA) 381/675
{'max_depth': 13, 'max_features': 0.2, 'min_samples_leaf': 0.0001, 'min_samples_split': 0.0001, 'n_estimators': 1000}
Fold 1
Fold 2
Fold 3
Fold 4



2021-08-11 17:07:11
Parameters (KMRQES5BEM) 382/675
{'max_depth': 13, 'max_features': 0.3, 'min_samples_leaf': 1e-05, 'min_samples_split': 0.0001, 'n_estimators': 1000}
Fold 1
Fold 2
Fold 3
Fold 4



2021-08-11 17:07:24
Parameters (ONY6ZET8LE) 383/675
{'max_depth': 30, 'max_features': 0.2, 'min_samples_leaf': 0.0001, 'min_samples_split': 0.0001, 'n_estimators': 700}
Fold 1
Fold 2
Fold 3
Fold 4



2021-08-11 17:07:33
Parameters (GUMYVDWXQV) 384/675
{'max_depth': 50, 'max_features': 0.1, 'min_samples_leaf': 1e-05, 'min_samples_split': 0.001, 'n_estimators': 1000}
Fold 1
Fold 2
Fold 3
Fold 4



2021-08-11 17:07:45
Parameters (NW3F8A1ROP) 385/675
{'max_depth': 30, 'max_features': 0.2, 'min_samples_leaf': 0.0001, 'min_samples_split': 0.0001, 'n_estimators': 1000}
Fold 1
Fold 2
Fold 3
Fold 4



2021-08-11 17:07:59
Parameters (8SIDWOD1X6) 386/675
{'max_depth': 13, 'max_features': 0.1, 'min_samples_leaf': 0.001, 'min_samples_split': 1e-05, 'n_estimators': 1000}
Fold 1
Fold 2
Fold 3
Fold 4



2021-08-11 17:08:09
Parameters (28ZRDJLRJB) 387/675
{'max_depth': 15, 'max_features': 0.1, 'min_samples_leaf': 0.001, 'min_samples_split': 0.001, 'n_estimators': 2500}
Fold 1
Fold 2
Fold 3
Fold 4



2021-08-11 17:08:36
Parameters (3EWWM4BI8H) 388/675
{'max_depth': 20, 'max_features': 0.5, 'min_samples_leaf': 0.0001, 'min_samples_split': 0.001, 'n_estimators': 1000}
Fold 1
Fold 2
Fold 3
Fold 4



2021-08-11 17:08:48
Parameters (4N51DY1DWP) 389/675
{'max_depth': 13, 'max_features': 0.5, 'min_samples_leaf': 0.001, 'min_samples_split': 1e-05, 'n_estimators': 2500}
Fold 1
Fold 2
Fold 3
Fold 4



2021-08-11 17:09:14
Parameters (TV2DFT76WO) 390/675
{'max_depth': 30, 'max_features': 0.5, 'min_samples_leaf': 0.001, 'min_samples_split': 1e-05, 'n_estimators': 2500}
Fold 1
Fold 2
Fold 3
Fold 4



2021-08-11 17:09:40
Parameters (TFF3V5122Y) 391/675
{'max_depth': 15, 'max_features': 0.7, 'min_samples_leaf': 0.0001, 'min_samples_split': 1e-05, 'n_estimators': 1000}
Fold 1
Fold 2
Fold 3
Fold 4



2021-08-11 17:09:56
Parameters (SBC8FU4G33) 392/675
{'max_depth': 20, 'max_features': 0.2, 'min_samples_leaf': 1e-05, 'min_samples_split': 0.0001, 'n_estimators': 2500}
Fold 1
Fold 2
Fold 3
Fold 4



2021-08-11 17:10:33
Parameters (1UDR53AC05) 393/675
{'max_depth': 15, 'max_features': 0.5, 'min_samples_leaf': 0.0001, 'min_samples_split': 0.0001, 'n_estimators': 1000}
Fold 1
Fold 2
Fold 3
Fold 4



2021-08-11 17:10:45
Parameters (N9BT017LYK) 394/675
{'max_depth': 50, 'max_features': 0.1, 'min_samples_leaf': 0.0001, 'min_samples_split': 0.001, 'n_estimators': 1000}
Fold 1
Fold 2
Fold 3
Fold 4



2021-08-11 17:10:58
Parameters (5DUXAY0IQF) 395/675
{'max_depth': 30, 'max_features': 0.3, 'min_samples_leaf': 1e-05, 'min_samples_split': 1e-05, 'n_estimators': 1000}
Fold 1
Fold 2
Fold 3
Fold 4



2021-08-11 17:11:13
Parameters (1HQ5Q4I9HF) 396/675
{'max_depth': 13, 'max_features': 0.1, 'min_samples_leaf': 0.001, 'min_samples_split': 0.001, 'n_estimators': 1000}
Fold 1
Fold 2
Fold 3
Fold 4



2021-08-11 17:11:23
Parameters (QB4FI3MX2Q) 397/675
{'max_depth': 13, 'max_features': 0.1, 'min_samples_leaf': 0.001, 'min_samples_split': 0.0001, 'n_estimators': 2500}
Fold 1
Fold 2
Fold 3
Fold 4



2021-08-11 17:11:49
Parameters (VA3H209AMA) 398/675
{'max_depth': 50, 'max_features': 0.3, 'min_samples_leaf': 0.001, 'min_samples_split': 0.0001, 'n_estimators': 2500}
Fold 1
Fold 2
Fold 3
Fold 4



2021-08-11 17:12:16
Parameters (FA79AIUAGL) 399/675
{'max_depth': 20, 'max_features': 0.1, 'min_samples_leaf': 1e-05, 'min_samples_split': 0.001, 'n_estimators': 2500}
Fold 1
Fold 2
Fold 3
Fold 4



2021-08-11 17:12:47
Parameters (H8EMPKGYFV) 400/675
{'max_depth': 20, 'max_features': 0.7, 'min_samples_leaf': 0.0001, 'min_samples_split': 1e-05, 'n_estimators': 1000}
Fold 1
Fold 2
Fold 3
Fold 4



2021-08-11 17:13:04
Parameters (9RCBEE86OO) 401/675
{'max_depth': 13, 'max_features': 0.3, 'min_samples_leaf': 0.001, 'min_samples_split': 0.0001, 'n_estimators': 2500}
Fold 1
Fold 2
Fold 3
Fold 4



2021-08-11 17:13:30
Parameters (9I9YLM5663) 402/675
{'max_depth': 30, 'max_features': 0.2, 'min_samples_leaf': 0.001, 'min_samples_split': 1e-05, 'n_estimators': 700}
Fold 1
Fold 2
Fold 3
Fold 4



2021-08-11 17:13:37
Parameters (GLCN7L9SMP) 403/675
{'max_depth': 13, 'max_features': 0.2, 'min_samples_leaf': 1e-05, 'min_samples_split': 1e-05, 'n_estimators': 2500}
Fold 1
Fold 2
Fold 3
Fold 4



2021-08-11 17:14:08
Parameters (QQ0D3P9WFS) 404/675
{'max_depth': 13, 'max_features': 0.5, 'min_samples_leaf': 1e-05, 'min_samples_split': 0.0001, 'n_estimators': 1000}
Fold 1
Fold 2
Fold 3
Fold 4



2021-08-11 17:14:21
Parameters (1S98AOKAT5) 405/675
{'max_depth': 15, 'max_features': 0.2, 'min_samples_leaf': 0.001, 'min_samples_split': 1e-05, 'n_estimators': 2500}
Fold 1
Fold 2
Fold 3
Fold 4



2021-08-11 17:14:47
Parameters (TSRGIIGLAF) 406/675
{'max_depth': 15, 'max_features': 0.7, 'min_samples_leaf': 0.0001, 'min_samples_split': 1e-05, 'n_estimators': 700}
Fold 1
Fold 2
Fold 3
Fold 4



2021-08-11 17:14:58
Parameters (8OROOP0YA2) 407/675
{'max_depth': 50, 'max_features': 0.5, 'min_samples_leaf': 0.0001, 'min_samples_split': 0.001, 'n_estimators': 700}
Fold 1
Fold 2
Fold 3
Fold 4



2021-08-11 17:15:07
Parameters (JGEF5GUDD5) 408/675
{'max_depth': 13, 'max_features': 0.2, 'min_samples_leaf': 1e-05, 'min_samples_split': 1e-05, 'n_estimators': 700}
Fold 1
Fold 2
Fold 3
Fold 4



2021-08-11 17:15:15
Parameters (3SNTT5HEDW) 409/675
{'max_depth': 50, 'max_features': 0.1, 'min_samples_leaf': 0.001, 'min_samples_split': 1e-05, 'n_estimators': 2500}
Fold 1
Fold 2
Fold 3
Fold 4



2021-08-11 17:15:42
Parameters (XTXSWD0592) 410/675
{'max_depth': 30, 'max_features': 0.1, 'min_samples_leaf': 1e-05, 'min_samples_split': 1e-05, 'n_estimators': 700}
Fold 1
Fold 2
Fold 3
Fold 4



2021-08-11 17:15:52
Parameters (GRB0US78VB) 411/675
{'max_depth': 50, 'max_features': 0.5, 'min_samples_leaf': 0.0001, 'min_samples_split': 0.0001, 'n_estimators': 700}
Fold 1
Fold 2
Fold 3
Fold 4



2021-08-11 17:16:02
Parameters (X6TUFWDP9B) 412/675
{'max_depth': 30, 'max_features': 0.7, 'min_samples_leaf': 0.001, 'min_samples_split': 0.001, 'n_estimators': 700}
Fold 1
Fold 2
Fold 3
Fold 4



2021-08-11 17:16:11
Parameters (O1KLSQKEIA) 413/675
{'max_depth': 13, 'max_features': 0.3, 'min_samples_leaf': 0.001, 'min_samples_split': 0.0001, 'n_estimators': 1000}
Fold 1
Fold 2
Fold 3
Fold 4



2021-08-11 17:16:22
Parameters (2I2UQ5Q1UV) 414/675
{'max_depth': 20, 'max_features': 0.1, 'min_samples_leaf': 0.0001, 'min_samples_split': 0.001, 'n_estimators': 2500}
Fold 1
Fold 2
Fold 3
Fold 4



2021-08-11 17:16:52
Parameters (TM50ZE13FP) 415/675
{'max_depth': 50, 'max_features': 0.1, 'min_samples_leaf': 0.001, 'min_samples_split': 0.0001, 'n_estimators': 700}
Fold 1
Fold 2
Fold 3
Fold 4



2021-08-11 17:17:00
Parameters (CIZK7S81L8) 416/675
{'max_depth': 13, 'max_features': 0.1, 'min_samples_leaf': 0.0001, 'min_samples_split': 1e-05, 'n_estimators': 1000}
Fold 1
Fold 2
Fold 3
Fold 4



2021-08-11 17:17:11
Parameters (0JRHU97NNF) 417/675
{'max_depth': 15, 'max_features': 0.5, 'min_samples_leaf': 0.001, 'min_samples_split': 0.0001, 'n_estimators': 700}
Fold 1
Fold 2
Fold 3
Fold 4



2021-08-11 17:17:19
Parameters (8BOKEWPHMI) 418/675
{'max_depth': 50, 'max_features': 0.7, 'min_samples_leaf': 0.0001, 'min_samples_split': 1e-05, 'n_estimators': 700}
Fold 1
Fold 2
Fold 3
Fold 4



2021-08-11 17:17:31
Parameters (0T247D68OX) 419/675
{'max_depth': 50, 'max_features': 0.3, 'min_samples_leaf': 0.001, 'min_samples_split': 0.001, 'n_estimators': 700}
Fold 1
Fold 2
Fold 3
Fold 4



2021-08-11 17:17:38
Parameters (2J2I4NDSD7) 420/675
{'max_depth': 30, 'max_features': 0.1, 'min_samples_leaf': 1e-05, 'min_samples_split': 0.001, 'n_estimators': 1000}
Fold 1
Fold 2
Fold 3
Fold 4



2021-08-11 17:17:51
Parameters (5ORVQXHIWX) 421/675
{'max_depth': 20, 'max_features': 0.5, 'min_samples_leaf': 0.0001, 'min_samples_split': 0.001, 'n_estimators': 700}
Fold 1
Fold 2
Fold 3
Fold 4



2021-08-11 17:17:59
Parameters (YWBM3XF23M) 422/675
{'max_depth': 50, 'max_features': 0.5, 'min_samples_leaf': 0.001, 'min_samples_split': 1e-05, 'n_estimators': 2500}
Fold 1
Fold 2
Fold 3
Fold 4



2021-08-11 17:18:26
Parameters (6SS0Q5JUGU) 423/675
{'max_depth': 50, 'max_features': 0.7, 'min_samples_leaf': 0.001, 'min_samples_split': 0.0001, 'n_estimators': 700}
Fold 1
Fold 2
Fold 3
Fold 4



2021-08-11 17:18:35
Parameters (11YHAIXJDH) 424/675
{'max_depth': 13, 'max_features': 0.3, 'min_samples_leaf': 0.0001, 'min_samples_split': 0.0001, 'n_estimators': 2500}
Fold 1
Fold 2
Fold 3
Fold 4



2021-08-11 17:19:05
Parameters (O2X4D6BE2A) 425/675
{'max_depth': 50, 'max_features': 0.5, 'min_samples_leaf': 1e-05, 'min_samples_split': 0.0001, 'n_estimators': 700}
Fold 1
Fold 2
Fold 3
Fold 4



2021-08-11 17:19:16
Parameters (Y4QNBE4XH7) 426/675
{'max_depth': 13, 'max_features': 0.5, 'min_samples_leaf': 0.001, 'min_samples_split': 0.001, 'n_estimators': 1000}
Fold 1
Fold 2
Fold 3
Fold 4



2021-08-11 17:19:26
Parameters (LB7M8AJH4C) 427/675
{'max_depth': 13, 'max_features': 0.3, 'min_samples_leaf': 0.001, 'min_samples_split': 1e-05, 'n_estimators': 2500}
Fold 1
Fold 2
Fold 3
Fold 4



2021-08-11 17:19:52
Parameters (O1TGU5WDLC) 428/675
{'max_depth': 50, 'max_features': 0.7, 'min_samples_leaf': 1e-05, 'min_samples_split': 0.0001, 'n_estimators': 700}
Fold 1
Fold 2
Fold 3
Fold 4



2021-08-11 17:20:05
Parameters (W19TS36K6S) 429/675
{'max_depth': 13, 'max_features': 0.2, 'min_samples_leaf': 0.001, 'min_samples_split': 0.0001, 'n_estimators': 2500}
Fold 1
Fold 2
Fold 3
Fold 4



2021-08-11 17:20:32
Parameters (AHHSF0I7A3) 430/675
{'max_depth': 15, 'max_features': 0.5, 'min_samples_leaf': 0.001, 'min_samples_split': 1e-05, 'n_estimators': 2500}
Fold 1
Fold 2
Fold 3
Fold 4



2021-08-11 17:20:58
Parameters (WBKL85RZ42) 431/675
{'max_depth': 50, 'max_features': 0.3, 'min_samples_leaf': 0.0001, 'min_samples_split': 1e-05, 'n_estimators': 2500}
Fold 1
Fold 2
Fold 3
Fold 4



2021-08-11 17:21:31
Parameters (M9RH9GZZEY) 432/675
{'max_depth': 30, 'max_features': 0.7, 'min_samples_leaf': 1e-05, 'min_samples_split': 1e-05, 'n_estimators': 700}
Fold 1
Fold 2
Fold 3
Fold 4



2021-08-11 17:21:44
Parameters (ODC7JWG12C) 433/675
{'max_depth': 13, 'max_features': 0.7, 'min_samples_leaf': 0.0001, 'min_samples_split': 1e-05, 'n_estimators': 2500}
Fold 1
Fold 2
Fold 3
Fold 4



2021-08-11 17:22:21
Parameters (IA5MFFQND7) 434/675
{'max_depth': 20, 'max_features': 0.1, 'min_samples_leaf': 0.0001, 'min_samples_split': 1e-05, 'n_estimators': 700}
Fold 1
Fold 2
Fold 3
Fold 4



2021-08-11 17:22:31
Parameters (GVQGMOBIK9) 435/675
{'max_depth': 15, 'max_features': 0.1, 'min_samples_leaf': 1e-05, 'min_samples_split': 0.001, 'n_estimators': 2500}
Fold 1
Fold 2
Fold 3
Fold 4



2021-08-11 17:23:00
Parameters (PIO6GELMTS) 436/675
{'max_depth': 15, 'max_features': 0.2, 'min_samples_leaf': 1e-05, 'min_samples_split': 0.001, 'n_estimators': 2500}
Fold 1
Fold 2
Fold 3
Fold 4



2021-08-11 17:23:29
Parameters (FBVJJT3XD9) 437/675
{'max_depth': 15, 'max_features': 0.5, 'min_samples_leaf': 1e-05, 'min_samples_split': 1e-05, 'n_estimators': 2500}
Fold 1
Fold 2
Fold 3
Fold 4
