Model training with data: 0006_14062021
Number of parameters combinations: 900
2021-06-14 10:38:01
Parameters (TQG9LEJ24Q) 1/900
{'max_depth': 15, 'max_features': 0.05, 'min_samples_leaf': 0.01, 'min_samples_split': 0.0001, 'n_estimators': 5000}
Fold 1
Fold 2
Fold 3
Fold 4
Fold 5
Fold 6



2021-06-14 12:21:06
Parameters (CHTMFXYETA) 2/900
{'max_depth': 15, 'max_features': 0.2, 'min_samples_leaf': 0.001, 'min_samples_split': 0.0001, 'n_estimators': 1000}
Fold 1
Fold 2
Fold 3
Fold 4
Fold 5
Fold 6



2021-06-14 12:49:56
Parameters (UM5WLSSGTB) 3/900
{'max_depth': 13, 'max_features': 0.1, 'min_samples_leaf': 0.1, 'min_samples_split': 0.0001, 'n_estimators': 5000}
Fold 1
Fold 2
Fold 3
Fold 4
Fold 5
Fold 6



2021-06-14 13:39:14
Parameters (M61UEBMW2W) 4/900
{'max_depth': 10, 'max_features': 0.1, 'min_samples_leaf': 0.1, 'min_samples_split': 0.01, 'n_estimators': 100}
Fold 1
Fold 2
Fold 3
Fold 4
Fold 5
Fold 6



2021-06-14 13:40:15
Parameters (W7C4X8XELO) 5/900
{'max_depth': 10, 'max_features': 0.01, 'min_samples_leaf': 0.01, 'min_samples_split': 0.0001, 'n_estimators': 10000}
Fold 1
Fold 2
Fold 3
Fold 4
Fold 5
Fold 6



2021-06-14 17:05:14
Parameters (FOJGVO06K4) 6/900
{'max_depth': 5, 'max_features': 0.2, 'min_samples_leaf': 0.001, 'min_samples_split': 0.001, 'n_estimators': 5000}
Fold 1
Fold 2
Fold 3
Fold 4
Fold 5
Fold 6



2021-06-14 18:32:10
Parameters (WC89T5JTL8) 7/900
{'max_depth': 10, 'max_features': 0.2, 'min_samples_leaf': 0.1, 'min_samples_split': 0.01, 'n_estimators': 5000}
Fold 1
Fold 2
Fold 3
Fold 4
Fold 5
Fold 6



2021-06-14 19:34:03
Parameters (QE4W50Z0W9) 8/900
{'max_depth': 15, 'max_features': 0.05, 'min_samples_leaf': 0.001, 'min_samples_split': 0.0001, 'n_estimators': 5000}
Fold 1
Fold 2
Fold 3
Fold 4
Fold 5
Fold 6
