Model training with data: 0010_09082021
Number of parameters combinations: 1125
2021-08-09 22:18:28
Parameters (K0WRZB0P5U) 1/1125
{'max_depth': 50, 'max_features': 0.2, 'min_samples_leaf': 1e-05, 'min_samples_split': 0.001, 'n_estimators': 5000}
Fold 1
Fold 2
Fold 3
Fold 4
Fold 5
Fold 6



2021-08-09 22:20:39
Parameters (UOIWIPKGNC) 2/1125
{'max_depth': 20, 'max_features': 0.1, 'min_samples_leaf': 0.0001, 'min_samples_split': 0.0001, 'n_estimators': 1000}
Fold 1
Fold 2
Fold 3
Fold 4
Fold 5
Fold 6



2021-08-09 22:21:09
Parameters (G7EBJYTKIW) 3/1125
{'max_depth': 13, 'max_features': 0.2, 'min_samples_leaf': 0.001, 'min_samples_split': 1e-05, 'n_estimators': 1000}
Fold 1
Fold 2
Fold 3
Fold 4
Fold 5
Fold 6



2021-08-09 22:21:31
Parameters (ZQH4HRQU8F) 4/1125
{'max_depth': 50, 'max_features': 0.3, 'min_samples_leaf': 0.001, 'min_samples_split': 1e-05, 'n_estimators': 700}
Fold 1
Fold 2
Fold 3
Fold 4
Fold 5
Fold 6



2021-08-09 22:21:46
Parameters (TIGAQ2ESVU) 5/1125
{'max_depth': 30, 'max_features': 0.7, 'min_samples_leaf': 0.001, 'min_samples_split': 0.001, 'n_estimators': 5000}
Fold 1
Fold 2
Fold 3
Fold 4
Fold 5
Fold 6



2021-08-09 22:24:19
Parameters (ZN9Y0F43WM) 6/1125
{'max_depth': 20, 'max_features': 0.5, 'min_samples_leaf': 1e-05, 'min_samples_split': 0.001, 'n_estimators': 10000}
Fold 1
Fold 2
Fold 3
Fold 4
Fold 5
Fold 6



2021-08-09 22:28:40
Parameters (DKVR7KQZD7) 7/1125
{'max_depth': 13, 'max_features': 0.5, 'min_samples_leaf': 1e-05, 'min_samples_split': 0.001, 'n_estimators': 10000}
Fold 1
Fold 2
Fold 3
Fold 4
Fold 5
Fold 6



2021-08-09 22:32:40
Parameters (3RHIX00MC8) 8/1125
{'max_depth': 30, 'max_features': 0.3, 'min_samples_leaf': 1e-05, 'min_samples_split': 0.001, 'n_estimators': 1000}
Fold 1
Fold 2
Fold 3
Fold 4
Fold 5
Fold 6



2021-08-09 22:33:06
Parameters (P61Q3YB3RU) 9/1125
{'max_depth': 15, 'max_features': 0.1, 'min_samples_leaf': 1e-05, 'min_samples_split': 0.0001, 'n_estimators': 5000}
Fold 1
Fold 2
Fold 3
Fold 4
Fold 5
Fold 6



2021-08-09 22:35:31
Parameters (764XZJXP16) 10/1125
{'max_depth': 13, 'max_features': 0.2, 'min_samples_leaf': 1e-05, 'min_samples_split': 1e-05, 'n_estimators': 1000}
Fold 1
Fold 2
Fold 3
Fold 4
Fold 5
Fold 6



2021-08-09 22:35:58
Parameters (FNDWMAXSQ1) 11/1125
{'max_depth': 50, 'max_features': 0.2, 'min_samples_leaf': 0.0001, 'min_samples_split': 0.0001, 'n_estimators': 5000}
Fold 1
Fold 2
Fold 3
Fold 4
Fold 5
Fold 6



2021-08-09 22:38:29
Parameters (OIH61OTZNT) 12/1125
{'max_depth': 30, 'max_features': 0.7, 'min_samples_leaf': 1e-05, 'min_samples_split': 0.0001, 'n_estimators': 5000}
Fold 1
Fold 2
Fold 3
Fold 4
Fold 5
Fold 6



2021-08-09 22:42:34
Parameters (IFAW2PIE2O) 13/1125
{'max_depth': 13, 'max_features': 0.1, 'min_samples_leaf': 1e-05, 'min_samples_split': 0.001, 'n_estimators': 2500}
Fold 1
Fold 2
Fold 3
Fold 4
Fold 5
Fold 6



2021-08-09 22:43:33
Parameters (HRCQA88415) 14/1125
{'max_depth': 20, 'max_features': 0.7, 'min_samples_leaf': 1e-05, 'min_samples_split': 0.0001, 'n_estimators': 5000}
Fold 1
Fold 2
Fold 3
Fold 4
Fold 5
Fold 6



2021-08-09 22:47:26
Parameters (3LX3V61T6V) 15/1125
{'max_depth': 15, 'max_features': 0.5, 'min_samples_leaf': 1e-05, 'min_samples_split': 0.001, 'n_estimators': 10000}
Fold 1
Fold 2
Fold 3
Fold 4
Fold 5
Fold 6



2021-08-09 22:51:36
Parameters (DHZXEMPM99) 16/1125
{'max_depth': 50, 'max_features': 0.5, 'min_samples_leaf': 0.001, 'min_samples_split': 0.0001, 'n_estimators': 2500}
Fold 1
Fold 2
Fold 3
Fold 4
Fold 5
Fold 6



2021-08-09 22:52:31
Parameters (XA32AKYW69) 17/1125
{'max_depth': 50, 'max_features': 0.1, 'min_samples_leaf': 0.0001, 'min_samples_split': 1e-05, 'n_estimators': 5000}
Fold 1
Fold 2
Fold 3
Fold 4
Fold 5
Fold 6



2021-08-09 22:55:02
Parameters (2OB1RVBDSN) 18/1125
{'max_depth': 20, 'max_features': 0.1, 'min_samples_leaf': 0.0001, 'min_samples_split': 1e-05, 'n_estimators': 5000}
Fold 1
Fold 2
Fold 3
Fold 4
Fold 5
Fold 6



2021-08-09 22:57:31
Parameters (2AMX18CXU2) 19/1125
{'max_depth': 15, 'max_features': 0.2, 'min_samples_leaf': 0.001, 'min_samples_split': 0.001, 'n_estimators': 10000}
Fold 1
Fold 2
Fold 3
Fold 4
Fold 5
Fold 6



2021-08-09 23:01:12
Parameters (A0E4SMPGGC) 20/1125
{'max_depth': 50, 'max_features': 0.7, 'min_samples_leaf': 0.0001, 'min_samples_split': 1e-05, 'n_estimators': 1000}
Fold 1
Fold 2
Fold 3
Fold 4
Fold 5
Fold 6



2021-08-09 23:01:54
Parameters (WDU07PYQMS) 21/1125
{'max_depth': 50, 'max_features': 0.1, 'min_samples_leaf': 0.0001, 'min_samples_split': 0.001, 'n_estimators': 700}
Fold 1
Fold 2
Fold 3
Fold 4
Fold 5
Fold 6



2021-08-09 23:02:12
Parameters (5AEIEEX5YF) 22/1125
{'max_depth': 15, 'max_features': 0.7, 'min_samples_leaf': 0.001, 'min_samples_split': 0.0001, 'n_estimators': 2500}
Fold 1
Fold 2
Fold 3
Fold 4
Fold 5
Fold 6



2021-08-09 23:03:28
Parameters (1R6V743Z1W) 23/1125
{'max_depth': 20, 'max_features': 0.5, 'min_samples_leaf': 0.0001, 'min_samples_split': 0.001, 'n_estimators': 10000}
Fold 1
Fold 2
Fold 3
Fold 4
Fold 5
Fold 6



2021-08-09 23:07:44
Parameters (61QHO1KF78) 24/1125
{'max_depth': 50, 'max_features': 0.5, 'min_samples_leaf': 0.0001, 'min_samples_split': 0.001, 'n_estimators': 1000}
Fold 1
Fold 2
Fold 3
Fold 4
Fold 5
Fold 6



2021-08-09 23:08:10
Parameters (27YTRBBR3N) 25/1125
{'max_depth': 50, 'max_features': 0.5, 'min_samples_leaf': 1e-05, 'min_samples_split': 0.001, 'n_estimators': 5000}
Fold 1
Fold 2
Fold 3
Fold 4
Fold 5
Fold 6



2021-08-09 23:10:19
Parameters (YX2ORH0A4G) 26/1125
{'max_depth': 30, 'max_features': 0.3, 'min_samples_leaf': 1e-05, 'min_samples_split': 0.001, 'n_estimators': 5000}
Fold 1
Fold 2
Fold 3
Fold 4
Fold 5
Fold 6



2021-08-09 23:12:30
Parameters (3BLRAGEX4A) 27/1125
{'max_depth': 13, 'max_features': 0.3, 'min_samples_leaf': 0.001, 'min_samples_split': 0.0001, 'n_estimators': 700}
Fold 1
Fold 2
Fold 3
Fold 4
Fold 5
Fold 6



2021-08-09 23:12:45
Parameters (1SOI1SN7P7) 28/1125
{'max_depth': 15, 'max_features': 0.3, 'min_samples_leaf': 0.001, 'min_samples_split': 0.001, 'n_estimators': 1000}
Fold 1
Fold 2
Fold 3
Fold 4
Fold 5
Fold 6



2021-08-09 23:13:08
Parameters (LUTD8K0B2N) 29/1125
{'max_depth': 13, 'max_features': 0.2, 'min_samples_leaf': 1e-05, 'min_samples_split': 0.001, 'n_estimators': 700}
Fold 1
Fold 2
Fold 3
Fold 4
Fold 5
Fold 6



2021-08-09 23:13:25
Parameters (CFHJ9T3DD0) 30/1125
{'max_depth': 20, 'max_features': 0.2, 'min_samples_leaf': 0.001, 'min_samples_split': 1e-05, 'n_estimators': 5000}
Fold 1
Fold 2
Fold 3
Fold 4
Fold 5
Fold 6



2021-08-09 23:15:15
Parameters (JJM4WZ4M0E) 31/1125
{'max_depth': 30, 'max_features': 0.5, 'min_samples_leaf': 0.001, 'min_samples_split': 0.001, 'n_estimators': 700}
Fold 1
Fold 2
Fold 3
Fold 4
Fold 5
Fold 6



2021-08-09 23:15:31
Parameters (IZQ1PYUWNX) 32/1125
{'max_depth': 15, 'max_features': 0.3, 'min_samples_leaf': 0.001, 'min_samples_split': 1e-05, 'n_estimators': 700}
Fold 1
Fold 2
Fold 3
Fold 4
Fold 5
Fold 6



2021-08-09 23:15:47
Parameters (RQCPQIJEHV) 33/1125
{'max_depth': 50, 'max_features': 0.5, 'min_samples_leaf': 0.0001, 'min_samples_split': 0.001, 'n_estimators': 2500}
Fold 1
Fold 2
Fold 3
Fold 4
Fold 5
Fold 6



2021-08-09 23:16:51
Parameters (CPL7YQPB5V) 34/1125
{'max_depth': 20, 'max_features': 0.2, 'min_samples_leaf': 0.0001, 'min_samples_split': 0.0001, 'n_estimators': 700}
Fold 1
Fold 2
Fold 3
Fold 4
Fold 5
Fold 6



2021-08-09 23:17:12
Parameters (O9IMTAQA8L) 35/1125
{'max_depth': 30, 'max_features': 0.3, 'min_samples_leaf': 0.0001, 'min_samples_split': 0.0001, 'n_estimators': 1000}
Fold 1
Fold 2
Fold 3
Fold 4
Fold 5
Fold 6



2021-08-09 23:17:42
Parameters (J0MUT2O2AJ) 36/1125
{'max_depth': 50, 'max_features': 0.2, 'min_samples_leaf': 0.001, 'min_samples_split': 1e-05, 'n_estimators': 700}
Fold 1
Fold 2
Fold 3
Fold 4
Fold 5
Fold 6



2021-08-09 23:17:58
Parameters (Y6HNR0UHCZ) 37/1125
{'max_depth': 50, 'max_features': 0.5, 'min_samples_leaf': 0.0001, 'min_samples_split': 0.001, 'n_estimators': 700}
Fold 1
Fold 2
Fold 3
Fold 4
Fold 5
Fold 6



2021-08-09 23:18:16
Parameters (6YQ4SJ6ATG) 38/1125
{'max_depth': 20, 'max_features': 0.3, 'min_samples_leaf': 1e-05, 'min_samples_split': 0.001, 'n_estimators': 10000}
Fold 1
Fold 2
Fold 3
Fold 4
Fold 5
Fold 6



2021-08-09 23:22:35
Parameters (50K48D3W3V) 39/1125