Model training with data: 0007_19072021
Number of parameters combinations: 900
2021-07-20 07:52:49
Parameters (HDB55TUR8S) 1/900
{'max_depth': 10, 'max_features': 0.1, 'min_samples_leaf': 0.0001, 'min_samples_split': 0.001, 'n_estimators': 100}
Fold 1
Fold 2
Fold 3
Fold 4
Fold 5
Fold 6



2021-07-20 07:52:53
Parameters (1XF8QBHJ6Q) 2/900
{'max_depth': 7, 'max_features': 0.1, 'min_samples_leaf': 0.0001, 'min_samples_split': 0.01, 'n_estimators': 10000}
Fold 1
Fold 2
Fold 3
Fold 4
Fold 5
Fold 6



2021-07-20 07:57:44
Parameters (7IYP95R4X4) 3/900
{'max_depth': 15, 'max_features': 0.1, 'min_samples_leaf': 0.001, 'min_samples_split': 0.001, 'n_estimators': 500}
Fold 1
Fold 2
Fold 3
Fold 4
Fold 5
Fold 6



2021-07-20 07:58:04
Parameters (Z8W99FEIZL) 4/900
{'max_depth': 20, 'max_features': 0.01, 'min_samples_leaf': 0.001, 'min_samples_split': 0.001, 'n_estimators': 100}
Fold 1
Fold 2
Fold 3
Fold 4
Fold 5
Fold 6



2021-07-20 07:58:08
Parameters (XHDXICU7RH) 5/900
{'max_depth': 7, 'max_features': 0.05, 'min_samples_leaf': 0.001, 'min_samples_split': 0.01, 'n_estimators': 100}
Fold 1
Fold 2
Fold 3
Fold 4
Fold 5
Fold 6



2021-07-20 07:58:11
Parameters (MITEKC2DSU) 6/900
{'max_depth': 15, 'max_features': 0.2, 'min_samples_leaf': 0.0001, 'min_samples_split': 0.0001, 'n_estimators': 1000}
Fold 1
Fold 2
Fold 3
Fold 4
Fold 5
Fold 6



2021-07-20 07:59:03
Parameters (5IAF0NTCN7) 7/900
{'max_depth': 13, 'max_features': 0.2, 'min_samples_leaf': 0.0001, 'min_samples_split': 0.001, 'n_estimators': 500}
Fold 1
Fold 2
Fold 3
Fold 4
Fold 5
Fold 6



2021-07-20 07:59:25
Parameters (BO6S6U35ZW) 8/900
{'max_depth': 13, 'max_features': 0.2, 'min_samples_leaf': 0.001, 'min_samples_split': 0.0001, 'n_estimators': 100}
Fold 1
Fold 2
Fold 3
Fold 4
Fold 5
Fold 6



2021-07-20 07:59:29
Parameters (ZKPY1HHXJO) 9/900
{'max_depth': 7, 'max_features': 0.2, 'min_samples_leaf': 0.001, 'min_samples_split': 0.0001, 'n_estimators': 500}
Fold 1
Fold 2
Fold 3
Fold 4
Fold 5
Fold 6



2021-07-20 07:59:44
Parameters (6APXYVC3Y4) 10/900
{'max_depth': 15, 'max_features': 0.05, 'min_samples_leaf': 1e-05, 'min_samples_split': 0.001, 'n_estimators': 10000}
Fold 1
Fold 2
Fold 3
Fold 4
Fold 5
Fold 6



2021-07-20 08:07:23
Parameters (A6CLIHL7P7) 11/900
{'max_depth': 10, 'max_features': 0.01, 'min_samples_leaf': 0.001, 'min_samples_split': 0.01, 'n_estimators': 100}
Fold 1
Fold 2
Fold 3
Fold 4
Fold 5
Fold 6



2021-07-20 08:07:27
Parameters (ZHAGF6HPGY) 12/900
{'max_depth': 7, 'max_features': 0.01, 'min_samples_leaf': 1e-05, 'min_samples_split': 0.01, 'n_estimators': 10000}
Fold 1
Fold 2
Fold 3
Fold 4
Fold 5
Fold 6



2021-07-20 08:12:21
Parameters (EA76VYRYUX) 13/900
{'max_depth': 13, 'max_features': 0.2, 'min_samples_leaf': 0.0001, 'min_samples_split': 0.001, 'n_estimators': 10000}
Fold 1
Fold 2
Fold 3
Fold 4
Fold 5
Fold 6



2021-07-20 08:19:48
Parameters (6X6PFDKYV4) 14/900
{'max_depth': 13, 'max_features': 0.01, 'min_samples_leaf': 0.001, 'min_samples_split': 0.0001, 'n_estimators': 1000}
Fold 1
Fold 2
Fold 3
Fold 4
Fold 5
Fold 6



2021-07-20 08:20:29
Parameters (94IQBSMDQS) 15/900
{'max_depth': 7, 'max_features': 0.2, 'min_samples_leaf': 0.001, 'min_samples_split': 0.001, 'n_estimators': 1000}
Fold 1
Fold 2
Fold 3
Fold 4
Fold 5
Fold 6



2021-07-20 08:20:59
Parameters (PXTRML65R0) 16/900
{'max_depth': 15, 'max_features': 0.2, 'min_samples_leaf': 0.001, 'min_samples_split': 0.0001, 'n_estimators': 10000}
Fold 1
Fold 2
Fold 3
Fold 4
Fold 5
Fold 6



2021-07-20 08:27:52
Parameters (OJE5RZ5O8R) 17/900
{'max_depth': 20, 'max_features': 0.1, 'min_samples_leaf': 0.0001, 'min_samples_split': 0.001, 'n_estimators': 5000}
Fold 1
Fold 2
Fold 3
Fold 4
Fold 5
Fold 6



2021-07-20 08:31:51
Parameters (3Y6E2584HV) 18/900
{'max_depth': 10, 'max_features': 0.01, 'min_samples_leaf': 0.001, 'min_samples_split': 0.01, 'n_estimators': 1000}
Fold 1
Fold 2
Fold 3
Fold 4
Fold 5
Fold 6



2021-07-20 08:32:25
Parameters (IM06YMFQ1Z) 19/900
{'max_depth': 13, 'max_features': 0.01, 'min_samples_leaf': 0.001, 'min_samples_split': 0.001, 'n_estimators': 1000}
Fold 1
Fold 2
Fold 3
Fold 4
Fold 5
Fold 6



2021-07-20 08:33:06
Parameters (GCJBJPEMQQ) 20/900
{'max_depth': 10, 'max_features': 0.01, 'min_samples_leaf': 0.0001, 'min_samples_split': 0.0001, 'n_estimators': 100}
Fold 1
Fold 2
Fold 3
Fold 4
Fold 5
Fold 6



2021-07-20 08:33:11
Parameters (7IUWECI692) 21/900
{'max_depth': 10, 'max_features': 0.05, 'min_samples_leaf': 0.001, 'min_samples_split': 0.0001, 'n_estimators': 1000}
Fold 1
Fold 2
Fold 3
Fold 4
Fold 5
Fold 6



2021-07-20 08:33:48
Parameters (R5JI6TCC0T) 22/900
{'max_depth': 20, 'max_features': 0.2, 'min_samples_leaf': 0.0001, 'min_samples_split': 0.01, 'n_estimators': 10000}
Fold 1
Fold 2
Fold 3
Fold 4
Fold 5
Fold 6



2021-07-20 08:39:38
Parameters (5DQPG245SD) 23/900
{'max_depth': 15, 'max_features': 0.05, 'min_samples_leaf': 0.001, 'min_samples_split': 0.01, 'n_estimators': 500}
Fold 1
Fold 2
Fold 3
Fold 4
Fold 5
Fold 6



2021-07-20 08:39:58
Parameters (ZDC7QPYRQ2) 24/900
{'max_depth': 15, 'max_features': 0.05, 'min_samples_leaf': 0.0001, 'min_samples_split': 0.01, 'n_estimators': 1000}
Fold 1
Fold 2
Fold 3
Fold 4
Fold 5
Fold 6



2021-07-20 08:40:33
Parameters (R0VLXY56IL) 25/900
{'max_depth': 10, 'max_features': 0.05, 'min_samples_leaf': 0.001, 'min_samples_split': 0.001, 'n_estimators': 1000}
Fold 1
Fold 2
Fold 3
Fold 4
Fold 5
Fold 6



2021-07-20 08:41:11
Parameters (N1G74XBBM5) 26/900
{'max_depth': 15, 'max_features': 0.2, 'min_samples_leaf': 0.001, 'min_samples_split': 0.001, 'n_estimators': 5000}
Fold 1
Fold 2
Fold 3
Fold 4
Fold 5
Fold 6



2021-07-20 08:44:39
Parameters (P9I6N5BWI3) 27/900
{'max_depth': 20, 'max_features': 0.05, 'min_samples_leaf': 1e-05, 'min_samples_split': 0.01, 'n_estimators': 10000}
Fold 1
Fold 2
Fold 3
Fold 4
Fold 5
Fold 6



2021-07-20 08:50:32
Parameters (8FAIYISSX9) 28/900
{'max_depth': 20, 'max_features': 0.05, 'min_samples_leaf': 0.0001, 'min_samples_split': 0.001, 'n_estimators': 500}
Fold 1
Fold 2
Fold 3
Fold 4
Fold 5
Fold 6



2021-07-20 08:50:56
Parameters (P58EQPBDFZ) 29/900
{'max_depth': 20, 'max_features': 0.01, 'min_samples_leaf': 0.001, 'min_samples_split': 0.001, 'n_estimators': 5000}
Fold 1
Fold 2
Fold 3
Fold 4
Fold 5
Fold 6



2021-07-20 08:54:25
Parameters (BQ859LSJE4) 30/900
{'max_depth': 7, 'max_features': 0.01, 'min_samples_leaf': 1e-05, 'min_samples_split': 0.0001, 'n_estimators': 1000}
Fold 1
Fold 2
Fold 3
Fold 4
Fold 5
Fold 6



2021-07-20 08:54:57
Parameters (WYGAG98RH4) 31/900
{'max_depth': 13, 'max_features': 0.1, 'min_samples_leaf': 0.001, 'min_samples_split': 0.0001, 'n_estimators': 100}
Fold 1
Fold 2
Fold 3
Fold 4
Fold 5
Fold 6



2021-07-20 08:55:01
Parameters (EIAP32I6NE) 32/900
{'max_depth': 10, 'max_features': 0.2, 'min_samples_leaf': 1e-05, 'min_samples_split': 0.001, 'n_estimators': 10000}
Fold 1
Fold 2
Fold 3
Fold 4
Fold 5
Fold 6



2021-07-20 09:01:39
Parameters (75YL8FGW6Z) 33/900
{'max_depth': 7, 'max_features': 0.1, 'min_samples_leaf': 0.0001, 'min_samples_split': 0.0001, 'n_estimators': 5000}
Fold 1
Fold 2
Fold 3
Fold 4
Fold 5
Fold 6



2021-07-20 09:04:15
Parameters (0XRW9OCP5X) 34/900
{'max_depth': 13, 'max_features': 0.05, 'min_samples_leaf': 0.0001, 'min_samples_split': 0.0001, 'n_estimators': 10000}
Fold 1
Fold 2
Fold 3
Fold 4
Fold 5
Fold 6



2021-07-20 09:12:22
Parameters (GHQA0KVEE1) 35/900
{'max_depth': 13, 'max_features': 0.01, 'min_samples_leaf': 0.0001, 'min_samples_split': 0.001, 'n_estimators': 10000}
Fold 1
Fold 2
Fold 3
Fold 4
Fold 5
Fold 6



2021-07-20 09:19:51
Parameters (8Z11IZNZP9) 36/900
{'max_depth': 7, 'max_features': 0.2, 'min_samples_leaf': 1e-05, 'min_samples_split': 0.01, 'n_estimators': 500}
Fold 1
Fold 2
Fold 3
Fold 4
Fold 5
Fold 6



2021-07-20 09:20:07
Parameters (PAGZQHCKQP) 37/900
{'max_depth': 7, 'max_features': 0.05, 'min_samples_leaf': 0.001, 'min_samples_split': 0.001, 'n_estimators': 500}
Fold 1
Fold 2
Fold 3
Fold 4
Fold 5
Fold 6



2021-07-20 09:20:22
Parameters (W1FRXYOOP2) 38/900
{'max_depth': 20, 'max_features': 0.1, 'min_samples_leaf': 1e-05, 'min_samples_split': 0.0001, 'n_estimators': 1000}
Fold 1
Fold 2
Fold 3
Fold 4
Fold 5
Fold 6



2021-07-20 09:21:32
Parameters (B1F9GH3CMV) 39/900
{'max_depth': 13, 'max_features': 0.2, 'min_samples_leaf': 0.001, 'min_samples_split': 0.01, 'n_estimators': 100}
Fold 1
Fold 2
Fold 3
Fold 4
Fold 5
Fold 6



2021-07-20 09:21:36
Parameters (M37PCLKDVO) 40/900
{'max_depth': 7, 'max_features': 0.1, 'min_samples_leaf': 0.001, 'min_samples_split': 0.0001, 'n_estimators': 5000}
Fold 1
Fold 2
Fold 3
Fold 4
Fold 5
Fold 6



2021-07-20 09:24:09
Parameters (HY2NKPTIFX) 41/900
{'max_depth': 15, 'max_features': 0.05, 'min_samples_leaf': 0.0001, 'min_samples_split': 0.001, 'n_estimators': 5000}
Fold 1
Fold 2
Fold 3
Fold 4
Fold 5
Fold 6



2021-07-20 09:28:04
Parameters (8QSU45NEL8) 42/900
{'max_depth': 7, 'max_features': 0.1, 'min_samples_leaf': 0.001, 'min_samples_split': 0.001, 'n_estimators': 10000}
Fold 1
Fold 2
Fold 3
Fold 4
Fold 5
Fold 6



2021-07-20 09:33:12
Parameters (4YX0RLUYVL) 43/900
{'max_depth': 13, 'max_features': 0.1, 'min_samples_leaf': 0.0001, 'min_samples_split': 0.01, 'n_estimators': 500}
Fold 1
Fold 2
Fold 3
Fold 4
Fold 5
Fold 6



2021-07-20 09:33:30
Parameters (GT6Q6IE448) 44/900
{'max_depth': 10, 'max_features': 0.05, 'min_samples_leaf': 0.001, 'min_samples_split': 0.0001, 'n_estimators': 10000}
Fold 1
Fold 2
Fold 3
Fold 4
Fold 5
Fold 6



2021-07-20 09:39:49
Parameters (QWS0BNJ8C8) 45/900
{'max_depth': 10, 'max_features': 0.1, 'min_samples_leaf': 1e-05, 'min_samples_split': 0.01, 'n_estimators': 1000}
Fold 1
Fold 2
Fold 3
Fold 4
Fold 5
Fold 6



2021-07-20 09:40:23
Parameters (S8HZGJIYZW) 46/900
{'max_depth': 10, 'max_features': 0.01, 'min_samples_leaf': 0.0001, 'min_samples_split': 0.01, 'n_estimators': 10000}
Fold 1
Fold 2
Fold 3
Fold 4
Fold 5
Fold 6



2021-07-20 09:46:10
Parameters (XR5HZ81W48) 47/900
{'max_depth': 20, 'max_features': 0.05, 'min_samples_leaf': 1e-05, 'min_samples_split': 0.001, 'n_estimators': 5000}
Fold 1
Fold 2
Fold 3
Fold 4
Fold 5
Fold 6



2021-07-20 09:50:17
Parameters (LNY8CJX8QH) 48/900
{'max_depth': 15, 'max_features': 0.05, 'min_samples_leaf': 0.0001, 'min_samples_split': 0.001, 'n_estimators': 1000}
Fold 1
Fold 2
Fold 3
Fold 4
Fold 5
Fold 6



2021-07-20 09:51:05
Parameters (B5SAQWJ64X) 49/900
{'max_depth': 15, 'max_features': 0.1, 'min_samples_leaf': 0.0001, 'min_samples_split': 0.001, 'n_estimators': 100}
Fold 1
Fold 2
Fold 3
Fold 4
Fold 5
Fold 6



2021-07-20 09:51:10
Parameters (OOAP45MQL6) 50/900
{'max_depth': 15, 'max_features': 0.01, 'min_samples_leaf': 0.0001, 'min_samples_split': 0.0001, 'n_estimators': 10000}
Fold 1
Fold 2
Fold 3
Fold 4
Fold 5
Fold 6



2021-07-20 10:00:12
Parameters (50ENX6OJ5I) 51/900
{'max_depth': 20, 'max_features': 0.1, 'min_samples_leaf': 0.0001, 'min_samples_split': 0.01, 'n_estimators': 5000}
Fold 1
Fold 2
Fold 3
Fold 4
Fold 5
Fold 6



2021-07-20 10:03:12
Parameters (KMDLA7E2EC) 52/900
{'max_depth': 15, 'max_features': 0.2, 'min_samples_leaf': 1e-05, 'min_samples_split': 0.0001, 'n_estimators': 1000}
Fold 1
Fold 2
Fold 3
Fold 4
Fold 5
Fold 6



2021-07-20 10:04:11
Parameters (QTNPESJLIF) 53/900
{'max_depth': 13, 'max_features': 0.1, 'min_samples_leaf': 0.001, 'min_samples_split': 0.01, 'n_estimators': 500}
Fold 1
Fold 2
Fold 3
Fold 4
Fold 5
Fold 6



2021-07-20 10:04:29
Parameters (A658O9AK6P) 54/900
{'max_depth': 13, 'max_features': 0.1, 'min_samples_leaf': 1e-05, 'min_samples_split': 0.01, 'n_estimators': 1000}
Fold 1
Fold 2
Fold 3
Fold 4
Fold 5
Fold 6



2021-07-20 10:05:05
Parameters (KSA5BEDQ85) 55/900
{'max_depth': 13, 'max_features': 0.1, 'min_samples_leaf': 0.001, 'min_samples_split': 0.01, 'n_estimators': 100}
Fold 1
Fold 2
Fold 3
Fold 4
Fold 5
Fold 6



2021-07-20 10:05:09
Parameters (KC02SGM19Z) 56/900
{'max_depth': 10, 'max_features': 0.2, 'min_samples_leaf': 0.001, 'min_samples_split': 0.001, 'n_estimators': 5000}
Fold 1
Fold 2
Fold 3
Fold 4
Fold 5
Fold 6



2021-07-20 10:08:19
Parameters (VQIWV093SY) 57/900
{'max_depth': 10, 'max_features': 0.2, 'min_samples_leaf': 0.001, 'min_samples_split': 0.01, 'n_estimators': 5000}
Fold 1
Fold 2
Fold 3
Fold 4
Fold 5
Fold 6



2021-07-20 10:11:11
Parameters (E6NXW8C05W) 58/900
{'max_depth': 20, 'max_features': 0.1, 'min_samples_leaf': 0.001, 'min_samples_split': 0.0001, 'n_estimators': 10000}
Fold 1
Fold 2
Fold 3
Fold 4
Fold 5
Fold 6



2021-07-20 10:18:05
Parameters (B7C6DDW6P5) 59/900
{'max_depth': 10, 'max_features': 0.2, 'min_samples_leaf': 1e-05, 'min_samples_split': 0.0001, 'n_estimators': 100}
Fold 1
Fold 2
Fold 3
Fold 4
Fold 5
Fold 6



2021-07-20 10:18:10
Parameters (XVZ17YM9ZI) 60/900
{'max_depth': 15, 'max_features': 0.2, 'min_samples_leaf': 0.0001, 'min_samples_split': 0.0001, 'n_estimators': 500}
Fold 1
Fold 2
Fold 3
Fold 4
Fold 5
Fold 6



2021-07-20 10:18:37
Parameters (E95A312Y2R) 61/900
{'max_depth': 20, 'max_features': 0.2, 'min_samples_leaf': 1e-05, 'min_samples_split': 0.0001, 'n_estimators': 5000}
Fold 1
Fold 2
Fold 3
Fold 4
Fold 5
Fold 6



2021-07-20 10:24:32
Parameters (02EIZXI98J) 62/900
{'max_depth': 10, 'max_features': 0.1, 'min_samples_leaf': 1e-05, 'min_samples_split': 0.01, 'n_estimators': 5000}
Fold 1
Fold 2
Fold 3
Fold 4
Fold 5
Fold 6



2021-07-20 10:27:27
Parameters (EOQ0A075XN) 63/900
{'max_depth': 10, 'max_features': 0.1, 'min_samples_leaf': 0.001, 'min_samples_split': 0.001, 'n_estimators': 500}
Fold 1
Fold 2
Fold 3
Fold 4
Fold 5
Fold 6



2021-07-20 10:27:47
Parameters (W7IHU0BHU6) 64/900
{'max_depth': 13, 'max_features': 0.05, 'min_samples_leaf': 1e-05, 'min_samples_split': 0.01, 'n_estimators': 5000}
Fold 1
Fold 2
Fold 3
Fold 4
Fold 5
Fold 6



2021-07-20 10:30:43
Parameters (T8EK4JMUMU) 65/900
{'max_depth': 15, 'max_features': 0.05, 'min_samples_leaf': 0.001, 'min_samples_split': 0.0001, 'n_estimators': 10000}
Fold 1
Fold 2
Fold 3
Fold 4
Fold 5
Fold 6



2021-07-20 10:37:40
Parameters (WMC4Y6B9CC) 66/900
{'max_depth': 7, 'max_features': 0.2, 'min_samples_leaf': 0.0001, 'min_samples_split': 0.01, 'n_estimators': 1000}
Fold 1
Fold 2
Fold 3
Fold 4
Fold 5
Fold 6



2021-07-20 10:38:11
Parameters (74X7IQM8CA) 67/900
{'max_depth': 15, 'max_features': 0.1, 'min_samples_leaf': 1e-05, 'min_samples_split': 0.01, 'n_estimators': 10000}
Fold 1
Fold 2
Fold 3
Fold 4
Fold 5
Fold 6



2021-07-20 10:44:02
Parameters (8KMQ4PPQFP) 68/900
{'max_depth': 20, 'max_features': 0.05, 'min_samples_leaf': 1e-05, 'min_samples_split': 0.01, 'n_estimators': 5000}
Fold 1
Fold 2
Fold 3
Fold 4
Fold 5
Fold 6



2021-07-20 10:47:02
Parameters (WCFGOP8UMI) 69/900
{'max_depth': 13, 'max_features': 0.1, 'min_samples_leaf': 1e-05, 'min_samples_split': 0.0001, 'n_estimators': 5000}
Fold 1
Fold 2
Fold 3
Fold 4
Fold 5
Fold 6



2021-07-20 10:51:18
Parameters (2YHWEVL42D) 70/900
{'max_depth': 20, 'max_features': 0.01, 'min_samples_leaf': 0.001, 'min_samples_split': 0.001, 'n_estimators': 1000}
Fold 1
Fold 2
Fold 3
Fold 4
Fold 5
Fold 6



2021-07-20 10:52:00
Parameters (RCDPXX9Y2S) 71/900
{'max_depth': 15, 'max_features': 0.2, 'min_samples_leaf': 0.0001, 'min_samples_split': 0.01, 'n_estimators': 100}
Fold 1
Fold 2
Fold 3
Fold 4
Fold 5
Fold 6



2021-07-20 10:52:04
Parameters (1OFYT3WB96) 72/900
{'max_depth': 20, 'max_features': 0.1, 'min_samples_leaf': 0.0001, 'min_samples_split': 0.0001, 'n_estimators': 500}
Fold 1
Fold 2
Fold 3
Fold 4
Fold 5
Fold 6



2021-07-20 10:52:34
Parameters (CWH7UQ9FHJ) 73/900
{'max_depth': 7, 'max_features': 0.01, 'min_samples_leaf': 1e-05, 'min_samples_split': 0.01, 'n_estimators': 5000}
Fold 1
Fold 2
Fold 3
Fold 4
Fold 5
Fold 6



2021-07-20 10:55:17
Parameters (3E2QK5ZJ2S) 74/900
{'max_depth': 15, 'max_features': 0.1, 'min_samples_leaf': 0.0001, 'min_samples_split': 0.01, 'n_estimators': 100}
Fold 1
Fold 2
Fold 3
Fold 4
Fold 5
Fold 6



2021-07-20 10:55:21
Parameters (NNU5OSQCGL) 75/900
{'max_depth': 15, 'max_features': 0.1, 'min_samples_leaf': 0.0001, 'min_samples_split': 0.01, 'n_estimators': 500}
Fold 1
Fold 2
Fold 3
Fold 4
Fold 5
Fold 6



2021-07-20 10:55:39
Parameters (7YHRC3VRVS) 76/900
{'max_depth': 13, 'max_features': 0.1, 'min_samples_leaf': 0.001, 'min_samples_split': 0.01, 'n_estimators': 10000}
Fold 1
Fold 2
Fold 3
Fold 4
Fold 5
Fold 6



2021-07-20 11:01:33
Parameters (6F566IGRZS) 77/900
{'max_depth': 7, 'max_features': 0.05, 'min_samples_leaf': 1e-05, 'min_samples_split': 0.001, 'n_estimators': 1000}
Fold 1
Fold 2
Fold 3
Fold 4
Fold 5
Fold 6



2021-07-20 11:02:04
Parameters (40DOWQJI1F) 78/900
{'max_depth': 10, 'max_features': 0.05, 'min_samples_leaf': 0.0001, 'min_samples_split': 0.01, 'n_estimators': 10000}
Fold 1
Fold 2
Fold 3
Fold 4
Fold 5
Fold 6



2021-07-20 11:07:43
Parameters (JTDL2MSCF3) 79/900
{'max_depth': 20, 'max_features': 0.01, 'min_samples_leaf': 1e-05, 'min_samples_split': 0.01, 'n_estimators': 500}
Fold 1
Fold 2
Fold 3
Fold 4
Fold 5
Fold 6



2021-07-20 11:08:00
Parameters (BJTI4F4B6C) 80/900
{'max_depth': 13, 'max_features': 0.2, 'min_samples_leaf': 0.001, 'min_samples_split': 0.01, 'n_estimators': 10000}
Fold 1
Fold 2
Fold 3
Fold 4
Fold 5
Fold 6
