Model training with data: 0012_09082021
Number of parameters combinations: 675
2021-08-12 13:40:24
Parameters (83RAOWBBZA) 1/675
{'max_depth': 15, 'max_features': 0.7, 'min_samples_leaf': 0.0001, 'min_samples_split': 1e-05, 'n_estimators': 2500}
Fold 1
Fold 2
Fold 3
Fold 4
Fold 5
Fold 6



2021-08-12 13:43:02
Parameters (J6TO9DADVW) 2/675
{'max_depth': 20, 'max_features': 0.2, 'min_samples_leaf': 0.0001, 'min_samples_split': 0.0001, 'n_estimators': 700}
Fold 1
Fold 2
Fold 3
Fold 4
Fold 5
Fold 6



2021-08-12 13:43:22
Parameters (M06VQDPJWL) 3/675
{'max_depth': 20, 'max_features': 0.1, 'min_samples_leaf': 1e-05, 'min_samples_split': 0.0001, 'n_estimators': 700}
Fold 1
Fold 2
Fold 3
Fold 4
Fold 5
Fold 6



2021-08-12 13:43:36
Parameters (2LMZSDFO9J) 4/675
{'max_depth': 30, 'max_features': 0.3, 'min_samples_leaf': 1e-05, 'min_samples_split': 0.001, 'n_estimators': 1000}
Fold 1
Fold 2
Fold 3
Fold 4
Fold 5
Fold 6



2021-08-12 13:44:05
Parameters (W9998A9Y3C) 5/675
{'max_depth': 20, 'max_features': 0.7, 'min_samples_leaf': 0.001, 'min_samples_split': 0.001, 'n_estimators': 1000}
Fold 1
Fold 2
Fold 3
Fold 4
Fold 5
Fold 6



2021-08-12 13:44:53
Parameters (7P9UXUBXP9) 6/675
{'max_depth': 20, 'max_features': 0.7, 'min_samples_leaf': 0.0001, 'min_samples_split': 1e-05, 'n_estimators': 700}
Fold 1
Fold 2
Fold 3
Fold 4
Fold 5
Fold 6



2021-08-12 13:45:39
Parameters (C4AYGLHQ2V) 7/675
{'max_depth': 30, 'max_features': 0.5, 'min_samples_leaf': 0.0001, 'min_samples_split': 1e-05, 'n_estimators': 700}
Fold 1
Fold 2
Fold 3
Fold 4
Fold 5
Fold 6



2021-08-12 13:46:14
Parameters (721CWP8ICF) 8/675
{'max_depth': 30, 'max_features': 0.7, 'min_samples_leaf': 0.0001, 'min_samples_split': 0.001, 'n_estimators': 2500}
Fold 1
Fold 2
Fold 3
Fold 4
Fold 5
Fold 6



2021-08-12 13:48:35
Parameters (CRKWTHHV47) 9/675
{'max_depth': 15, 'max_features': 0.7, 'min_samples_leaf': 0.001, 'min_samples_split': 1e-05, 'n_estimators': 700}
Fold 1
Fold 2
Fold 3
Fold 4
Fold 5
Fold 6



2021-08-12 13:49:09
Parameters (DF2L1DQYZE) 10/675
{'max_depth': 30, 'max_features': 0.1, 'min_samples_leaf': 0.0001, 'min_samples_split': 0.0001, 'n_estimators': 1000}
Fold 1
Fold 2
Fold 3
Fold 4
Fold 5
Fold 6



2021-08-12 13:49:29
Parameters (49WSDJ06ET) 11/675
{'max_depth': 15, 'max_features': 0.5, 'min_samples_leaf': 0.001, 'min_samples_split': 0.001, 'n_estimators': 1000}
Fold 1
Fold 2
Fold 3
Fold 4
Fold 5
Fold 6



2021-08-12 13:50:05
Parameters (XEOJQ3ESSP) 12/675
{'max_depth': 20, 'max_features': 0.7, 'min_samples_leaf': 0.0001, 'min_samples_split': 0.001, 'n_estimators': 2500}
Fold 1
Fold 2
Fold 3
Fold 4
Fold 5
Fold 6



2021-08-12 13:52:26
Parameters (W0NK8PF35Z) 13/675
{'max_depth': 50, 'max_features': 0.2, 'min_samples_leaf': 0.0001, 'min_samples_split': 1e-05, 'n_estimators': 2500}
Fold 1
Fold 2
Fold 3
Fold 4
Fold 5
Fold 6



2021-08-12 13:53:39
Parameters (8DRYU4TKQ1) 14/675
{'max_depth': 30, 'max_features': 0.1, 'min_samples_leaf': 0.0001, 'min_samples_split': 0.001, 'n_estimators': 2500}
Fold 1
Fold 2
Fold 3
Fold 4
Fold 5
Fold 6



2021-08-12 13:54:21
Parameters (WBYEPCJAVB) 15/675
{'max_depth': 50, 'max_features': 0.3, 'min_samples_leaf': 0.001, 'min_samples_split': 0.001, 'n_estimators': 700}
Fold 1
Fold 2
Fold 3
Fold 4
Fold 5
Fold 6



2021-08-12 13:54:39
Parameters (ILCMGLJW75) 16/675
{'max_depth': 20, 'max_features': 0.7, 'min_samples_leaf': 0.0001, 'min_samples_split': 0.001, 'n_estimators': 700}
Fold 1
Fold 2
Fold 3
Fold 4
Fold 5
Fold 6



2021-08-12 13:55:18
Parameters (TZ2HC4QHRD) 17/675
{'max_depth': 50, 'max_features': 0.2, 'min_samples_leaf': 0.001, 'min_samples_split': 0.001, 'n_estimators': 2500}
Fold 1
Fold 2
Fold 3
Fold 4
Fold 5
Fold 6



2021-08-12 13:56:12
Parameters (PICJZ8O90U) 18/675
{'max_depth': 13, 'max_features': 0.2, 'min_samples_leaf': 0.0001, 'min_samples_split': 1e-05, 'n_estimators': 1000}
Fold 1
Fold 2
Fold 3
Fold 4
Fold 5
Fold 6



2021-08-12 13:56:38
Parameters (KFTIMTQFC5) 19/675
{'max_depth': 15, 'max_features': 0.7, 'min_samples_leaf': 0.0001, 'min_samples_split': 1e-05, 'n_estimators': 700}
Fold 1
Fold 2
Fold 3
Fold 4
Fold 5
Fold 6



2021-08-12 13:57:21
Parameters (W4YDUGJGJ6) 20/675
{'max_depth': 50, 'max_features': 0.7, 'min_samples_leaf': 1e-05, 'min_samples_split': 1e-05, 'n_estimators': 2500}
Fold 1
Fold 2
Fold 3
Fold 4
Fold 5
Fold 6



2021-08-12 14:00:06
Parameters (TFAU6D5Z36) 21/675
{'max_depth': 20, 'max_features': 0.1, 'min_samples_leaf': 0.001, 'min_samples_split': 1e-05, 'n_estimators': 1000}
Fold 1
Fold 2
Fold 3
Fold 4
Fold 5
Fold 6



2021-08-12 14:00:21
Parameters (VZFHMJ8M73) 22/675
{'max_depth': 15, 'max_features': 0.1, 'min_samples_leaf': 0.001, 'min_samples_split': 0.0001, 'n_estimators': 1000}
Fold 1
Fold 2
Fold 3
Fold 4
Fold 5
Fold 6



2021-08-12 14:00:36
Parameters (DKDR8FJE7S) 23/675
{'max_depth': 20, 'max_features': 0.1, 'min_samples_leaf': 0.001, 'min_samples_split': 1e-05, 'n_estimators': 2500}
Fold 1
Fold 2
Fold 3
Fold 4
Fold 5
Fold 6



2021-08-12 14:01:13
Parameters (WDQ8CON4Q7) 24/675
{'max_depth': 20, 'max_features': 0.3, 'min_samples_leaf': 0.001, 'min_samples_split': 0.001, 'n_estimators': 1000}
Fold 1
Fold 2
Fold 3
Fold 4
Fold 5
Fold 6



2021-08-12 14:01:38
Parameters (QF4A7TGBDB) 25/675
{'max_depth': 20, 'max_features': 0.3, 'min_samples_leaf': 0.0001, 'min_samples_split': 1e-05, 'n_estimators': 1000}
Fold 1
Fold 2
Fold 3
Fold 4
Fold 5
Fold 6



2021-08-12 14:02:12
Parameters (XM0KYJF3JQ) 26/675
{'max_depth': 30, 'max_features': 0.1, 'min_samples_leaf': 0.0001, 'min_samples_split': 0.0001, 'n_estimators': 700}
Fold 1
Fold 2
Fold 3
Fold 4
Fold 5
Fold 6



2021-08-12 14:02:26
Parameters (GE93PPMM0Q) 27/675
{'max_depth': 20, 'max_features': 0.1, 'min_samples_leaf': 1e-05, 'min_samples_split': 0.001, 'n_estimators': 1000}
Fold 1
Fold 2
Fold 3
Fold 4
Fold 5
Fold 6



2021-08-12 14:02:43
Parameters (RW23NZDK1M) 28/675
{'max_depth': 50, 'max_features': 0.7, 'min_samples_leaf': 1e-05, 'min_samples_split': 0.0001, 'n_estimators': 2500}
Fold 1
Fold 2
Fold 3
Fold 4
Fold 5
Fold 6



2021-08-12 14:05:28
Parameters (MKX7KBTZCZ) 29/675
{'max_depth': 15, 'max_features': 0.2, 'min_samples_leaf': 0.0001, 'min_samples_split': 0.0001, 'n_estimators': 1000}
Fold 1
Fold 2
Fold 3
Fold 4
Fold 5
Fold 6



2021-08-12 14:05:55
Parameters (J29XKDKSVI) 30/675
{'max_depth': 15, 'max_features': 0.1, 'min_samples_leaf': 1e-05, 'min_samples_split': 0.001, 'n_estimators': 2500}
Fold 1
Fold 2
Fold 3
Fold 4
Fold 5
Fold 6



2021-08-12 14:06:36
Parameters (BLJW0Q6H3Q) 31/675
{'max_depth': 50, 'max_features': 0.3, 'min_samples_leaf': 0.001, 'min_samples_split': 0.0001, 'n_estimators': 1000}
Fold 1
Fold 2
Fold 3
Fold 4
Fold 5
Fold 6



2021-08-12 14:07:00
Parameters (4DC2YR3PYR) 32/675
{'max_depth': 30, 'max_features': 0.2, 'min_samples_leaf': 0.001, 'min_samples_split': 0.001, 'n_estimators': 2500}
Fold 1
Fold 2
Fold 3
Fold 4
Fold 5
Fold 6



2021-08-12 14:07:54
Parameters (C37O6WSSFD) 33/675
{'max_depth': 15, 'max_features': 0.2, 'min_samples_leaf': 0.0001, 'min_samples_split': 1e-05, 'n_estimators': 2500}
Fold 1
Fold 2
Fold 3
Fold 4
Fold 5
Fold 6



2021-08-12 14:09:02
Parameters (2XKFOTJW46) 34/675
{'max_depth': 15, 'max_features': 0.1, 'min_samples_leaf': 1e-05, 'min_samples_split': 1e-05, 'n_estimators': 700}
Fold 1
Fold 2
Fold 3
Fold 4
Fold 5
Fold 6



2021-08-12 14:09:15
Parameters (KI2IYWBQR7) 35/675
{'max_depth': 13, 'max_features': 0.5, 'min_samples_leaf': 1e-05, 'min_samples_split': 0.0001, 'n_estimators': 1000}
Fold 1
Fold 2
Fold 3
Fold 4
Fold 5
Fold 6



2021-08-12 14:09:58
Parameters (HO4HWZSPKX) 36/675
{'max_depth': 30, 'max_features': 0.7, 'min_samples_leaf': 1e-05, 'min_samples_split': 0.001, 'n_estimators': 2500}
Fold 1
Fold 2
Fold 3
Fold 4
Fold 5
Fold 6



2021-08-12 14:12:20
Parameters (140NYAR4MU) 37/675
{'max_depth': 50, 'max_features': 0.2, 'min_samples_leaf': 0.0001, 'min_samples_split': 0.0001, 'n_estimators': 1000}
Fold 1
Fold 2
Fold 3
Fold 4
Fold 5
Fold 6



2021-08-12 14:12:49
Parameters (EDDZLF6BOK) 38/675
{'max_depth': 20, 'max_features': 0.3, 'min_samples_leaf': 0.001, 'min_samples_split': 0.001, 'n_estimators': 700}
Fold 1
Fold 2
Fold 3
Fold 4
Fold 5
Fold 6



2021-08-12 14:13:06
Parameters (J4K6FW3OFM) 39/675
{'max_depth': 15, 'max_features': 0.5, 'min_samples_leaf': 1e-05, 'min_samples_split': 0.001, 'n_estimators': 1000}
Fold 1
Fold 2
Fold 3
Fold 4
Fold 5
Fold 6



2021-08-12 14:13:48
Parameters (3JBKDO63W8) 40/675
{'max_depth': 20, 'max_features': 0.2, 'min_samples_leaf': 0.0001, 'min_samples_split': 1e-05, 'n_estimators': 1000}
Fold 1
Fold 2
Fold 3
Fold 4
Fold 5
Fold 6



2021-08-12 14:14:17
Parameters (6N64CECC9O) 41/675
{'max_depth': 13, 'max_features': 0.5, 'min_samples_leaf': 0.001, 'min_samples_split': 0.0001, 'n_estimators': 1000}
Fold 1
Fold 2
Fold 3
Fold 4
Fold 5
Fold 6



2021-08-12 14:14:52
Parameters (VJTJLX9GUU) 42/675
{'max_depth': 13, 'max_features': 0.3, 'min_samples_leaf': 0.0001, 'min_samples_split': 1e-05, 'n_estimators': 1000}
Fold 1
Fold 2
Fold 3
Fold 4
Fold 5
Fold 6



2021-08-12 14:15:22
Parameters (W4A7K9WIPV) 43/675
{'max_depth': 13, 'max_features': 0.5, 'min_samples_leaf': 0.001, 'min_samples_split': 0.001, 'n_estimators': 700}
Fold 1
Fold 2
Fold 3
Fold 4
Fold 5
Fold 6



2021-08-12 14:15:46
Parameters (9TFH7LBWQJ) 44/675
{'max_depth': 15, 'max_features': 0.3, 'min_samples_leaf': 0.001, 'min_samples_split': 1e-05, 'n_estimators': 1000}
Fold 1
Fold 2
Fold 3
Fold 4
Fold 5
Fold 6



2021-08-12 14:16:11
Parameters (0K5E6N8F4M) 45/675
{'max_depth': 50, 'max_features': 0.3, 'min_samples_leaf': 1e-05, 'min_samples_split': 0.0001, 'n_estimators': 2500}
Fold 1
Fold 2
Fold 3
Fold 4
Fold 5
Fold 6



2021-08-12 14:17:35
Parameters (R4MMYU55Y2) 46/675
{'max_depth': 13, 'max_features': 0.3, 'min_samples_leaf': 1e-05, 'min_samples_split': 0.001, 'n_estimators': 1000}
Fold 1
Fold 2
Fold 3
Fold 4
Fold 5
Fold 6



2021-08-12 14:18:03
Parameters (UK7M5IWEQJ) 47/675
{'max_depth': 20, 'max_features': 0.7, 'min_samples_leaf': 0.0001, 'min_samples_split': 1e-05, 'n_estimators': 2500}
Fold 1
Fold 2
Fold 3
Fold 4
Fold 5
Fold 6



2021-08-12 14:20:47
Parameters (88JD7OZKAY) 48/675
{'max_depth': 13, 'max_features': 0.5, 'min_samples_leaf': 1e-05, 'min_samples_split': 0.001, 'n_estimators': 2500}
Fold 1
Fold 2
Fold 3
Fold 4
Fold 5
Fold 6



2021-08-12 14:22:27
Parameters (YN0INA9WZN) 49/675
{'max_depth': 30, 'max_features': 0.1, 'min_samples_leaf': 0.0001, 'min_samples_split': 0.001, 'n_estimators': 1000}
Fold 1
Fold 2
Fold 3
Fold 4
Fold 5
Fold 6



2021-08-12 14:22:44
Parameters (11Q1MVF5N8) 50/675
{'max_depth': 15, 'max_features': 0.2, 'min_samples_leaf': 1e-05, 'min_samples_split': 1e-05, 'n_estimators': 700}
Fold 1
Fold 2
Fold 3
Fold 4
Fold 5
Fold 6



2021-08-12 14:23:03
Parameters (6H7PTT6U64) 51/675
{'max_depth': 50, 'max_features': 0.2, 'min_samples_leaf': 1e-05, 'min_samples_split': 1e-05, 'n_estimators': 2500}
Fold 1
Fold 2
Fold 3
Fold 4
Fold 5
Fold 6



2021-08-12 14:24:16
Parameters (99A16UAJE5) 52/675
{'max_depth': 50, 'max_features': 0.5, 'min_samples_leaf': 1e-05, 'min_samples_split': 1e-05, 'n_estimators': 2500}
Fold 1
Fold 2
Fold 3
Fold 4
Fold 5
Fold 6



2021-08-12 14:26:20
Parameters (M8DWIP2XGX) 53/675
{'max_depth': 30, 'max_features': 0.7, 'min_samples_leaf': 0.001, 'min_samples_split': 0.0001, 'n_estimators': 2500}
Fold 1
Fold 2
Fold 3
Fold 4
Fold 5
Fold 6



2021-08-12 14:28:18
Parameters (MG9JMWXIYR) 54/675
{'max_depth': 13, 'max_features': 0.5, 'min_samples_leaf': 1e-05, 'min_samples_split': 0.0001, 'n_estimators': 700}
Fold 1
Fold 2
Fold 3
Fold 4
Fold 5
Fold 6



2021-08-12 14:28:48
Parameters (EOIZLXAVQ3) 55/675
{'max_depth': 15, 'max_features': 0.1, 'min_samples_leaf': 0.0001, 'min_samples_split': 0.0001, 'n_estimators': 1000}
Fold 1
Fold 2
Fold 3
Fold 4
Fold 5
Fold 6



2021-08-12 14:29:07
Parameters (I4W1733W26) 56/675
{'max_depth': 15, 'max_features': 0.5, 'min_samples_leaf': 0.001, 'min_samples_split': 0.0001, 'n_estimators': 700}
Fold 1
Fold 2
Fold 3
Fold 4
Fold 5
Fold 6



2021-08-12 14:29:32
Parameters (ZRHRP09G4K) 57/675
{'max_depth': 50, 'max_features': 0.3, 'min_samples_leaf': 0.0001, 'min_samples_split': 1e-05, 'n_estimators': 2500}
Fold 1
Fold 2
Fold 3
Fold 4
Fold 5
Fold 6



2021-08-12 14:30:56
Parameters (FM7LD0K4IQ) 58/675
{'max_depth': 30, 'max_features': 0.3, 'min_samples_leaf': 0.0001, 'min_samples_split': 1e-05, 'n_estimators': 700}
Fold 1
Fold 2
Fold 3
Fold 4
Fold 5
Fold 6



2021-08-12 14:31:20
Parameters (Y6NTPSASSG) 59/675
{'max_depth': 20, 'max_features': 0.5, 'min_samples_leaf': 0.0001, 'min_samples_split': 0.0001, 'n_estimators': 2500}
Fold 1
Fold 2
Fold 3
Fold 4
Fold 5
Fold 6



2021-08-12 14:33:24
Parameters (UGLKNRP39N) 60/675
{'max_depth': 30, 'max_features': 0.2, 'min_samples_leaf': 0.001, 'min_samples_split': 0.001, 'n_estimators': 1000}
Fold 1
Fold 2
Fold 3
Fold 4
Fold 5
Fold 6



2021-08-12 14:33:46
Parameters (VEM7PX7K3F) 61/675
{'max_depth': 20, 'max_features': 0.1, 'min_samples_leaf': 1e-05, 'min_samples_split': 0.001, 'n_estimators': 2500}
Fold 1
Fold 2
Fold 3
Fold 4
Fold 5
Fold 6



2021-08-12 14:34:28
Parameters (V1TC1H3M4R) 62/675
{'max_depth': 30, 'max_features': 0.3, 'min_samples_leaf': 0.001, 'min_samples_split': 0.001, 'n_estimators': 700}
Fold 1
Fold 2
Fold 3
Fold 4
Fold 5
Fold 6



2021-08-12 14:34:46
Parameters (WZHOPXG0L4) 63/675
{'max_depth': 15, 'max_features': 0.7, 'min_samples_leaf': 0.001, 'min_samples_split': 0.0001, 'n_estimators': 1000}
Fold 1
Fold 2
Fold 3
Fold 4
Fold 5
Fold 6



2021-08-12 14:35:33
Parameters (G7I33M45IO) 64/675
{'max_depth': 15, 'max_features': 0.1, 'min_samples_leaf': 1e-05, 'min_samples_split': 0.0001, 'n_estimators': 1000}
Fold 1
Fold 2
Fold 3
Fold 4
Fold 5
Fold 6



2021-08-12 14:35:52
Parameters (R94SYLNG8T) 65/675
{'max_depth': 20, 'max_features': 0.3, 'min_samples_leaf': 1e-05, 'min_samples_split': 0.0001, 'n_estimators': 2500}
Fold 1
Fold 2
Fold 3
Fold 4
Fold 5
Fold 6



2021-08-12 14:37:18
Parameters (H5NM9E8Q03) 66/675
{'max_depth': 13, 'max_features': 0.7, 'min_samples_leaf': 0.001, 'min_samples_split': 1e-05, 'n_estimators': 700}
Fold 1
Fold 2
Fold 3
Fold 4
Fold 5
Fold 6



2021-08-12 14:37:51
Parameters (2FRX9ZVKVL) 67/675
{'max_depth': 50, 'max_features': 0.2, 'min_samples_leaf': 0.001, 'min_samples_split': 0.0001, 'n_estimators': 700}
Fold 1
Fold 2
Fold 3
Fold 4
Fold 5
Fold 6



2021-08-12 14:38:06
Parameters (3FFIYS7EKW) 68/675
{'max_depth': 50, 'max_features': 0.2, 'min_samples_leaf': 0.0001, 'min_samples_split': 1e-05, 'n_estimators': 1000}
Fold 1
Fold 2
Fold 3
Fold 4
Fold 5
Fold 6



2021-08-12 14:38:36
Parameters (4XXI4CZ6TT) 69/675
{'max_depth': 30, 'max_features': 0.3, 'min_samples_leaf': 0.0001, 'min_samples_split': 1e-05, 'n_estimators': 1000}
Fold 1
Fold 2
Fold 3
Fold 4
Fold 5
Fold 6



2021-08-12 14:39:10
Parameters (MP7986ITOV) 70/675
{'max_depth': 13, 'max_features': 0.1, 'min_samples_leaf': 1e-05, 'min_samples_split': 0.001, 'n_estimators': 700}
Fold 1
Fold 2
Fold 3
Fold 4
Fold 5
Fold 6



2021-08-12 14:39:21
Parameters (Z29ZGY1HAB) 71/675
{'max_depth': 50, 'max_features': 0.1, 'min_samples_leaf': 0.0001, 'min_samples_split': 1e-05, 'n_estimators': 1000}
Fold 1
Fold 2
Fold 3
Fold 4
Fold 5
Fold 6



2021-08-12 14:39:42
Parameters (F7EUEN6UOR) 72/675
{'max_depth': 20, 'max_features': 0.1, 'min_samples_leaf': 0.0001, 'min_samples_split': 1e-05, 'n_estimators': 2500}
Fold 1
Fold 2
Fold 3
Fold 4
Fold 5
Fold 6



2021-08-12 14:40:33
Parameters (1JRTW2LT3W) 73/675
{'max_depth': 50, 'max_features': 0.5, 'min_samples_leaf': 0.001, 'min_samples_split': 1e-05, 'n_estimators': 700}
Fold 1
Fold 2
Fold 3
Fold 4
Fold 5
Fold 6



2021-08-12 14:40:58
Parameters (Q4GNDNE7F4) 74/675
{'max_depth': 50, 'max_features': 0.7, 'min_samples_leaf': 1e-05, 'min_samples_split': 0.001, 'n_estimators': 2500}
Fold 1
Fold 2
Fold 3
Fold 4
Fold 5
Fold 6



2021-08-12 14:43:20
Parameters (IHMH61GPG8) 75/675
{'max_depth': 50, 'max_features': 0.2, 'min_samples_leaf': 0.001, 'min_samples_split': 1e-05, 'n_estimators': 2500}
Fold 1
Fold 2
Fold 3
Fold 4
Fold 5
Fold 6



2021-08-12 14:44:14
Parameters (PFMLKAXDO6) 76/675
{'max_depth': 15, 'max_features': 0.1, 'min_samples_leaf': 0.0001, 'min_samples_split': 1e-05, 'n_estimators': 700}
Fold 1
Fold 2
Fold 3
Fold 4
Fold 5
Fold 6



2021-08-12 14:44:27
Parameters (8RE9JTRSFQ) 77/675
{'max_depth': 20, 'max_features': 0.5, 'min_samples_leaf': 1e-05, 'min_samples_split': 1e-05, 'n_estimators': 700}
Fold 1
Fold 2
Fold 3
Fold 4
Fold 5
Fold 6



2021-08-12 14:45:02
Parameters (O0733JF56X) 78/675
{'max_depth': 50, 'max_features': 0.2, 'min_samples_leaf': 1e-05, 'min_samples_split': 0.001, 'n_estimators': 700}
Fold 1
Fold 2
Fold 3
Fold 4
Fold 5
Fold 6



2021-08-12 14:45:19
Parameters (DVA4U8ZR12) 79/675
{'max_depth': 13, 'max_features': 0.5, 'min_samples_leaf': 0.0001, 'min_samples_split': 1e-05, 'n_estimators': 1000}
Fold 1
Fold 2
Fold 3
Fold 4
Fold 5
Fold 6



2021-08-12 14:46:02
Parameters (I7VLWZQ1M9) 80/675
{'max_depth': 30, 'max_features': 0.3, 'min_samples_leaf': 1e-05, 'min_samples_split': 1e-05, 'n_estimators': 2500}
Fold 1
Fold 2
Fold 3
Fold 4
Fold 5
Fold 6



2021-08-12 14:47:28
Parameters (S7A0XL0IO1) 81/675
{'max_depth': 13, 'max_features': 0.7, 'min_samples_leaf': 0.0001, 'min_samples_split': 1e-05, 'n_estimators': 1000}
Fold 1
Fold 2
Fold 3
Fold 4
Fold 5
Fold 6



2021-08-12 14:48:26
Parameters (WR8HRHNPML) 82/675
{'max_depth': 13, 'max_features': 0.3, 'min_samples_leaf': 0.001, 'min_samples_split': 0.0001, 'n_estimators': 2500}
Fold 1
Fold 2
Fold 3
Fold 4
Fold 5
Fold 6



2021-08-12 14:49:27
Parameters (13C3SXF6JK) 83/675
{'max_depth': 20, 'max_features': 0.2, 'min_samples_leaf': 0.0001, 'min_samples_split': 0.001, 'n_estimators': 1000}
Fold 1
Fold 2
Fold 3
Fold 4
Fold 5
Fold 6



2021-08-12 14:49:52
Parameters (6HRBZUPGTR) 84/675
{'max_depth': 50, 'max_features': 0.1, 'min_samples_leaf': 0.0001, 'min_samples_split': 0.001, 'n_estimators': 2500}
Fold 1
Fold 2
Fold 3
Fold 4
Fold 5
Fold 6



2021-08-12 14:50:35
Parameters (6YB49FA43E) 85/675
{'max_depth': 20, 'max_features': 0.3, 'min_samples_leaf': 0.001, 'min_samples_split': 1e-05, 'n_estimators': 700}
Fold 1
Fold 2
Fold 3
Fold 4
Fold 5
Fold 6



2021-08-12 14:50:52
Parameters (RX0J3K64JX) 86/675
{'max_depth': 20, 'max_features': 0.7, 'min_samples_leaf': 0.001, 'min_samples_split': 0.001, 'n_estimators': 2500}
Fold 1
Fold 2
Fold 3
Fold 4
Fold 5
Fold 6



2021-08-12 14:52:51
Parameters (QAB6DSLQP2) 87/675
{'max_depth': 13, 'max_features': 0.7, 'min_samples_leaf': 0.0001, 'min_samples_split': 1e-05, 'n_estimators': 2500}
Fold 1
Fold 2
Fold 3
Fold 4
Fold 5
Fold 6



2021-08-12 14:55:14
Parameters (CTQ2RF8Z6T) 88/675
{'max_depth': 15, 'max_features': 0.2, 'min_samples_leaf': 0.001, 'min_samples_split': 1e-05, 'n_estimators': 1000}
Fold 1
Fold 2
Fold 3
Fold 4
Fold 5
Fold 6



2021-08-12 14:55:35
Parameters (K9VJ59L16O) 89/675
{'max_depth': 50, 'max_features': 0.1, 'min_samples_leaf': 1e-05, 'min_samples_split': 1e-05, 'n_estimators': 2500}
Fold 1
Fold 2
Fold 3
Fold 4
Fold 5
Fold 6



2021-08-12 14:56:26
Parameters (E2HEOBZUJM) 90/675
{'max_depth': 15, 'max_features': 0.1, 'min_samples_leaf': 0.001, 'min_samples_split': 0.0001, 'n_estimators': 2500}
Fold 1
Fold 2
Fold 3
Fold 4
Fold 5
Fold 6



2021-08-12 14:57:03
Parameters (ERX4FN8ZI8) 91/675
{'max_depth': 13, 'max_features': 0.1, 'min_samples_leaf': 1e-05, 'min_samples_split': 0.0001, 'n_estimators': 2500}
Fold 1
Fold 2
Fold 3
Fold 4
Fold 5
Fold 6



2021-08-12 14:57:46
Parameters (QNA6TZ40YC) 92/675
{'max_depth': 30, 'max_features': 0.1, 'min_samples_leaf': 0.001, 'min_samples_split': 1e-05, 'n_estimators': 1000}
Fold 1
Fold 2
Fold 3
Fold 4
Fold 5
Fold 6



2021-08-12 14:58:01
Parameters (13S0HHM2MM) 93/675
{'max_depth': 15, 'max_features': 0.3, 'min_samples_leaf': 0.001, 'min_samples_split': 1e-05, 'n_estimators': 700}
Fold 1
Fold 2
Fold 3
Fold 4
Fold 5
Fold 6



2021-08-12 14:58:19
Parameters (K8N5A2EDPH) 94/675
{'max_depth': 13, 'max_features': 0.2, 'min_samples_leaf': 0.001, 'min_samples_split': 1e-05, 'n_estimators': 700}
Fold 1
Fold 2
Fold 3
Fold 4
Fold 5
Fold 6



2021-08-12 14:58:34
Parameters (CB5JJP4RGE) 95/675
{'max_depth': 50, 'max_features': 0.1, 'min_samples_leaf': 0.0001, 'min_samples_split': 1e-05, 'n_estimators': 700}
Fold 1
Fold 2
Fold 3
Fold 4
Fold 5
Fold 6



2021-08-12 14:58:48
Parameters (D90Y0D7BAD) 96/675
{'max_depth': 30, 'max_features': 0.1, 'min_samples_leaf': 1e-05, 'min_samples_split': 0.001, 'n_estimators': 2500}
Fold 1
Fold 2
Fold 3
Fold 4
Fold 5
Fold 6



2021-08-12 14:59:31
Parameters (B02J7UBHDN) 97/675
{'max_depth': 20, 'max_features': 0.2, 'min_samples_leaf': 0.001, 'min_samples_split': 0.0001, 'n_estimators': 700}
Fold 1
Fold 2
Fold 3
Fold 4
Fold 5
Fold 6



2021-08-12 14:59:46
Parameters (XJ1BF10J9L) 98/675
{'max_depth': 20, 'max_features': 0.2, 'min_samples_leaf': 0.001, 'min_samples_split': 0.0001, 'n_estimators': 1000}
Fold 1
Fold 2
Fold 3
Fold 4
Fold 5
Fold 6



2021-08-12 15:00:08
Parameters (WS4MMOMDMK) 99/675
{'max_depth': 15, 'max_features': 0.1, 'min_samples_leaf': 1e-05, 'min_samples_split': 0.001, 'n_estimators': 700}
Fold 1
Fold 2
Fold 3
Fold 4
Fold 5
Fold 6



2021-08-12 15:00:20
Parameters (KAGXMBV4LT) 100/675
{'max_depth': 30, 'max_features': 0.1, 'min_samples_leaf': 1e-05, 'min_samples_split': 0.0001, 'n_estimators': 700}
Fold 1
Fold 2
Fold 3
Fold 4
Fold 5
Fold 6



2021-08-12 15:00:34
Parameters (IMHMYO7VME) 101/675
{'max_depth': 13, 'max_features': 0.1, 'min_samples_leaf': 0.0001, 'min_samples_split': 0.001, 'n_estimators': 700}
Fold 1
Fold 2
Fold 3
Fold 4
Fold 5
Fold 6



2021-08-12 15:00:45
Parameters (HFPU60B9QP) 102/675
{'max_depth': 50, 'max_features': 0.7, 'min_samples_leaf': 0.0001, 'min_samples_split': 0.0001, 'n_estimators': 700}
Fold 1
Fold 2
Fold 3
Fold 4
Fold 5
Fold 6



2021-08-12 15:01:32
Parameters (BZMIBMVIZU) 103/675
{'max_depth': 30, 'max_features': 0.7, 'min_samples_leaf': 1e-05, 'min_samples_split': 0.001, 'n_estimators': 700}
Fold 1
Fold 2
Fold 3
Fold 4
Fold 5
Fold 6



2021-08-12 15:02:12
Parameters (148YGKQP7M) 104/675
{'max_depth': 20, 'max_features': 0.7, 'min_samples_leaf': 1e-05, 'min_samples_split': 0.0001, 'n_estimators': 1000}
Fold 1
Fold 2
Fold 3
Fold 4
Fold 5
Fold 6



2021-08-12 15:03:18
Parameters (QWH6TBXW6R) 105/675
{'max_depth': 50, 'max_features': 0.7, 'min_samples_leaf': 0.001, 'min_samples_split': 1e-05, 'n_estimators': 700}
Fold 1
Fold 2
Fold 3
Fold 4
Fold 5
Fold 6



2021-08-12 15:03:51
Parameters (E52H3YFSH6) 106/675
{'max_depth': 13, 'max_features': 0.3, 'min_samples_leaf': 1e-05, 'min_samples_split': 0.001, 'n_estimators': 2500}
Fold 1
Fold 2
Fold 3
Fold 4
Fold 5
Fold 6



2021-08-12 15:05:00
Parameters (178XV482S9) 107/675
{'max_depth': 50, 'max_features': 0.5, 'min_samples_leaf': 0.001, 'min_samples_split': 0.001, 'n_estimators': 2500}
Fold 1
Fold 2
Fold 3
Fold 4
Fold 5
Fold 6



2021-08-12 15:06:29
Parameters (TSNA7RWIR5) 108/675
{'max_depth': 15, 'max_features': 0.1, 'min_samples_leaf': 0.001, 'min_samples_split': 0.001, 'n_estimators': 700}
Fold 1
Fold 2
Fold 3
Fold 4
Fold 5
Fold 6



2021-08-12 15:06:40
Parameters (7YQ66RJPSM) 109/675
{'max_depth': 13, 'max_features': 0.3, 'min_samples_leaf': 1e-05, 'min_samples_split': 1e-05, 'n_estimators': 2500}
Fold 1
Fold 2
Fold 3
Fold 4
Fold 5
Fold 6



2021-08-12 15:07:54
Parameters (BMK4S7RAS9) 110/675
{'max_depth': 13, 'max_features': 0.7, 'min_samples_leaf': 1e-05, 'min_samples_split': 0.001, 'n_estimators': 1000}
Fold 1
Fold 2
Fold 3
Fold 4
Fold 5
Fold 6



2021-08-12 15:08:47
Parameters (BIG47LD0IA) 111/675
{'max_depth': 30, 'max_features': 0.3, 'min_samples_leaf': 1e-05, 'min_samples_split': 0.001, 'n_estimators': 700}
Fold 1
Fold 2
Fold 3
Fold 4
Fold 5
Fold 6



2021-08-12 15:09:07
Parameters (JWWKOXHMSD) 112/675
{'max_depth': 13, 'max_features': 0.5, 'min_samples_leaf': 0.001, 'min_samples_split': 0.001, 'n_estimators': 2500}
Fold 1
Fold 2
Fold 3
Fold 4
Fold 5
Fold 6



2021-08-12 15:10:35
Parameters (MUO58XC9AU) 113/675
{'max_depth': 20, 'max_features': 0.3, 'min_samples_leaf': 0.001, 'min_samples_split': 1e-05, 'n_estimators': 2500}
Fold 1
Fold 2
Fold 3
Fold 4
Fold 5
Fold 6



2021-08-12 15:11:37
Parameters (6NMJ3NDUW9) 114/675
{'max_depth': 13, 'max_features': 0.2, 'min_samples_leaf': 1e-05, 'min_samples_split': 0.001, 'n_estimators': 700}
Fold 1
Fold 2
Fold 3
Fold 4
Fold 5
Fold 6



2021-08-12 15:11:54
Parameters (ZC1UM2H7VP) 115/675
{'max_depth': 13, 'max_features': 0.1, 'min_samples_leaf': 0.001, 'min_samples_split': 0.001, 'n_estimators': 2500}
Fold 1
Fold 2
Fold 3
Fold 4
Fold 5
Fold 6



2021-08-12 15:12:31
Parameters (5HBQFAM5P6) 116/675
{'max_depth': 30, 'max_features': 0.7, 'min_samples_leaf': 0.001, 'min_samples_split': 1e-05, 'n_estimators': 1000}
Fold 1
Fold 2
Fold 3
Fold 4
Fold 5
Fold 6



2021-08-12 15:13:19
Parameters (FNPTXCOZZO) 117/675
{'max_depth': 30, 'max_features': 0.2, 'min_samples_leaf': 1e-05, 'min_samples_split': 0.0001, 'n_estimators': 2500}
Fold 1
Fold 2
Fold 3
Fold 4
Fold 5
Fold 6



2021-08-12 15:14:33
Parameters (X5RLJOLAY9) 118/675
{'max_depth': 20, 'max_features': 0.7, 'min_samples_leaf': 0.0001, 'min_samples_split': 1e-05, 'n_estimators': 1000}
Fold 1
Fold 2
Fold 3
Fold 4
Fold 5
Fold 6



2021-08-12 15:15:39
Parameters (I76V2PE7ID) 119/675
{'max_depth': 50, 'max_features': 0.5, 'min_samples_leaf': 1e-05, 'min_samples_split': 1e-05, 'n_estimators': 1000}
Fold 1
Fold 2
Fold 3
Fold 4
Fold 5
Fold 6



2021-08-12 15:16:29
Parameters (78I6IYQZ0H) 120/675
{'max_depth': 13, 'max_features': 0.5, 'min_samples_leaf': 0.0001, 'min_samples_split': 0.0001, 'n_estimators': 2500}
Fold 1
Fold 2
Fold 3
Fold 4
Fold 5
Fold 6



2021-08-12 15:18:16
Parameters (F0BV5TED9O) 121/675
{'max_depth': 50, 'max_features': 0.5, 'min_samples_leaf': 0.0001, 'min_samples_split': 1e-05, 'n_estimators': 2500}
Fold 1
Fold 2
Fold 3
Fold 4
Fold 5
Fold 6



2021-08-12 15:20:20
Parameters (4ULQXYBSZA) 122/675
{'max_depth': 30, 'max_features': 0.5, 'min_samples_leaf': 1e-05, 'min_samples_split': 1e-05, 'n_estimators': 1000}
Fold 1
Fold 2
Fold 3
Fold 4
Fold 5
Fold 6



2021-08-12 15:21:10
Parameters (D65WBJPU7O) 123/675
{'max_depth': 15, 'max_features': 0.5, 'min_samples_leaf': 0.0001, 'min_samples_split': 0.001, 'n_estimators': 1000}
Fold 1
Fold 2
Fold 3
Fold 4
Fold 5
Fold 6



2021-08-12 15:21:52
Parameters (6EPOYTSFY1) 124/675
{'max_depth': 30, 'max_features': 0.7, 'min_samples_leaf': 0.001, 'min_samples_split': 0.001, 'n_estimators': 700}
Fold 1
Fold 2
Fold 3
Fold 4
Fold 5
Fold 6



2021-08-12 15:22:25
Parameters (IQLMO1XMDS) 125/675
{'max_depth': 50, 'max_features': 0.1, 'min_samples_leaf': 0.001, 'min_samples_split': 0.001, 'n_estimators': 1000}
Fold 1
Fold 2
Fold 3
Fold 4
Fold 5
Fold 6



2021-08-12 15:22:40
Parameters (TTC2FP38TR) 126/675
{'max_depth': 20, 'max_features': 0.2, 'min_samples_leaf': 0.001, 'min_samples_split': 0.0001, 'n_estimators': 2500}
Fold 1
Fold 2
Fold 3
Fold 4
Fold 5
Fold 6



2021-08-12 15:23:34
Parameters (2R4W33LP06) 127/675
{'max_depth': 15, 'max_features': 0.1, 'min_samples_leaf': 1e-05, 'min_samples_split': 0.0001, 'n_estimators': 700}
Fold 1
Fold 2
Fold 3
Fold 4
Fold 5
Fold 6



2021-08-12 15:23:47
Parameters (M03DQTZ16S) 128/675
{'max_depth': 20, 'max_features': 0.1, 'min_samples_leaf': 1e-05, 'min_samples_split': 0.001, 'n_estimators': 700}
Fold 1
Fold 2
Fold 3
Fold 4
Fold 5
Fold 6



2021-08-12 15:23:59
Parameters (VM6OVMGLPQ) 129/675
{'max_depth': 20, 'max_features': 0.7, 'min_samples_leaf': 0.001, 'min_samples_split': 0.0001, 'n_estimators': 700}
Fold 1
Fold 2
Fold 3
Fold 4
Fold 5
Fold 6



2021-08-12 15:24:32
Parameters (EJ29COIET9) 130/675
{'max_depth': 20, 'max_features': 0.5, 'min_samples_leaf': 0.0001, 'min_samples_split': 1e-05, 'n_estimators': 2500}
Fold 1
Fold 2
Fold 3
Fold 4
Fold 5
Fold 6



2021-08-12 15:26:36
Parameters (2DKP9LMKP4) 131/675
{'max_depth': 15, 'max_features': 0.2, 'min_samples_leaf': 1e-05, 'min_samples_split': 0.0001, 'n_estimators': 700}
Fold 1
Fold 2
Fold 3
Fold 4
Fold 5
Fold 6



2021-08-12 15:26:56
Parameters (FDPYF88AIN) 132/675
{'max_depth': 13, 'max_features': 0.3, 'min_samples_leaf': 0.0001, 'min_samples_split': 0.0001, 'n_estimators': 700}
Fold 1
Fold 2
Fold 3
Fold 4
Fold 5
Fold 6



2021-08-12 15:27:17
Parameters (GX62GKWL61) 133/675
{'max_depth': 15, 'max_features': 0.2, 'min_samples_leaf': 0.001, 'min_samples_split': 0.001, 'n_estimators': 2500}
Fold 1
Fold 2
Fold 3
Fold 4
Fold 5
Fold 6



2021-08-12 15:28:11
Parameters (K3PO0BUMZO) 134/675
{'max_depth': 20, 'max_features': 0.2, 'min_samples_leaf': 0.001, 'min_samples_split': 0.001, 'n_estimators': 2500}
Fold 1
Fold 2
Fold 3
Fold 4
Fold 5
Fold 6



2021-08-12 15:29:05
Parameters (T01EAPZBF8) 135/675
{'max_depth': 50, 'max_features': 0.1, 'min_samples_leaf': 0.0001, 'min_samples_split': 1e-05, 'n_estimators': 2500}
Fold 1
Fold 2
Fold 3
Fold 4
Fold 5
Fold 6



2021-08-12 15:29:56
Parameters (VM3MREAVDV) 136/675
{'max_depth': 30, 'max_features': 0.1, 'min_samples_leaf': 0.001, 'min_samples_split': 0.0001, 'n_estimators': 700}
Fold 1
Fold 2
Fold 3
Fold 4
Fold 5
Fold 6



2021-08-12 15:30:06
Parameters (700INWMI8F) 137/675
{'max_depth': 20, 'max_features': 0.5, 'min_samples_leaf': 0.001, 'min_samples_split': 0.001, 'n_estimators': 1000}
Fold 1
Fold 2
Fold 3
Fold 4
Fold 5
Fold 6



2021-08-12 15:30:42
Parameters (GPGO007825) 138/675
{'max_depth': 13, 'max_features': 0.2, 'min_samples_leaf': 0.0001, 'min_samples_split': 0.001, 'n_estimators': 2500}
Fold 1
Fold 2
Fold 3
Fold 4
Fold 5
Fold 6



2021-08-12 15:31:42
Parameters (W9HNOOTF03) 139/675
{'max_depth': 50, 'max_features': 0.5, 'min_samples_leaf': 1e-05, 'min_samples_split': 0.001, 'n_estimators': 700}
Fold 1
Fold 2
Fold 3
Fold 4
Fold 5
Fold 6



2021-08-12 15:32:12
Parameters (4AF4KYWZX7) 140/675
{'max_depth': 20, 'max_features': 0.1, 'min_samples_leaf': 1e-05, 'min_samples_split': 1e-05, 'n_estimators': 700}
Fold 1
Fold 2
Fold 3
Fold 4
Fold 5
Fold 6



2021-08-12 15:32:26
Parameters (M470N2520Y) 141/675
{'max_depth': 20, 'max_features': 0.1, 'min_samples_leaf': 0.0001, 'min_samples_split': 0.001, 'n_estimators': 1000}
Fold 1
Fold 2
Fold 3
Fold 4
Fold 5
Fold 6



2021-08-12 15:32:43
Parameters (C9R1Z0IKOK) 142/675
{'max_depth': 20, 'max_features': 0.2, 'min_samples_leaf': 0.001, 'min_samples_split': 1e-05, 'n_estimators': 700}
Fold 1
Fold 2
Fold 3
Fold 4
Fold 5
Fold 6



2021-08-12 15:32:58
Parameters (JQI24ZIIV1) 143/675
{'max_depth': 20, 'max_features': 0.1, 'min_samples_leaf': 0.0001, 'min_samples_split': 0.0001, 'n_estimators': 1000}
Fold 1
Fold 2
Fold 3
Fold 4
Fold 5
Fold 6



2021-08-12 15:33:18
Parameters (3JEKHIXAVV) 144/675
{'max_depth': 50, 'max_features': 0.1, 'min_samples_leaf': 0.001, 'min_samples_split': 0.0001, 'n_estimators': 2500}
Fold 1
Fold 2
Fold 3
Fold 4
Fold 5
Fold 6



2021-08-12 15:33:56
Parameters (5BMJBO2ORN) 145/675
{'max_depth': 15, 'max_features': 0.1, 'min_samples_leaf': 0.0001, 'min_samples_split': 0.001, 'n_estimators': 2500}
Fold 1
Fold 2
Fold 3
Fold 4
Fold 5
Fold 6



2021-08-12 15:34:37
Parameters (5L8VZUFTSU) 146/675
{'max_depth': 30, 'max_features': 0.1, 'min_samples_leaf': 0.001, 'min_samples_split': 1e-05, 'n_estimators': 2500}
Fold 1
Fold 2
Fold 3
Fold 4
Fold 5
Fold 6



2021-08-12 15:35:14
Parameters (HAGROOS3UP) 147/675
{'max_depth': 13, 'max_features': 0.2, 'min_samples_leaf': 0.001, 'min_samples_split': 1e-05, 'n_estimators': 1000}
Fold 1
Fold 2
Fold 3
Fold 4
Fold 5
Fold 6



2021-08-12 15:35:36
Parameters (RD01SMXRKA) 148/675
{'max_depth': 15, 'max_features': 0.5, 'min_samples_leaf': 0.0001, 'min_samples_split': 0.001, 'n_estimators': 2500}
Fold 1
Fold 2
Fold 3
Fold 4
Fold 5
Fold 6



2021-08-12 15:37:19
Parameters (7T4XQTQNJ2) 149/675
{'max_depth': 15, 'max_features': 0.5, 'min_samples_leaf': 0.001, 'min_samples_split': 1e-05, 'n_estimators': 1000}
Fold 1
Fold 2
Fold 3
Fold 4
Fold 5
Fold 6



2021-08-12 15:37:55
Parameters (TGVM7LQLZJ) 150/675
{'max_depth': 15, 'max_features': 0.3, 'min_samples_leaf': 1e-05, 'min_samples_split': 0.0001, 'n_estimators': 2500}
Fold 1
Fold 2
Fold 3
Fold 4
Fold 5
Fold 6



2021-08-12 15:39:15
Parameters (W09C1G57G2) 151/675
{'max_depth': 20, 'max_features': 0.3, 'min_samples_leaf': 0.001, 'min_samples_split': 0.0001, 'n_estimators': 1000}
Fold 1
Fold 2
Fold 3
Fold 4
Fold 5
Fold 6



2021-08-12 15:39:40
Parameters (X6EP2HD0NH) 152/675
{'max_depth': 20, 'max_features': 0.7, 'min_samples_leaf': 1e-05, 'min_samples_split': 0.001, 'n_estimators': 2500}
Fold 1
Fold 2
Fold 3
Fold 4
Fold 5
Fold 6



2021-08-12 15:42:01
Parameters (89DR8YVG59) 153/675
{'max_depth': 20, 'max_features': 0.7, 'min_samples_leaf': 0.0001, 'min_samples_split': 0.0001, 'n_estimators': 1000}
Fold 1
Fold 2
Fold 3
Fold 4
Fold 5
Fold 6



2021-08-12 15:43:07
Parameters (YPAN78NYH6) 154/675
{'max_depth': 30, 'max_features': 0.5, 'min_samples_leaf': 1e-05, 'min_samples_split': 0.0001, 'n_estimators': 700}
Fold 1
Fold 2
Fold 3
Fold 4
Fold 5
Fold 6



2021-08-12 15:43:42
Parameters (LE6WE7P9EX) 155/675
{'max_depth': 13, 'max_features': 0.1, 'min_samples_leaf': 0.0001, 'min_samples_split': 1e-05, 'n_estimators': 1000}
Fold 1
Fold 2
Fold 3
Fold 4
Fold 5
Fold 6



2021-08-12 15:43:59
Parameters (A4UB7T1ZZ6) 156/675
{'max_depth': 30, 'max_features': 0.5, 'min_samples_leaf': 0.0001, 'min_samples_split': 1e-05, 'n_estimators': 2500}
Fold 1
Fold 2
Fold 3
Fold 4
Fold 5
Fold 6



2021-08-12 15:46:04
Parameters (9B7MNXJ412) 157/675
{'max_depth': 15, 'max_features': 0.2, 'min_samples_leaf': 0.0001, 'min_samples_split': 0.001, 'n_estimators': 2500}
Fold 1
Fold 2
Fold 3
Fold 4
Fold 5
Fold 6



2021-08-12 15:47:05
Parameters (FC6ZWCTJTD) 158/675
{'max_depth': 15, 'max_features': 0.2, 'min_samples_leaf': 0.0001, 'min_samples_split': 0.0001, 'n_estimators': 2500}
Fold 1
Fold 2
Fold 3
Fold 4
Fold 5
Fold 6



2021-08-12 15:48:14
Parameters (0U40ZWP7LY) 159/675
{'max_depth': 20, 'max_features': 0.7, 'min_samples_leaf': 0.0001, 'min_samples_split': 0.0001, 'n_estimators': 700}
Fold 1
Fold 2
Fold 3
Fold 4
Fold 5
Fold 6



2021-08-12 15:49:01
Parameters (WGBHKGJ2P9) 160/675
{'max_depth': 20, 'max_features': 0.5, 'min_samples_leaf': 0.001, 'min_samples_split': 0.0001, 'n_estimators': 2500}
Fold 1
Fold 2
Fold 3
Fold 4
Fold 5
Fold 6



2021-08-12 15:50:29
Parameters (W9QVEC8HMB) 161/675
{'max_depth': 15, 'max_features': 0.2, 'min_samples_leaf': 0.0001, 'min_samples_split': 0.0001, 'n_estimators': 700}
Fold 1
Fold 2
Fold 3
Fold 4
Fold 5
Fold 6



2021-08-12 15:50:49
Parameters (L8ZGHSH1VG) 162/675
{'max_depth': 15, 'max_features': 0.1, 'min_samples_leaf': 0.001, 'min_samples_split': 1e-05, 'n_estimators': 2500}
Fold 1
Fold 2
Fold 3
Fold 4
Fold 5
Fold 6



2021-08-12 15:51:26
Parameters (XEWITROPWN) 163/675
{'max_depth': 13, 'max_features': 0.3, 'min_samples_leaf': 1e-05, 'min_samples_split': 1e-05, 'n_estimators': 700}
Fold 1
Fold 2
Fold 3
Fold 4
Fold 5
Fold 6



2021-08-12 15:51:47
Parameters (DAJMMU680L) 164/675
{'max_depth': 50, 'max_features': 0.2, 'min_samples_leaf': 1e-05, 'min_samples_split': 0.0001, 'n_estimators': 2500}
Fold 1
Fold 2
Fold 3
Fold 4
Fold 5
Fold 6



2021-08-12 15:53:01
Parameters (JXOMZUY16W) 165/675
{'max_depth': 50, 'max_features': 0.5, 'min_samples_leaf': 0.0001, 'min_samples_split': 0.0001, 'n_estimators': 2500}
Fold 1
Fold 2
Fold 3
Fold 4
Fold 5
Fold 6



2021-08-12 15:55:06
Parameters (9KDXKAEHOV) 166/675
{'max_depth': 15, 'max_features': 0.1, 'min_samples_leaf': 1e-05, 'min_samples_split': 1e-05, 'n_estimators': 2500}
Fold 1
Fold 2
Fold 3
Fold 4
Fold 5
Fold 6



2021-08-12 15:55:53
Parameters (GSD6QI3NU3) 167/675
{'max_depth': 13, 'max_features': 0.1, 'min_samples_leaf': 0.001, 'min_samples_split': 0.0001, 'n_estimators': 700}
Fold 1
Fold 2
Fold 3
Fold 4
Fold 5
Fold 6



2021-08-12 15:56:04
Parameters (QWYIFKZ9XB) 168/675
{'max_depth': 50, 'max_features': 0.2, 'min_samples_leaf': 0.0001, 'min_samples_split': 0.001, 'n_estimators': 700}
Fold 1
Fold 2
Fold 3
Fold 4
Fold 5
Fold 6



2021-08-12 15:56:21
Parameters (R73PZXCKP9) 169/675
{'max_depth': 30, 'max_features': 0.5, 'min_samples_leaf': 1e-05, 'min_samples_split': 1e-05, 'n_estimators': 700}
Fold 1
Fold 2
Fold 3
Fold 4
Fold 5
Fold 6



2021-08-12 15:56:57
Parameters (E2PQXVCTVW) 170/675
{'max_depth': 30, 'max_features': 0.5, 'min_samples_leaf': 0.001, 'min_samples_split': 0.0001, 'n_estimators': 700}
Fold 1
Fold 2
Fold 3
Fold 4
Fold 5
Fold 6



2021-08-12 15:57:22
Parameters (6OPAUHQ2CF) 171/675
{'max_depth': 15, 'max_features': 0.7, 'min_samples_leaf': 0.0001, 'min_samples_split': 0.0001, 'n_estimators': 2500}
Fold 1
Fold 2
Fold 3
Fold 4
Fold 5
Fold 6



2021-08-12 15:59:55
Parameters (63V7WA4EZE) 172/675
{'max_depth': 50, 'max_features': 0.3, 'min_samples_leaf': 0.001, 'min_samples_split': 0.001, 'n_estimators': 1000}
Fold 1
Fold 2
Fold 3
Fold 4
Fold 5
Fold 6



2021-08-12 16:00:20
Parameters (I7GW3VHRUZ) 173/675
{'max_depth': 50, 'max_features': 0.5, 'min_samples_leaf': 0.001, 'min_samples_split': 0.001, 'n_estimators': 1000}
Fold 1
Fold 2
Fold 3
Fold 4
Fold 5
Fold 6



2021-08-12 16:00:55
Parameters (E4TIENTUQ3) 174/675
{'max_depth': 50, 'max_features': 0.3, 'min_samples_leaf': 0.0001, 'min_samples_split': 0.0001, 'n_estimators': 700}
Fold 1
Fold 2
Fold 3
Fold 4
Fold 5
Fold 6



2021-08-12 16:01:20
Parameters (DRV718609D) 175/675
{'max_depth': 13, 'max_features': 0.5, 'min_samples_leaf': 0.0001, 'min_samples_split': 0.0001, 'n_estimators': 1000}
Fold 1
Fold 2
Fold 3
Fold 4
Fold 5
Fold 6



2021-08-12 16:02:02
Parameters (DU41Q3U4KS) 176/675
{'max_depth': 20, 'max_features': 0.3, 'min_samples_leaf': 0.0001, 'min_samples_split': 0.001, 'n_estimators': 1000}
Fold 1
Fold 2
Fold 3
Fold 4
Fold 5
Fold 6



2021-08-12 16:02:31
Parameters (NS02GC0UPC) 177/675
{'max_depth': 15, 'max_features': 0.3, 'min_samples_leaf': 0.0001, 'min_samples_split': 1e-05, 'n_estimators': 2500}
Fold 1
Fold 2
Fold 3
Fold 4
Fold 5
Fold 6



2021-08-12 16:03:51
Parameters (88EJQBRHAL) 178/675
{'max_depth': 50, 'max_features': 0.5, 'min_samples_leaf': 0.001, 'min_samples_split': 0.0001, 'n_estimators': 1000}
Fold 1
Fold 2
Fold 3
Fold 4
Fold 5
Fold 6



2021-08-12 16:04:27
Parameters (PLXLKNUILX) 179/675
{'max_depth': 13, 'max_features': 0.3, 'min_samples_leaf': 0.001, 'min_samples_split': 1e-05, 'n_estimators': 700}
Fold 1
Fold 2
Fold 3
Fold 4
Fold 5
Fold 6



2021-08-12 16:04:44
Parameters (FKG05V4RO3) 180/675
{'max_depth': 15, 'max_features': 0.5, 'min_samples_leaf': 1e-05, 'min_samples_split': 0.001, 'n_estimators': 2500}
Fold 1
Fold 2
Fold 3
Fold 4
Fold 5
Fold 6



2021-08-12 16:06:27
Parameters (BOBXNSNR85) 181/675
{'max_depth': 30, 'max_features': 0.5, 'min_samples_leaf': 0.001, 'min_samples_split': 0.0001, 'n_estimators': 1000}
Fold 1
Fold 2
Fold 3
Fold 4
Fold 5
Fold 6



2021-08-12 16:07:03
Parameters (FJ0XKLHE4R) 182/675
{'max_depth': 20, 'max_features': 0.5, 'min_samples_leaf': 0.001, 'min_samples_split': 0.0001, 'n_estimators': 700}
Fold 1
Fold 2
Fold 3
Fold 4
Fold 5
Fold 6



2021-08-12 16:07:28
Parameters (WAWDRVORPB) 183/675
{'max_depth': 20, 'max_features': 0.3, 'min_samples_leaf': 0.0001, 'min_samples_split': 0.001, 'n_estimators': 2500}
Fold 1
Fold 2
Fold 3
Fold 4
Fold 5
Fold 6



2021-08-12 16:08:40
Parameters (BG1CRK6NKK) 184/675
{'max_depth': 50, 'max_features': 0.2, 'min_samples_leaf': 1e-05, 'min_samples_split': 0.001, 'n_estimators': 2500}
Fold 1
Fold 2
Fold 3
Fold 4
Fold 5
Fold 6



2021-08-12 16:09:43
Parameters (0DZZVM9VJW) 185/675
{'max_depth': 30, 'max_features': 0.7, 'min_samples_leaf': 1e-05, 'min_samples_split': 1e-05, 'n_estimators': 1000}
Fold 1
Fold 2
Fold 3
Fold 4
Fold 5
Fold 6



2021-08-12 16:10:49
Parameters (MJUR0ATIO0) 186/675
{'max_depth': 20, 'max_features': 0.7, 'min_samples_leaf': 0.001, 'min_samples_split': 0.0001, 'n_estimators': 1000}
Fold 1
Fold 2
Fold 3
Fold 4
Fold 5
Fold 6



2021-08-12 16:11:37
Parameters (TY7Y4LIPIU) 187/675
{'max_depth': 30, 'max_features': 0.2, 'min_samples_leaf': 0.0001, 'min_samples_split': 0.0001, 'n_estimators': 1000}
Fold 1
Fold 2
Fold 3
Fold 4
Fold 5
Fold 6



2021-08-12 16:12:07
Parameters (XBY2IRZ4C4) 188/675
{'max_depth': 13, 'max_features': 0.3, 'min_samples_leaf': 0.001, 'min_samples_split': 0.0001, 'n_estimators': 700}
Fold 1
Fold 2
Fold 3
Fold 4
Fold 5
Fold 6



2021-08-12 16:12:24
Parameters (I5MP3DY9D5) 189/675
{'max_depth': 15, 'max_features': 0.3, 'min_samples_leaf': 1e-05, 'min_samples_split': 1e-05, 'n_estimators': 2500}
Fold 1
Fold 2
Fold 3
Fold 4
Fold 5
Fold 6



2021-08-12 16:13:43
Parameters (0HRGNW6UXK) 190/675
{'max_depth': 15, 'max_features': 0.3, 'min_samples_leaf': 0.001, 'min_samples_split': 0.001, 'n_estimators': 2500}
Fold 1
Fold 2
Fold 3
Fold 4
Fold 5
Fold 6



2021-08-12 16:14:45
Parameters (JKY74WTWXO) 191/675
{'max_depth': 30, 'max_features': 0.3, 'min_samples_leaf': 0.0001, 'min_samples_split': 0.001, 'n_estimators': 2500}
Fold 1
Fold 2
Fold 3
Fold 4
Fold 5
Fold 6



2021-08-12 16:15:57
Parameters (605PVCKF9C) 192/675
{'max_depth': 30, 'max_features': 0.7, 'min_samples_leaf': 1e-05, 'min_samples_split': 0.0001, 'n_estimators': 1000}
Fold 1
Fold 2
Fold 3
Fold 4
Fold 5
Fold 6



2021-08-12 16:17:03
Parameters (KIBIHRX7CX) 193/675
{'max_depth': 30, 'max_features': 0.7, 'min_samples_leaf': 0.001, 'min_samples_split': 0.001, 'n_estimators': 1000}
Fold 1
Fold 2
Fold 3
Fold 4
Fold 5
Fold 6



2021-08-12 16:17:51
Parameters (XNHZ3AGJY3) 194/675
{'max_depth': 15, 'max_features': 0.3, 'min_samples_leaf': 0.0001, 'min_samples_split': 0.0001, 'n_estimators': 2500}
Fold 1
Fold 2
Fold 3
Fold 4
Fold 5
Fold 6



2021-08-12 16:19:10
Parameters (4JR2OKVN7F) 195/675
{'max_depth': 20, 'max_features': 0.1, 'min_samples_leaf': 0.001, 'min_samples_split': 0.001, 'n_estimators': 1000}
Fold 1
Fold 2
Fold 3
Fold 4
Fold 5
Fold 6



2021-08-12 16:19:25
Parameters (HPS69LXHKO) 196/675
{'max_depth': 13, 'max_features': 0.7, 'min_samples_leaf': 1e-05, 'min_samples_split': 1e-05, 'n_estimators': 2500}
Fold 1
Fold 2
Fold 3
Fold 4
Fold 5
Fold 6



2021-08-12 16:21:48
Parameters (HQ8HGTR1L4) 197/675
{'max_depth': 13, 'max_features': 0.1, 'min_samples_leaf': 1e-05, 'min_samples_split': 0.001, 'n_estimators': 2500}
Fold 1
Fold 2
Fold 3
Fold 4
Fold 5
Fold 6



2021-08-12 16:22:28
Parameters (N1XNJNON31) 198/675
{'max_depth': 50, 'max_features': 0.3, 'min_samples_leaf': 0.001, 'min_samples_split': 0.001, 'n_estimators': 2500}
Fold 1
Fold 2
Fold 3
Fold 4
Fold 5
Fold 6



2021-08-12 16:23:30
Parameters (5D7M97V2FU) 199/675
{'max_depth': 15, 'max_features': 0.3, 'min_samples_leaf': 0.001, 'min_samples_split': 1e-05, 'n_estimators': 2500}
Fold 1
Fold 2
Fold 3
Fold 4
Fold 5
Fold 6



2021-08-12 16:24:31
Parameters (ROA4QZ9LHG) 200/675
{'max_depth': 20, 'max_features': 0.2, 'min_samples_leaf': 1e-05, 'min_samples_split': 0.0001, 'n_estimators': 700}
Fold 1
Fold 2
Fold 3
Fold 4
Fold 5
Fold 6



2021-08-12 16:24:52
Parameters (XONSLWM5J6) 201/675
{'max_depth': 30, 'max_features': 0.1, 'min_samples_leaf': 1e-05, 'min_samples_split': 0.0001, 'n_estimators': 2500}
Fold 1
Fold 2
Fold 3
Fold 4
Fold 5
Fold 6



2021-08-12 16:25:43
Parameters (1N7KVUPW0W) 202/675
{'max_depth': 30, 'max_features': 0.2, 'min_samples_leaf': 1e-05, 'min_samples_split': 1e-05, 'n_estimators': 2500}
Fold 1
Fold 2
Fold 3
Fold 4
Fold 5
Fold 6



2021-08-12 16:26:57
Parameters (VEUAKFSJ5A) 203/675
{'max_depth': 20, 'max_features': 0.3, 'min_samples_leaf': 0.001, 'min_samples_split': 1e-05, 'n_estimators': 1000}
Fold 1
Fold 2
Fold 3
Fold 4
Fold 5
Fold 6



2021-08-12 16:27:22
Parameters (TKN1JYXHXV) 204/675
{'max_depth': 30, 'max_features': 0.2, 'min_samples_leaf': 1e-05, 'min_samples_split': 1e-05, 'n_estimators': 700}
Fold 1
Fold 2
Fold 3
Fold 4
Fold 5
Fold 6



2021-08-12 16:27:43
Parameters (QHC3BID10O) 205/675
{'max_depth': 13, 'max_features': 0.3, 'min_samples_leaf': 1e-05, 'min_samples_split': 0.0001, 'n_estimators': 1000}
Fold 1
Fold 2
Fold 3
Fold 4
Fold 5
Fold 6



2021-08-12 16:28:13
Parameters (O42LK5TPUP) 206/675
{'max_depth': 15, 'max_features': 0.5, 'min_samples_leaf': 1e-05, 'min_samples_split': 1e-05, 'n_estimators': 2500}
Fold 1
Fold 2
Fold 3
Fold 4
Fold 5
Fold 6



2021-08-12 16:30:08
Parameters (RKNHRT5ABT) 207/675
{'max_depth': 50, 'max_features': 0.3, 'min_samples_leaf': 1e-05, 'min_samples_split': 0.0001, 'n_estimators': 700}
Fold 1
Fold 2
Fold 3
Fold 4
Fold 5
Fold 6



2021-08-12 16:30:33
Parameters (608NKRIFV7) 208/675
{'max_depth': 20, 'max_features': 0.7, 'min_samples_leaf': 1e-05, 'min_samples_split': 0.0001, 'n_estimators': 700}
Fold 1
Fold 2
Fold 3
Fold 4
Fold 5
Fold 6



2021-08-12 16:31:19
Parameters (0RGK3VY3UE) 209/675
{'max_depth': 20, 'max_features': 0.3, 'min_samples_leaf': 0.0001, 'min_samples_split': 0.0001, 'n_estimators': 700}
Fold 1
Fold 2
Fold 3
Fold 4
Fold 5
Fold 6



2021-08-12 16:31:43
Parameters (OFKS2AKOP6) 210/675
{'max_depth': 15, 'max_features': 0.5, 'min_samples_leaf': 0.0001, 'min_samples_split': 1e-05, 'n_estimators': 2500}
Fold 1
Fold 2
Fold 3
Fold 4
Fold 5
Fold 6



2021-08-12 16:33:38
Parameters (EVWUM37HRA) 211/675
{'max_depth': 15, 'max_features': 0.7, 'min_samples_leaf': 0.0001, 'min_samples_split': 1e-05, 'n_estimators': 1000}
Fold 1
Fold 2
Fold 3
Fold 4
Fold 5
Fold 6



2021-08-12 16:34:40
Parameters (GUR8UO885Y) 212/675
{'max_depth': 30, 'max_features': 0.5, 'min_samples_leaf': 0.0001, 'min_samples_split': 0.001, 'n_estimators': 1000}
Fold 1
Fold 2
Fold 3
Fold 4
Fold 5
Fold 6



2021-08-12 16:35:22
Parameters (PNRI9797AM) 213/675
{'max_depth': 50, 'max_features': 0.2, 'min_samples_leaf': 0.0001, 'min_samples_split': 0.001, 'n_estimators': 2500}
Fold 1
Fold 2
Fold 3
Fold 4
Fold 5
Fold 6



2021-08-12 16:36:25
Parameters (M1OFDC7FPQ) 214/675
{'max_depth': 13, 'max_features': 0.3, 'min_samples_leaf': 0.0001, 'min_samples_split': 0.001, 'n_estimators': 1000}
Fold 1
Fold 2
Fold 3
Fold 4
Fold 5
Fold 6



2021-08-12 16:36:52
Parameters (UZQ7TVLJ0E) 215/675
{'max_depth': 50, 'max_features': 0.2, 'min_samples_leaf': 1e-05, 'min_samples_split': 1e-05, 'n_estimators': 700}
Fold 1
Fold 2
Fold 3
Fold 4
Fold 5
Fold 6



2021-08-12 16:37:13
Parameters (JRYGFOJ758) 216/675
{'max_depth': 20, 'max_features': 0.1, 'min_samples_leaf': 0.0001, 'min_samples_split': 1e-05, 'n_estimators': 700}
Fold 1
Fold 2
Fold 3
Fold 4
Fold 5
Fold 6



2021-08-12 16:37:28
Parameters (ZNTO2GVQOU) 217/675
{'max_depth': 13, 'max_features': 0.7, 'min_samples_leaf': 1e-05, 'min_samples_split': 1e-05, 'n_estimators': 700}
Fold 1
Fold 2
Fold 3
Fold 4
Fold 5
Fold 6



2021-08-12 16:38:08
Parameters (H8E90EG6TH) 218/675
{'max_depth': 50, 'max_features': 0.1, 'min_samples_leaf': 1e-05, 'min_samples_split': 0.0001, 'n_estimators': 1000}
Fold 1
Fold 2
Fold 3
Fold 4
Fold 5
Fold 6



2021-08-12 16:38:28
Parameters (QB7QEJICC8) 219/675
{'max_depth': 13, 'max_features': 0.5, 'min_samples_leaf': 0.0001, 'min_samples_split': 0.001, 'n_estimators': 1000}
Fold 1
Fold 2
Fold 3
Fold 4
Fold 5
Fold 6



2021-08-12 16:39:08
Parameters (WAB0DJVWO7) 220/675
{'max_depth': 15, 'max_features': 0.2, 'min_samples_leaf': 1e-05, 'min_samples_split': 0.0001, 'n_estimators': 2500}
Fold 1
Fold 2
Fold 3
Fold 4
Fold 5
Fold 6



2021-08-12 16:40:18
Parameters (LHSI73WUXQ) 221/675
{'max_depth': 13, 'max_features': 0.2, 'min_samples_leaf': 1e-05, 'min_samples_split': 0.001, 'n_estimators': 2500}
Fold 1
Fold 2
Fold 3
Fold 4
Fold 5
Fold 6



2021-08-12 16:41:17
Parameters (F272U13QMG) 222/675
{'max_depth': 15, 'max_features': 0.3, 'min_samples_leaf': 0.0001, 'min_samples_split': 0.001, 'n_estimators': 1000}
Fold 1
Fold 2
Fold 3
Fold 4
Fold 5
Fold 6



2021-08-12 16:41:45
Parameters (6MDHULHVZN) 223/675
{'max_depth': 15, 'max_features': 0.7, 'min_samples_leaf': 0.0001, 'min_samples_split': 0.0001, 'n_estimators': 700}
Fold 1
Fold 2
Fold 3
Fold 4
Fold 5
Fold 6



2021-08-12 16:42:29
Parameters (002EXUF7HN) 224/675
{'max_depth': 50, 'max_features': 0.7, 'min_samples_leaf': 1e-05, 'min_samples_split': 1e-05, 'n_estimators': 1000}
Fold 1
Fold 2
Fold 3
Fold 4
Fold 5
Fold 6



2021-08-12 16:43:35
Parameters (2CNXWL6X1F) 225/675
{'max_depth': 20, 'max_features': 0.1, 'min_samples_leaf': 0.0001, 'min_samples_split': 0.0001, 'n_estimators': 2500}
Fold 1
Fold 2
Fold 3
Fold 4
Fold 5
Fold 6



2021-08-12 16:44:26
Parameters (3Q2VRQISMF) 226/675
{'max_depth': 13, 'max_features': 0.2, 'min_samples_leaf': 1e-05, 'min_samples_split': 0.0001, 'n_estimators': 700}
Fold 1
Fold 2
Fold 3
Fold 4
Fold 5
Fold 6



2021-08-12 16:44:44
Parameters (9Q2MHRPUXZ) 227/675
{'max_depth': 30, 'max_features': 0.5, 'min_samples_leaf': 1e-05, 'min_samples_split': 0.0001, 'n_estimators': 2500}
Fold 1
Fold 2
Fold 3
Fold 4
Fold 5
Fold 6



2021-08-12 16:46:48
Parameters (A6EKDYJXGB) 228/675
{'max_depth': 13, 'max_features': 0.7, 'min_samples_leaf': 1e-05, 'min_samples_split': 0.001, 'n_estimators': 700}
Fold 1
Fold 2
Fold 3
Fold 4
Fold 5
Fold 6



2021-08-12 16:47:26
Parameters (P7VMMPMA8A) 229/675
{'max_depth': 30, 'max_features': 0.1, 'min_samples_leaf': 0.0001, 'min_samples_split': 1e-05, 'n_estimators': 1000}
Fold 1
Fold 2
Fold 3
Fold 4
Fold 5
Fold 6



2021-08-12 16:47:47
Parameters (2K4BF1IGZI) 230/675
{'max_depth': 13, 'max_features': 0.7, 'min_samples_leaf': 0.0001, 'min_samples_split': 0.0001, 'n_estimators': 2500}
Fold 1
Fold 2
Fold 3
Fold 4
Fold 5
Fold 6



2021-08-12 16:50:10
Parameters (R68369WH05) 231/675
{'max_depth': 13, 'max_features': 0.5, 'min_samples_leaf': 1e-05, 'min_samples_split': 0.001, 'n_estimators': 700}
Fold 1
Fold 2
Fold 3
Fold 4
Fold 5
Fold 6



2021-08-12 16:50:38
Parameters (47B5HK49J5) 232/675
{'max_depth': 15, 'max_features': 0.5, 'min_samples_leaf': 0.001, 'min_samples_split': 0.0001, 'n_estimators': 2500}
Fold 1
Fold 2
Fold 3
Fold 4
Fold 5
Fold 6



2021-08-12 16:52:07
Parameters (7BF6SE3R80) 233/675
{'max_depth': 15, 'max_features': 0.5, 'min_samples_leaf': 1e-05, 'min_samples_split': 1e-05, 'n_estimators': 1000}
Fold 1
Fold 2
Fold 3
Fold 4
Fold 5
Fold 6



2021-08-12 16:52:53
Parameters (R5BTS1J4C4) 234/675
{'max_depth': 30, 'max_features': 0.7, 'min_samples_leaf': 0.001, 'min_samples_split': 1e-05, 'n_estimators': 700}
Fold 1
Fold 2
Fold 3
Fold 4
Fold 5
Fold 6



2021-08-12 16:53:26
Parameters (JE7EGZRHZ0) 235/675
{'max_depth': 15, 'max_features': 0.7, 'min_samples_leaf': 0.001, 'min_samples_split': 0.0001, 'n_estimators': 2500}
Fold 1
Fold 2
Fold 3
Fold 4
Fold 5
Fold 6



2021-08-12 16:55:25
Parameters (1X25IJOQTJ) 236/675
{'max_depth': 50, 'max_features': 0.5, 'min_samples_leaf': 0.001, 'min_samples_split': 1e-05, 'n_estimators': 2500}
Fold 1
Fold 2
Fold 3
Fold 4
Fold 5
Fold 6



2021-08-12 16:56:54
Parameters (FKP2CV6FCE) 237/675
{'max_depth': 30, 'max_features': 0.7, 'min_samples_leaf': 0.0001, 'min_samples_split': 0.0001, 'n_estimators': 700}
Fold 1
Fold 2
Fold 3
Fold 4
Fold 5
Fold 6



2021-08-12 16:57:40
Parameters (IIC3RXLWAH) 238/675
{'max_depth': 50, 'max_features': 0.1, 'min_samples_leaf': 0.001, 'min_samples_split': 0.0001, 'n_estimators': 700}
Fold 1
Fold 2
Fold 3
Fold 4
Fold 5
Fold 6



2021-08-12 16:57:51
Parameters (8IOZ1B4GBY) 239/675
{'max_depth': 30, 'max_features': 0.2, 'min_samples_leaf': 1e-05, 'min_samples_split': 1e-05, 'n_estimators': 1000}
Fold 1
Fold 2
Fold 3
Fold 4
Fold 5
Fold 6



2021-08-12 16:58:20
Parameters (51B6I8E4RX) 240/675
{'max_depth': 13, 'max_features': 0.2, 'min_samples_leaf': 0.0001, 'min_samples_split': 0.001, 'n_estimators': 1000}
Fold 1
Fold 2
Fold 3
Fold 4
Fold 5
Fold 6



2021-08-12 16:58:44
Parameters (UNC5HG9B7H) 241/675
{'max_depth': 20, 'max_features': 0.2, 'min_samples_leaf': 0.001, 'min_samples_split': 1e-05, 'n_estimators': 1000}
Fold 1
Fold 2
Fold 3
Fold 4
Fold 5
Fold 6



2021-08-12 16:59:06
Parameters (ZZ8KP4XW29) 242/675
{'max_depth': 15, 'max_features': 0.1, 'min_samples_leaf': 0.0001, 'min_samples_split': 0.001, 'n_estimators': 700}
Fold 1
Fold 2
Fold 3
Fold 4
Fold 5
Fold 6



2021-08-12 16:59:18
Parameters (6FDEQ4BV6C) 243/675
{'max_depth': 13, 'max_features': 0.1, 'min_samples_leaf': 0.0001, 'min_samples_split': 1e-05, 'n_estimators': 700}
Fold 1
Fold 2
Fold 3
Fold 4
Fold 5
Fold 6



2021-08-12 16:59:30
Parameters (YDTNSV07PV) 244/675
{'max_depth': 13, 'max_features': 0.2, 'min_samples_leaf': 0.0001, 'min_samples_split': 1e-05, 'n_estimators': 700}
Fold 1
Fold 2
Fold 3
Fold 4
Fold 5
Fold 6



2021-08-12 16:59:48
Parameters (Z1GIXV6Y1C) 245/675
{'max_depth': 50, 'max_features': 0.2, 'min_samples_leaf': 0.001, 'min_samples_split': 0.001, 'n_estimators': 1000}
Fold 1
Fold 2
Fold 3
Fold 4
Fold 5
Fold 6



2021-08-12 17:00:09
Parameters (DI17R4Y4KV) 246/675
{'max_depth': 50, 'max_features': 0.5, 'min_samples_leaf': 0.001, 'min_samples_split': 1e-05, 'n_estimators': 1000}
Fold 1
Fold 2
Fold 3
Fold 4
Fold 5
Fold 6



2021-08-12 17:00:45
Parameters (BXWD6HMSFB) 247/675
{'max_depth': 30, 'max_features': 0.3, 'min_samples_leaf': 1e-05, 'min_samples_split': 0.0001, 'n_estimators': 700}
Fold 1
Fold 2
Fold 3
Fold 4
Fold 5
Fold 6



2021-08-12 17:01:09
Parameters (ICG247E5PH) 248/675
{'max_depth': 30, 'max_features': 0.2, 'min_samples_leaf': 0.0001, 'min_samples_split': 1e-05, 'n_estimators': 700}
Fold 1
Fold 2
Fold 3
Fold 4
Fold 5
Fold 6



2021-08-12 17:01:30
Parameters (GY47YF8RE6) 249/675
{'max_depth': 13, 'max_features': 0.1, 'min_samples_leaf': 0.0001, 'min_samples_split': 0.001, 'n_estimators': 1000}
Fold 1
Fold 2
Fold 3
Fold 4
Fold 5
Fold 6



2021-08-12 17:01:46
Parameters (WQPN4QEZWT) 250/675
{'max_depth': 50, 'max_features': 0.3, 'min_samples_leaf': 0.0001, 'min_samples_split': 0.0001, 'n_estimators': 2500}
Fold 1
Fold 2
Fold 3
Fold 4
Fold 5
Fold 6



2021-08-12 17:03:12
Parameters (RCBCCJUSVN) 251/675
{'max_depth': 50, 'max_features': 0.1, 'min_samples_leaf': 0.0001, 'min_samples_split': 0.0001, 'n_estimators': 700}
Fold 1
Fold 2
Fold 3
Fold 4
Fold 5
Fold 6



2021-08-12 17:03:26
Parameters (UQGQUONWLQ) 252/675
{'max_depth': 30, 'max_features': 0.3, 'min_samples_leaf': 1e-05, 'min_samples_split': 0.0001, 'n_estimators': 1000}
Fold 1
Fold 2
Fold 3
Fold 4
Fold 5
Fold 6



2021-08-12 17:04:01
Parameters (HW93HG5KJ3) 253/675
{'max_depth': 20, 'max_features': 0.5, 'min_samples_leaf': 0.0001, 'min_samples_split': 0.0001, 'n_estimators': 1000}
Fold 1
Fold 2
Fold 3
Fold 4
Fold 5
Fold 6



2021-08-12 17:04:50
Parameters (B371NFZ01H) 254/675
{'max_depth': 50, 'max_features': 0.3, 'min_samples_leaf': 0.001, 'min_samples_split': 0.0001, 'n_estimators': 700}
Fold 1
Fold 2
Fold 3
Fold 4
Fold 5
Fold 6



2021-08-12 17:05:08
Parameters (UBT2VH99GF) 255/675
{'max_depth': 13, 'max_features': 0.7, 'min_samples_leaf': 0.001, 'min_samples_split': 0.0001, 'n_estimators': 2500}
Fold 1
Fold 2
Fold 3
Fold 4
Fold 5
Fold 6



2021-08-12 17:07:05
Parameters (025UWOZLO3) 256/675
{'max_depth': 30, 'max_features': 0.3, 'min_samples_leaf': 0.001, 'min_samples_split': 1e-05, 'n_estimators': 2500}
Fold 1
Fold 2
Fold 3
Fold 4
Fold 5
Fold 6



2021-08-12 17:08:07
Parameters (KQ0MA71IHK) 257/675
{'max_depth': 15, 'max_features': 0.3, 'min_samples_leaf': 1e-05, 'min_samples_split': 1e-05, 'n_estimators': 700}
Fold 1
Fold 2
Fold 3
Fold 4
Fold 5
Fold 6



2021-08-12 17:08:29
Parameters (CPWGRWWHXU) 258/675
{'max_depth': 50, 'max_features': 0.2, 'min_samples_leaf': 1e-05, 'min_samples_split': 0.0001, 'n_estimators': 700}
Fold 1
Fold 2
Fold 3
Fold 4
Fold 5
Fold 6



2021-08-12 17:08:50
Parameters (8IHYR3PAGF) 259/675
{'max_depth': 50, 'max_features': 0.1, 'min_samples_leaf': 1e-05, 'min_samples_split': 0.0001, 'n_estimators': 2500}
Fold 1
Fold 2
Fold 3
Fold 4
Fold 5
Fold 6



2021-08-12 17:09:41
Parameters (CSG6XDYPNH) 260/675
{'max_depth': 13, 'max_features': 0.2, 'min_samples_leaf': 1e-05, 'min_samples_split': 1e-05, 'n_estimators': 2500}
Fold 1
Fold 2
Fold 3
Fold 4
Fold 5
Fold 6



2021-08-12 17:10:46
Parameters (GAGQL767WE) 261/675
{'max_depth': 50, 'max_features': 0.5, 'min_samples_leaf': 0.0001, 'min_samples_split': 0.001, 'n_estimators': 1000}
Fold 1
Fold 2
Fold 3
Fold 4
Fold 5
Fold 6



2021-08-12 17:11:28
Parameters (23LPO2E0PD) 262/675
{'max_depth': 30, 'max_features': 0.1, 'min_samples_leaf': 0.0001, 'min_samples_split': 1e-05, 'n_estimators': 700}
Fold 1
Fold 2
Fold 3
Fold 4
Fold 5
Fold 6



2021-08-12 17:11:43
Parameters (97BZ17NXZA) 263/675
{'max_depth': 15, 'max_features': 0.5, 'min_samples_leaf': 1e-05, 'min_samples_split': 0.0001, 'n_estimators': 2500}
Fold 1
Fold 2
Fold 3
Fold 4
Fold 5
Fold 6



2021-08-12 17:13:38
Parameters (GG9MDRI9PA) 264/675
{'max_depth': 15, 'max_features': 0.7, 'min_samples_leaf': 1e-05, 'min_samples_split': 0.0001, 'n_estimators': 2500}
Fold 1
Fold 2
Fold 3
Fold 4
Fold 5
Fold 6



2021-08-12 17:16:12
Parameters (PAN8YMGUOK) 265/675
{'max_depth': 13, 'max_features': 0.5, 'min_samples_leaf': 0.001, 'min_samples_split': 0.001, 'n_estimators': 1000}
Fold 1
Fold 2
Fold 3
Fold 4
Fold 5
Fold 6



2021-08-12 17:16:47
Parameters (LL9CETX3AX) 266/675
{'max_depth': 50, 'max_features': 0.2, 'min_samples_leaf': 0.0001, 'min_samples_split': 1e-05, 'n_estimators': 700}
Fold 1
Fold 2
Fold 3
Fold 4
Fold 5
Fold 6



2021-08-12 17:17:08
Parameters (Y1EDNTZRSD) 267/675
{'max_depth': 50, 'max_features': 0.3, 'min_samples_leaf': 1e-05, 'min_samples_split': 0.0001, 'n_estimators': 1000}
Fold 1
Fold 2
Fold 3
Fold 4
Fold 5
Fold 6



2021-08-12 17:17:42
Parameters (BXCPUKOAIY) 268/675
{'max_depth': 30, 'max_features': 0.2, 'min_samples_leaf': 1e-05, 'min_samples_split': 0.001, 'n_estimators': 700}
Fold 1
Fold 2
Fold 3
Fold 4
Fold 5
Fold 6



2021-08-12 17:18:00
Parameters (QUE0FNEMP7) 269/675
{'max_depth': 20, 'max_features': 0.1, 'min_samples_leaf': 1e-05, 'min_samples_split': 1e-05, 'n_estimators': 1000}
Fold 1
Fold 2
Fold 3
Fold 4
Fold 5
Fold 6



2021-08-12 17:18:20
Parameters (TBU43M333B) 270/675
{'max_depth': 20, 'max_features': 0.2, 'min_samples_leaf': 1e-05, 'min_samples_split': 0.0001, 'n_estimators': 2500}
Fold 1
Fold 2
Fold 3
Fold 4
Fold 5
Fold 6



2021-08-12 17:19:33
Parameters (M5TF18N5MG) 271/675
{'max_depth': 50, 'max_features': 0.7, 'min_samples_leaf': 0.0001, 'min_samples_split': 0.001, 'n_estimators': 700}
Fold 1
Fold 2
Fold 3
Fold 4
Fold 5
Fold 6



2021-08-12 17:20:13
Parameters (Z1L6TDE3CM) 272/675
{'max_depth': 30, 'max_features': 0.1, 'min_samples_leaf': 1e-05, 'min_samples_split': 0.001, 'n_estimators': 700}
Fold 1
Fold 2
Fold 3
Fold 4
Fold 5
Fold 6



2021-08-12 17:20:25
Parameters (9GWZSGXD3G) 273/675
{'max_depth': 13, 'max_features': 0.1, 'min_samples_leaf': 1e-05, 'min_samples_split': 1e-05, 'n_estimators': 700}
Fold 1
Fold 2
Fold 3
Fold 4
Fold 5
Fold 6



2021-08-12 17:20:37
Parameters (2DVVDUJAD8) 274/675
{'max_depth': 30, 'max_features': 0.1, 'min_samples_leaf': 0.001, 'min_samples_split': 0.001, 'n_estimators': 1000}
Fold 1
Fold 2
Fold 3
Fold 4
Fold 5
Fold 6



2021-08-12 17:20:52
Parameters (FX9XIYJQIY) 275/675
{'max_depth': 15, 'max_features': 0.7, 'min_samples_leaf': 0.0001, 'min_samples_split': 0.0001, 'n_estimators': 1000}
Fold 1
Fold 2
Fold 3
Fold 4
Fold 5
Fold 6



2021-08-12 17:21:54
Parameters (3XN19P8SI3) 276/675
{'max_depth': 13, 'max_features': 0.3, 'min_samples_leaf': 0.0001, 'min_samples_split': 0.0001, 'n_estimators': 2500}
Fold 1
Fold 2
Fold 3
Fold 4
Fold 5
Fold 6



2021-08-12 17:23:08
Parameters (0P721LMLCE) 277/675
{'max_depth': 50, 'max_features': 0.2, 'min_samples_leaf': 0.001, 'min_samples_split': 1e-05, 'n_estimators': 700}
Fold 1
Fold 2
Fold 3
Fold 4
Fold 5
Fold 6



2021-08-12 17:23:23
Parameters (HXY3CQHQII) 278/675
{'max_depth': 30, 'max_features': 0.5, 'min_samples_leaf': 1e-05, 'min_samples_split': 0.0001, 'n_estimators': 1000}
Fold 1
Fold 2
Fold 3
Fold 4
Fold 5
Fold 6



2021-08-12 17:24:13
Parameters (BNA9G3LPDI) 279/675
{'max_depth': 20, 'max_features': 0.2, 'min_samples_leaf': 1e-05, 'min_samples_split': 1e-05, 'n_estimators': 700}
Fold 1
Fold 2
Fold 3
Fold 4
Fold 5
Fold 6



2021-08-12 17:24:33
Parameters (6N18CN6PBG) 280/675
{'max_depth': 50, 'max_features': 0.7, 'min_samples_leaf': 0.001, 'min_samples_split': 0.0001, 'n_estimators': 700}
Fold 1
Fold 2
Fold 3
Fold 4
Fold 5
Fold 6



2021-08-12 17:25:07
Parameters (8BAY4TP5AW) 281/675
{'max_depth': 50, 'max_features': 0.1, 'min_samples_leaf': 0.001, 'min_samples_split': 0.001, 'n_estimators': 700}
Fold 1
Fold 2
Fold 3
Fold 4
Fold 5
Fold 6



2021-08-12 17:25:18
Parameters (VD3MZPPAGN) 282/675
{'max_depth': 50, 'max_features': 0.5, 'min_samples_leaf': 1e-05, 'min_samples_split': 0.001, 'n_estimators': 2500}
Fold 1
Fold 2
Fold 3
Fold 4
Fold 5
Fold 6



2021-08-12 17:27:03
Parameters (S6MREUNKXJ) 283/675
{'max_depth': 50, 'max_features': 0.5, 'min_samples_leaf': 1e-05, 'min_samples_split': 0.001, 'n_estimators': 1000}
Fold 1
Fold 2
Fold 3
Fold 4
Fold 5
Fold 6



2021-08-12 17:27:46
Parameters (WD9O0AR9A0) 284/675
{'max_depth': 13, 'max_features': 0.2, 'min_samples_leaf': 0.001, 'min_samples_split': 0.0001, 'n_estimators': 2500}
Fold 1
Fold 2
Fold 3
Fold 4
Fold 5
Fold 6



2021-08-12 17:28:39
Parameters (1V5V695L78) 285/675
{'max_depth': 30, 'max_features': 0.7, 'min_samples_leaf': 0.0001, 'min_samples_split': 1e-05, 'n_estimators': 1000}
Fold 1
Fold 2
Fold 3
Fold 4
Fold 5
Fold 6



2021-08-12 17:29:46
Parameters (P191064V7J) 286/675
{'max_depth': 30, 'max_features': 0.2, 'min_samples_leaf': 0.0001, 'min_samples_split': 0.001, 'n_estimators': 2500}
Fold 1
Fold 2
Fold 3
Fold 4
Fold 5
Fold 6



2021-08-12 17:30:48
Parameters (F8MUYQ67XB) 287/675
{'max_depth': 13, 'max_features': 0.3, 'min_samples_leaf': 0.001, 'min_samples_split': 0.001, 'n_estimators': 2500}
Fold 1
Fold 2
Fold 3
Fold 4
Fold 5
Fold 6



2021-08-12 17:31:50
Parameters (E0I6OVWEDQ) 288/675
{'max_depth': 20, 'max_features': 0.3, 'min_samples_leaf': 1e-05, 'min_samples_split': 0.001, 'n_estimators': 2500}
Fold 1
Fold 2
Fold 3
Fold 4
Fold 5
Fold 6



2021-08-12 17:33:02
Parameters (G7BXHNPBSG) 289/675
{'max_depth': 15, 'max_features': 0.3, 'min_samples_leaf': 0.0001, 'min_samples_split': 1e-05, 'n_estimators': 700}
Fold 1
Fold 2
Fold 3
Fold 4
Fold 5
Fold 6



2021-08-12 17:33:24
Parameters (ZG4IUC3J7L) 290/675
{'max_depth': 13, 'max_features': 0.5, 'min_samples_leaf': 0.0001, 'min_samples_split': 1e-05, 'n_estimators': 700}
Fold 1
Fold 2
Fold 3
Fold 4
Fold 5
Fold 6



2021-08-12 17:33:55
Parameters (2XQUMREEZP) 291/675
{'max_depth': 13, 'max_features': 0.1, 'min_samples_leaf': 0.0001, 'min_samples_split': 1e-05, 'n_estimators': 2500}
Fold 1
Fold 2
Fold 3
Fold 4
Fold 5
Fold 6



2021-08-12 17:34:37
Parameters (3YFXAQSLKI) 292/675
{'max_depth': 20, 'max_features': 0.5, 'min_samples_leaf': 1e-05, 'min_samples_split': 0.001, 'n_estimators': 1000}
Fold 1
Fold 2
Fold 3
Fold 4
Fold 5
Fold 6



2021-08-12 17:35:19
Parameters (2E499R04M1) 293/675
{'max_depth': 15, 'max_features': 0.3, 'min_samples_leaf': 0.001, 'min_samples_split': 0.001, 'n_estimators': 700}
Fold 1
Fold 2
Fold 3
Fold 4
Fold 5
Fold 6



2021-08-12 17:35:37
Parameters (4518MNSP6Y) 294/675
{'max_depth': 20, 'max_features': 0.2, 'min_samples_leaf': 1e-05, 'min_samples_split': 0.001, 'n_estimators': 2500}
Fold 1
Fold 2
Fold 3
Fold 4
Fold 5
Fold 6



2021-08-12 17:36:40
Parameters (PG6BJUPVO6) 295/675
{'max_depth': 50, 'max_features': 0.5, 'min_samples_leaf': 0.0001, 'min_samples_split': 0.0001, 'n_estimators': 1000}
Fold 1
Fold 2
Fold 3
Fold 4
Fold 5
Fold 6



2021-08-12 17:37:30
Parameters (DIX2YMBAQD) 296/675
{'max_depth': 50, 'max_features': 0.3, 'min_samples_leaf': 0.001, 'min_samples_split': 1e-05, 'n_estimators': 2500}
Fold 1
Fold 2
Fold 3
Fold 4
Fold 5
Fold 6



2021-08-12 17:38:32
Parameters (NKJGIW4MYZ) 297/675
{'max_depth': 13, 'max_features': 0.2, 'min_samples_leaf': 1e-05, 'min_samples_split': 0.0001, 'n_estimators': 2500}
Fold 1
Fold 2
Fold 3
Fold 4
Fold 5
Fold 6



2021-08-12 17:39:36
Parameters (R05TUVOMVZ) 298/675
{'max_depth': 20, 'max_features': 0.2, 'min_samples_leaf': 1e-05, 'min_samples_split': 0.001, 'n_estimators': 1000}
Fold 1
Fold 2
Fold 3
Fold 4
Fold 5
Fold 6



2021-08-12 17:40:01
Parameters (1MZ8KW2LXZ) 299/675
{'max_depth': 50, 'max_features': 0.1, 'min_samples_leaf': 0.001, 'min_samples_split': 1e-05, 'n_estimators': 700}
Fold 1
Fold 2
Fold 3
Fold 4
Fold 5
Fold 6



2021-08-12 17:40:12
Parameters (Z2MGIM7VWM) 300/675
{'max_depth': 13, 'max_features': 0.2, 'min_samples_leaf': 0.001, 'min_samples_split': 0.001, 'n_estimators': 700}
Fold 1
Fold 2
Fold 3
Fold 4
Fold 5
Fold 6



2021-08-12 17:40:27
Parameters (LL1W68ZQD5) 301/675
{'max_depth': 50, 'max_features': 0.1, 'min_samples_leaf': 1e-05, 'min_samples_split': 1e-05, 'n_estimators': 700}
Fold 1
Fold 2
Fold 3
Fold 4
Fold 5
Fold 6



2021-08-12 17:40:41
Parameters (ZFSYAWZMU4) 302/675
{'max_depth': 15, 'max_features': 0.1, 'min_samples_leaf': 0.001, 'min_samples_split': 0.0001, 'n_estimators': 700}
Fold 1
Fold 2
Fold 3
Fold 4
Fold 5
Fold 6



2021-08-12 17:40:52
Parameters (RHPJBQKJGE) 303/675
{'max_depth': 50, 'max_features': 0.7, 'min_samples_leaf': 0.0001, 'min_samples_split': 0.0001, 'n_estimators': 2500}
Fold 1
Fold 2
Fold 3
Fold 4
Fold 5
Fold 6



2021-08-12 17:43:37
Parameters (2F5YF7SGID) 304/675
{'max_depth': 20, 'max_features': 0.2, 'min_samples_leaf': 0.0001, 'min_samples_split': 1e-05, 'n_estimators': 2500}
Fold 1
Fold 2
Fold 3
Fold 4
Fold 5
Fold 6



2021-08-12 17:44:51
Parameters (T76KQN1H33) 305/675
{'max_depth': 30, 'max_features': 0.2, 'min_samples_leaf': 0.001, 'min_samples_split': 1e-05, 'n_estimators': 1000}
Fold 1
Fold 2
Fold 3
Fold 4
Fold 5
Fold 6



2021-08-12 17:45:12
Parameters (DIMQIBXPFB) 306/675
{'max_depth': 30, 'max_features': 0.7, 'min_samples_leaf': 0.0001, 'min_samples_split': 1e-05, 'n_estimators': 700}
Fold 1
Fold 2
Fold 3
Fold 4
Fold 5
Fold 6



2021-08-12 17:45:59
Parameters (Z09QJS141C) 307/675
{'max_depth': 20, 'max_features': 0.2, 'min_samples_leaf': 1e-05, 'min_samples_split': 0.0001, 'n_estimators': 1000}
Fold 1
Fold 2
Fold 3
Fold 4
Fold 5
Fold 6



2021-08-12 17:46:29
Parameters (J2XZHZSJC8) 308/675
{'max_depth': 20, 'max_features': 0.3, 'min_samples_leaf': 0.001, 'min_samples_split': 0.0001, 'n_estimators': 2500}
Fold 1
Fold 2
Fold 3
Fold 4
Fold 5
Fold 6



2021-08-12 17:47:31
Parameters (NK440IOAVG) 309/675
{'max_depth': 20, 'max_features': 0.1, 'min_samples_leaf': 0.0001, 'min_samples_split': 0.0001, 'n_estimators': 700}
Fold 1
Fold 2
Fold 3
Fold 4
Fold 5
Fold 6



2021-08-12 17:47:45
Parameters (806HVP648G) 310/675
{'max_depth': 30, 'max_features': 0.3, 'min_samples_leaf': 0.001, 'min_samples_split': 0.0001, 'n_estimators': 2500}
Fold 1
Fold 2
Fold 3
Fold 4
Fold 5
Fold 6



2021-08-12 17:48:46
Parameters (SPC37WEDSI) 311/675
{'max_depth': 13, 'max_features': 0.5, 'min_samples_leaf': 0.0001, 'min_samples_split': 0.001, 'n_estimators': 700}
Fold 1
Fold 2
Fold 3
Fold 4
Fold 5
Fold 6



2021-08-12 17:49:15
Parameters (Z6EKOQGZKD) 312/675
{'max_depth': 15, 'max_features': 0.2, 'min_samples_leaf': 1e-05, 'min_samples_split': 1e-05, 'n_estimators': 2500}
Fold 1
Fold 2
Fold 3
Fold 4
Fold 5
Fold 6



2021-08-12 17:50:24
Parameters (BIQW51P6ZQ) 313/675
{'max_depth': 50, 'max_features': 0.7, 'min_samples_leaf': 0.001, 'min_samples_split': 0.0001, 'n_estimators': 1000}
Fold 1
Fold 2
Fold 3
Fold 4
Fold 5
Fold 6



2021-08-12 17:51:12
Parameters (YLIT5YFJ82) 314/675
{'max_depth': 50, 'max_features': 0.3, 'min_samples_leaf': 0.0001, 'min_samples_split': 0.0001, 'n_estimators': 1000}
Fold 1
Fold 2
Fold 3
Fold 4
Fold 5
Fold 6



2021-08-12 17:51:46
Parameters (9NW4CDMB49) 315/675
{'max_depth': 13, 'max_features': 0.3, 'min_samples_leaf': 0.001, 'min_samples_split': 1e-05, 'n_estimators': 2500}
Fold 1
Fold 2
Fold 3
Fold 4
Fold 5
Fold 6



2021-08-12 17:52:47
Parameters (RMP2BC5S5C) 316/675
{'max_depth': 13, 'max_features': 0.2, 'min_samples_leaf': 1e-05, 'min_samples_split': 1e-05, 'n_estimators': 700}
Fold 1
Fold 2
Fold 3
Fold 4
Fold 5
Fold 6



2021-08-12 17:53:06
Parameters (TJ7FDQ5US0) 317/675
{'max_depth': 15, 'max_features': 0.1, 'min_samples_leaf': 0.0001, 'min_samples_split': 0.0001, 'n_estimators': 2500}
Fold 1
Fold 2
Fold 3
Fold 4
Fold 5
Fold 6



2021-08-12 17:53:53
Parameters (FIF0CIQUNB) 318/675
{'max_depth': 30, 'max_features': 0.5, 'min_samples_leaf': 1e-05, 'min_samples_split': 0.001, 'n_estimators': 700}
Fold 1
Fold 2
Fold 3
Fold 4
Fold 5
Fold 6



2021-08-12 17:54:23
Parameters (EVP4SPP9AZ) 319/675
{'max_depth': 20, 'max_features': 0.1, 'min_samples_leaf': 1e-05, 'min_samples_split': 1e-05, 'n_estimators': 2500}
Fold 1
Fold 2
Fold 3
Fold 4
Fold 5
Fold 6



2021-08-12 17:55:14
Parameters (KEZVFHPKT4) 320/675
{'max_depth': 15, 'max_features': 0.2, 'min_samples_leaf': 1e-05, 'min_samples_split': 0.001, 'n_estimators': 700}
Fold 1
Fold 2
Fold 3
Fold 4
Fold 5
Fold 6



2021-08-12 17:55:31
Parameters (07XNUSN3HB) 321/675
{'max_depth': 30, 'max_features': 0.5, 'min_samples_leaf': 0.001, 'min_samples_split': 0.0001, 'n_estimators': 2500}
Fold 1
Fold 2
Fold 3
Fold 4
Fold 5
Fold 6



2021-08-12 17:57:00
Parameters (8QVIVKRXGW) 322/675
{'max_depth': 30, 'max_features': 0.5, 'min_samples_leaf': 0.001, 'min_samples_split': 0.001, 'n_estimators': 2500}
Fold 1
Fold 2
Fold 3
Fold 4
Fold 5
Fold 6



2021-08-12 17:58:29
Parameters (V56QXL9Z6Y) 323/675
{'max_depth': 20, 'max_features': 0.5, 'min_samples_leaf': 1e-05, 'min_samples_split': 1e-05, 'n_estimators': 2500}
Fold 1
Fold 2
Fold 3
Fold 4
Fold 5
Fold 6



2021-08-12 18:00:33
Parameters (HJFRUESJ53) 324/675
{'max_depth': 30, 'max_features': 0.3, 'min_samples_leaf': 0.0001, 'min_samples_split': 0.0001, 'n_estimators': 1000}
Fold 1
Fold 2
Fold 3
Fold 4
Fold 5
Fold 6



2021-08-12 18:01:07
Parameters (P5TNMTI9PG) 325/675
{'max_depth': 30, 'max_features': 0.1, 'min_samples_leaf': 0.0001, 'min_samples_split': 0.0001, 'n_estimators': 2500}
Fold 1
Fold 2
Fold 3
Fold 4
Fold 5
Fold 6



2021-08-12 18:01:58
Parameters (1XBEEE8JO0) 326/675
{'max_depth': 15, 'max_features': 0.2, 'min_samples_leaf': 0.001, 'min_samples_split': 0.0001, 'n_estimators': 700}
Fold 1
Fold 2
Fold 3
Fold 4
Fold 5
Fold 6



2021-08-12 18:02:14
Parameters (QH6QOAJIHB) 327/675
{'max_depth': 50, 'max_features': 0.7, 'min_samples_leaf': 0.0001, 'min_samples_split': 0.0001, 'n_estimators': 1000}
Fold 1
Fold 2
Fold 3
Fold 4
Fold 5
Fold 6



2021-08-12 18:03:20
Parameters (DU7W9624GI) 328/675
{'max_depth': 13, 'max_features': 0.3, 'min_samples_leaf': 0.0001, 'min_samples_split': 1e-05, 'n_estimators': 2500}
Fold 1
Fold 2
Fold 3
Fold 4
Fold 5
Fold 6



2021-08-12 18:04:35
Parameters (CBI9U47XAT) 329/675
{'max_depth': 15, 'max_features': 0.1, 'min_samples_leaf': 0.0001, 'min_samples_split': 0.001, 'n_estimators': 1000}
Fold 1
Fold 2
Fold 3
Fold 4
Fold 5
Fold 6



2021-08-12 18:04:51
Parameters (VN6OCC3YGZ) 330/675
{'max_depth': 15, 'max_features': 0.3, 'min_samples_leaf': 0.001, 'min_samples_split': 0.0001, 'n_estimators': 700}
Fold 1
Fold 2
Fold 3
Fold 4
Fold 5
Fold 6



2021-08-12 18:05:09
Parameters (SPB4S3OMTD) 331/675
{'max_depth': 15, 'max_features': 0.7, 'min_samples_leaf': 1e-05, 'min_samples_split': 0.0001, 'n_estimators': 700}
Fold 1
Fold 2
Fold 3
Fold 4
Fold 5
Fold 6



2021-08-12 18:05:52
Parameters (MYM48CNMR1) 332/675
{'max_depth': 15, 'max_features': 0.1, 'min_samples_leaf': 0.001, 'min_samples_split': 0.001, 'n_estimators': 2500}
Fold 1
Fold 2
Fold 3
Fold 4
Fold 5
Fold 6



2021-08-12 18:06:29
Parameters (Q0NPXCVAUW) 333/675
{'max_depth': 50, 'max_features': 0.5, 'min_samples_leaf': 0.0001, 'min_samples_split': 0.001, 'n_estimators': 700}
Fold 1
Fold 2
Fold 3
Fold 4
Fold 5
Fold 6



2021-08-12 18:06:59
Parameters (9QQEK2LKPR) 334/675
{'max_depth': 30, 'max_features': 0.1, 'min_samples_leaf': 1e-05, 'min_samples_split': 1e-05, 'n_estimators': 700}
Fold 1
Fold 2
Fold 3
Fold 4
Fold 5
Fold 6



2021-08-12 18:07:14
Parameters (TIOVX130RX) 335/675
{'max_depth': 15, 'max_features': 0.5, 'min_samples_leaf': 0.0001, 'min_samples_split': 1e-05, 'n_estimators': 700}
Fold 1
Fold 2
Fold 3
Fold 4
Fold 5
Fold 6



2021-08-12 18:07:46
Parameters (G9JRAVLVX3) 336/675
{'max_depth': 20, 'max_features': 0.5, 'min_samples_leaf': 0.0001, 'min_samples_split': 0.001, 'n_estimators': 700}
Fold 1
Fold 2
Fold 3
Fold 4
Fold 5
Fold 6



2021-08-12 18:08:16
Parameters (2LTDD4E8AF) 337/675
{'max_depth': 20, 'max_features': 0.3, 'min_samples_leaf': 0.0001, 'min_samples_split': 0.0001, 'n_estimators': 1000}
Fold 1
Fold 2
Fold 3
Fold 4
Fold 5
Fold 6



2021-08-12 18:08:50
Parameters (SWB7ZNEA8E) 338/675
{'max_depth': 30, 'max_features': 0.1, 'min_samples_leaf': 0.001, 'min_samples_split': 0.0001, 'n_estimators': 1000}
Fold 1
Fold 2
Fold 3
Fold 4
Fold 5
Fold 6



2021-08-12 18:09:05
Parameters (DV7UZEP73N) 339/675
{'max_depth': 15, 'max_features': 0.3, 'min_samples_leaf': 0.0001, 'min_samples_split': 1e-05, 'n_estimators': 1000}
Fold 1
Fold 2
Fold 3
Fold 4
Fold 5
Fold 6



2021-08-12 18:09:37
Parameters (N3EIKRIM27) 340/675
{'max_depth': 20, 'max_features': 0.1, 'min_samples_leaf': 0.001, 'min_samples_split': 0.0001, 'n_estimators': 2500}
Fold 1
Fold 2
Fold 3
Fold 4
Fold 5
Fold 6



2021-08-12 18:10:14
Parameters (EU37MHN3OJ) 341/675
{'max_depth': 15, 'max_features': 0.7, 'min_samples_leaf': 1e-05, 'min_samples_split': 0.001, 'n_estimators': 2500}
Fold 1
Fold 2
Fold 3
Fold 4
Fold 5
Fold 6



2021-08-12 18:12:33
Parameters (3QM4TL9G8B) 342/675
{'max_depth': 15, 'max_features': 0.1, 'min_samples_leaf': 1e-05, 'min_samples_split': 0.0001, 'n_estimators': 2500}
Fold 1
Fold 2
Fold 3
Fold 4
Fold 5
Fold 6



2021-08-12 18:13:20
Parameters (07VKXW86Q4) 343/675
{'max_depth': 50, 'max_features': 0.2, 'min_samples_leaf': 0.001, 'min_samples_split': 0.0001, 'n_estimators': 2500}
Fold 1
Fold 2
Fold 3
Fold 4
Fold 5
Fold 6



2021-08-12 18:14:13
Parameters (STSW2MDOR3) 344/675
