Model training with data: 0011_09082021
Number of parameters combinations: 675
2021-08-11 17:24:42
Parameters (UJP6W5OMLK) 1/675
{'max_depth': 20, 'max_features': 0.7, 'min_samples_leaf': 1e-05, 'min_samples_split': 0.001, 'n_estimators': 700}
Fold 1
Fold 2
Fold 3
Fold 4



2021-08-11 17:24:52
Parameters (7E4B85IWK6) 2/675
{'max_depth': 50, 'max_features': 0.5, 'min_samples_leaf': 0.001, 'min_samples_split': 1e-05, 'n_estimators': 1000}
Fold 1
Fold 2
Fold 3
Fold 4



2021-08-11 17:25:03
Parameters (V575N11IHH) 3/675
{'max_depth': 30, 'max_features': 0.2, 'min_samples_leaf': 1e-05, 'min_samples_split': 0.001, 'n_estimators': 1000}
Fold 1
Fold 2
Fold 3
Fold 4



2021-08-11 17:25:15
Parameters (GAYP6D93YY) 4/675
{'max_depth': 20, 'max_features': 0.2, 'min_samples_leaf': 0.0001, 'min_samples_split': 1e-05, 'n_estimators': 700}
Fold 1
Fold 2
Fold 3
Fold 4



2021-08-11 17:25:24
Parameters (H7Y6JYNUK5) 5/675
{'max_depth': 13, 'max_features': 0.3, 'min_samples_leaf': 0.0001, 'min_samples_split': 0.001, 'n_estimators': 700}
Fold 1
Fold 2
Fold 3
Fold 4



2021-08-11 17:25:32
Parameters (VDMLK1LEK3) 6/675
{'max_depth': 13, 'max_features': 0.1, 'min_samples_leaf': 0.0001, 'min_samples_split': 0.0001, 'n_estimators': 700}
Fold 1
Fold 2
Fold 3
Fold 4



2021-08-11 17:25:40
Parameters (ZNX07EHS5K) 7/675
{'max_depth': 50, 'max_features': 0.7, 'min_samples_leaf': 0.0001, 'min_samples_split': 0.0001, 'n_estimators': 2500}
Fold 1
Fold 2
Fold 3
Fold 4



2021-08-11 17:26:20
Parameters (XQNXQUIAE2) 8/675
{'max_depth': 30, 'max_features': 0.7, 'min_samples_leaf': 0.0001, 'min_samples_split': 0.0001, 'n_estimators': 1000}
Fold 1
Fold 2
Fold 3
Fold 4



2021-08-11 17:26:36
Parameters (NLODSA8QSY) 9/675
{'max_depth': 20, 'max_features': 0.1, 'min_samples_leaf': 0.001, 'min_samples_split': 1e-05, 'n_estimators': 1000}
Fold 1
Fold 2
Fold 3
Fold 4



2021-08-11 17:26:46
Parameters (2O55N4Z9GF) 10/675
{'max_depth': 20, 'max_features': 0.2, 'min_samples_leaf': 1e-05, 'min_samples_split': 0.0001, 'n_estimators': 2500}
Fold 1
Fold 2
Fold 3
Fold 4



2021-08-11 17:27:22
Parameters (RGBCW67SOF) 11/675
{'max_depth': 15, 'max_features': 0.3, 'min_samples_leaf': 0.0001, 'min_samples_split': 0.0001, 'n_estimators': 2500}
Fold 1
Fold 2
Fold 3
Fold 4



2021-08-11 17:27:53
Parameters (JR6EWUDCBC) 12/675
{'max_depth': 13, 'max_features': 0.5, 'min_samples_leaf': 0.0001, 'min_samples_split': 1e-05, 'n_estimators': 2500}
Fold 1
Fold 2
Fold 3
Fold 4



2021-08-11 17:28:22
Parameters (QY6ZKJ87BX) 13/675
{'max_depth': 30, 'max_features': 0.2, 'min_samples_leaf': 1e-05, 'min_samples_split': 0.001, 'n_estimators': 700}
Fold 1
Fold 2
Fold 3
Fold 4



2021-08-11 17:28:31
Parameters (B6DMS5M5NR) 14/675
{'max_depth': 15, 'max_features': 0.7, 'min_samples_leaf': 0.001, 'min_samples_split': 1e-05, 'n_estimators': 2500}
Fold 1
Fold 2
Fold 3
Fold 4



2021-08-11 17:29:03
Parameters (2FP7R3RI0Y) 15/675
{'max_depth': 20, 'max_features': 0.2, 'min_samples_leaf': 0.0001, 'min_samples_split': 0.001, 'n_estimators': 2500}
Fold 1
Fold 2
Fold 3
Fold 4



2021-08-11 17:29:32
Parameters (MDZ55PR599) 16/675
{'max_depth': 30, 'max_features': 0.7, 'min_samples_leaf': 1e-05, 'min_samples_split': 1e-05, 'n_estimators': 1000}
Fold 1
Fold 2
Fold 3
Fold 4



2021-08-11 17:29:50
Parameters (9Y7JZFSZ1K) 17/675
{'max_depth': 20, 'max_features': 0.7, 'min_samples_leaf': 0.001, 'min_samples_split': 1e-05, 'n_estimators': 2500}
Fold 1
Fold 2
Fold 3
Fold 4



2021-08-11 17:30:23
Parameters (Q5A6C5PFR9) 18/675
{'max_depth': 13, 'max_features': 0.1, 'min_samples_leaf': 0.0001, 'min_samples_split': 1e-05, 'n_estimators': 1000}
Fold 1
Fold 2
Fold 3
Fold 4



2021-08-11 17:30:34
Parameters (JD6KEYAAJ4) 19/675
{'max_depth': 15, 'max_features': 0.3, 'min_samples_leaf': 0.001, 'min_samples_split': 1e-05, 'n_estimators': 2500}
Fold 1
Fold 2
Fold 3
Fold 4



2021-08-11 17:31:00
Parameters (0HL7R6MQGE) 20/675
{'max_depth': 50, 'max_features': 0.7, 'min_samples_leaf': 0.001, 'min_samples_split': 0.0001, 'n_estimators': 700}
Fold 1
Fold 2
Fold 3
Fold 4



2021-08-11 17:31:10
Parameters (86474F0PIJ) 21/675
{'max_depth': 20, 'max_features': 0.1, 'min_samples_leaf': 1e-05, 'min_samples_split': 0.0001, 'n_estimators': 700}
Fold 1
Fold 2
Fold 3
Fold 4



2021-08-11 17:31:20
Parameters (H8D4IIRGG5) 22/675
{'max_depth': 50, 'max_features': 0.1, 'min_samples_leaf': 0.001, 'min_samples_split': 1e-05, 'n_estimators': 700}
Fold 1
Fold 2
Fold 3
Fold 4



2021-08-11 17:31:27
Parameters (26C4GPQWVL) 23/675
{'max_depth': 20, 'max_features': 0.2, 'min_samples_leaf': 0.001, 'min_samples_split': 1e-05, 'n_estimators': 700}
Fold 1
Fold 2
Fold 3
Fold 4



2021-08-11 17:31:34
Parameters (DRFDOU7ZE1) 24/675
{'max_depth': 15, 'max_features': 0.2, 'min_samples_leaf': 0.001, 'min_samples_split': 0.0001, 'n_estimators': 700}
Fold 1
Fold 2
Fold 3
Fold 4



2021-08-11 17:31:42
Parameters (A5TEEXBOH0) 25/675
{'max_depth': 13, 'max_features': 0.2, 'min_samples_leaf': 0.001, 'min_samples_split': 0.001, 'n_estimators': 2500}
Fold 1
Fold 2
Fold 3
Fold 4



2021-08-11 17:32:08
Parameters (FTLT7F6SA2) 26/675
{'max_depth': 13, 'max_features': 0.5, 'min_samples_leaf': 1e-05, 'min_samples_split': 0.001, 'n_estimators': 700}
Fold 1
Fold 2
Fold 3
Fold 4



2021-08-11 17:32:15
Parameters (ZL2QA1NEH2) 27/675
{'max_depth': 50, 'max_features': 0.1, 'min_samples_leaf': 0.0001, 'min_samples_split': 1e-05, 'n_estimators': 700}
Fold 1
Fold 2
Fold 3
Fold 4



2021-08-11 17:32:24
Parameters (YN6DS3D095) 28/675
{'max_depth': 15, 'max_features': 0.2, 'min_samples_leaf': 0.001, 'min_samples_split': 0.001, 'n_estimators': 700}
Fold 1
Fold 2
Fold 3
Fold 4



2021-08-11 17:32:32
Parameters (45ETX2FPVT) 29/675
{'max_depth': 20, 'max_features': 0.3, 'min_samples_leaf': 0.0001, 'min_samples_split': 0.001, 'n_estimators': 700}
Fold 1
Fold 2
Fold 3
Fold 4



2021-08-11 17:32:40
Parameters (YAVBYORCBK) 30/675
{'max_depth': 30, 'max_features': 0.3, 'min_samples_leaf': 0.001, 'min_samples_split': 1e-05, 'n_estimators': 1000}
Fold 1
Fold 2
Fold 3
Fold 4



2021-08-11 17:32:51
Parameters (0X8TB8URUV) 31/675
{'max_depth': 15, 'max_features': 0.1, 'min_samples_leaf': 0.001, 'min_samples_split': 0.001, 'n_estimators': 1000}
Fold 1
Fold 2
Fold 3
Fold 4



2021-08-11 17:33:01
Parameters (6VT3HEEYG1) 32/675
{'max_depth': 30, 'max_features': 0.7, 'min_samples_leaf': 1e-05, 'min_samples_split': 0.0001, 'n_estimators': 2500}
Fold 1
Fold 2
Fold 3
Fold 4



2021-08-11 17:33:46
Parameters (DTHA7G4IUU) 33/675
{'max_depth': 30, 'max_features': 0.7, 'min_samples_leaf': 0.0001, 'min_samples_split': 0.001, 'n_estimators': 700}
Fold 1
Fold 2
Fold 3
Fold 4



2021-08-11 17:33:56
Parameters (78LUPJ84CY) 34/675
{'max_depth': 30, 'max_features': 0.1, 'min_samples_leaf': 0.0001, 'min_samples_split': 0.0001, 'n_estimators': 1000}
Fold 1
Fold 2
Fold 3
Fold 4



2021-08-11 17:34:09
Parameters (PPLSNCA4N3) 35/675
{'max_depth': 20, 'max_features': 0.7, 'min_samples_leaf': 1e-05, 'min_samples_split': 0.001, 'n_estimators': 2500}
Fold 1
Fold 2
Fold 3
Fold 4



2021-08-11 17:34:46
Parameters (U9P9Y5V28P) 36/675
{'max_depth': 30, 'max_features': 0.5, 'min_samples_leaf': 0.0001, 'min_samples_split': 0.0001, 'n_estimators': 1000}
Fold 1
Fold 2
Fold 3
Fold 4



2021-08-11 17:34:59
Parameters (N6VV0E4PJG) 37/675
{'max_depth': 50, 'max_features': 0.3, 'min_samples_leaf': 1e-05, 'min_samples_split': 0.001, 'n_estimators': 2500}
Fold 1
Fold 2
Fold 3
Fold 4



2021-08-11 17:35:29
Parameters (R9DMNM2A73) 38/675
{'max_depth': 13, 'max_features': 0.1, 'min_samples_leaf': 1e-05, 'min_samples_split': 0.0001, 'n_estimators': 1000}
Fold 1
Fold 2
Fold 3
Fold 4



2021-08-11 17:35:41
Parameters (BP99PAXJUM) 39/675
{'max_depth': 50, 'max_features': 0.3, 'min_samples_leaf': 0.001, 'min_samples_split': 0.0001, 'n_estimators': 2500}
Fold 1
Fold 2
Fold 3
Fold 4



2021-08-11 17:36:07
Parameters (654IH9WA5T) 40/675
{'max_depth': 30, 'max_features': 0.7, 'min_samples_leaf': 0.0001, 'min_samples_split': 1e-05, 'n_estimators': 2500}
Fold 1
Fold 2
Fold 3
Fold 4



2021-08-11 17:36:47
Parameters (IH6VIO1S4E) 41/675
{'max_depth': 15, 'max_features': 0.1, 'min_samples_leaf': 1e-05, 'min_samples_split': 1e-05, 'n_estimators': 2500}
Fold 1
Fold 2
Fold 3
Fold 4



2021-08-11 17:37:20
Parameters (BD1ZFG8DMO) 42/675
{'max_depth': 30, 'max_features': 0.2, 'min_samples_leaf': 0.001, 'min_samples_split': 1e-05, 'n_estimators': 700}
Fold 1
Fold 2
Fold 3
Fold 4



2021-08-11 17:37:27
Parameters (1RZMF6KH9U) 43/675
{'max_depth': 15, 'max_features': 0.2, 'min_samples_leaf': 1e-05, 'min_samples_split': 1e-05, 'n_estimators': 2500}
Fold 1
Fold 2
Fold 3
Fold 4



2021-08-11 17:37:59
Parameters (HHA1FA0TY9) 44/675
{'max_depth': 15, 'max_features': 0.2, 'min_samples_leaf': 1e-05, 'min_samples_split': 1e-05, 'n_estimators': 1000}
Fold 1
Fold 2
Fold 3
Fold 4



2021-08-11 17:38:12
Parameters (FELKO7YI3Q) 45/675
{'max_depth': 15, 'max_features': 0.7, 'min_samples_leaf': 1e-05, 'min_samples_split': 0.0001, 'n_estimators': 2500}
Fold 1
Fold 2
Fold 3
Fold 4



2021-08-11 17:38:54
Parameters (QJMS2VVCOH) 46/675
{'max_depth': 20, 'max_features': 0.7, 'min_samples_leaf': 0.0001, 'min_samples_split': 0.0001, 'n_estimators': 1000}
Fold 1
Fold 2
Fold 3
Fold 4



2021-08-11 17:39:10
Parameters (MNX9KH8WWU) 47/675
{'max_depth': 15, 'max_features': 0.1, 'min_samples_leaf': 0.0001, 'min_samples_split': 0.0001, 'n_estimators': 700}
Fold 1
Fold 2
Fold 3
Fold 4



2021-08-11 17:39:18
Parameters (0ZUPA36V1T) 48/675
{'max_depth': 20, 'max_features': 0.1, 'min_samples_leaf': 1e-05, 'min_samples_split': 1e-05, 'n_estimators': 2500}
Fold 1
Fold 2
Fold 3
Fold 4



2021-08-11 17:39:54
Parameters (04GVSDFOCW) 49/675
{'max_depth': 13, 'max_features': 0.3, 'min_samples_leaf': 1e-05, 'min_samples_split': 1e-05, 'n_estimators': 2500}
Fold 1
Fold 2
Fold 3
Fold 4



2021-08-11 17:40:25
Parameters (XELATP2B2J) 50/675
{'max_depth': 13, 'max_features': 0.5, 'min_samples_leaf': 0.001, 'min_samples_split': 0.0001, 'n_estimators': 2500}
Fold 1
Fold 2
Fold 3
Fold 4



2021-08-11 17:40:51
Parameters (2SQ0APN5JI) 51/675
{'max_depth': 50, 'max_features': 0.2, 'min_samples_leaf': 1e-05, 'min_samples_split': 1e-05, 'n_estimators': 700}
Fold 1
Fold 2
Fold 3
Fold 4



2021-08-11 17:41:01
Parameters (B6CMGNL49P) 52/675
{'max_depth': 15, 'max_features': 0.3, 'min_samples_leaf': 0.0001, 'min_samples_split': 0.001, 'n_estimators': 700}
Fold 1
Fold 2
Fold 3
Fold 4



2021-08-11 17:41:09
Parameters (EPBKCIX61I) 53/675
{'max_depth': 20, 'max_features': 0.3, 'min_samples_leaf': 1e-05, 'min_samples_split': 0.001, 'n_estimators': 1000}
Fold 1
Fold 2
Fold 3
Fold 4



2021-08-11 17:41:21
Parameters (SOP0LCRVXT) 54/675
{'max_depth': 30, 'max_features': 0.3, 'min_samples_leaf': 0.001, 'min_samples_split': 0.001, 'n_estimators': 1000}
Fold 1
Fold 2
Fold 3
Fold 4



2021-08-11 17:41:31
Parameters (9UUTF3Z9LL) 55/675
{'max_depth': 13, 'max_features': 0.5, 'min_samples_leaf': 1e-05, 'min_samples_split': 0.0001, 'n_estimators': 1000}
Fold 1
Fold 2
Fold 3
Fold 4



2021-08-11 17:41:44
Parameters (67YCWBV4R7) 56/675
{'max_depth': 30, 'max_features': 0.3, 'min_samples_leaf': 0.001, 'min_samples_split': 0.0001, 'n_estimators': 700}
Fold 1
Fold 2
Fold 3
Fold 4



2021-08-11 17:41:51
Parameters (X0Z4BE21CN) 57/675
{'max_depth': 30, 'max_features': 0.5, 'min_samples_leaf': 0.001, 'min_samples_split': 0.0001, 'n_estimators': 1000}
Fold 1
Fold 2
Fold 3
Fold 4



2021-08-11 17:42:02
Parameters (6R4UY97COU) 58/675
{'max_depth': 15, 'max_features': 0.7, 'min_samples_leaf': 0.0001, 'min_samples_split': 0.0001, 'n_estimators': 1000}
Fold 1
Fold 2
Fold 3
Fold 4



2021-08-11 17:42:17
Parameters (FWLE8A6SG0) 59/675
{'max_depth': 30, 'max_features': 0.1, 'min_samples_leaf': 1e-05, 'min_samples_split': 0.001, 'n_estimators': 1000}
Fold 1
Fold 2
Fold 3
Fold 4



2021-08-11 17:42:29
Parameters (TV88GGYJ8V) 60/675
{'max_depth': 20, 'max_features': 0.2, 'min_samples_leaf': 1e-05, 'min_samples_split': 0.001, 'n_estimators': 1000}
Fold 1
Fold 2
Fold 3
Fold 4



2021-08-11 17:42:41
Parameters (32T09WATED) 61/675
{'max_depth': 15, 'max_features': 0.3, 'min_samples_leaf': 0.001, 'min_samples_split': 0.0001, 'n_estimators': 2500}
Fold 1
Fold 2
Fold 3
Fold 4



2021-08-11 17:43:07
Parameters (MK9V0G5V6X) 62/675
{'max_depth': 50, 'max_features': 0.7, 'min_samples_leaf': 1e-05, 'min_samples_split': 1e-05, 'n_estimators': 2500}
Fold 1
Fold 2
Fold 3
Fold 4



2021-08-11 17:43:52
Parameters (A2JF6TVKO0) 63/675
{'max_depth': 15, 'max_features': 0.3, 'min_samples_leaf': 0.0001, 'min_samples_split': 1e-05, 'n_estimators': 1000}
Fold 1
Fold 2
Fold 3
Fold 4



2021-08-11 17:44:05
Parameters (XQZW871TXR) 64/675
{'max_depth': 30, 'max_features': 0.1, 'min_samples_leaf': 1e-05, 'min_samples_split': 1e-05, 'n_estimators': 2500}
Fold 1
Fold 2
Fold 3
Fold 4



2021-08-11 17:44:40
Parameters (0YCIJVE1SH) 65/675
{'max_depth': 20, 'max_features': 0.2, 'min_samples_leaf': 0.0001, 'min_samples_split': 0.001, 'n_estimators': 1000}
Fold 1
Fold 2
Fold 3
Fold 4



2021-08-11 17:44:52
Parameters (QUNV0F23N7) 66/675
{'max_depth': 20, 'max_features': 0.5, 'min_samples_leaf': 0.0001, 'min_samples_split': 0.0001, 'n_estimators': 700}
Fold 1
Fold 2
Fold 3
Fold 4



2021-08-11 17:45:01
Parameters (ZW0R4GDA64) 67/675
{'max_depth': 30, 'max_features': 0.7, 'min_samples_leaf': 0.001, 'min_samples_split': 1e-05, 'n_estimators': 1000}
Fold 1
Fold 2
Fold 3
Fold 4



2021-08-11 17:45:14
Parameters (OAZ0X4WM86) 68/675
{'max_depth': 50, 'max_features': 0.5, 'min_samples_leaf': 0.0001, 'min_samples_split': 0.0001, 'n_estimators': 1000}
Fold 1
Fold 2
Fold 3
Fold 4



2021-08-11 17:45:27
Parameters (5RA2DGOJ8F) 69/675
{'max_depth': 30, 'max_features': 0.1, 'min_samples_leaf': 1e-05, 'min_samples_split': 1e-05, 'n_estimators': 1000}
Fold 1
Fold 2
Fold 3
Fold 4



2021-08-11 17:45:42
Parameters (SBGO9NKSR9) 70/675
{'max_depth': 50, 'max_features': 0.3, 'min_samples_leaf': 0.001, 'min_samples_split': 0.001, 'n_estimators': 1000}
Fold 1
Fold 2
Fold 3
Fold 4



2021-08-11 17:45:53
Parameters (ZQLEPBD1UA) 71/675
{'max_depth': 13, 'max_features': 0.1, 'min_samples_leaf': 0.0001, 'min_samples_split': 0.001, 'n_estimators': 2500}
Fold 1
Fold 2
Fold 3
Fold 4



2021-08-11 17:46:21
Parameters (U968KG6DTE) 72/675
{'max_depth': 20, 'max_features': 0.3, 'min_samples_leaf': 0.0001, 'min_samples_split': 1e-05, 'n_estimators': 2500}
Fold 1
Fold 2
Fold 3
Fold 4



2021-08-11 17:46:53
Parameters (RQQI16LPTW) 73/675
{'max_depth': 20, 'max_features': 0.3, 'min_samples_leaf': 1e-05, 'min_samples_split': 0.0001, 'n_estimators': 700}
Fold 1
Fold 2
Fold 3
Fold 4



2021-08-11 17:47:03
Parameters (3FVFSUELDD) 74/675
{'max_depth': 50, 'max_features': 0.7, 'min_samples_leaf': 0.001, 'min_samples_split': 1e-05, 'n_estimators': 2500}
Fold 1
Fold 2
Fold 3
Fold 4



2021-08-11 17:47:35
Parameters (ZG3JODGDGG) 75/675
{'max_depth': 30, 'max_features': 0.1, 'min_samples_leaf': 1e-05, 'min_samples_split': 0.0001, 'n_estimators': 700}
Fold 1
Fold 2
Fold 3
Fold 4



2021-08-11 17:47:45
Parameters (U0HIFNEYAN) 76/675
{'max_depth': 20, 'max_features': 0.3, 'min_samples_leaf': 1e-05, 'min_samples_split': 0.001, 'n_estimators': 700}
Fold 1
Fold 2
Fold 3
Fold 4



2021-08-11 17:47:54
Parameters (NH8LVSV9QB) 77/675
{'max_depth': 30, 'max_features': 0.7, 'min_samples_leaf': 0.001, 'min_samples_split': 1e-05, 'n_estimators': 2500}
Fold 1
Fold 2
Fold 3
Fold 4



2021-08-11 17:48:26
Parameters (O58S1D4W0Q) 78/675
{'max_depth': 13, 'max_features': 0.3, 'min_samples_leaf': 1e-05, 'min_samples_split': 0.0001, 'n_estimators': 700}
Fold 1
Fold 2
Fold 3
Fold 4



2021-08-11 17:48:35
Parameters (VTX2271G0X) 79/675
{'max_depth': 15, 'max_features': 0.7, 'min_samples_leaf': 0.001, 'min_samples_split': 0.0001, 'n_estimators': 700}
Fold 1
Fold 2
Fold 3
Fold 4



2021-08-11 17:48:44
Parameters (OY7PI3CF3G) 80/675
{'max_depth': 15, 'max_features': 0.3, 'min_samples_leaf': 0.0001, 'min_samples_split': 0.0001, 'n_estimators': 1000}
Fold 1
Fold 2
Fold 3
Fold 4



2021-08-11 17:48:56
Parameters (LIQL3FSSEJ) 81/675
{'max_depth': 20, 'max_features': 0.2, 'min_samples_leaf': 1e-05, 'min_samples_split': 0.0001, 'n_estimators': 700}
Fold 1
Fold 2
Fold 3
Fold 4



2021-08-11 17:49:06
Parameters (F4JJ4EF0F0) 82/675
{'max_depth': 20, 'max_features': 0.1, 'min_samples_leaf': 1e-05, 'min_samples_split': 0.001, 'n_estimators': 2500}
Fold 1
Fold 2
Fold 3
Fold 4



2021-08-11 17:49:37
Parameters (VIFZ6AJUES) 83/675
{'max_depth': 20, 'max_features': 0.3, 'min_samples_leaf': 0.0001, 'min_samples_split': 0.0001, 'n_estimators': 2500}
Fold 1
Fold 2
Fold 3
Fold 4



2021-08-11 17:50:09
Parameters (64WWTCMPD8) 84/675
{'max_depth': 13, 'max_features': 0.3, 'min_samples_leaf': 1e-05, 'min_samples_split': 0.0001, 'n_estimators': 2500}
Fold 1
Fold 2
Fold 3
Fold 4



2021-08-11 17:50:40
Parameters (4GK76KUE8O) 85/675
{'max_depth': 30, 'max_features': 0.1, 'min_samples_leaf': 0.0001, 'min_samples_split': 1e-05, 'n_estimators': 1000}
Fold 1
Fold 2
Fold 3
Fold 4



2021-08-11 17:50:52
Parameters (A318COD64E) 86/675
{'max_depth': 50, 'max_features': 0.3, 'min_samples_leaf': 1e-05, 'min_samples_split': 0.0001, 'n_estimators': 1000}
Fold 1
Fold 2
Fold 3
Fold 4



2021-08-11 17:51:07
Parameters (H9CKMA2EWR) 87/675
{'max_depth': 13, 'max_features': 0.2, 'min_samples_leaf': 0.0001, 'min_samples_split': 1e-05, 'n_estimators': 2500}
Fold 1
Fold 2
Fold 3
Fold 4



2021-08-11 17:51:37
Parameters (LCPJD9ZVGL) 88/675
{'max_depth': 50, 'max_features': 0.5, 'min_samples_leaf': 0.0001, 'min_samples_split': 1e-05, 'n_estimators': 1000}
Fold 1
Fold 2
Fold 3
Fold 4



2021-08-11 17:51:50
Parameters (Y20UIRTI9C) 89/675
{'max_depth': 15, 'max_features': 0.1, 'min_samples_leaf': 0.0001, 'min_samples_split': 0.0001, 'n_estimators': 1000}
Fold 1
Fold 2
Fold 3
Fold 4



2021-08-11 17:52:03
Parameters (MMMFT2H5HT) 90/675
{'max_depth': 15, 'max_features': 0.2, 'min_samples_leaf': 1e-05, 'min_samples_split': 0.0001, 'n_estimators': 1000}
Fold 1
Fold 2
Fold 3
Fold 4



2021-08-11 17:52:16
Parameters (QZZATBAM35) 91/675
{'max_depth': 13, 'max_features': 0.2, 'min_samples_leaf': 1e-05, 'min_samples_split': 0.001, 'n_estimators': 2500}
Fold 1
Fold 2
Fold 3
Fold 4



2021-08-11 17:52:44
Parameters (A4UWHXW84J) 92/675
{'max_depth': 20, 'max_features': 0.7, 'min_samples_leaf': 0.0001, 'min_samples_split': 0.0001, 'n_estimators': 700}
Fold 1
Fold 2
Fold 3
Fold 4



2021-08-11 17:52:55
Parameters (A47ZV74Q6R) 93/675
{'max_depth': 50, 'max_features': 0.3, 'min_samples_leaf': 1e-05, 'min_samples_split': 0.0001, 'n_estimators': 2500}
Fold 1
Fold 2
Fold 3
Fold 4



2021-08-11 17:53:32
Parameters (MER750UBY2) 94/675
{'max_depth': 50, 'max_features': 0.2, 'min_samples_leaf': 1e-05, 'min_samples_split': 0.0001, 'n_estimators': 2500}
Fold 1
Fold 2
Fold 3
Fold 4



2021-08-11 17:54:09
Parameters (8M0N7O035E) 95/675
{'max_depth': 30, 'max_features': 0.3, 'min_samples_leaf': 0.001, 'min_samples_split': 1e-05, 'n_estimators': 700}
Fold 1
Fold 2
Fold 3
Fold 4



2021-08-11 17:54:16
Parameters (O74OPGDULV) 96/675
{'max_depth': 50, 'max_features': 0.2, 'min_samples_leaf': 0.0001, 'min_samples_split': 1e-05, 'n_estimators': 2500}
Fold 1
Fold 2
Fold 3
Fold 4



2021-08-11 17:54:49
Parameters (5EILZ6M2N0) 97/675
{'max_depth': 13, 'max_features': 0.2, 'min_samples_leaf': 1e-05, 'min_samples_split': 1e-05, 'n_estimators': 1000}
Fold 1
Fold 2
Fold 3
Fold 4



2021-08-11 17:55:01
Parameters (ZPRBITJ4BL) 98/675
{'max_depth': 30, 'max_features': 0.7, 'min_samples_leaf': 0.0001, 'min_samples_split': 1e-05, 'n_estimators': 700}
Fold 1
Fold 2
Fold 3
Fold 4



2021-08-11 17:55:13
Parameters (WGV8HPGOKE) 99/675
{'max_depth': 20, 'max_features': 0.2, 'min_samples_leaf': 0.001, 'min_samples_split': 0.0001, 'n_estimators': 2500}
Fold 1
Fold 2
Fold 3
Fold 4



2021-08-11 17:55:39
Parameters (UE9T328YWA) 100/675
{'max_depth': 13, 'max_features': 0.3, 'min_samples_leaf': 1e-05, 'min_samples_split': 0.001, 'n_estimators': 700}
Fold 1
Fold 2
Fold 3
Fold 4



2021-08-11 17:55:47
Parameters (7XMHTB2VCJ) 101/675
{'max_depth': 15, 'max_features': 0.2, 'min_samples_leaf': 0.001, 'min_samples_split': 0.0001, 'n_estimators': 1000}
Fold 1
Fold 2
Fold 3
Fold 4



2021-08-11 17:55:57
Parameters (DFTH36DNOC) 102/675
{'max_depth': 15, 'max_features': 0.5, 'min_samples_leaf': 0.0001, 'min_samples_split': 0.0001, 'n_estimators': 1000}
Fold 1
Fold 2
Fold 3
Fold 4



2021-08-11 17:56:10
Parameters (2WS0T14CTP) 103/675
{'max_depth': 20, 'max_features': 0.1, 'min_samples_leaf': 1e-05, 'min_samples_split': 1e-05, 'n_estimators': 700}
Fold 1
Fold 2
Fold 3
Fold 4



2021-08-11 17:56:20
Parameters (8AHA2CPWWS) 104/675
{'max_depth': 50, 'max_features': 0.5, 'min_samples_leaf': 0.001, 'min_samples_split': 0.0001, 'n_estimators': 1000}
Fold 1
Fold 2
Fold 3
Fold 4



2021-08-11 17:56:30
Parameters (VLCUK85C5C) 105/675
{'max_depth': 30, 'max_features': 0.7, 'min_samples_leaf': 1e-05, 'min_samples_split': 0.001, 'n_estimators': 700}
Fold 1
Fold 2
Fold 3
Fold 4



2021-08-11 17:56:41
Parameters (FNZJHHQU00) 106/675
{'max_depth': 13, 'max_features': 0.5, 'min_samples_leaf': 0.001, 'min_samples_split': 0.001, 'n_estimators': 700}
Fold 1
Fold 2
Fold 3
Fold 4



2021-08-11 17:56:48
Parameters (V1D0ZVWQLY) 107/675
{'max_depth': 20, 'max_features': 0.7, 'min_samples_leaf': 0.0001, 'min_samples_split': 0.0001, 'n_estimators': 2500}
Fold 1
Fold 2
Fold 3
Fold 4



2021-08-11 17:57:29
Parameters (0CBWC2EI6X) 108/675
{'max_depth': 20, 'max_features': 0.1, 'min_samples_leaf': 0.001, 'min_samples_split': 1e-05, 'n_estimators': 2500}
Fold 1
Fold 2
Fold 3
Fold 4



2021-08-11 17:57:55
Parameters (DTJQISGC3X) 109/675
{'max_depth': 15, 'max_features': 0.1, 'min_samples_leaf': 0.0001, 'min_samples_split': 0.001, 'n_estimators': 2500}
Fold 1
Fold 2
Fold 3
Fold 4



2021-08-11 17:58:24
Parameters (KFK9GZLP5O) 110/675
{'max_depth': 30, 'max_features': 0.5, 'min_samples_leaf': 0.001, 'min_samples_split': 0.001, 'n_estimators': 700}
Fold 1
Fold 2
Fold 3
Fold 4



2021-08-11 17:58:31
Parameters (I6Y9N23HTO) 111/675
{'max_depth': 15, 'max_features': 0.2, 'min_samples_leaf': 0.0001, 'min_samples_split': 0.0001, 'n_estimators': 700}
Fold 1
Fold 2
Fold 3
Fold 4



2021-08-11 17:58:40
Parameters (DMNZEWMJ9Q) 112/675
{'max_depth': 13, 'max_features': 0.3, 'min_samples_leaf': 0.001, 'min_samples_split': 1e-05, 'n_estimators': 1000}
Fold 1
Fold 2
Fold 3
Fold 4



2021-08-11 17:58:50
Parameters (T6TRJ13NM8) 113/675
{'max_depth': 50, 'max_features': 0.2, 'min_samples_leaf': 0.001, 'min_samples_split': 0.001, 'n_estimators': 2500}
Fold 1
Fold 2
Fold 3
Fold 4



2021-08-11 17:59:16
Parameters (X797NGSM9V) 114/675
{'max_depth': 20, 'max_features': 0.7, 'min_samples_leaf': 1e-05, 'min_samples_split': 0.0001, 'n_estimators': 1000}
Fold 1
Fold 2
Fold 3
Fold 4



2021-08-11 17:59:35
Parameters (6PANUOOLXQ) 115/675
{'max_depth': 15, 'max_features': 0.2, 'min_samples_leaf': 0.001, 'min_samples_split': 1e-05, 'n_estimators': 1000}
Fold 1
Fold 2
Fold 3
Fold 4



2021-08-11 17:59:45
Parameters (UOW8DS2VOS) 116/675
{'max_depth': 20, 'max_features': 0.7, 'min_samples_leaf': 0.0001, 'min_samples_split': 1e-05, 'n_estimators': 2500}
Fold 1
Fold 2
Fold 3
Fold 4



2021-08-11 18:00:26
Parameters (ZVPLH5G1BF) 117/675
{'max_depth': 15, 'max_features': 0.2, 'min_samples_leaf': 0.0001, 'min_samples_split': 0.0001, 'n_estimators': 2500}
Fold 1
Fold 2
Fold 3
Fold 4



2021-08-11 18:00:57
Parameters (2T1BN6F8MJ) 118/675
{'max_depth': 30, 'max_features': 0.5, 'min_samples_leaf': 1e-05, 'min_samples_split': 1e-05, 'n_estimators': 2500}
Fold 1
Fold 2
Fold 3
Fold 4



2021-08-11 18:01:34
Parameters (H0DBHTFAI1) 119/675
{'max_depth': 30, 'max_features': 0.1, 'min_samples_leaf': 0.0001, 'min_samples_split': 0.001, 'n_estimators': 1000}
Fold 1
Fold 2
Fold 3
Fold 4



2021-08-11 18:01:46
Parameters (AP1PXN28WJ) 120/675
{'max_depth': 15, 'max_features': 0.3, 'min_samples_leaf': 1e-05, 'min_samples_split': 0.0001, 'n_estimators': 700}
Fold 1
Fold 2
Fold 3
Fold 4



2021-08-11 18:01:55
Parameters (IOHNDBMRPM) 121/675
{'max_depth': 15, 'max_features': 0.7, 'min_samples_leaf': 1e-05, 'min_samples_split': 0.0001, 'n_estimators': 1000}
Fold 1
Fold 2
Fold 3
Fold 4



2021-08-11 18:02:12
Parameters (7O5M8BPGDF) 122/675
{'max_depth': 50, 'max_features': 0.3, 'min_samples_leaf': 0.0001, 'min_samples_split': 1e-05, 'n_estimators': 1000}
Fold 1
Fold 2
Fold 3
Fold 4



2021-08-11 18:02:25
Parameters (Z1MI63NJKY) 123/675
{'max_depth': 15, 'max_features': 0.5, 'min_samples_leaf': 1e-05, 'min_samples_split': 0.0001, 'n_estimators': 2500}
Fold 1
Fold 2
Fold 3
Fold 4



2021-08-11 18:02:58
Parameters (08V6FKTBK4) 124/675
{'max_depth': 13, 'max_features': 0.1, 'min_samples_leaf': 0.0001, 'min_samples_split': 0.0001, 'n_estimators': 2500}
Fold 1
Fold 2
Fold 3
Fold 4



2021-08-11 18:03:27
Parameters (L5DJCXTMPG) 125/675
{'max_depth': 20, 'max_features': 0.1, 'min_samples_leaf': 1e-05, 'min_samples_split': 0.001, 'n_estimators': 700}
Fold 1
Fold 2
Fold 3
Fold 4



2021-08-11 18:03:36
Parameters (XJRP0I8J6E) 126/675
{'max_depth': 30, 'max_features': 0.3, 'min_samples_leaf': 1e-05, 'min_samples_split': 0.001, 'n_estimators': 1000}
Fold 1
Fold 2
Fold 3
Fold 4



2021-08-11 18:03:48
Parameters (IZLTEDDYMZ) 127/675
{'max_depth': 15, 'max_features': 0.5, 'min_samples_leaf': 0.0001, 'min_samples_split': 1e-05, 'n_estimators': 1000}
Fold 1
Fold 2
Fold 3
Fold 4



2021-08-11 18:04:01
Parameters (125HCJVFTB) 128/675
{'max_depth': 13, 'max_features': 0.2, 'min_samples_leaf': 0.0001, 'min_samples_split': 1e-05, 'n_estimators': 700}
Fold 1
Fold 2
Fold 3
Fold 4



2021-08-11 18:04:09
Parameters (M6KSIF96FM) 129/675
{'max_depth': 20, 'max_features': 0.3, 'min_samples_leaf': 0.001, 'min_samples_split': 0.001, 'n_estimators': 1000}
Fold 1
Fold 2
Fold 3
Fold 4



2021-08-11 18:04:20
Parameters (Y0NSPY6QDN) 130/675
{'max_depth': 15, 'max_features': 0.5, 'min_samples_leaf': 0.001, 'min_samples_split': 0.0001, 'n_estimators': 2500}
Fold 1
Fold 2
Fold 3
Fold 4



2021-08-11 18:04:46
Parameters (A085883KAE) 131/675
{'max_depth': 15, 'max_features': 0.1, 'min_samples_leaf': 0.001, 'min_samples_split': 0.0001, 'n_estimators': 2500}
Fold 1
Fold 2
Fold 3
Fold 4



2021-08-11 18:05:12
Parameters (WD6VYHLBC7) 132/675
{'max_depth': 13, 'max_features': 0.7, 'min_samples_leaf': 0.0001, 'min_samples_split': 0.0001, 'n_estimators': 700}
Fold 1
Fold 2
Fold 3
Fold 4



2021-08-11 18:05:23
Parameters (AUDN20JWI3) 133/675
{'max_depth': 20, 'max_features': 0.5, 'min_samples_leaf': 1e-05, 'min_samples_split': 0.0001, 'n_estimators': 700}
Fold 1
Fold 2
Fold 3
Fold 4



2021-08-11 18:05:33
Parameters (U5N7XF5D5X) 134/675
{'max_depth': 30, 'max_features': 0.5, 'min_samples_leaf': 1e-05, 'min_samples_split': 1e-05, 'n_estimators': 1000}
Fold 1
Fold 2
Fold 3
Fold 4



2021-08-11 18:05:48
Parameters (BNS9PWS568) 135/675
{'max_depth': 50, 'max_features': 0.5, 'min_samples_leaf': 1e-05, 'min_samples_split': 0.0001, 'n_estimators': 1000}
Fold 1
Fold 2
Fold 3
Fold 4



2021-08-11 18:06:02
Parameters (HEBYLHWLQ5) 136/675
{'max_depth': 13, 'max_features': 0.2, 'min_samples_leaf': 0.001, 'min_samples_split': 1e-05, 'n_estimators': 2500}
Fold 1
Fold 2
Fold 3
Fold 4



2021-08-11 18:06:29
Parameters (Q2CXN4WEVF) 137/675
{'max_depth': 50, 'max_features': 0.3, 'min_samples_leaf': 1e-05, 'min_samples_split': 1e-05, 'n_estimators': 1000}
Fold 1
Fold 2
Fold 3
Fold 4



2021-08-11 18:06:43
Parameters (D9QGS1XOX5) 138/675
{'max_depth': 50, 'max_features': 0.7, 'min_samples_leaf': 1e-05, 'min_samples_split': 0.001, 'n_estimators': 1000}
Fold 1
Fold 2
Fold 3
Fold 4



2021-08-11 18:06:58
Parameters (LLO6W6HBTG) 139/675
{'max_depth': 30, 'max_features': 0.5, 'min_samples_leaf': 0.001, 'min_samples_split': 1e-05, 'n_estimators': 1000}
Fold 1
Fold 2
Fold 3
Fold 4



2021-08-11 18:07:09
Parameters (1MIW0242PH) 140/675
{'max_depth': 20, 'max_features': 0.3, 'min_samples_leaf': 1e-05, 'min_samples_split': 1e-05, 'n_estimators': 2500}
Fold 1
Fold 2
Fold 3
Fold 4



2021-08-11 18:07:45
Parameters (D3RQ9K9W9O) 141/675
{'max_depth': 13, 'max_features': 0.1, 'min_samples_leaf': 0.001, 'min_samples_split': 0.001, 'n_estimators': 2500}
Fold 1
Fold 2
Fold 3
Fold 4



2021-08-11 18:08:11
Parameters (8K1ZHX66MX) 142/675
{'max_depth': 30, 'max_features': 0.5, 'min_samples_leaf': 1e-05, 'min_samples_split': 0.001, 'n_estimators': 700}
Fold 1
Fold 2
Fold 3
Fold 4



2021-08-11 18:08:20
Parameters (PCZ38JD4NT) 143/675
{'max_depth': 30, 'max_features': 0.3, 'min_samples_leaf': 0.0001, 'min_samples_split': 0.0001, 'n_estimators': 700}
Fold 1
Fold 2
Fold 3
Fold 4



2021-08-11 18:08:29
Parameters (N8V31JNHO4) 144/675
{'max_depth': 13, 'max_features': 0.7, 'min_samples_leaf': 1e-05, 'min_samples_split': 0.0001, 'n_estimators': 700}
Fold 1
Fold 2
Fold 3
Fold 4



2021-08-11 18:08:40
Parameters (SH7YI8V4WD) 145/675
{'max_depth': 30, 'max_features': 0.1, 'min_samples_leaf': 0.0001, 'min_samples_split': 0.001, 'n_estimators': 700}
Fold 1
Fold 2
Fold 3
Fold 4



2021-08-11 18:08:48
Parameters (K465MA4S03) 146/675
{'max_depth': 50, 'max_features': 0.1, 'min_samples_leaf': 0.0001, 'min_samples_split': 0.001, 'n_estimators': 2500}
Fold 1
Fold 2
Fold 3
Fold 4



2021-08-11 18:09:18
Parameters (4ZSBQUALRN) 147/675
{'max_depth': 15, 'max_features': 0.5, 'min_samples_leaf': 0.001, 'min_samples_split': 1e-05, 'n_estimators': 1000}
Fold 1
Fold 2
Fold 3
Fold 4



2021-08-11 18:09:29
Parameters (14ECAII7PQ) 148/675
{'max_depth': 15, 'max_features': 0.2, 'min_samples_leaf': 0.0001, 'min_samples_split': 0.001, 'n_estimators': 700}
Fold 1
Fold 2
Fold 3
Fold 4



2021-08-11 18:09:37
Parameters (FRI5E0DXWO) 149/675
{'max_depth': 30, 'max_features': 0.7, 'min_samples_leaf': 1e-05, 'min_samples_split': 0.0001, 'n_estimators': 1000}
Fold 1
Fold 2
Fold 3
Fold 4



2021-08-11 18:09:55
Parameters (JBPZLMJ5ML) 150/675
{'max_depth': 15, 'max_features': 0.5, 'min_samples_leaf': 0.001, 'min_samples_split': 1e-05, 'n_estimators': 700}
Fold 1
Fold 2
Fold 3
Fold 4



2021-08-11 18:10:03
Parameters (L5Z2EZ8A8U) 151/675
{'max_depth': 13, 'max_features': 0.3, 'min_samples_leaf': 0.0001, 'min_samples_split': 0.0001, 'n_estimators': 1000}
Fold 1
Fold 2
Fold 3
Fold 4



2021-08-11 18:10:15
Parameters (N64FY40N3E) 152/675
{'max_depth': 20, 'max_features': 0.1, 'min_samples_leaf': 0.001, 'min_samples_split': 0.0001, 'n_estimators': 700}
Fold 1
Fold 2
Fold 3
Fold 4



2021-08-11 18:10:22
Parameters (W7NYN0UKMK) 153/675
{'max_depth': 30, 'max_features': 0.2, 'min_samples_leaf': 1e-05, 'min_samples_split': 0.0001, 'n_estimators': 2500}
Fold 1
Fold 2
Fold 3
Fold 4



2021-08-11 18:10:59
Parameters (HUYTQ8V70M) 154/675
{'max_depth': 20, 'max_features': 0.1, 'min_samples_leaf': 0.001, 'min_samples_split': 0.0001, 'n_estimators': 2500}
Fold 1
Fold 2
Fold 3
Fold 4



2021-08-11 18:11:25
Parameters (1TCJ6RY5HU) 155/675
{'max_depth': 50, 'max_features': 0.2, 'min_samples_leaf': 1e-05, 'min_samples_split': 0.001, 'n_estimators': 1000}
Fold 1
Fold 2
Fold 3
Fold 4



2021-08-11 18:11:37
Parameters (LYZJLL0M6T) 156/675
{'max_depth': 13, 'max_features': 0.1, 'min_samples_leaf': 0.001, 'min_samples_split': 1e-05, 'n_estimators': 1000}
Fold 1
Fold 2
Fold 3
Fold 4



2021-08-11 18:11:48
Parameters (YFVGMLD88A) 157/675
{'max_depth': 15, 'max_features': 0.3, 'min_samples_leaf': 0.0001, 'min_samples_split': 1e-05, 'n_estimators': 700}
Fold 1
Fold 2
Fold 3
Fold 4



2021-08-11 18:11:57
Parameters (P9F9EUVO5F) 158/675
{'max_depth': 30, 'max_features': 0.7, 'min_samples_leaf': 1e-05, 'min_samples_split': 0.001, 'n_estimators': 2500}
Fold 1
Fold 2
Fold 3
Fold 4



2021-08-11 18:12:34
Parameters (AJ21H3N4EU) 159/675
{'max_depth': 15, 'max_features': 0.1, 'min_samples_leaf': 0.0001, 'min_samples_split': 1e-05, 'n_estimators': 2500}
Fold 1
Fold 2
Fold 3
Fold 4



2021-08-11 18:13:06
Parameters (UMENDBCLEH) 160/675
{'max_depth': 50, 'max_features': 0.1, 'min_samples_leaf': 1e-05, 'min_samples_split': 1e-05, 'n_estimators': 700}
Fold 1
Fold 2
Fold 3
Fold 4



2021-08-11 18:13:16
Parameters (JWNZPD64CJ) 161/675
{'max_depth': 20, 'max_features': 0.3, 'min_samples_leaf': 1e-05, 'min_samples_split': 0.001, 'n_estimators': 2500}
Fold 1
Fold 2
Fold 3
Fold 4



2021-08-11 18:13:47
Parameters (13AJOP4W8K) 162/675
{'max_depth': 30, 'max_features': 0.1, 'min_samples_leaf': 1e-05, 'min_samples_split': 0.001, 'n_estimators': 700}
Fold 1
Fold 2
Fold 3
Fold 4



2021-08-11 18:13:55
Parameters (AWAJBL13QN) 163/675
{'max_depth': 50, 'max_features': 0.7, 'min_samples_leaf': 1e-05, 'min_samples_split': 0.001, 'n_estimators': 700}
Fold 1
Fold 2
Fold 3
Fold 4



2021-08-11 18:14:06
Parameters (4WJVMZNBFV) 164/675
{'max_depth': 30, 'max_features': 0.5, 'min_samples_leaf': 1e-05, 'min_samples_split': 0.0001, 'n_estimators': 1000}
Fold 1
Fold 2
Fold 3
Fold 4



2021-08-11 18:14:20
Parameters (Q4NB0NEP0A) 165/675
{'max_depth': 13, 'max_features': 0.3, 'min_samples_leaf': 0.001, 'min_samples_split': 0.001, 'n_estimators': 2500}
Fold 1
Fold 2
Fold 3
Fold 4



2021-08-11 18:14:46
Parameters (BIA643BFSS) 166/675
{'max_depth': 15, 'max_features': 0.7, 'min_samples_leaf': 1e-05, 'min_samples_split': 1e-05, 'n_estimators': 1000}
Fold 1
Fold 2
Fold 3
Fold 4



2021-08-11 18:15:03
Parameters (JJYLF2KTFG) 167/675
{'max_depth': 20, 'max_features': 0.1, 'min_samples_leaf': 0.001, 'min_samples_split': 0.001, 'n_estimators': 700}
Fold 1
Fold 2
Fold 3
Fold 4



2021-08-11 18:15:11
Parameters (U4W4BFALPH) 168/675
{'max_depth': 30, 'max_features': 0.2, 'min_samples_leaf': 0.0001, 'min_samples_split': 0.001, 'n_estimators': 1000}
Fold 1
Fold 2
Fold 3
Fold 4



2021-08-11 18:15:23
Parameters (ZPLGABOE0E) 169/675
{'max_depth': 30, 'max_features': 0.2, 'min_samples_leaf': 0.001, 'min_samples_split': 0.001, 'n_estimators': 2500}
Fold 1
Fold 2
Fold 3
Fold 4



2021-08-11 18:15:49
Parameters (DCZD4ILXPR) 170/675
{'max_depth': 30, 'max_features': 0.5, 'min_samples_leaf': 0.0001, 'min_samples_split': 0.001, 'n_estimators': 2500}
Fold 1
Fold 2
Fold 3
Fold 4



2021-08-11 18:16:19
Parameters (HS25LPG693) 171/675
{'max_depth': 15, 'max_features': 0.2, 'min_samples_leaf': 0.0001, 'min_samples_split': 1e-05, 'n_estimators': 700}
Fold 1
Fold 2
Fold 3
Fold 4



2021-08-11 18:16:28
Parameters (UAX23BEVUF) 172/675
{'max_depth': 50, 'max_features': 0.2, 'min_samples_leaf': 0.0001, 'min_samples_split': 0.001, 'n_estimators': 1000}
Fold 1
Fold 2
Fold 3
Fold 4



2021-08-11 18:16:40
Parameters (TD4UQIOLAQ) 173/675
{'max_depth': 30, 'max_features': 0.3, 'min_samples_leaf': 0.001, 'min_samples_split': 0.0001, 'n_estimators': 2500}
Fold 1
Fold 2
Fold 3
Fold 4



2021-08-11 18:17:06
Parameters (EKQSDYSW7L) 174/675
{'max_depth': 13, 'max_features': 0.5, 'min_samples_leaf': 1e-05, 'min_samples_split': 1e-05, 'n_estimators': 1000}
Fold 1
Fold 2
Fold 3
Fold 4



2021-08-11 18:17:18
Parameters (1FRKN3IN76) 175/675
{'max_depth': 15, 'max_features': 0.7, 'min_samples_leaf': 1e-05, 'min_samples_split': 0.0001, 'n_estimators': 700}
Fold 1
Fold 2
Fold 3
Fold 4



2021-08-11 18:17:30
Parameters (GMP7HAN9YS) 176/675
{'max_depth': 30, 'max_features': 0.1, 'min_samples_leaf': 1e-05, 'min_samples_split': 1e-05, 'n_estimators': 700}
Fold 1
Fold 2
Fold 3
Fold 4



2021-08-11 18:17:41
Parameters (ZF496D7QVK) 177/675
{'max_depth': 30, 'max_features': 0.5, 'min_samples_leaf': 0.0001, 'min_samples_split': 0.0001, 'n_estimators': 2500}
Fold 1
Fold 2
Fold 3
Fold 4



2021-08-11 18:18:13
Parameters (4CEEHFGSQL) 178/675
{'max_depth': 13, 'max_features': 0.2, 'min_samples_leaf': 1e-05, 'min_samples_split': 0.001, 'n_estimators': 1000}
Fold 1
Fold 2
Fold 3
Fold 4



2021-08-11 18:18:24
Parameters (L59FEMOB9G) 179/675
{'max_depth': 50, 'max_features': 0.5, 'min_samples_leaf': 1e-05, 'min_samples_split': 0.001, 'n_estimators': 2500}
Fold 1
Fold 2
Fold 3
Fold 4



2021-08-11 18:18:55
Parameters (TJQKE50E4A) 180/675
{'max_depth': 30, 'max_features': 0.7, 'min_samples_leaf': 0.0001, 'min_samples_split': 0.001, 'n_estimators': 2500}
Fold 1
Fold 2
Fold 3
Fold 4



2021-08-11 18:19:32
Parameters (J0UN3Y6G4B) 181/675
{'max_depth': 13, 'max_features': 0.7, 'min_samples_leaf': 0.0001, 'min_samples_split': 0.001, 'n_estimators': 1000}
Fold 1
Fold 2
Fold 3
Fold 4



2021-08-11 18:19:46
Parameters (YMFT0LF1TT) 182/675
{'max_depth': 50, 'max_features': 0.1, 'min_samples_leaf': 0.0001, 'min_samples_split': 0.0001, 'n_estimators': 700}
Fold 1
Fold 2
Fold 3
Fold 4



2021-08-11 18:19:55
Parameters (4NSJ56C8Q9) 183/675
{'max_depth': 15, 'max_features': 0.1, 'min_samples_leaf': 0.001, 'min_samples_split': 0.001, 'n_estimators': 700}
Fold 1
Fold 2
Fold 3
Fold 4



2021-08-11 18:20:03
Parameters (A3GBOJR9AW) 184/675
{'max_depth': 20, 'max_features': 0.3, 'min_samples_leaf': 1e-05, 'min_samples_split': 0.0001, 'n_estimators': 2500}
Fold 1
Fold 2
Fold 3
Fold 4



2021-08-11 18:20:39
Parameters (CDFNH08CM5) 185/675
{'max_depth': 30, 'max_features': 0.5, 'min_samples_leaf': 0.001, 'min_samples_split': 0.0001, 'n_estimators': 2500}
Fold 1
Fold 2
Fold 3
Fold 4



2021-08-11 18:21:06
Parameters (A58TADHAKR) 186/675
{'max_depth': 20, 'max_features': 0.3, 'min_samples_leaf': 0.0001, 'min_samples_split': 0.0001, 'n_estimators': 700}
Fold 1
Fold 2
Fold 3
Fold 4



2021-08-11 18:21:15
Parameters (48FNWJGBRM) 187/675
{'max_depth': 15, 'max_features': 0.7, 'min_samples_leaf': 1e-05, 'min_samples_split': 1e-05, 'n_estimators': 700}
Fold 1
Fold 2
Fold 3
Fold 4



2021-08-11 18:21:26
Parameters (HKQ8PA2NZ2) 188/675
{'max_depth': 13, 'max_features': 0.7, 'min_samples_leaf': 0.0001, 'min_samples_split': 1e-05, 'n_estimators': 700}
Fold 1
Fold 2
Fold 3
Fold 4



2021-08-11 18:21:37
Parameters (6VEZ66OQ7L) 189/675
{'max_depth': 13, 'max_features': 0.7, 'min_samples_leaf': 0.001, 'min_samples_split': 0.0001, 'n_estimators': 2500}
Fold 1
Fold 2
Fold 3
Fold 4



2021-08-11 18:22:09
Parameters (10TYEVG7IW) 190/675
{'max_depth': 15, 'max_features': 0.7, 'min_samples_leaf': 1e-05, 'min_samples_split': 0.001, 'n_estimators': 700}
Fold 1
Fold 2
Fold 3
Fold 4



2021-08-11 18:22:20
Parameters (36RIY6G060) 191/675
{'max_depth': 50, 'max_features': 0.2, 'min_samples_leaf': 1e-05, 'min_samples_split': 0.0001, 'n_estimators': 700}
Fold 1
Fold 2
Fold 3
Fold 4



2021-08-11 18:22:30
Parameters (GL2A7U5VLQ) 192/675
{'max_depth': 30, 'max_features': 0.1, 'min_samples_leaf': 0.001, 'min_samples_split': 0.001, 'n_estimators': 1000}
Fold 1
Fold 2
Fold 3
Fold 4



2021-08-11 18:22:40
Parameters (O7OUAAESAU) 193/675
{'max_depth': 20, 'max_features': 0.3, 'min_samples_leaf': 1e-05, 'min_samples_split': 0.0001, 'n_estimators': 1000}
Fold 1
Fold 2
Fold 3
Fold 4



2021-08-11 18:22:55
Parameters (USZD7SFJ4I) 194/675
{'max_depth': 30, 'max_features': 0.2, 'min_samples_leaf': 1e-05, 'min_samples_split': 1e-05, 'n_estimators': 1000}
Fold 1
Fold 2
Fold 3
Fold 4



2021-08-11 18:23:10
Parameters (HRO1ZHA19T) 195/675
{'max_depth': 20, 'max_features': 0.5, 'min_samples_leaf': 0.0001, 'min_samples_split': 1e-05, 'n_estimators': 1000}
Fold 1
Fold 2
Fold 3
Fold 4



2021-08-11 18:23:23
Parameters (OVYE9935GG) 196/675
{'max_depth': 50, 'max_features': 0.3, 'min_samples_leaf': 0.001, 'min_samples_split': 1e-05, 'n_estimators': 2500}
Fold 1
Fold 2
Fold 3
Fold 4



2021-08-11 18:23:49
Parameters (RYQ5QMQTS0) 197/675
{'max_depth': 15, 'max_features': 0.1, 'min_samples_leaf': 1e-05, 'min_samples_split': 1e-05, 'n_estimators': 700}
Fold 1
Fold 2
Fold 3
Fold 4



2021-08-11 18:23:58
Parameters (J86CLI6KKJ) 198/675
{'max_depth': 13, 'max_features': 0.2, 'min_samples_leaf': 1e-05, 'min_samples_split': 1e-05, 'n_estimators': 2500}
Fold 1
Fold 2
Fold 3
Fold 4



2021-08-11 18:24:29
Parameters (FCY0BC2J3E) 199/675
{'max_depth': 20, 'max_features': 0.3, 'min_samples_leaf': 0.0001, 'min_samples_split': 0.001, 'n_estimators': 1000}
Fold 1
Fold 2
Fold 3
Fold 4



2021-08-11 18:24:41
Parameters (M8T25L32F9) 200/675
{'max_depth': 15, 'max_features': 0.2, 'min_samples_leaf': 0.001, 'min_samples_split': 0.001, 'n_estimators': 1000}
Fold 1
Fold 2
Fold 3
Fold 4



2021-08-11 18:24:52
Parameters (TREWHZWY6Q) 201/675
{'max_depth': 20, 'max_features': 0.5, 'min_samples_leaf': 0.001, 'min_samples_split': 0.0001, 'n_estimators': 700}
Fold 1
Fold 2
Fold 3
Fold 4



2021-08-11 18:24:59
Parameters (UZUKLREZGO) 202/675
{'max_depth': 30, 'max_features': 0.5, 'min_samples_leaf': 0.0001, 'min_samples_split': 1e-05, 'n_estimators': 700}
Fold 1
Fold 2
Fold 3
Fold 4



2021-08-11 18:25:08
Parameters (B94JZUORZT) 203/675
{'max_depth': 15, 'max_features': 0.3, 'min_samples_leaf': 1e-05, 'min_samples_split': 0.0001, 'n_estimators': 2500}
Fold 1
Fold 2
Fold 3
Fold 4



2021-08-11 18:25:41
Parameters (2LS75TSRY2) 204/675
{'max_depth': 20, 'max_features': 0.3, 'min_samples_leaf': 0.001, 'min_samples_split': 0.001, 'n_estimators': 2500}
Fold 1
Fold 2
Fold 3
Fold 4



2021-08-11 18:26:07
Parameters (NIUHJECOO1) 205/675
{'max_depth': 20, 'max_features': 0.3, 'min_samples_leaf': 0.001, 'min_samples_split': 1e-05, 'n_estimators': 700}
Fold 1
Fold 2
Fold 3
Fold 4



2021-08-11 18:26:15
Parameters (LMQP70Z7UF) 206/675
{'max_depth': 20, 'max_features': 0.1, 'min_samples_leaf': 1e-05, 'min_samples_split': 1e-05, 'n_estimators': 1000}
Fold 1
Fold 2
Fold 3
Fold 4



2021-08-11 18:26:29
Parameters (UC37WJ7XO1) 207/675
{'max_depth': 20, 'max_features': 0.5, 'min_samples_leaf': 1e-05, 'min_samples_split': 0.0001, 'n_estimators': 2500}
Fold 1
Fold 2
Fold 3
Fold 4



2021-08-11 18:27:06
Parameters (0LPPQUQ83F) 208/675
{'max_depth': 15, 'max_features': 0.3, 'min_samples_leaf': 0.0001, 'min_samples_split': 0.001, 'n_estimators': 1000}
Fold 1
Fold 2
Fold 3
Fold 4



2021-08-11 18:27:17
Parameters (OP9XM2MBCG) 209/675
{'max_depth': 20, 'max_features': 0.2, 'min_samples_leaf': 0.0001, 'min_samples_split': 1e-05, 'n_estimators': 2500}
Fold 1
Fold 2
Fold 3
Fold 4



2021-08-11 18:27:50
Parameters (ZR7K5NNSS9) 210/675
{'max_depth': 15, 'max_features': 0.3, 'min_samples_leaf': 0.001, 'min_samples_split': 0.0001, 'n_estimators': 700}
Fold 1
Fold 2
Fold 3
Fold 4



2021-08-11 18:27:57
Parameters (F2NHYC8BCP) 211/675
{'max_depth': 20, 'max_features': 0.3, 'min_samples_leaf': 0.0001, 'min_samples_split': 0.001, 'n_estimators': 2500}
Fold 1
Fold 2
Fold 3
Fold 4



2021-08-11 18:28:27
Parameters (0NJ3QBPXU3) 212/675
{'max_depth': 30, 'max_features': 0.2, 'min_samples_leaf': 1e-05, 'min_samples_split': 1e-05, 'n_estimators': 2500}
Fold 1
Fold 2
Fold 3
Fold 4



2021-08-11 18:29:04
Parameters (7E2SRY935F) 213/675
{'max_depth': 15, 'max_features': 0.2, 'min_samples_leaf': 1e-05, 'min_samples_split': 0.001, 'n_estimators': 2500}
Fold 1
Fold 2
Fold 3
Fold 4



2021-08-11 18:29:33
Parameters (YA5OKFC1ZQ) 214/675
{'max_depth': 15, 'max_features': 0.5, 'min_samples_leaf': 0.0001, 'min_samples_split': 0.0001, 'n_estimators': 700}
Fold 1
Fold 2
Fold 3
Fold 4



2021-08-11 18:29:42
Parameters (DOBDTQ0LID) 215/675
{'max_depth': 13, 'max_features': 0.3, 'min_samples_leaf': 0.0001, 'min_samples_split': 1e-05, 'n_estimators': 1000}
Fold 1
Fold 2
Fold 3
Fold 4



2021-08-11 18:29:54
Parameters (A4SD9UJOUP) 216/675
{'max_depth': 20, 'max_features': 0.7, 'min_samples_leaf': 1e-05, 'min_samples_split': 1e-05, 'n_estimators': 1000}
Fold 1
Fold 2
Fold 3
Fold 4



2021-08-11 18:30:12
Parameters (AS42DE3H6G) 217/675
{'max_depth': 13, 'max_features': 0.3, 'min_samples_leaf': 0.0001, 'min_samples_split': 0.001, 'n_estimators': 1000}
Fold 1
Fold 2
Fold 3
Fold 4



2021-08-11 18:30:23
Parameters (ASPUKEKCT0) 218/675
{'max_depth': 20, 'max_features': 0.5, 'min_samples_leaf': 0.0001, 'min_samples_split': 1e-05, 'n_estimators': 2500}
Fold 1
Fold 2
Fold 3
Fold 4



2021-08-11 18:30:56
Parameters (S4HWV5E957) 219/675
{'max_depth': 13, 'max_features': 0.1, 'min_samples_leaf': 0.001, 'min_samples_split': 0.0001, 'n_estimators': 700}
Fold 1
Fold 2
Fold 3
Fold 4



2021-08-11 18:31:03
Parameters (YNDLZNTHM3) 220/675
{'max_depth': 20, 'max_features': 0.7, 'min_samples_leaf': 0.001, 'min_samples_split': 0.001, 'n_estimators': 1000}
Fold 1
Fold 2
Fold 3
Fold 4



2021-08-11 18:31:16
Parameters (YM9NISXZ23) 221/675
{'max_depth': 50, 'max_features': 0.1, 'min_samples_leaf': 0.0001, 'min_samples_split': 0.001, 'n_estimators': 700}
Fold 1
Fold 2
Fold 3
Fold 4



2021-08-11 18:31:25
Parameters (32IU375CJC) 222/675
{'max_depth': 13, 'max_features': 0.3, 'min_samples_leaf': 0.001, 'min_samples_split': 1e-05, 'n_estimators': 2500}
Fold 1
Fold 2
Fold 3
Fold 4



2021-08-11 18:31:51
Parameters (NXCM4HYXWX) 223/675
{'max_depth': 13, 'max_features': 0.3, 'min_samples_leaf': 0.001, 'min_samples_split': 0.0001, 'n_estimators': 700}
Fold 1
Fold 2
Fold 3
Fold 4



2021-08-11 18:31:58
Parameters (EJROCG6TLY) 224/675
{'max_depth': 50, 'max_features': 0.7, 'min_samples_leaf': 1e-05, 'min_samples_split': 1e-05, 'n_estimators': 700}
Fold 1
Fold 2
Fold 3
Fold 4



2021-08-11 18:32:11
Parameters (9O5PGEQ5ZH) 225/675
{'max_depth': 20, 'max_features': 0.1, 'min_samples_leaf': 0.0001, 'min_samples_split': 0.0001, 'n_estimators': 700}
Fold 1
Fold 2
Fold 3
Fold 4



2021-08-11 18:32:20
Parameters (PP096XFIID) 226/675
{'max_depth': 15, 'max_features': 0.7, 'min_samples_leaf': 1e-05, 'min_samples_split': 0.001, 'n_estimators': 2500}
Fold 1
Fold 2
Fold 3
Fold 4



2021-08-11 18:32:57
Parameters (5DI7DPLO02) 227/675
{'max_depth': 50, 'max_features': 0.1, 'min_samples_leaf': 0.001, 'min_samples_split': 0.001, 'n_estimators': 700}
Fold 1
Fold 2
Fold 3
Fold 4



2021-08-11 18:33:04
Parameters (0OLQQ9JFIN) 228/675
{'max_depth': 13, 'max_features': 0.5, 'min_samples_leaf': 0.001, 'min_samples_split': 0.001, 'n_estimators': 1000}
Fold 1
Fold 2
Fold 3
Fold 4



2021-08-11 18:33:15
Parameters (TPS6PD8VJB) 229/675
{'max_depth': 13, 'max_features': 0.2, 'min_samples_leaf': 0.001, 'min_samples_split': 0.0001, 'n_estimators': 2500}
Fold 1
Fold 2
Fold 3
Fold 4



2021-08-11 18:33:41
Parameters (EBISWK59Z2) 230/675
{'max_depth': 50, 'max_features': 0.1, 'min_samples_leaf': 1e-05, 'min_samples_split': 0.001, 'n_estimators': 2500}
Fold 1
Fold 2
Fold 3
Fold 4



2021-08-11 18:34:12
Parameters (DF1ND994MP) 231/675
{'max_depth': 13, 'max_features': 0.3, 'min_samples_leaf': 1e-05, 'min_samples_split': 0.001, 'n_estimators': 1000}
Fold 1
Fold 2
Fold 3
Fold 4



2021-08-11 18:34:23
Parameters (DBWTUHK1E9) 232/675
{'max_depth': 30, 'max_features': 0.1, 'min_samples_leaf': 1e-05, 'min_samples_split': 0.0001, 'n_estimators': 2500}
Fold 1
Fold 2
Fold 3
Fold 4



2021-08-11 18:35:00
Parameters (MK78YLA5FR) 233/675
{'max_depth': 13, 'max_features': 0.3, 'min_samples_leaf': 0.0001, 'min_samples_split': 0.0001, 'n_estimators': 2500}
Fold 1
Fold 2
Fold 3
Fold 4



2021-08-11 18:35:30
Parameters (28WLICKLQF) 234/675
{'max_depth': 50, 'max_features': 0.5, 'min_samples_leaf': 0.0001, 'min_samples_split': 0.001, 'n_estimators': 1000}
Fold 1
Fold 2
Fold 3
Fold 4



2021-08-11 18:35:42
Parameters (8AXLM7CWOX) 235/675
{'max_depth': 15, 'max_features': 0.7, 'min_samples_leaf': 0.0001, 'min_samples_split': 1e-05, 'n_estimators': 2500}
Fold 1
Fold 2
Fold 3
Fold 4



2021-08-11 18:36:21
Parameters (QF2XQ2XTER) 236/675
{'max_depth': 20, 'max_features': 0.7, 'min_samples_leaf': 0.0001, 'min_samples_split': 1e-05, 'n_estimators': 700}
Fold 1
Fold 2
Fold 3
Fold 4



2021-08-11 18:36:32
Parameters (JACERF40KY) 237/675
{'max_depth': 13, 'max_features': 0.2, 'min_samples_leaf': 0.0001, 'min_samples_split': 0.0001, 'n_estimators': 700}
Fold 1
Fold 2
Fold 3
Fold 4



2021-08-11 18:36:40
Parameters (P863Q7UMOM) 238/675
{'max_depth': 15, 'max_features': 0.7, 'min_samples_leaf': 0.0001, 'min_samples_split': 0.001, 'n_estimators': 2500}
Fold 1
Fold 2
Fold 3
Fold 4



2021-08-11 18:37:17
Parameters (UU89N04492) 239/675
{'max_depth': 13, 'max_features': 0.7, 'min_samples_leaf': 1e-05, 'min_samples_split': 1e-05, 'n_estimators': 700}
Fold 1
Fold 2
Fold 3
Fold 4



2021-08-11 18:37:27
Parameters (7G0AZBCFCW) 240/675
{'max_depth': 15, 'max_features': 0.3, 'min_samples_leaf': 1e-05, 'min_samples_split': 0.001, 'n_estimators': 700}
Fold 1
Fold 2
Fold 3
Fold 4



2021-08-11 18:37:36
Parameters (YLYOA19A9K) 241/675
{'max_depth': 30, 'max_features': 0.3, 'min_samples_leaf': 0.001, 'min_samples_split': 0.0001, 'n_estimators': 1000}
Fold 1
Fold 2
Fold 3
Fold 4



2021-08-11 18:37:46
Parameters (1G5Z5V0TEC) 242/675
{'max_depth': 20, 'max_features': 0.1, 'min_samples_leaf': 0.0001, 'min_samples_split': 1e-05, 'n_estimators': 1000}
Fold 1
Fold 2
Fold 3
Fold 4



2021-08-11 18:37:59
Parameters (ZAM457DNI1) 243/675
{'max_depth': 13, 'max_features': 0.1, 'min_samples_leaf': 1e-05, 'min_samples_split': 1e-05, 'n_estimators': 700}
Fold 1
Fold 2
Fold 3
Fold 4



2021-08-11 18:38:08
Parameters (OS5EOZXO0L) 244/675
{'max_depth': 15, 'max_features': 0.2, 'min_samples_leaf': 0.0001, 'min_samples_split': 0.0001, 'n_estimators': 1000}
Fold 1
Fold 2
Fold 3
Fold 4



2021-08-11 18:38:21
Parameters (QC37K71YPJ) 245/675
{'max_depth': 13, 'max_features': 0.5, 'min_samples_leaf': 0.001, 'min_samples_split': 1e-05, 'n_estimators': 700}
Fold 1
Fold 2
Fold 3
Fold 4



2021-08-11 18:38:28
Parameters (1ME4LCCD7B) 246/675
{'max_depth': 20, 'max_features': 0.7, 'min_samples_leaf': 0.001, 'min_samples_split': 1e-05, 'n_estimators': 700}
Fold 1
Fold 2
Fold 3
Fold 4



2021-08-11 18:38:37
Parameters (QOW9FDXA8A) 247/675
{'max_depth': 15, 'max_features': 0.7, 'min_samples_leaf': 0.001, 'min_samples_split': 0.0001, 'n_estimators': 1000}
Fold 1
Fold 2
Fold 3
Fold 4



2021-08-11 18:38:50
Parameters (V3QE4JUQZ6) 248/675
{'max_depth': 50, 'max_features': 0.5, 'min_samples_leaf': 0.001, 'min_samples_split': 0.001, 'n_estimators': 1000}
Fold 1
Fold 2
Fold 3
Fold 4



2021-08-11 18:39:01
Parameters (H15140IDQB) 249/675
{'max_depth': 50, 'max_features': 0.2, 'min_samples_leaf': 0.001, 'min_samples_split': 0.001, 'n_estimators': 700}
Fold 1
Fold 2
Fold 3
Fold 4



2021-08-11 18:39:08
Parameters (NBMKMTQAQQ) 250/675
{'max_depth': 30, 'max_features': 0.1, 'min_samples_leaf': 0.001, 'min_samples_split': 0.0001, 'n_estimators': 2500}
Fold 1
Fold 2
Fold 3
Fold 4



2021-08-11 18:39:34
Parameters (H6G5PL8S4D) 251/675
{'max_depth': 20, 'max_features': 0.2, 'min_samples_leaf': 0.001, 'min_samples_split': 1e-05, 'n_estimators': 2500}
Fold 1
Fold 2
Fold 3
Fold 4



2021-08-11 18:40:01
Parameters (ZJP4TINOBI) 252/675
{'max_depth': 15, 'max_features': 0.5, 'min_samples_leaf': 1e-05, 'min_samples_split': 1e-05, 'n_estimators': 700}
Fold 1
Fold 2
Fold 3
Fold 4



2021-08-11 18:40:10
Parameters (P8EIQ9QPJY) 253/675
{'max_depth': 50, 'max_features': 0.3, 'min_samples_leaf': 0.0001, 'min_samples_split': 0.001, 'n_estimators': 1000}
Fold 1
Fold 2
Fold 3
Fold 4



2021-08-11 18:40:22
Parameters (RM9VYDU417) 254/675
{'max_depth': 13, 'max_features': 0.7, 'min_samples_leaf': 0.001, 'min_samples_split': 0.001, 'n_estimators': 1000}
Fold 1
Fold 2
Fold 3
Fold 4



2021-08-11 18:40:35
Parameters (N8KYM96XGC) 255/675
{'max_depth': 13, 'max_features': 0.5, 'min_samples_leaf': 1e-05, 'min_samples_split': 0.0001, 'n_estimators': 700}
Fold 1
Fold 2
Fold 3
Fold 4



2021-08-11 18:40:43
Parameters (Y0EVTOVVC5) 256/675
{'max_depth': 50, 'max_features': 0.1, 'min_samples_leaf': 0.0001, 'min_samples_split': 1e-05, 'n_estimators': 2500}
Fold 1
Fold 2
Fold 3
Fold 4



2021-08-11 18:41:16
Parameters (3ATMJJ4AB1) 257/675
{'max_depth': 20, 'max_features': 0.3, 'min_samples_leaf': 0.0001, 'min_samples_split': 1e-05, 'n_estimators': 1000}
Fold 1
Fold 2
Fold 3
Fold 4



2021-08-11 18:41:29
Parameters (UB5VNA4JEK) 258/675
{'max_depth': 30, 'max_features': 0.2, 'min_samples_leaf': 0.0001, 'min_samples_split': 1e-05, 'n_estimators': 1000}
Fold 1
Fold 2
Fold 3
Fold 4



2021-08-11 18:41:42
Parameters (GGJFJSAV81) 259/675
{'max_depth': 20, 'max_features': 0.1, 'min_samples_leaf': 1e-05, 'min_samples_split': 0.001, 'n_estimators': 1000}
Fold 1
Fold 2
Fold 3
Fold 4



2021-08-11 18:41:54
Parameters (7DM7LC0FSJ) 260/675
{'max_depth': 50, 'max_features': 0.3, 'min_samples_leaf': 0.0001, 'min_samples_split': 1e-05, 'n_estimators': 2500}
Fold 1
Fold 2
Fold 3
Fold 4



2021-08-11 18:42:27
Parameters (I67N6MNM8I) 261/675
{'max_depth': 15, 'max_features': 0.2, 'min_samples_leaf': 1e-05, 'min_samples_split': 1e-05, 'n_estimators': 700}
Fold 1
Fold 2
Fold 3
Fold 4



2021-08-11 18:42:36
Parameters (M280U1DZOS) 262/675
{'max_depth': 20, 'max_features': 0.1, 'min_samples_leaf': 0.0001, 'min_samples_split': 1e-05, 'n_estimators': 700}
Fold 1
Fold 2
Fold 3
Fold 4



2021-08-11 18:42:45
Parameters (W5KSG3O8FH) 263/675
{'max_depth': 20, 'max_features': 0.1, 'min_samples_leaf': 0.0001, 'min_samples_split': 0.0001, 'n_estimators': 2500}
Fold 1
Fold 2
Fold 3
Fold 4



2021-08-11 18:43:18
Parameters (JFWXJVNDD0) 264/675
{'max_depth': 30, 'max_features': 0.1, 'min_samples_leaf': 0.0001, 'min_samples_split': 1e-05, 'n_estimators': 2500}
Fold 1
Fold 2
Fold 3
Fold 4



2021-08-11 18:43:50
Parameters (F1OICD7YT5) 265/675
{'max_depth': 30, 'max_features': 0.1, 'min_samples_leaf': 0.001, 'min_samples_split': 0.001, 'n_estimators': 2500}
Fold 1
Fold 2
Fold 3
Fold 4



2021-08-11 18:44:16
Parameters (NKB6HN77JD) 266/675
{'max_depth': 20, 'max_features': 0.3, 'min_samples_leaf': 0.001, 'min_samples_split': 0.001, 'n_estimators': 700}
Fold 1
Fold 2
Fold 3
Fold 4



2021-08-11 18:44:24
Parameters (LOXN817MUL) 267/675
{'max_depth': 15, 'max_features': 0.7, 'min_samples_leaf': 0.0001, 'min_samples_split': 0.001, 'n_estimators': 1000}
Fold 1
Fold 2
Fold 3
Fold 4



2021-08-11 18:44:38
Parameters (OOMYCO5FFL) 268/675
{'max_depth': 50, 'max_features': 0.2, 'min_samples_leaf': 0.0001, 'min_samples_split': 0.0001, 'n_estimators': 1000}
Fold 1
Fold 2
Fold 3
Fold 4



2021-08-11 18:44:51
Parameters (5BQQWVZMEH) 269/675
{'max_depth': 15, 'max_features': 0.2, 'min_samples_leaf': 1e-05, 'min_samples_split': 0.001, 'n_estimators': 700}
Fold 1
Fold 2
Fold 3
Fold 4



2021-08-11 18:44:59
Parameters (0928SM9TVX) 270/675
{'max_depth': 50, 'max_features': 0.2, 'min_samples_leaf': 0.0001, 'min_samples_split': 0.0001, 'n_estimators': 2500}
Fold 1
Fold 2
Fold 3
Fold 4



2021-08-11 18:45:32
Parameters (YP68IDZR4X) 271/675
{'max_depth': 50, 'max_features': 0.5, 'min_samples_leaf': 0.001, 'min_samples_split': 0.001, 'n_estimators': 2500}
Fold 1
Fold 2
Fold 3
Fold 4



2021-08-11 18:45:58
Parameters (PGS5LI4ZQN) 272/675
{'max_depth': 20, 'max_features': 0.5, 'min_samples_leaf': 1e-05, 'min_samples_split': 0.001, 'n_estimators': 700}
Fold 1
Fold 2
Fold 3
Fold 4



2021-08-11 18:46:07
Parameters (XLODDVOCB4) 273/675
{'max_depth': 20, 'max_features': 0.3, 'min_samples_leaf': 0.001, 'min_samples_split': 0.0001, 'n_estimators': 1000}
Fold 1
Fold 2
Fold 3
Fold 4



2021-08-11 18:46:17
Parameters (CNYBM7U40C) 274/675
{'max_depth': 50, 'max_features': 0.7, 'min_samples_leaf': 0.001, 'min_samples_split': 0.0001, 'n_estimators': 2500}
Fold 1
Fold 2
Fold 3
Fold 4



2021-08-11 18:46:50
Parameters (JSJJ2N7TN5) 275/675
{'max_depth': 30, 'max_features': 0.3, 'min_samples_leaf': 1e-05, 'min_samples_split': 0.0001, 'n_estimators': 1000}
Fold 1
Fold 2
Fold 3
Fold 4



2021-08-11 18:47:05
Parameters (7L1MMQW780) 276/675
{'max_depth': 13, 'max_features': 0.1, 'min_samples_leaf': 1e-05, 'min_samples_split': 0.0001, 'n_estimators': 700}
Fold 1
Fold 2
Fold 3
Fold 4



2021-08-11 18:47:14
Parameters (WD0KB32ZMK) 277/675
{'max_depth': 30, 'max_features': 0.3, 'min_samples_leaf': 0.0001, 'min_samples_split': 1e-05, 'n_estimators': 700}
Fold 1
Fold 2
Fold 3
Fold 4



2021-08-11 18:47:23
Parameters (JMGDH3GTZW) 278/675
{'max_depth': 13, 'max_features': 0.3, 'min_samples_leaf': 0.0001, 'min_samples_split': 1e-05, 'n_estimators': 700}
Fold 1
Fold 2
Fold 3
Fold 4



2021-08-11 18:47:31
Parameters (2C3MLMZPIU) 279/675
{'max_depth': 50, 'max_features': 0.7, 'min_samples_leaf': 0.001, 'min_samples_split': 1e-05, 'n_estimators': 700}
Fold 1
Fold 2
Fold 3
Fold 4



2021-08-11 18:47:40
Parameters (28NOGAR8ML) 280/675
{'max_depth': 50, 'max_features': 0.5, 'min_samples_leaf': 1e-05, 'min_samples_split': 0.001, 'n_estimators': 700}
Fold 1
Fold 2
Fold 3
Fold 4



2021-08-11 18:47:49
Parameters (ZFFUANINN4) 281/675
{'max_depth': 15, 'max_features': 0.5, 'min_samples_leaf': 1e-05, 'min_samples_split': 1e-05, 'n_estimators': 1000}
Fold 1
Fold 2
Fold 3
Fold 4



2021-08-11 18:48:02
Parameters (LY95XKYRKV) 282/675
{'max_depth': 13, 'max_features': 0.7, 'min_samples_leaf': 0.0001, 'min_samples_split': 1e-05, 'n_estimators': 1000}
Fold 1
Fold 2
Fold 3
Fold 4



2021-08-11 18:48:17
Parameters (2LTYWS6YPY) 283/675
{'max_depth': 30, 'max_features': 0.5, 'min_samples_leaf': 0.001, 'min_samples_split': 0.001, 'n_estimators': 2500}
Fold 1
Fold 2
Fold 3
Fold 4



2021-08-11 18:48:43
Parameters (H7BWKSJBTG) 284/675
{'max_depth': 30, 'max_features': 0.7, 'min_samples_leaf': 0.001, 'min_samples_split': 1e-05, 'n_estimators': 700}
Fold 1
Fold 2
Fold 3
Fold 4



2021-08-11 18:48:53
Parameters (1AYAR2G3V1) 285/675
{'max_depth': 20, 'max_features': 0.7, 'min_samples_leaf': 0.001, 'min_samples_split': 0.001, 'n_estimators': 2500}
Fold 1
Fold 2
Fold 3
Fold 4



2021-08-11 18:49:25
Parameters (BBZ96266OV) 286/675
{'max_depth': 20, 'max_features': 0.3, 'min_samples_leaf': 0.001, 'min_samples_split': 0.0001, 'n_estimators': 2500}
Fold 1
Fold 2
Fold 3
Fold 4



2021-08-11 18:49:51
Parameters (IUXMU6KO23) 287/675
{'max_depth': 50, 'max_features': 0.3, 'min_samples_leaf': 1e-05, 'min_samples_split': 0.001, 'n_estimators': 1000}
Fold 1
Fold 2
Fold 3
Fold 4



2021-08-11 18:50:04
Parameters (IP0Q3QMCT0) 288/675
{'max_depth': 13, 'max_features': 0.7, 'min_samples_leaf': 1e-05, 'min_samples_split': 1e-05, 'n_estimators': 2500}
Fold 1
Fold 2
Fold 3
Fold 4



2021-08-11 18:50:42
Parameters (FBX58SELRK) 289/675
{'max_depth': 50, 'max_features': 0.3, 'min_samples_leaf': 0.0001, 'min_samples_split': 0.0001, 'n_estimators': 700}
Fold 1
Fold 2
Fold 3
Fold 4



2021-08-11 18:50:52
Parameters (K8SQM1NMEZ) 290/675
{'max_depth': 20, 'max_features': 0.5, 'min_samples_leaf': 0.001, 'min_samples_split': 1e-05, 'n_estimators': 1000}
Fold 1
Fold 2
Fold 3
Fold 4



2021-08-11 18:51:02
Parameters (ARKKXWSKIJ) 291/675
{'max_depth': 13, 'max_features': 0.1, 'min_samples_leaf': 0.0001, 'min_samples_split': 0.001, 'n_estimators': 700}
Fold 1
Fold 2
Fold 3
Fold 4



2021-08-11 18:51:10
Parameters (FNGAV9QZXG) 292/675
{'max_depth': 50, 'max_features': 0.1, 'min_samples_leaf': 1e-05, 'min_samples_split': 0.001, 'n_estimators': 1000}
Fold 1
Fold 2
Fold 3
Fold 4



2021-08-11 18:51:22
Parameters (5Q5NW34UW3) 293/675
{'max_depth': 30, 'max_features': 0.1, 'min_samples_leaf': 0.001, 'min_samples_split': 1e-05, 'n_estimators': 700}
Fold 1
Fold 2
Fold 3
Fold 4



2021-08-11 18:51:30
Parameters (Y4H2WDP49K) 294/675
{'max_depth': 13, 'max_features': 0.1, 'min_samples_leaf': 0.0001, 'min_samples_split': 1e-05, 'n_estimators': 700}
Fold 1
Fold 2
Fold 3
Fold 4



2021-08-11 18:51:38
Parameters (9LJ5BI2412) 295/675
{'max_depth': 30, 'max_features': 0.5, 'min_samples_leaf': 0.0001, 'min_samples_split': 1e-05, 'n_estimators': 1000}
Fold 1
Fold 2
Fold 3
Fold 4



2021-08-11 18:51:51
Parameters (MZNATT82H7) 296/675
{'max_depth': 20, 'max_features': 0.2, 'min_samples_leaf': 0.0001, 'min_samples_split': 0.0001, 'n_estimators': 1000}
Fold 1
Fold 2
Fold 3
Fold 4



2021-08-11 18:52:04
Parameters (MPSQM0W3WR) 297/675
{'max_depth': 50, 'max_features': 0.3, 'min_samples_leaf': 0.001, 'min_samples_split': 0.001, 'n_estimators': 2500}
Fold 1
Fold 2
Fold 3
Fold 4



2021-08-11 18:52:30
Parameters (K3TFE2HA2J) 298/675
{'max_depth': 30, 'max_features': 0.2, 'min_samples_leaf': 0.0001, 'min_samples_split': 0.001, 'n_estimators': 2500}
Fold 1
Fold 2
Fold 3
Fold 4



2021-08-11 18:53:00
Parameters (9R76OJFFT7) 299/675
{'max_depth': 30, 'max_features': 0.3, 'min_samples_leaf': 0.001, 'min_samples_split': 0.001, 'n_estimators': 700}
Fold 1
Fold 2
Fold 3
Fold 4



2021-08-11 18:53:08
Parameters (HAJ9VVLFXE) 300/675
{'max_depth': 30, 'max_features': 0.7, 'min_samples_leaf': 0.0001, 'min_samples_split': 0.001, 'n_estimators': 1000}
Fold 1
Fold 2
Fold 3
Fold 4



2021-08-11 18:53:22
Parameters (AL6AOC28PY) 301/675
{'max_depth': 30, 'max_features': 0.7, 'min_samples_leaf': 1e-05, 'min_samples_split': 1e-05, 'n_estimators': 700}
Fold 1
Fold 2
Fold 3
Fold 4



2021-08-11 18:53:35
Parameters (64RWI1ZXTY) 302/675
{'max_depth': 13, 'max_features': 0.7, 'min_samples_leaf': 0.001, 'min_samples_split': 1e-05, 'n_estimators': 2500}
Fold 1
Fold 2
Fold 3
Fold 4



2021-08-11 18:54:08
Parameters (J508LMWFHF) 303/675
{'max_depth': 20, 'max_features': 0.2, 'min_samples_leaf': 1e-05, 'min_samples_split': 0.001, 'n_estimators': 2500}
Fold 1
Fold 2
Fold 3
Fold 4



2021-08-11 18:54:39
Parameters (FJEKXHXDBD) 304/675
{'max_depth': 30, 'max_features': 0.3, 'min_samples_leaf': 1e-05, 'min_samples_split': 0.001, 'n_estimators': 2500}
Fold 1
Fold 2
Fold 3
Fold 4



2021-08-11 18:55:09
Parameters (DZBMPALIO5) 305/675
{'max_depth': 20, 'max_features': 0.7, 'min_samples_leaf': 0.001, 'min_samples_split': 0.0001, 'n_estimators': 700}
Fold 1
Fold 2
Fold 3
Fold 4



2021-08-11 18:55:18
Parameters (MYEMDFO7MC) 306/675
{'max_depth': 13, 'max_features': 0.2, 'min_samples_leaf': 0.0001, 'min_samples_split': 1e-05, 'n_estimators': 1000}
Fold 1
Fold 2
Fold 3
Fold 4



2021-08-11 18:55:30
Parameters (I4OMW6YCQ6) 307/675
{'max_depth': 15, 'max_features': 0.7, 'min_samples_leaf': 0.001, 'min_samples_split': 1e-05, 'n_estimators': 1000}
Fold 1
Fold 2
Fold 3
Fold 4



2021-08-11 18:55:44
Parameters (AAGFLMK5S5) 308/675
{'max_depth': 15, 'max_features': 0.2, 'min_samples_leaf': 0.0001, 'min_samples_split': 1e-05, 'n_estimators': 2500}
Fold 1
Fold 2
Fold 3
Fold 4



2021-08-11 18:56:15
Parameters (EH4KK2S1VM) 309/675
{'max_depth': 20, 'max_features': 0.1, 'min_samples_leaf': 0.0001, 'min_samples_split': 0.001, 'n_estimators': 2500}
Fold 1
Fold 2
Fold 3
Fold 4



2021-08-11 18:56:45
Parameters (PCSF2QCRWN) 310/675
{'max_depth': 20, 'max_features': 0.1, 'min_samples_leaf': 1e-05, 'min_samples_split': 0.0001, 'n_estimators': 2500}
Fold 1
Fold 2
Fold 3
Fold 4



2021-08-11 18:57:21
Parameters (OISKD7JV8R) 311/675
{'max_depth': 13, 'max_features': 0.5, 'min_samples_leaf': 0.0001, 'min_samples_split': 1e-05, 'n_estimators': 700}
Fold 1
Fold 2
Fold 3
Fold 4



2021-08-11 18:57:30
Parameters (3QSTGZKE8U) 312/675
{'max_depth': 13, 'max_features': 0.1, 'min_samples_leaf': 1e-05, 'min_samples_split': 0.001, 'n_estimators': 1000}
Fold 1
Fold 2
Fold 3
Fold 4



2021-08-11 18:57:41
Parameters (RVLDR0QT85) 313/675
{'max_depth': 13, 'max_features': 0.2, 'min_samples_leaf': 1e-05, 'min_samples_split': 0.0001, 'n_estimators': 2500}
Fold 1
Fold 2
Fold 3
Fold 4



2021-08-11 18:58:12
Parameters (XDUQB9NG7Y) 314/675
{'max_depth': 50, 'max_features': 0.5, 'min_samples_leaf': 1e-05, 'min_samples_split': 1e-05, 'n_estimators': 700}
Fold 1
Fold 2
Fold 3
Fold 4



2021-08-11 18:58:23
Parameters (IYW0QMFJFK) 315/675
{'max_depth': 50, 'max_features': 0.5, 'min_samples_leaf': 0.001, 'min_samples_split': 1e-05, 'n_estimators': 700}
Fold 1
Fold 2
Fold 3
Fold 4



2021-08-11 18:58:30
Parameters (G84AV0AZI7) 316/675
{'max_depth': 30, 'max_features': 0.5, 'min_samples_leaf': 0.0001, 'min_samples_split': 0.0001, 'n_estimators': 700}
Fold 1
Fold 2
Fold 3
Fold 4



2021-08-11 18:58:39
Parameters (G9K1SRMRD0) 317/675
{'max_depth': 20, 'max_features': 0.1, 'min_samples_leaf': 0.0001, 'min_samples_split': 0.001, 'n_estimators': 1000}
Fold 1
Fold 2
Fold 3
Fold 4



2021-08-11 18:58:51
Parameters (721C3DOU6Z) 318/675
{'max_depth': 15, 'max_features': 0.3, 'min_samples_leaf': 0.0001, 'min_samples_split': 1e-05, 'n_estimators': 2500}
Fold 1
Fold 2
Fold 3
Fold 4



2021-08-11 18:59:23
Parameters (8FGZRWLFIG) 319/675
{'max_depth': 20, 'max_features': 0.5, 'min_samples_leaf': 0.0001, 'min_samples_split': 0.001, 'n_estimators': 700}
Fold 1
Fold 2
Fold 3
Fold 4



2021-08-11 18:59:31
Parameters (6WXBG404VX) 320/675
{'max_depth': 50, 'max_features': 0.2, 'min_samples_leaf': 0.0001, 'min_samples_split': 1e-05, 'n_estimators': 1000}
Fold 1
Fold 2
Fold 3
Fold 4



2021-08-11 18:59:44
Parameters (T3NQIVA53O) 321/675
{'max_depth': 30, 'max_features': 0.5, 'min_samples_leaf': 0.0001, 'min_samples_split': 0.001, 'n_estimators': 700}
Fold 1
Fold 2
Fold 3
Fold 4



2021-08-11 18:59:52
Parameters (DNJ3YI4TZM) 322/675
{'max_depth': 15, 'max_features': 0.1, 'min_samples_leaf': 1e-05, 'min_samples_split': 0.0001, 'n_estimators': 700}
Fold 1
Fold 2
Fold 3
Fold 4



2021-08-11 19:00:02
Parameters (0EY6PJTDNC) 323/675
{'max_depth': 50, 'max_features': 0.1, 'min_samples_leaf': 1e-05, 'min_samples_split': 1e-05, 'n_estimators': 2500}
Fold 1
Fold 2
Fold 3
Fold 4



2021-08-11 19:00:38
Parameters (OCKLAQNZIX) 324/675
{'max_depth': 15, 'max_features': 0.3, 'min_samples_leaf': 1e-05, 'min_samples_split': 1e-05, 'n_estimators': 700}
Fold 1
Fold 2
Fold 3
Fold 4



2021-08-11 19:00:48
Parameters (4ZLRTE2QI2) 325/675
{'max_depth': 13, 'max_features': 0.5, 'min_samples_leaf': 0.0001, 'min_samples_split': 0.001, 'n_estimators': 1000}
Fold 1
Fold 2
Fold 3
Fold 4



2021-08-11 19:00:59
Parameters (ZCFW8C0UX0) 326/675
{'max_depth': 30, 'max_features': 0.3, 'min_samples_leaf': 0.001, 'min_samples_split': 1e-05, 'n_estimators': 2500}
Fold 1
Fold 2
Fold 3
Fold 4



2021-08-11 19:01:25
Parameters (ZMFX9YEMG8) 327/675
{'max_depth': 13, 'max_features': 0.1, 'min_samples_leaf': 0.001, 'min_samples_split': 0.001, 'n_estimators': 1000}
Fold 1
Fold 2
Fold 3
Fold 4



2021-08-11 19:01:35
Parameters (QRZPAIA126) 328/675
{'max_depth': 13, 'max_features': 0.3, 'min_samples_leaf': 1e-05, 'min_samples_split': 1e-05, 'n_estimators': 700}
Fold 1
Fold 2
Fold 3
Fold 4



2021-08-11 19:01:44
Parameters (1UEWFZY8XV) 329/675
{'max_depth': 20, 'max_features': 0.2, 'min_samples_leaf': 1e-05, 'min_samples_split': 0.0001, 'n_estimators': 1000}
Fold 1
Fold 2
Fold 3
Fold 4



2021-08-11 19:01:59
Parameters (6OXJ6AZ5KF) 330/675
{'max_depth': 13, 'max_features': 0.7, 'min_samples_leaf': 0.0001, 'min_samples_split': 0.001, 'n_estimators': 2500}
Fold 1
Fold 2
Fold 3
Fold 4



2021-08-11 19:02:34
Parameters (FYM2L1AKAF) 331/675
{'max_depth': 20, 'max_features': 0.2, 'min_samples_leaf': 0.001, 'min_samples_split': 0.001, 'n_estimators': 2500}
Fold 1
Fold 2
Fold 3
Fold 4



2021-08-11 19:03:01
Parameters (H4RT9GUO8V) 332/675
{'max_depth': 13, 'max_features': 0.3, 'min_samples_leaf': 1e-05, 'min_samples_split': 0.0001, 'n_estimators': 1000}
Fold 1
Fold 2
Fold 3
Fold 4



2021-08-11 19:03:13
Parameters (GV9EAN6O0Y) 333/675
{'max_depth': 13, 'max_features': 0.3, 'min_samples_leaf': 0.0001, 'min_samples_split': 0.001, 'n_estimators': 2500}
Fold 1
Fold 2
Fold 3
Fold 4



2021-08-11 19:03:41
Parameters (CTDMSY4DUG) 334/675
{'max_depth': 50, 'max_features': 0.3, 'min_samples_leaf': 0.001, 'min_samples_split': 1e-05, 'n_estimators': 1000}
Fold 1
Fold 2
Fold 3
Fold 4



2021-08-11 19:03:52
Parameters (YEHAQ4LEGU) 335/675
{'max_depth': 15, 'max_features': 0.5, 'min_samples_leaf': 1e-05, 'min_samples_split': 0.0001, 'n_estimators': 700}
Fold 1
Fold 2
Fold 3
Fold 4



2021-08-11 19:04:01
Parameters (XLLZH9FYU6) 336/675
{'max_depth': 50, 'max_features': 0.7, 'min_samples_leaf': 1e-05, 'min_samples_split': 1e-05, 'n_estimators': 1000}
Fold 1
Fold 2
Fold 3
Fold 4



2021-08-11 19:04:19
Parameters (LRNAL5WV2T) 337/675
{'max_depth': 15, 'max_features': 0.7, 'min_samples_leaf': 0.0001, 'min_samples_split': 1e-05, 'n_estimators': 700}
Fold 1
Fold 2
Fold 3
Fold 4



2021-08-11 19:04:30
Parameters (VSSUXWVA9J) 338/675
{'max_depth': 30, 'max_features': 0.3, 'min_samples_leaf': 0.0001, 'min_samples_split': 0.0001, 'n_estimators': 2500}
Fold 1
Fold 2
Fold 3
Fold 4



2021-08-11 19:05:02
Parameters (YTXQQAVNVB) 339/675
{'max_depth': 15, 'max_features': 0.2, 'min_samples_leaf': 1e-05, 'min_samples_split': 0.001, 'n_estimators': 1000}
Fold 1
Fold 2
Fold 3
Fold 4



2021-08-11 19:05:14
Parameters (K7FK21QI74) 340/675
{'max_depth': 50, 'max_features': 0.2, 'min_samples_leaf': 1e-05, 'min_samples_split': 0.0001, 'n_estimators': 1000}
Fold 1
Fold 2
Fold 3
Fold 4



2021-08-11 19:05:29
Parameters (74U7MAP5TC) 341/675
{'max_depth': 13, 'max_features': 0.1, 'min_samples_leaf': 0.001, 'min_samples_split': 1e-05, 'n_estimators': 2500}
Fold 1
Fold 2
Fold 3
Fold 4



2021-08-11 19:05:55
Parameters (L33XGS184O) 342/675
{'max_depth': 13, 'max_features': 0.2, 'min_samples_leaf': 0.001, 'min_samples_split': 1e-05, 'n_estimators': 700}
Fold 1
Fold 2
Fold 3
Fold 4



2021-08-11 19:06:02
Parameters (PJL15N8T3T) 343/675
{'max_depth': 13, 'max_features': 0.5, 'min_samples_leaf': 1e-05, 'min_samples_split': 0.001, 'n_estimators': 2500}
Fold 1
Fold 2
Fold 3
Fold 4



2021-08-11 19:06:30
Parameters (TKA2X3X0YM) 344/675
{'max_depth': 20, 'max_features': 0.5, 'min_samples_leaf': 0.0001, 'min_samples_split': 0.0001, 'n_estimators': 2500}
Fold 1
Fold 2
Fold 3
Fold 4



2021-08-11 19:07:03
Parameters (81DY6887O0) 345/675
{'max_depth': 20, 'max_features': 0.7, 'min_samples_leaf': 1e-05, 'min_samples_split': 0.0001, 'n_estimators': 2500}
Fold 1
Fold 2
Fold 3
Fold 4



2021-08-11 19:07:49
Parameters (GUDRLK5WZG) 346/675
{'max_depth': 20, 'max_features': 0.2, 'min_samples_leaf': 0.001, 'min_samples_split': 0.0001, 'n_estimators': 1000}
Fold 1
Fold 2
Fold 3
Fold 4



2021-08-11 19:07:59
Parameters (Y7IJ560O4B) 347/675
{'max_depth': 20, 'max_features': 0.1, 'min_samples_leaf': 0.001, 'min_samples_split': 0.001, 'n_estimators': 1000}
Fold 1
Fold 2
Fold 3
Fold 4



2021-08-11 19:08:10
Parameters (IJUSU3BHSO) 348/675
{'max_depth': 15, 'max_features': 0.1, 'min_samples_leaf': 0.0001, 'min_samples_split': 0.001, 'n_estimators': 700}
Fold 1
Fold 2
Fold 3
Fold 4



2021-08-11 19:08:18
Parameters (N99CLLXITA) 349/675
{'max_depth': 13, 'max_features': 0.7, 'min_samples_leaf': 0.0001, 'min_samples_split': 0.0001, 'n_estimators': 2500}
Fold 1
Fold 2
Fold 3
Fold 4



2021-08-11 19:08:55
Parameters (G49W7BOGTP) 350/675
{'max_depth': 15, 'max_features': 0.1, 'min_samples_leaf': 0.0001, 'min_samples_split': 1e-05, 'n_estimators': 700}
Fold 1
Fold 2
Fold 3
Fold 4



2021-08-11 19:09:04
Parameters (DSBMJW1YC8) 351/675
{'max_depth': 50, 'max_features': 0.5, 'min_samples_leaf': 0.001, 'min_samples_split': 0.0001, 'n_estimators': 2500}
Fold 1
Fold 2
Fold 3
Fold 4



2021-08-11 19:09:30
Parameters (BDGZ05HUGE) 352/675
{'max_depth': 13, 'max_features': 0.7, 'min_samples_leaf': 0.001, 'min_samples_split': 1e-05, 'n_estimators': 1000}
Fold 1
Fold 2
Fold 3
Fold 4



2021-08-11 19:09:43
Parameters (TN0ACJ3U20) 353/675
{'max_depth': 20, 'max_features': 0.7, 'min_samples_leaf': 0.001, 'min_samples_split': 1e-05, 'n_estimators': 1000}
Fold 1
Fold 2
Fold 3
Fold 4



2021-08-11 19:09:56
Parameters (OI09KN7DNY) 354/675
{'max_depth': 30, 'max_features': 0.7, 'min_samples_leaf': 0.0001, 'min_samples_split': 0.0001, 'n_estimators': 700}
Fold 1
Fold 2
Fold 3
Fold 4



2021-08-11 19:10:07
Parameters (IDVTF4O69S) 355/675
{'max_depth': 15, 'max_features': 0.7, 'min_samples_leaf': 0.001, 'min_samples_split': 0.001, 'n_estimators': 1000}
Fold 1
Fold 2
Fold 3
Fold 4



2021-08-11 19:10:20
Parameters (LVLX5HLRQW) 356/675
{'max_depth': 30, 'max_features': 0.5, 'min_samples_leaf': 1e-05, 'min_samples_split': 0.0001, 'n_estimators': 700}
Fold 1
Fold 2
Fold 3
Fold 4



2021-08-11 19:10:31
Parameters (DS01ZBDYBV) 357/675
{'max_depth': 30, 'max_features': 0.7, 'min_samples_leaf': 0.001, 'min_samples_split': 0.001, 'n_estimators': 1000}
Fold 1
Fold 2
Fold 3
Fold 4



2021-08-11 19:10:44
Parameters (T3WP7WPPXR) 358/675
{'max_depth': 30, 'max_features': 0.5, 'min_samples_leaf': 0.001, 'min_samples_split': 0.0001, 'n_estimators': 700}
Fold 1
Fold 2
Fold 3
Fold 4



2021-08-11 19:10:51
Parameters (QED9CTW8SO) 359/675
{'max_depth': 13, 'max_features': 0.2, 'min_samples_leaf': 1e-05, 'min_samples_split': 0.001, 'n_estimators': 700}
Fold 1
Fold 2
Fold 3
Fold 4



2021-08-11 19:10:59
Parameters (QVXEXA47KK) 360/675
{'max_depth': 15, 'max_features': 0.7, 'min_samples_leaf': 1e-05, 'min_samples_split': 1e-05, 'n_estimators': 2500}
Fold 1
Fold 2
Fold 3
Fold 4



2021-08-11 19:11:41
Parameters (8OQ0Z760OV) 361/675
{'max_depth': 20, 'max_features': 0.7, 'min_samples_leaf': 0.001, 'min_samples_split': 0.0001, 'n_estimators': 2500}
Fold 1
Fold 2
Fold 3
Fold 4



2021-08-11 19:12:14
Parameters (XPWZSFTCSJ) 362/675
{'max_depth': 13, 'max_features': 0.2, 'min_samples_leaf': 0.0001, 'min_samples_split': 0.0001, 'n_estimators': 2500}
Fold 1
Fold 2
Fold 3
Fold 4



2021-08-11 19:12:44
Parameters (WMR8Z5MID8) 363/675
{'max_depth': 15, 'max_features': 0.1, 'min_samples_leaf': 0.0001, 'min_samples_split': 0.001, 'n_estimators': 1000}
Fold 1
Fold 2
Fold 3
Fold 4



2021-08-11 19:12:55
Parameters (ZENYZF3ULN) 364/675
{'max_depth': 13, 'max_features': 0.7, 'min_samples_leaf': 1e-05, 'min_samples_split': 0.001, 'n_estimators': 700}
Fold 1
Fold 2
Fold 3
Fold 4



2021-08-11 19:13:05
Parameters (CJDX7GY9OY) 365/675
{'max_depth': 50, 'max_features': 0.1, 'min_samples_leaf': 0.0001, 'min_samples_split': 1e-05, 'n_estimators': 1000}
Fold 1
Fold 2
Fold 3
Fold 4



2021-08-11 19:13:18
Parameters (0XCO424UQ9) 366/675
{'max_depth': 13, 'max_features': 0.7, 'min_samples_leaf': 0.001, 'min_samples_split': 0.0001, 'n_estimators': 1000}
Fold 1
Fold 2
Fold 3
Fold 4



2021-08-11 19:13:31
Parameters (E9MKJ5NT1N) 367/675
{'max_depth': 50, 'max_features': 0.7, 'min_samples_leaf': 1e-05, 'min_samples_split': 0.0001, 'n_estimators': 1000}
Fold 1
Fold 2
Fold 3
Fold 4



2021-08-11 19:13:49
Parameters (98PDRK1FL0) 368/675
{'max_depth': 30, 'max_features': 0.2, 'min_samples_leaf': 0.0001, 'min_samples_split': 0.0001, 'n_estimators': 700}
Fold 1
Fold 2
Fold 3
Fold 4



2021-08-11 19:13:59
Parameters (ZU1U8FVC8Q) 369/675
{'max_depth': 13, 'max_features': 0.1, 'min_samples_leaf': 0.001, 'min_samples_split': 0.0001, 'n_estimators': 1000}
Fold 1
Fold 2
Fold 3
Fold 4



2021-08-11 19:14:09
Parameters (784PN9YFPN) 370/675
{'max_depth': 15, 'max_features': 0.1, 'min_samples_leaf': 1e-05, 'min_samples_split': 0.0001, 'n_estimators': 2500}
Fold 1
Fold 2
Fold 3
Fold 4



2021-08-11 19:14:42
Parameters (IJ5YU9KWIM) 371/675
{'max_depth': 50, 'max_features': 0.7, 'min_samples_leaf': 0.0001, 'min_samples_split': 1e-05, 'n_estimators': 2500}
Fold 1
Fold 2
Fold 3
Fold 4



2021-08-11 19:15:22
Parameters (C0GX5GVLKV) 372/675
{'max_depth': 15, 'max_features': 0.5, 'min_samples_leaf': 0.0001, 'min_samples_split': 0.001, 'n_estimators': 700}
Fold 1
Fold 2
Fold 3
Fold 4



2021-08-11 19:15:31
Parameters (TXYKRQJOH9) 373/675
{'max_depth': 50, 'max_features': 0.2, 'min_samples_leaf': 0.001, 'min_samples_split': 0.0001, 'n_estimators': 1000}
Fold 1
Fold 2
Fold 3
Fold 4



2021-08-11 19:15:41
Parameters (7H5E2YOYDA) 374/675
{'max_depth': 30, 'max_features': 0.1, 'min_samples_leaf': 0.0001, 'min_samples_split': 0.0001, 'n_estimators': 2500}
Fold 1
Fold 2
Fold 3
Fold 4



2021-08-11 19:16:14
Parameters (YCQ5GCONWA) 375/675
{'max_depth': 50, 'max_features': 0.7, 'min_samples_leaf': 0.001, 'min_samples_split': 0.001, 'n_estimators': 2500}
Fold 1
Fold 2
Fold 3
Fold 4



2021-08-11 19:16:46
Parameters (EYLMZGT5K3) 376/675
{'max_depth': 13, 'max_features': 0.5, 'min_samples_leaf': 0.001, 'min_samples_split': 0.0001, 'n_estimators': 1000}
Fold 1
Fold 2
Fold 3
Fold 4



2021-08-11 19:16:57
Parameters (GIIBB6I46R) 377/675
{'max_depth': 30, 'max_features': 0.1, 'min_samples_leaf': 1e-05, 'min_samples_split': 0.0001, 'n_estimators': 1000}
Fold 1
Fold 2
Fold 3
Fold 4



2021-08-11 19:17:11
Parameters (BK0LP9UWWL) 378/675
{'max_depth': 30, 'max_features': 0.7, 'min_samples_leaf': 0.0001, 'min_samples_split': 1e-05, 'n_estimators': 1000}
Fold 1
Fold 2
Fold 3
Fold 4



2021-08-11 19:17:28
Parameters (QGOWOW7TJU) 379/675
{'max_depth': 50, 'max_features': 0.2, 'min_samples_leaf': 0.001, 'min_samples_split': 0.0001, 'n_estimators': 700}
Fold 1
Fold 2
Fold 3
Fold 4



2021-08-11 19:17:35
Parameters (DZJ2IVHJBD) 380/675
{'max_depth': 30, 'max_features': 0.3, 'min_samples_leaf': 1e-05, 'min_samples_split': 1e-05, 'n_estimators': 700}
Fold 1
Fold 2
Fold 3
Fold 4



2021-08-11 19:17:46
Parameters (JAOTJMJ3BZ) 381/675
{'max_depth': 50, 'max_features': 0.7, 'min_samples_leaf': 0.0001, 'min_samples_split': 0.0001, 'n_estimators': 1000}
Fold 1
Fold 2
Fold 3
Fold 4



2021-08-11 19:18:02
Parameters (JS1ZIWX646) 382/675
{'max_depth': 30, 'max_features': 0.2, 'min_samples_leaf': 0.0001, 'min_samples_split': 0.001, 'n_estimators': 700}
Fold 1
Fold 2
Fold 3
Fold 4



2021-08-11 19:18:10
Parameters (118MDABGUS) 383/675
{'max_depth': 20, 'max_features': 0.7, 'min_samples_leaf': 0.0001, 'min_samples_split': 0.001, 'n_estimators': 2500}
Fold 1
