Model training with data: 0003_11042021
Number of parameters combinations: 675
Parameters (XT3KLXE382) 1/675
{'max_depth': 7, 'max_features': 0.3, 'min_samples_leaf': 0.01, 'min_samples_split': 0.001, 'n_estimators': 100}
Fold 1
Fold 2
Fold 3
Fold 4
Fold 5
Fold 6



Parameters (87ZE0VTIHT) 2/675
{'max_depth': 15, 'max_features': 0.3, 'min_samples_leaf': 0.001, 'min_samples_split': 0.0001, 'n_estimators': 5000}
Fold 1
Fold 2
Fold 3
Fold 4
Fold 5
Fold 6



Parameters (KFF98P1GCR) 3/675
{'max_depth': 7, 'max_features': 0.4, 'min_samples_leaf': 0.001, 'min_samples_split': 0.0001, 'n_estimators': 5000}
Fold 1
Fold 2
Fold 3
Fold 4
Fold 5
Fold 6



Parameters (5BJMJJVOKQ) 4/675
{'max_depth': 15, 'max_features': 0.3, 'min_samples_leaf': 0.001, 'min_samples_split': 0.01, 'n_estimators': 500}
Fold 1
Fold 2
Fold 3
Fold 4
Fold 5
Fold 6



Parameters (JA712U7VSW) 5/675
{'max_depth': 15, 'max_features': 0.2, 'min_samples_leaf': 0.01, 'min_samples_split': 0.001, 'n_estimators': 500}
Fold 1
Fold 2
Fold 3
Fold 4
Fold 5
Fold 6



Parameters (M0RHXJQD6K) 6/675
{'max_depth': 7, 'max_features': 0.2, 'min_samples_leaf': 0.1, 'min_samples_split': 0.01, 'n_estimators': 100}
Fold 1
Fold 2
Fold 3
Fold 4
Fold 5
Fold 6



Parameters (8LV6OY7A7I) 7/675
{'max_depth': 13, 'max_features': 0.4, 'min_samples_leaf': 0.01, 'min_samples_split': 0.0001, 'n_estimators': 5000}
Fold 1
Fold 2
Fold 3
Fold 4
Fold 5
Fold 6



Parameters (98OEWH5QGJ) 8/675
{'max_depth': 5, 'max_features': 0.3, 'min_samples_leaf': 0.001, 'min_samples_split': 0.0001, 'n_estimators': 100}
Fold 1
Fold 2
Fold 3
Fold 4
Fold 5
Fold 6



Parameters (AN8FX675RF) 9/675
{'max_depth': 5, 'max_features': 0.2, 'min_samples_leaf': 0.01, 'min_samples_split': 0.001, 'n_estimators': 1000}
Fold 1
Fold 2
Fold 3
Fold 4
Fold 5
Fold 6



Parameters (DH6NMTT4QD) 10/675
{'max_depth': 15, 'max_features': 0.4, 'min_samples_leaf': 0.001, 'min_samples_split': 0.0001, 'n_estimators': 500}
Fold 1
Fold 2
Fold 3
Fold 4
Fold 5
Fold 6



Parameters (SO1YAG0PJZ) 11/675
{'max_depth': 5, 'max_features': 0.4, 'min_samples_leaf': 0.01, 'min_samples_split': 0.01, 'n_estimators': 10000}
Fold 1
Fold 2
Fold 3
Fold 4
Fold 5
Fold 6



Parameters (MFLC1OM4QJ) 12/675
{'max_depth': 7, 'max_features': 0.4, 'min_samples_leaf': 0.1, 'min_samples_split': 0.0001, 'n_estimators': 5000}
Fold 1
Fold 2
Fold 3
Fold 4
Fold 5
Fold 6



Parameters (OP38GIOYKL) 13/675
{'max_depth': 13, 'max_features': 0.2, 'min_samples_leaf': 0.1, 'min_samples_split': 0.001, 'n_estimators': 500}
Fold 1
Fold 2
Fold 3
Fold 4
Fold 5
Fold 6



Parameters (7K6YUAWBB5) 14/675
{'max_depth': 7, 'max_features': 0.2, 'min_samples_leaf': 0.1, 'min_samples_split': 0.0001, 'n_estimators': 500}
Fold 1
Fold 2
Fold 3
Fold 4
Fold 5
Fold 6



Parameters (OKNBRRXYE1) 15/675
{'max_depth': 7, 'max_features': 0.3, 'min_samples_leaf': 0.01, 'min_samples_split': 0.01, 'n_estimators': 10000}
Fold 1
Fold 2
Fold 3
Fold 4
Fold 5
Fold 6



Parameters (1ITYDVFOOZ) 16/675
{'max_depth': 10, 'max_features': 0.2, 'min_samples_leaf': 0.001, 'min_samples_split': 0.0001, 'n_estimators': 1000}
Fold 1
Fold 2
Fold 3
Fold 4
Fold 5
Fold 6



Parameters (VS3OXERBTK) 17/675
{'max_depth': 15, 'max_features': 0.2, 'min_samples_leaf': 0.001, 'min_samples_split': 0.0001, 'n_estimators': 500}
Fold 1
Fold 2
Fold 3
Fold 4
Fold 5
Fold 6



Parameters (PF7RAL9XDU) 18/675
{'max_depth': 10, 'max_features': 0.4, 'min_samples_leaf': 0.01, 'min_samples_split': 0.001, 'n_estimators': 10000}
Fold 1
Fold 2
Fold 3
Fold 4
Fold 5
Fold 6



Parameters (EG4RR8I5EL) 19/675
{'max_depth': 7, 'max_features': 0.4, 'min_samples_leaf': 0.01, 'min_samples_split': 0.001, 'n_estimators': 5000}
Fold 1
Fold 2
Fold 3
Fold 4
Fold 5
Fold 6



Parameters (C61GB2WVN5) 20/675
{'max_depth': 7, 'max_features': 0.3, 'min_samples_leaf': 0.01, 'min_samples_split': 0.001, 'n_estimators': 5000}
Fold 1
Fold 2
Fold 3
Fold 4
Fold 5
Fold 6



Parameters (MO2BWN46KK) 21/675
{'max_depth': 5, 'max_features': 0.3, 'min_samples_leaf': 0.1, 'min_samples_split': 0.0001, 'n_estimators': 100}
Fold 1
Fold 2
Fold 3
Fold 4
Fold 5
Fold 6



Parameters (L2KCQ89UUB) 22/675
{'max_depth': 7, 'max_features': 0.3, 'min_samples_leaf': 0.1, 'min_samples_split': 0.0001, 'n_estimators': 500}
Fold 1
Fold 2
Fold 3
Fold 4
Fold 5
Fold 6



Parameters (WEWA9ZWCFG) 23/675
{'max_depth': 10, 'max_features': 0.3, 'min_samples_leaf': 0.001, 'min_samples_split': 0.01, 'n_estimators': 100}
Fold 1
Fold 2
Fold 3
Fold 4
Fold 5
Fold 6



Parameters (ZCBV3BWAXK) 24/675
{'max_depth': 7, 'max_features': 0.4, 'min_samples_leaf': 0.001, 'min_samples_split': 0.001, 'n_estimators': 100}
Fold 1
Fold 2
Fold 3
Fold 4
Fold 5
Fold 6



Parameters (WHFP0YK6JK) 25/675
{'max_depth': 5, 'max_features': 0.2, 'min_samples_leaf': 0.01, 'min_samples_split': 0.001, 'n_estimators': 100}
Fold 1
Fold 2
Fold 3
Fold 4
Fold 5
Fold 6



Parameters (RKG97XBQCP) 26/675
{'max_depth': 15, 'max_features': 0.3, 'min_samples_leaf': 0.1, 'min_samples_split': 0.0001, 'n_estimators': 10000}
Fold 1
Fold 2
Fold 3
Fold 4
Fold 5
Fold 6



Parameters (NE12Y8NN7X) 27/675
{'max_depth': 13, 'max_features': 0.4, 'min_samples_leaf': 0.001, 'min_samples_split': 0.01, 'n_estimators': 100}
Fold 1
Fold 2
Fold 3
Fold 4
Fold 5
Fold 6



Parameters (DGPFNFZ5NE) 28/675
{'max_depth': 15, 'max_features': 0.4, 'min_samples_leaf': 0.001, 'min_samples_split': 0.01, 'n_estimators': 1000}
Fold 1
Fold 2
Fold 3
Fold 4
Fold 5
Fold 6



Parameters (6XAFRG8TZQ) 29/675
{'max_depth': 15, 'max_features': 0.2, 'min_samples_leaf': 0.001, 'min_samples_split': 0.0001, 'n_estimators': 5000}
Fold 1
Fold 2
Fold 3
Fold 4
Fold 5
Fold 6



Parameters (HNS0Y95SWO) 30/675
{'max_depth': 5, 'max_features': 0.3, 'min_samples_leaf': 0.001, 'min_samples_split': 0.001, 'n_estimators': 500}
Fold 1
Fold 2
Fold 3
Fold 4
Fold 5
Fold 6



Parameters (3UBVYFH7OD) 31/675
{'max_depth': 13, 'max_features': 0.2, 'min_samples_leaf': 0.1, 'min_samples_split': 0.0001, 'n_estimators': 10000}
Fold 1
Fold 2
Fold 3
Fold 4
Fold 5
Fold 6



Parameters (L7KOVR0XD0) 32/675
{'max_depth': 10, 'max_features': 0.3, 'min_samples_leaf': 0.01, 'min_samples_split': 0.01, 'n_estimators': 1000}
Fold 1
Fold 2
Fold 3
Fold 4
Fold 5
Fold 6



Parameters (DGV88E383O) 33/675
{'max_depth': 13, 'max_features': 0.4, 'min_samples_leaf': 0.001, 'min_samples_split': 0.001, 'n_estimators': 100}
Fold 1
Fold 2
Fold 3
Fold 4
Fold 5
Fold 6



Parameters (SHDP2L4S97) 34/675
{'max_depth': 13, 'max_features': 0.3, 'min_samples_leaf': 0.1, 'min_samples_split': 0.001, 'n_estimators': 100}
Fold 1
Fold 2
Fold 3
Fold 4
Fold 5
Fold 6



Parameters (X2U67ODX8A) 35/675
{'max_depth': 7, 'max_features': 0.3, 'min_samples_leaf': 0.01, 'min_samples_split': 0.0001, 'n_estimators': 1000}
Fold 1
Fold 2
Fold 3
Fold 4
Fold 5
Fold 6



Parameters (ZCMMKVZY6K) 36/675
{'max_depth': 7, 'max_features': 0.3, 'min_samples_leaf': 0.1, 'min_samples_split': 0.0001, 'n_estimators': 1000}
Fold 1
Fold 2
Fold 3
Fold 4
Fold 5
Fold 6



Parameters (TYQDVOKDPS) 37/675
{'max_depth': 13, 'max_features': 0.2, 'min_samples_leaf': 0.1, 'min_samples_split': 0.001, 'n_estimators': 1000}
Fold 1
Fold 2
Fold 3
Fold 4
Fold 5
Fold 6



Parameters (8OG6UN8XTF) 38/675
{'max_depth': 13, 'max_features': 0.3, 'min_samples_leaf': 0.001, 'min_samples_split': 0.01, 'n_estimators': 100}
Fold 1
Fold 2
Fold 3
Fold 4
Fold 5
Fold 6



Parameters (PK2VTNQBKX) 39/675
{'max_depth': 13, 'max_features': 0.4, 'min_samples_leaf': 0.001, 'min_samples_split': 0.0001, 'n_estimators': 500}
Fold 1
Fold 2
Fold 3
Fold 4
Fold 5
Fold 6



Parameters (446U9T3EHY) 40/675
{'max_depth': 13, 'max_features': 0.2, 'min_samples_leaf': 0.01, 'min_samples_split': 0.001, 'n_estimators': 10000}
Fold 1
Fold 2
Fold 3
Fold 4
Fold 5
Fold 6



Parameters (K3063H92YV) 41/675
{'max_depth': 7, 'max_features': 0.4, 'min_samples_leaf': 0.01, 'min_samples_split': 0.001, 'n_estimators': 10000}
Fold 1
Fold 2
Fold 3
Fold 4
Fold 5
Fold 6



Parameters (5MPOX7WARN) 42/675
{'max_depth': 13, 'max_features': 0.2, 'min_samples_leaf': 0.1, 'min_samples_split': 0.0001, 'n_estimators': 500}
Fold 1
Fold 2
Fold 3
Fold 4
Fold 5
Fold 6



Parameters (CM6FK40ZA3) 43/675
{'max_depth': 15, 'max_features': 0.4, 'min_samples_leaf': 0.1, 'min_samples_split': 0.0001, 'n_estimators': 10000}
Fold 1
Fold 2
Fold 3
Fold 4
Fold 5
Fold 6



Parameters (3ZKRWJTWUU) 44/675
{'max_depth': 5, 'max_features': 0.3, 'min_samples_leaf': 0.001, 'min_samples_split': 0.001, 'n_estimators': 10000}
Fold 1
Fold 2
Fold 3
Fold 4
Fold 5
Fold 6



Parameters (0YDA6UZQAU) 45/675
{'max_depth': 7, 'max_features': 0.3, 'min_samples_leaf': 0.001, 'min_samples_split': 0.001, 'n_estimators': 1000}
Fold 1
Fold 2
Fold 3
Fold 4
Fold 5
Fold 6



Parameters (ZGDUXNSEJW) 46/675
{'max_depth': 10, 'max_features': 0.3, 'min_samples_leaf': 0.01, 'min_samples_split': 0.001, 'n_estimators': 500}
Fold 1
Fold 2
Fold 3
Fold 4
Fold 5
Fold 6



Parameters (2U6JIRH8WK) 47/675
{'max_depth': 15, 'max_features': 0.4, 'min_samples_leaf': 0.01, 'min_samples_split': 0.01, 'n_estimators': 500}
Fold 1
Fold 2
Fold 3
Fold 4
Fold 5
Fold 6



Parameters (BXYLI26UDO) 48/675
{'max_depth': 10, 'max_features': 0.4, 'min_samples_leaf': 0.1, 'min_samples_split': 0.0001, 'n_estimators': 500}
Fold 1
Fold 2
Fold 3
Fold 4
Fold 5
Fold 6



Parameters (T7S2Z8YC4Y) 49/675
{'max_depth': 15, 'max_features': 0.2, 'min_samples_leaf': 0.01, 'min_samples_split': 0.001, 'n_estimators': 100}
Fold 1
Fold 2
Fold 3
Fold 4
Fold 5
Fold 6



Parameters (DCY87T6LLW) 50/675
{'max_depth': 5, 'max_features': 0.2, 'min_samples_leaf': 0.1, 'min_samples_split': 0.01, 'n_estimators': 10000}
Fold 1
Fold 2
Fold 3
Fold 4
Fold 5
Fold 6



Parameters (36LZKCUXPX) 51/675
{'max_depth': 13, 'max_features': 0.2, 'min_samples_leaf': 0.01, 'min_samples_split': 0.01, 'n_estimators': 1000}
Fold 1
Fold 2
Fold 3
Fold 4
Fold 5
Fold 6



Parameters (P6RC258YQG) 52/675
{'max_depth': 10, 'max_features': 0.2, 'min_samples_leaf': 0.01, 'min_samples_split': 0.0001, 'n_estimators': 5000}
Fold 1
Fold 2
Fold 3
Fold 4
Fold 5
Fold 6



Parameters (R3CAQ86X0E) 53/675
{'max_depth': 7, 'max_features': 0.2, 'min_samples_leaf': 0.1, 'min_samples_split': 0.01, 'n_estimators': 1000}
Fold 1
Fold 2
Fold 3
Fold 4
Fold 5
Fold 6



Parameters (8XBZF7RHHT) 54/675
{'max_depth': 10, 'max_features': 0.3, 'min_samples_leaf': 0.001, 'min_samples_split': 0.001, 'n_estimators': 10000}
Fold 1
Fold 2
Fold 3
Fold 4
Fold 5
Fold 6



Parameters (V3PP5G4SRH) 55/675
{'max_depth': 7, 'max_features': 0.3, 'min_samples_leaf': 0.1, 'min_samples_split': 0.01, 'n_estimators': 500}
Fold 1
Fold 2
Fold 3
Fold 4
Fold 5
Fold 6



Parameters (1J5RPXXEBA) 56/675
{'max_depth': 7, 'max_features': 0.2, 'min_samples_leaf': 0.001, 'min_samples_split': 0.01, 'n_estimators': 100}
Fold 1
Fold 2
Fold 3
Fold 4
Fold 5
Fold 6



Parameters (JVEEABB836) 57/675
{'max_depth': 10, 'max_features': 0.3, 'min_samples_leaf': 0.001, 'min_samples_split': 0.0001, 'n_estimators': 100}
Fold 1
Fold 2
Fold 3
Fold 4
Fold 5
Fold 6



Parameters (90Y2GNH863) 58/675
{'max_depth': 7, 'max_features': 0.2, 'min_samples_leaf': 0.01, 'min_samples_split': 0.0001, 'n_estimators': 100}
Fold 1
Fold 2
Fold 3
Fold 4
Fold 5
Fold 6



Parameters (WDBUUJL3F3) 59/675
{'max_depth': 7, 'max_features': 0.3, 'min_samples_leaf': 0.001, 'min_samples_split': 0.01, 'n_estimators': 5000}
Fold 1
Fold 2
Fold 3
Fold 4
Fold 5
Fold 6



Parameters (E5UV6WO1WM) 60/675
{'max_depth': 13, 'max_features': 0.4, 'min_samples_leaf': 0.1, 'min_samples_split': 0.001, 'n_estimators': 500}
Fold 1
Fold 2
Fold 3
Fold 4
Fold 5
Fold 6



Parameters (ID12Z1E840) 61/675
{'max_depth': 7, 'max_features': 0.4, 'min_samples_leaf': 0.01, 'min_samples_split': 0.01, 'n_estimators': 100}
Fold 1
Fold 2
Fold 3
Fold 4
Fold 5
Fold 6



Parameters (KTVH83PKE2) 62/675
{'max_depth': 10, 'max_features': 0.2, 'min_samples_leaf': 0.01, 'min_samples_split': 0.001, 'n_estimators': 1000}
Fold 1
Fold 2
Fold 3
Fold 4
Fold 5
Fold 6



Parameters (O7E11GIJAT) 63/675
{'max_depth': 5, 'max_features': 0.3, 'min_samples_leaf': 0.1, 'min_samples_split': 0.01, 'n_estimators': 10000}
Fold 1
Fold 2
Fold 3
Fold 4
Fold 5
Fold 6



Parameters (RMD054HAIV) 64/675
{'max_depth': 13, 'max_features': 0.3, 'min_samples_leaf': 0.001, 'min_samples_split': 0.0001, 'n_estimators': 1000}
Fold 1
Fold 2
Fold 3
Fold 4
Fold 5
Fold 6



Parameters (V0ZJ65DLAV) 65/675
{'max_depth': 10, 'max_features': 0.2, 'min_samples_leaf': 0.01, 'min_samples_split': 0.001, 'n_estimators': 500}
Fold 1
Fold 2
Fold 3
Fold 4
Fold 5
Fold 6



Parameters (JKUCX4BUXN) 66/675
{'max_depth': 7, 'max_features': 0.3, 'min_samples_leaf': 0.001, 'min_samples_split': 0.0001, 'n_estimators': 10000}
Fold 1
Fold 2
Fold 3
Fold 4
Fold 5
Fold 6



Parameters (3E2OPH95OX) 67/675
{'max_depth': 10, 'max_features': 0.2, 'min_samples_leaf': 0.001, 'min_samples_split': 0.01, 'n_estimators': 10000}
Fold 1
Fold 2
Fold 3
Fold 4
Fold 5
Fold 6



Parameters (LI8OSJSU4Z) 68/675
{'max_depth': 10, 'max_features': 0.4, 'min_samples_leaf': 0.1, 'min_samples_split': 0.0001, 'n_estimators': 100}
Fold 1
Fold 2
Fold 3
Fold 4
Fold 5
Fold 6



Parameters (0649S70S87) 69/675
{'max_depth': 5, 'max_features': 0.3, 'min_samples_leaf': 0.01, 'min_samples_split': 0.001, 'n_estimators': 10000}
Fold 1
Fold 2
Fold 3
Fold 4
Fold 5
Fold 6



Parameters (BLT1Q7LE6I) 70/675
{'max_depth': 15, 'max_features': 0.2, 'min_samples_leaf': 0.001, 'min_samples_split': 0.001, 'n_estimators': 1000}
Fold 1
Fold 2
Fold 3
Fold 4
Fold 5
Fold 6



Parameters (40HTPM65ZX) 71/675
{'max_depth': 13, 'max_features': 0.3, 'min_samples_leaf': 0.1, 'min_samples_split': 0.0001, 'n_estimators': 1000}
Fold 1
Fold 2
Fold 3
Fold 4
Fold 5
Fold 6



Parameters (6KGUO06QBL) 72/675
{'max_depth': 7, 'max_features': 0.3, 'min_samples_leaf': 0.001, 'min_samples_split': 0.0001, 'n_estimators': 5000}
Fold 1
Fold 2
Fold 3
Fold 4
Fold 5
Fold 6



Parameters (5M5XC4X6KF) 73/675
{'max_depth': 7, 'max_features': 0.2, 'min_samples_leaf': 0.1, 'min_samples_split': 0.001, 'n_estimators': 5000}
Fold 1
Fold 2
Fold 3
Fold 4
Fold 5
Fold 6



Parameters (4Z3WTX2SWE) 74/675
{'max_depth': 10, 'max_features': 0.4, 'min_samples_leaf': 0.1, 'min_samples_split': 0.0001, 'n_estimators': 10000}
Fold 1
Fold 2
Fold 3
Fold 4
Fold 5
Fold 6



Parameters (QGGQBASUHU) 75/675
{'max_depth': 10, 'max_features': 0.2, 'min_samples_leaf': 0.1, 'min_samples_split': 0.0001, 'n_estimators': 10000}
Fold 1
Fold 2
Fold 3
Fold 4
Fold 5
Fold 6



Parameters (G23E6VK970) 76/675
{'max_depth': 7, 'max_features': 0.3, 'min_samples_leaf': 0.01, 'min_samples_split': 0.0001, 'n_estimators': 100}
Fold 1
Fold 2
Fold 3
Fold 4
Fold 5
Fold 6



Parameters (VZ6NI2OIRE) 77/675
{'max_depth': 5, 'max_features': 0.2, 'min_samples_leaf': 0.1, 'min_samples_split': 0.01, 'n_estimators': 100}
Fold 1
Fold 2
Fold 3
Fold 4
Fold 5
Fold 6



Parameters (FTH9UABEJT) 78/675
{'max_depth': 10, 'max_features': 0.4, 'min_samples_leaf': 0.01, 'min_samples_split': 0.01, 'n_estimators': 5000}
Fold 1
Fold 2
Fold 3
Fold 4
Fold 5
Fold 6



Parameters (9KW2QOVN87) 79/675
{'max_depth': 5, 'max_features': 0.3, 'min_samples_leaf': 0.1, 'min_samples_split': 0.01, 'n_estimators': 5000}
Fold 1
Fold 2
Fold 3
Fold 4
Fold 5
Fold 6



Parameters (H7670KNL2G) 80/675
{'max_depth': 15, 'max_features': 0.2, 'min_samples_leaf': 0.01, 'min_samples_split': 0.0001, 'n_estimators': 1000}
Fold 1
Fold 2
Fold 3
Fold 4
Fold 5
Fold 6



Parameters (9HOWL11IOK) 81/675
{'max_depth': 5, 'max_features': 0.2, 'min_samples_leaf': 0.1, 'min_samples_split': 0.0001, 'n_estimators': 10000}
Fold 1
Fold 2
Fold 3
Fold 4
Fold 5
Fold 6



Parameters (FQQANJZDJG) 82/675
{'max_depth': 13, 'max_features': 0.4, 'min_samples_leaf': 0.001, 'min_samples_split': 0.0001, 'n_estimators': 10000}
Fold 1
Fold 2
Fold 3
Fold 4
Fold 5
Fold 6



Parameters (EO2FFW4N8N) 83/675
{'max_depth': 10, 'max_features': 0.4, 'min_samples_leaf': 0.01, 'min_samples_split': 0.0001, 'n_estimators': 10000}
Fold 1
Fold 2
Fold 3
Fold 4
Fold 5
Fold 6



Parameters (YOHXH4XS3I) 84/675
{'max_depth': 13, 'max_features': 0.3, 'min_samples_leaf': 0.01, 'min_samples_split': 0.01, 'n_estimators': 10000}
Fold 1
Fold 2
Fold 3
Fold 4
Fold 5
Fold 6



Parameters (B3UE0F72T7) 85/675
{'max_depth': 15, 'max_features': 0.3, 'min_samples_leaf': 0.001, 'min_samples_split': 0.001, 'n_estimators': 5000}
Fold 1
Fold 2
Fold 3
Fold 4
Fold 5
Fold 6



Parameters (7FQAYXIVV7) 86/675
{'max_depth': 7, 'max_features': 0.4, 'min_samples_leaf': 0.1, 'min_samples_split': 0.01, 'n_estimators': 1000}
Fold 1
Fold 2
Fold 3
Fold 4
Fold 5
Fold 6



Parameters (6S3KMY0VVD) 87/675
{'max_depth': 13, 'max_features': 0.3, 'min_samples_leaf': 0.1, 'min_samples_split': 0.001, 'n_estimators': 10000}
Fold 1
Fold 2
Fold 3
Fold 4
Fold 5
Fold 6



Parameters (TE0CWWH0WA) 88/675
{'max_depth': 5, 'max_features': 0.4, 'min_samples_leaf': 0.1, 'min_samples_split': 0.001, 'n_estimators': 5000}
Fold 1
Fold 2
Fold 3
Fold 4
Fold 5
Fold 6



Parameters (RF4CZMIK7Y) 89/675
{'max_depth': 15, 'max_features': 0.3, 'min_samples_leaf': 0.001, 'min_samples_split': 0.001, 'n_estimators': 10000}
Fold 1
Fold 2
Fold 3
Fold 4
Fold 5
Fold 6



Parameters (TTZ4DOEJRP) 90/675
{'max_depth': 7, 'max_features': 0.3, 'min_samples_leaf': 0.1, 'min_samples_split': 0.0001, 'n_estimators': 5000}
Fold 1
Fold 2
Fold 3
Fold 4
Fold 5
Fold 6



Parameters (04LYEPEJY2) 91/675
{'max_depth': 13, 'max_features': 0.2, 'min_samples_leaf': 0.01, 'min_samples_split': 0.0001, 'n_estimators': 100}
Fold 1
Fold 2
Fold 3
Fold 4
Fold 5
Fold 6



Parameters (IBHGLRHQRN) 92/675
{'max_depth': 7, 'max_features': 0.4, 'min_samples_leaf': 0.1, 'min_samples_split': 0.01, 'n_estimators': 5000}
Fold 1
Fold 2
Fold 3
Fold 4
Fold 5
Fold 6



Parameters (NRLHVFMG4C) 93/675
{'max_depth': 13, 'max_features': 0.2, 'min_samples_leaf': 0.1, 'min_samples_split': 0.0001, 'n_estimators': 100}
Fold 1
Fold 2
Fold 3
Fold 4
Fold 5
Fold 6



Parameters (DRCJKQEGX7) 94/675
{'max_depth': 5, 'max_features': 0.4, 'min_samples_leaf': 0.1, 'min_samples_split': 0.01, 'n_estimators': 1000}
Fold 1
Fold 2
Fold 3
Fold 4
Fold 5
Fold 6



Parameters (KH0TX5LD8U) 95/675
{'max_depth': 15, 'max_features': 0.4, 'min_samples_leaf': 0.1, 'min_samples_split': 0.0001, 'n_estimators': 100}
Fold 1
Fold 2
Fold 3
Fold 4
Fold 5
Fold 6



Parameters (H0Y6POV5H8) 96/675
{'max_depth': 15, 'max_features': 0.3, 'min_samples_leaf': 0.1, 'min_samples_split': 0.0001, 'n_estimators': 100}
Fold 1
Fold 2
Fold 3
Fold 4
Fold 5
Fold 6



Parameters (F74LH9HMOB) 97/675
{'max_depth': 15, 'max_features': 0.3, 'min_samples_leaf': 0.1, 'min_samples_split': 0.01, 'n_estimators': 500}
Fold 1
Fold 2
Fold 3
Fold 4
Fold 5
Fold 6



Parameters (RIMC96LMGF) 98/675
{'max_depth': 13, 'max_features': 0.2, 'min_samples_leaf': 0.001, 'min_samples_split': 0.01, 'n_estimators': 5000}
Fold 1
Fold 2
Fold 3
Fold 4
Fold 5
Fold 6



Parameters (Q6FP4PHEPU) 99/675
{'max_depth': 5, 'max_features': 0.3, 'min_samples_leaf': 0.01, 'min_samples_split': 0.01, 'n_estimators': 500}
Fold 1
Fold 2
Fold 3
Fold 4
Fold 5
Fold 6



Parameters (P6SJE2BN2R) 100/675
{'max_depth': 15, 'max_features': 0.2, 'min_samples_leaf': 0.1, 'min_samples_split': 0.0001, 'n_estimators': 5000}
Fold 1
Fold 2
Fold 3
Fold 4
Fold 5
Fold 6



Parameters (WLYSA6DHMW) 101/675
{'max_depth': 15, 'max_features': 0.3, 'min_samples_leaf': 0.01, 'min_samples_split': 0.0001, 'n_estimators': 500}
Fold 1
Fold 2
Fold 3
Fold 4
Fold 5
Fold 6



Parameters (G1J38OQ3SA) 102/675
{'max_depth': 15, 'max_features': 0.3, 'min_samples_leaf': 0.01, 'min_samples_split': 0.001, 'n_estimators': 100}
Fold 1
Fold 2
Fold 3
Fold 4
Fold 5
Fold 6



Parameters (NCT85CGD4G) 103/675
{'max_depth': 15, 'max_features': 0.4, 'min_samples_leaf': 0.01, 'min_samples_split': 0.0001, 'n_estimators': 500}
Fold 1
Fold 2
Fold 3
Fold 4
Fold 5
Fold 6



Parameters (JZGZQEA5JG) 104/675
{'max_depth': 15, 'max_features': 0.2, 'min_samples_leaf': 0.001, 'min_samples_split': 0.0001, 'n_estimators': 1000}
Fold 1
Fold 2
Fold 3
Fold 4
Fold 5
Fold 6



Parameters (WCVNOPSTE2) 105/675
{'max_depth': 15, 'max_features': 0.3, 'min_samples_leaf': 0.1, 'min_samples_split': 0.001, 'n_estimators': 5000}
Fold 1
Fold 2
Fold 3
Fold 4
Fold 5
Fold 6



Parameters (L897SR3KZW) 106/675
{'max_depth': 15, 'max_features': 0.3, 'min_samples_leaf': 0.01, 'min_samples_split': 0.001, 'n_estimators': 1000}
Fold 1
Fold 2
Fold 3
Fold 4
Fold 5
Fold 6



Parameters (2VM85JOVXK) 107/675
{'max_depth': 10, 'max_features': 0.4, 'min_samples_leaf': 0.01, 'min_samples_split': 0.01, 'n_estimators': 500}
Fold 1
Fold 2
Fold 3
Fold 4
Fold 5
Fold 6



Parameters (9F6CJBELNX) 108/675
{'max_depth': 15, 'max_features': 0.2, 'min_samples_leaf': 0.001, 'min_samples_split': 0.01, 'n_estimators': 500}
Fold 1
Fold 2
Fold 3
Fold 4
Fold 5
Fold 6



Parameters (ZMOYMT2831) 109/675
{'max_depth': 13, 'max_features': 0.3, 'min_samples_leaf': 0.001, 'min_samples_split': 0.001, 'n_estimators': 500}
Fold 1
Fold 2
Fold 3
Fold 4
Fold 5
Fold 6



Parameters (SDUEIILGAK) 110/675
{'max_depth': 13, 'max_features': 0.3, 'min_samples_leaf': 0.1, 'min_samples_split': 0.01, 'n_estimators': 5000}
Fold 1
Fold 2
Fold 3
Fold 4
Fold 5
Fold 6



Parameters (BT8E2P1UDO) 111/675
{'max_depth': 10, 'max_features': 0.2, 'min_samples_leaf': 0.1, 'min_samples_split': 0.01, 'n_estimators': 500}
Fold 1
Fold 2
Fold 3
Fold 4
Fold 5
Fold 6



Parameters (D0KMI9AMFX) 112/675
{'max_depth': 7, 'max_features': 0.4, 'min_samples_leaf': 0.1, 'min_samples_split': 0.001, 'n_estimators': 10000}
Fold 1
Fold 2
Fold 3
Fold 4
Fold 5
Fold 6



Parameters (EUPWXDC0OM) 113/675
{'max_depth': 5, 'max_features': 0.4, 'min_samples_leaf': 0.01, 'min_samples_split': 0.001, 'n_estimators': 5000}
Fold 1
Fold 2
Fold 3
Fold 4
Fold 5
Fold 6



Parameters (CUDQYLW7GT) 114/675
{'max_depth': 7, 'max_features': 0.3, 'min_samples_leaf': 0.001, 'min_samples_split': 0.001, 'n_estimators': 100}
Fold 1
Fold 2
Fold 3
Fold 4
Fold 5
Fold 6



Parameters (GLQQHYJ28X) 115/675
{'max_depth': 15, 'max_features': 0.2, 'min_samples_leaf': 0.1, 'min_samples_split': 0.001, 'n_estimators': 100}
Fold 1
Fold 2
Fold 3
Fold 4
Fold 5
Fold 6



Parameters (NLWKP59QTJ) 116/675
{'max_depth': 7, 'max_features': 0.4, 'min_samples_leaf': 0.1, 'min_samples_split': 0.0001, 'n_estimators': 1000}
Fold 1
Fold 2
Fold 3
Fold 4
Fold 5
Fold 6



Parameters (MR4Z5YYQ76) 117/675
{'max_depth': 5, 'max_features': 0.4, 'min_samples_leaf': 0.001, 'min_samples_split': 0.001, 'n_estimators': 1000}
Fold 1
Fold 2
Fold 3
Fold 4
Fold 5
Fold 6



Parameters (18YYOYRJWI) 118/675
{'max_depth': 10, 'max_features': 0.3, 'min_samples_leaf': 0.001, 'min_samples_split': 0.01, 'n_estimators': 500}
Fold 1
Fold 2
Fold 3
Fold 4
Fold 5
Fold 6



Parameters (3CC8U0TU8T) 119/675
{'max_depth': 15, 'max_features': 0.3, 'min_samples_leaf': 0.1, 'min_samples_split': 0.01, 'n_estimators': 1000}
Fold 1
Fold 2
Fold 3
Fold 4
Fold 5
Fold 6



Parameters (DBFDB4TP8C) 120/675
{'max_depth': 13, 'max_features': 0.2, 'min_samples_leaf': 0.01, 'min_samples_split': 0.0001, 'n_estimators': 1000}
Fold 1
Fold 2
Fold 3
Fold 4
Fold 5
Fold 6



Parameters (4YWIWGKA3Y) 121/675
{'max_depth': 5, 'max_features': 0.2, 'min_samples_leaf': 0.001, 'min_samples_split': 0.01, 'n_estimators': 500}
Fold 1
Fold 2
Fold 3
Fold 4
Fold 5
Fold 6



Parameters (GUSW06E7XF) 122/675
{'max_depth': 13, 'max_features': 0.4, 'min_samples_leaf': 0.001, 'min_samples_split': 0.01, 'n_estimators': 1000}
Fold 1
Fold 2
Fold 3
Fold 4
Fold 5
Fold 6



Parameters (6A52PTTWLM) 123/675
{'max_depth': 7, 'max_features': 0.4, 'min_samples_leaf': 0.1, 'min_samples_split': 0.0001, 'n_estimators': 10000}
Fold 1
Fold 2
Fold 3
Fold 4
Fold 5
Fold 6



Parameters (HKBWVRCOW1) 124/675
{'max_depth': 5, 'max_features': 0.3, 'min_samples_leaf': 0.001, 'min_samples_split': 0.01, 'n_estimators': 5000}
Fold 1
Fold 2
Fold 3
Fold 4
Fold 5
Fold 6



Parameters (03MKAJYBY0) 125/675
{'max_depth': 13, 'max_features': 0.3, 'min_samples_leaf': 0.1, 'min_samples_split': 0.0001, 'n_estimators': 5000}
Fold 1
Fold 2
Fold 3
Fold 4
Fold 5
Fold 6



Parameters (OKC90NRKB5) 126/675
{'max_depth': 7, 'max_features': 0.3, 'min_samples_leaf': 0.1, 'min_samples_split': 0.001, 'n_estimators': 100}
Fold 1
Fold 2
Fold 3
Fold 4
Fold 5
Fold 6



Parameters (6EGA9T37XQ) 127/675
{'max_depth': 10, 'max_features': 0.4, 'min_samples_leaf': 0.001, 'min_samples_split': 0.0001, 'n_estimators': 100}
Fold 1
Fold 2
Fold 3
Fold 4
Fold 5
Fold 6



Parameters (7H2AKRQ2XE) 128/675
{'max_depth': 13, 'max_features': 0.2, 'min_samples_leaf': 0.001, 'min_samples_split': 0.01, 'n_estimators': 100}
Fold 1
Fold 2
Fold 3
Fold 4
Fold 5
Fold 6



Parameters (IY43YZEZZA) 129/675
{'max_depth': 13, 'max_features': 0.2, 'min_samples_leaf': 0.01, 'min_samples_split': 0.01, 'n_estimators': 10000}
Fold 1
Fold 2
Fold 3
Fold 4
Fold 5
Fold 6



Parameters (Q95ABUP1GU) 130/675
{'max_depth': 5, 'max_features': 0.2, 'min_samples_leaf': 0.01, 'min_samples_split': 0.01, 'n_estimators': 1000}
Fold 1
Fold 2
Fold 3
Fold 4
Fold 5
Fold 6



Parameters (28WK1KBKKC) 131/675
{'max_depth': 10, 'max_features': 0.3, 'min_samples_leaf': 0.01, 'min_samples_split': 0.0001, 'n_estimators': 10000}
Fold 1
Fold 2
Fold 3
Fold 4
Fold 5
Fold 6



Parameters (QMV2OMT956) 132/675
{'max_depth': 10, 'max_features': 0.3, 'min_samples_leaf': 0.1, 'min_samples_split': 0.001, 'n_estimators': 5000}
Fold 1
Fold 2
Fold 3
Fold 4
Fold 5
Fold 6



Parameters (FM5923V3E3) 133/675
{'max_depth': 10, 'max_features': 0.3, 'min_samples_leaf': 0.1, 'min_samples_split': 0.01, 'n_estimators': 500}
Fold 1
Fold 2
Fold 3
Fold 4
Fold 5
Fold 6



Parameters (7H72B5DXVY) 134/675
{'max_depth': 13, 'max_features': 0.2, 'min_samples_leaf': 0.01, 'min_samples_split': 0.001, 'n_estimators': 500}
Fold 1
Fold 2
Fold 3
Fold 4
Fold 5
Fold 6



Parameters (4H4YB9SB8M) 135/675
{'max_depth': 13, 'max_features': 0.2, 'min_samples_leaf': 0.1, 'min_samples_split': 0.01, 'n_estimators': 1000}
Fold 1
Fold 2
Fold 3
Fold 4
Fold 5
Fold 6



Parameters (XVILAV5V40) 136/675
{'max_depth': 15, 'max_features': 0.4, 'min_samples_leaf': 0.01, 'min_samples_split': 0.001, 'n_estimators': 100}
Fold 1
Fold 2
Fold 3
Fold 4
Fold 5
Fold 6



Parameters (78ONUWIHBJ) 137/675
{'max_depth': 15, 'max_features': 0.4, 'min_samples_leaf': 0.001, 'min_samples_split': 0.001, 'n_estimators': 5000}
Fold 1
Fold 2
Fold 3
Fold 4
Fold 5
Fold 6



Parameters (NREV87U6N3) 138/675
{'max_depth': 5, 'max_features': 0.2, 'min_samples_leaf': 0.001, 'min_samples_split': 0.0001, 'n_estimators': 10000}
Fold 1
Fold 2
Fold 3
Fold 4
Fold 5
Fold 6



Parameters (PN2U8AVNEO) 139/675
{'max_depth': 5, 'max_features': 0.2, 'min_samples_leaf': 0.001, 'min_samples_split': 0.01, 'n_estimators': 100}
Fold 1
Fold 2
Fold 3
Fold 4
Fold 5
Fold 6



Parameters (GUS37FR1G4) 140/675
{'max_depth': 7, 'max_features': 0.2, 'min_samples_leaf': 0.1, 'min_samples_split': 0.001, 'n_estimators': 100}
Fold 1
Fold 2
Fold 3
Fold 4
Fold 5
Fold 6



Parameters (KZXBSVEGIL) 141/675
{'max_depth': 5, 'max_features': 0.3, 'min_samples_leaf': 0.001, 'min_samples_split': 0.01, 'n_estimators': 100}
Fold 1
Fold 2
Fold 3
Fold 4
Fold 5
Fold 6



Parameters (V7QF6ZUSZ9) 142/675
{'max_depth': 10, 'max_features': 0.3, 'min_samples_leaf': 0.01, 'min_samples_split': 0.001, 'n_estimators': 100}
Fold 1
Fold 2
Fold 3
Fold 4
Fold 5
Fold 6



Parameters (SCXO42O8F1) 143/675
{'max_depth': 7, 'max_features': 0.2, 'min_samples_leaf': 0.001, 'min_samples_split': 0.001, 'n_estimators': 100}
Fold 1
Fold 2
Fold 3
Fold 4
Fold 5
Fold 6



Parameters (XULFVV4MV2) 144/675
{'max_depth': 5, 'max_features': 0.3, 'min_samples_leaf': 0.01, 'min_samples_split': 0.01, 'n_estimators': 1000}
Fold 1
Fold 2
Fold 3
Fold 4
Fold 5
Fold 6



Parameters (FLNUYHZNG8) 145/675
{'max_depth': 15, 'max_features': 0.2, 'min_samples_leaf': 0.001, 'min_samples_split': 0.001, 'n_estimators': 500}
Fold 1
Fold 2
Fold 3
Fold 4
Fold 5
Fold 6



Parameters (D476AVCI33) 146/675
{'max_depth': 10, 'max_features': 0.4, 'min_samples_leaf': 0.01, 'min_samples_split': 0.0001, 'n_estimators': 1000}
Fold 1
Fold 2
Fold 3
Fold 4
Fold 5
Fold 6



Parameters (F9PNSLQU0R) 147/675
{'max_depth': 10, 'max_features': 0.2, 'min_samples_leaf': 0.1, 'min_samples_split': 0.001, 'n_estimators': 500}
Fold 1
Fold 2
Fold 3
Fold 4
Fold 5
Fold 6



Parameters (33GQYMR4RU) 148/675
{'max_depth': 13, 'max_features': 0.2, 'min_samples_leaf': 0.1, 'min_samples_split': 0.001, 'n_estimators': 10000}
Fold 1
Fold 2
Fold 3
Fold 4
Fold 5
Fold 6



Parameters (AO78SQQLS9) 149/675
{'max_depth': 13, 'max_features': 0.3, 'min_samples_leaf': 0.001, 'min_samples_split': 0.01, 'n_estimators': 5000}
Fold 1
Fold 2
Fold 3
Fold 4
Fold 5
Fold 6



Parameters (U0379NTWK7) 150/675
{'max_depth': 15, 'max_features': 0.3, 'min_samples_leaf': 0.01, 'min_samples_split': 0.0001, 'n_estimators': 10000}
Fold 1
Fold 2
Fold 3
Fold 4
Fold 5
Fold 6



Parameters (WE3WP6UH0S) 151/675
{'max_depth': 5, 'max_features': 0.2, 'min_samples_leaf': 0.01, 'min_samples_split': 0.001, 'n_estimators': 500}
Fold 1
Fold 2
Fold 3
Fold 4
Fold 5
Fold 6



Parameters (S5N4MO051Q) 152/675
{'max_depth': 10, 'max_features': 0.4, 'min_samples_leaf': 0.01, 'min_samples_split': 0.01, 'n_estimators': 1000}
Fold 1
Fold 2
Fold 3
Fold 4
Fold 5
Fold 6



Parameters (XOALKHROCM) 153/675
{'max_depth': 10, 'max_features': 0.3, 'min_samples_leaf': 0.01, 'min_samples_split': 0.0001, 'n_estimators': 500}
Fold 1
Fold 2
Fold 3
Fold 4
Fold 5
Fold 6



Parameters (31FEKHRM9I) 154/675
{'max_depth': 5, 'max_features': 0.2, 'min_samples_leaf': 0.1, 'min_samples_split': 0.001, 'n_estimators': 10000}
Fold 1
Fold 2
Fold 3
Fold 4
Fold 5
Fold 6



Parameters (0FIRTV9EH3) 155/675
{'max_depth': 15, 'max_features': 0.3, 'min_samples_leaf': 0.1, 'min_samples_split': 0.01, 'n_estimators': 100}
Fold 1
Fold 2
Fold 3
Fold 4
Fold 5
Fold 6



Parameters (WANT9OUDUK) 156/675
{'max_depth': 15, 'max_features': 0.4, 'min_samples_leaf': 0.001, 'min_samples_split': 0.0001, 'n_estimators': 10000}
Fold 1
Fold 2
Fold 3
Fold 4
Fold 5
Fold 6



Parameters (VA1DT68C7I) 157/675
{'max_depth': 10, 'max_features': 0.4, 'min_samples_leaf': 0.001, 'min_samples_split': 0.01, 'n_estimators': 500}
Fold 1
Fold 2
Fold 3
Fold 4
Fold 5
Fold 6



Parameters (6GMERXU86A) 158/675
{'max_depth': 10, 'max_features': 0.2, 'min_samples_leaf': 0.1, 'min_samples_split': 0.01, 'n_estimators': 1000}
Fold 1
Fold 2
Fold 3
Fold 4
Fold 5
Fold 6



Parameters (XD8BY1W9SW) 159/675
{'max_depth': 10, 'max_features': 0.3, 'min_samples_leaf': 0.1, 'min_samples_split': 0.001, 'n_estimators': 1000}
Fold 1
Fold 2
Fold 3
Fold 4
Fold 5
Fold 6



Parameters (XWLIVRD772) 160/675
{'max_depth': 15, 'max_features': 0.4, 'min_samples_leaf': 0.1, 'min_samples_split': 0.0001, 'n_estimators': 1000}
Fold 1
Fold 2
Fold 3
Fold 4
Fold 5
Fold 6



Parameters (1RRSAQUBZM) 161/675
{'max_depth': 10, 'max_features': 0.4, 'min_samples_leaf': 0.001, 'min_samples_split': 0.001, 'n_estimators': 10000}
Fold 1
Fold 2
Fold 3
Fold 4
Fold 5
Fold 6



Parameters (Q8LRM9FV9Q) 162/675
{'max_depth': 13, 'max_features': 0.3, 'min_samples_leaf': 0.01, 'min_samples_split': 0.01, 'n_estimators': 5000}
Fold 1
Fold 2
Fold 3
Fold 4
Fold 5
Fold 6



Parameters (0EXNKJ6QO2) 163/675
{'max_depth': 15, 'max_features': 0.4, 'min_samples_leaf': 0.01, 'min_samples_split': 0.01, 'n_estimators': 100}
Fold 1
Fold 2
Fold 3
Fold 4
Fold 5
Fold 6



Parameters (SBXGKOP0QZ) 164/675
{'max_depth': 13, 'max_features': 0.4, 'min_samples_leaf': 0.1, 'min_samples_split': 0.001, 'n_estimators': 5000}
Fold 1
Fold 2
Fold 3
Fold 4
Fold 5
Fold 6



Parameters (V28DOKE1HY) 165/675
{'max_depth': 7, 'max_features': 0.2, 'min_samples_leaf': 0.001, 'min_samples_split': 0.01, 'n_estimators': 500}
Fold 1
Fold 2
Fold 3
Fold 4
Fold 5
Fold 6



Parameters (LAUMLGSZUF) 166/675
{'max_depth': 10, 'max_features': 0.2, 'min_samples_leaf': 0.01, 'min_samples_split': 0.001, 'n_estimators': 10000}
Fold 1
Fold 2
Fold 3
Fold 4
Fold 5
Fold 6



Parameters (MKTRPUQQBZ) 167/675
{'max_depth': 5, 'max_features': 0.3, 'min_samples_leaf': 0.01, 'min_samples_split': 0.001, 'n_estimators': 5000}
Fold 1
Fold 2
Fold 3
Fold 4
Fold 5
Fold 6



Parameters (7VYC1G5Q5A) 168/675
{'max_depth': 13, 'max_features': 0.2, 'min_samples_leaf': 0.001, 'min_samples_split': 0.0001, 'n_estimators': 1000}
Fold 1
Fold 2
Fold 3
Fold 4
Fold 5
Fold 6



Parameters (WF84XYZ7X6) 169/675
{'max_depth': 15, 'max_features': 0.2, 'min_samples_leaf': 0.001, 'min_samples_split': 0.0001, 'n_estimators': 100}
Fold 1
Fold 2
Fold 3
Fold 4
Fold 5
Fold 6



Parameters (HKZAJYQXVE) 170/675
{'max_depth': 7, 'max_features': 0.3, 'min_samples_leaf': 0.001, 'min_samples_split': 0.001, 'n_estimators': 500}
Fold 1
Fold 2
Fold 3
Fold 4
Fold 5
Fold 6



Parameters (2W4YLF6JYO) 171/675
{'max_depth': 10, 'max_features': 0.4, 'min_samples_leaf': 0.01, 'min_samples_split': 0.0001, 'n_estimators': 100}
Fold 1
Fold 2
Fold 3
Fold 4
Fold 5
Fold 6



Parameters (OYCO2ZOIKE) 172/675
{'max_depth': 5, 'max_features': 0.2, 'min_samples_leaf': 0.01, 'min_samples_split': 0.001, 'n_estimators': 10000}