Model training with data: 0005_19042021
Number of parameters combinations: 486
Parameters (7BTYI75HC6) 1/486  -  2021-04-20 09:44:44
{'booster': 'gbtree', 'eta': 0.5, 'gamma': 0.005, 'lambda': 2, 'max_depth': 8, 'nthread': 8, 'objective': 'reg:squarederror', 'seed': 0, 'subsample': 1}
Fold 1
Training time: 180.6841
Fold 2
Training time: 193.4269
Fold 3
Training time: 200.5190
Fold 4
Training time: 189.2351
Fold 5
Training time: 197.4913
Fold 6
Training time: 180.7058



Parameters (PK9G4FRVXX) 2/486  -  2021-04-20 10:04:09
{'booster': 'gbtree', 'eta': 0.4, 'gamma': 0.01, 'lambda': 2, 'max_depth': 8, 'nthread': 8, 'objective': 'reg:squarederror', 'seed': 0, 'subsample': 0.5}
Fold 1
Training time: 131.5999
Fold 2
Training time: 142.5395
Fold 3
Training time: 144.2023
Fold 4
Training time: 138.7788
Fold 5
Training time: 143.2268
Fold 6
Training time: 133.8863



Parameters (X5W4CGH41M) 3/486  -  2021-04-20 10:18:27
{'booster': 'gbtree', 'eta': 0.5, 'gamma': 0.005, 'lambda': 0, 'max_depth': 8, 'nthread': 8, 'objective': 'reg:squarederror', 'seed': 0, 'subsample': 0.5}
Fold 1
Training time: 128.1586
Fold 2
Training time: 134.9697
Fold 3
Training time: 139.6581
Fold 4
Training time: 133.2650
Fold 5
Training time: 139.9994
Fold 6
Training time: 124.2474



Parameters (8H1U0XHDLN) 4/486  -  2021-04-20 10:32:11
{'booster': 'gbtree', 'eta': 0.4, 'gamma': 0.005, 'lambda': 1, 'max_depth': 6, 'nthread': 8, 'objective': 'reg:squarederror', 'seed': 0, 'subsample': 1}
Fold 1
Training time: 141.8505
Fold 2
Training time: 155.6104
Fold 3
Training time: 151.3314
Fold 4
Training time: 147.1728
Fold 5
Training time: 154.0060
Fold 6
Training time: 146.1099



Parameters (F7Q3RBT4D4) 5/486  -  2021-04-20 10:47:30
{'booster': 'gbtree', 'eta': 0.3, 'gamma': 0.01, 'lambda': 0, 'max_depth': 3, 'nthread': 8, 'objective': 'reg:squarederror', 'seed': 0, 'subsample': 0.75}
Fold 1
Training time: 67.2941
Fold 2
Training time: 69.0164
Fold 3
Training time: 68.4285
Fold 4
Training time: 67.4826
Fold 5
Training time: 67.4247
Fold 6
Training time: 68.2894



Parameters (TL1O2ZCT7M) 6/486  -  2021-04-20 10:54:39
{'booster': 'gbtree', 'eta': 0.5, 'gamma': 0.005, 'lambda': 2, 'max_depth': 3, 'nthread': 8, 'objective': 'reg:squarederror', 'seed': 0, 'subsample': 1}
Fold 1
Training time: 71.2451
Fold 2
Training time: 76.6108
Fold 3
Training time: 74.4096
Fold 4
Training time: 74.9282
Fold 5
Training time: 76.0689
Fold 6
Training time: 74.9184



Parameters (UIIA5POF5I) 7/486  -  2021-04-20 11:02:28
{'booster': 'gbtree', 'eta': 0.3, 'gamma': 0.01, 'lambda': 2, 'max_depth': 7, 'nthread': 8, 'objective': 'reg:squarederror', 'seed': 0, 'subsample': 0.75}
Fold 1
Training time: 151.9225
Fold 2
Training time: 157.9220
Fold 3
Training time: 158.8785
Fold 4
Training time: 151.4371
Fold 5
Training time: 157.8861
Fold 6
Training time: 152.4820



Parameters (S8BSMHL2C1) 8/486  -  2021-04-20 11:18:23
{'booster': 'gbtree', 'eta': 0.4, 'gamma': 0.005, 'lambda': 2, 'max_depth': 5, 'nthread': 8, 'objective': 'reg:squarederror', 'seed': 0, 'subsample': 0.75}
Fold 1
Training time: 106.1595
Fold 2
Training time: 112.5746
Fold 3
Training time: 108.5328
Fold 4
Training time: 105.4721
Fold 5
Training time: 110.6134
Fold 6
Training time: 106.7283



Parameters (NDPZRQOJJD) 9/486  -  2021-04-20 11:29:35
{'booster': 'gbtree', 'eta': 0.5, 'gamma': 0.05, 'lambda': 1, 'max_depth': 5, 'nthread': 8, 'objective': 'reg:squarederror', 'seed': 0, 'subsample': 0.5}
Fold 1
Training time: 83.3752
Fold 2
Training time: 89.3605
Fold 3
Training time: 85.0636
Fold 4
Training time: 84.2250
Fold 5
Training time: 89.2991
Fold 6
Training time: 85.0554



Parameters (I5ZMG4JBHW) 10/486  -  2021-04-20 11:38:33
{'booster': 'gbtree', 'eta': 0.4, 'gamma': 0.05, 'lambda': 2, 'max_depth': 3, 'nthread': 8, 'objective': 'reg:squarederror', 'seed': 0, 'subsample': 0.5}
Fold 1
Training time: 54.5811
Fold 2
Training time: 57.2393
Fold 3
Training time: 55.6264
Fold 4
Training time: 55.2662
Fold 5
Training time: 56.9413
Fold 6
Training time: 55.1814



Parameters (BFHB2QNNGU) 11/486  -  2021-04-20 11:44:29
{'booster': 'gbtree', 'eta': 0.5, 'gamma': 0.01, 'lambda': 2, 'max_depth': 5, 'nthread': 8, 'objective': 'reg:squarederror', 'seed': 0, 'subsample': 0.75}
Fold 1
Training time: 102.6185
Fold 2
Training time: 112.0017
Fold 3
Training time: 106.2238
Fold 4
Training time: 103.2292
Fold 5
Training time: 108.8833
Fold 6
Training time: 102.7027



Parameters (65IOXUX990) 12/486  -  2021-04-20 11:55:26
{'booster': 'gbtree', 'eta': 0.5, 'gamma': 0.005, 'lambda': 0, 'max_depth': 4, 'nthread': 8, 'objective': 'reg:squarederror', 'seed': 0, 'subsample': 1}
Fold 1
Training time: 93.3006
Fold 2
Training time: 102.5192
Fold 3
Training time: 97.8840
Fold 4
Training time: 96.4365
Fold 5
Training time: 102.2876
Fold 6
Training time: 97.3405



Parameters (YEGPN0NDCR) 13/486  -  2021-04-20 12:05:37
{'booster': 'gbtree', 'eta': 0.5, 'gamma': 0.05, 'lambda': 0, 'max_depth': 6, 'nthread': 8, 'objective': 'reg:squarederror', 'seed': 0, 'subsample': 0.75}
Fold 1
Training time: 119.7996
Fold 2
Training time: 130.7267
Fold 3
Training time: 127.6225
Fold 4
Training time: 122.4238
Fold 5
Training time: 130.4934
Fold 6
Training time: 120.8976



Parameters (2KSRZKAP7L) 14/486  -  2021-04-20 12:18:32
{'booster': 'gbtree', 'eta': 0.5, 'gamma': 0.01, 'lambda': 0, 'max_depth': 8, 'nthread': 8, 'objective': 'reg:squarederror', 'seed': 0, 'subsample': 1}
Fold 1
Training time: 179.3449
Fold 2
Training time: 193.6352
Fold 3
Training time: 199.2124
Fold 4
Training time: 189.2045
Fold 5
Training time: 195.2583
Fold 6
Training time: 179.0578



Parameters (7TKWTPL76M) 15/486  -  2021-04-20 12:37:50
{'booster': 'gbtree', 'eta': 0.5, 'gamma': 0.01, 'lambda': 0, 'max_depth': 4, 'nthread': 8, 'objective': 'reg:squarederror', 'seed': 0, 'subsample': 0.75}
Fold 1
Training time: 80.9429
Fold 2
Training time: 87.8049
Fold 3
Training time: 84.1836
Fold 4
Training time: 84.0680
Fold 5
Training time: 87.3920
Fold 6
Training time: 82.9203



Parameters (WV5WCIW62Z) 16/486  -  2021-04-20 12:46:39
{'booster': 'gbtree', 'eta': 0.3, 'gamma': 0.005, 'lambda': 1, 'max_depth': 7, 'nthread': 8, 'objective': 'reg:squarederror', 'seed': 0, 'subsample': 1}
Fold 1
Training time: 176.3256
Fold 2
Training time: 183.3407
Fold 3
Training time: 184.1621
Fold 4
Training time: 175.7346
Fold 5
Training time: 183.1566
Fold 6
Training time: 178.5153



Parameters (8XY4213EEP) 17/486  -  2021-04-20 13:05:04
{'booster': 'gbtree', 'eta': 0.3, 'gamma': 0.01, 'lambda': 0, 'max_depth': 8, 'nthread': 8, 'objective': 'reg:squarederror', 'seed': 0, 'subsample': 0.75}
Fold 1
Training time: 173.0208
Fold 2
Training time: 181.7951
Fold 3
Training time: 181.2285
Fold 4
Training time: 173.1204
Fold 5
Training time: 180.5258
Fold 6
Training time: 174.7101



Parameters (Y7CFKFNUU9) 18/486  -  2021-04-20 13:23:13
{'booster': 'gbtree', 'eta': 0.5, 'gamma': 0.01, 'lambda': 1, 'max_depth': 6, 'nthread': 8, 'objective': 'reg:squarederror', 'seed': 0, 'subsample': 0.5}
Fold 1
Training time: 98.1339
Fold 2
Training time: 104.5876
Fold 3
Training time: 102.6928
Fold 4
Training time: 102.3159
Fold 5
Training time: 106.9998
Fold 6
Training time: 97.2926



Parameters (ELHD8QNVBN) 19/486  -  2021-04-20 13:33:48
{'booster': 'gbtree', 'eta': 0.5, 'gamma': 0.05, 'lambda': 2, 'max_depth': 5, 'nthread': 8, 'objective': 'reg:squarederror', 'seed': 0, 'subsample': 0.5}
Fold 1
Training time: 83.3415
Fold 2
Training time: 88.8756
Fold 3
Training time: 85.2898
Fold 4
Training time: 84.3568
Fold 5
Training time: 88.8257
Fold 6
Training time: 84.7151



Parameters (RB8MGV4MAH) 20/486  -  2021-04-20 13:42:45
{'booster': 'gbtree', 'eta': 0.4, 'gamma': 0.05, 'lambda': 2, 'max_depth': 6, 'nthread': 8, 'objective': 'reg:squarederror', 'seed': 0, 'subsample': 1}
Fold 1
Training time: 142.0179
Fold 2
Training time: 155.6792
Fold 3
Training time: 149.8037
Fold 4
Training time: 144.8949
Fold 5
Training time: 152.3691
Fold 6
Training time: 144.5675



Parameters (NXHET4ZDJS) 21/486  -  2021-04-20 13:57:57
{'booster': 'gbtree', 'eta': 0.3, 'gamma': 0.005, 'lambda': 1, 'max_depth': 7, 'nthread': 8, 'objective': 'reg:squarederror', 'seed': 0, 'subsample': 0.5}
Fold 1
Training time: 123.3511
Fold 2
Training time: 129.8659
Fold 3
Training time: 129.3537
Fold 4
Training time: 122.6925
Fold 5
Training time: 128.2581
Fold 6
Training time: 123.5777



Parameters (GV1FBQZETW) 22/486  -  2021-04-20 14:10:59
{'booster': 'gbtree', 'eta': 0.3, 'gamma': 0.01, 'lambda': 0, 'max_depth': 8, 'nthread': 8, 'objective': 'reg:squarederror', 'seed': 0, 'subsample': 1}
Fold 1
Training time: 200.5209
Fold 2
Training time: 208.4504
Fold 3
Training time: 208.7656
Fold 4
Training time: 201.5982
Fold 5
Training time: 208.9392
Fold 6
Training time: 198.1878



Parameters (8B5JFTYBG0) 23/486  -  2021-04-20 14:31:50
{'booster': 'gbtree', 'eta': 0.4, 'gamma': 0.01, 'lambda': 1, 'max_depth': 3, 'nthread': 8, 'objective': 'reg:squarederror', 'seed': 0, 'subsample': 1}
Fold 1
Training time: 74.2210
Fold 2
Training time: 77.1516
Fold 3
Training time: 74.8166
Fold 4
Training time: 74.5903
Fold 5
Training time: 75.8862
Fold 6
Training time: 75.1229



Parameters (A3QS03SBFL) 24/486  -  2021-04-20 14:39:43
{'booster': 'gbtree', 'eta': 0.3, 'gamma': 0.005, 'lambda': 0, 'max_depth': 6, 'nthread': 8, 'objective': 'reg:squarederror', 'seed': 0, 'subsample': 0.75}
Fold 1
Training time: 128.8687
Fold 2
Training time: 135.0268
Fold 3
Training time: 133.6807
Fold 4
Training time: 128.8070
Fold 5
Training time: 133.6047
Fold 6
Training time: 130.0902



Parameters (5QXOTO3WTB) 25/486  -  2021-04-20 14:53:16
{'booster': 'gbtree', 'eta': 0.5, 'gamma': 0.01, 'lambda': 2, 'max_depth': 6, 'nthread': 8, 'objective': 'reg:squarederror', 'seed': 0, 'subsample': 0.75}
Fold 1
Training time: 119.2256
Fold 2
Training time: 127.8275
Fold 3
Training time: 124.0527
Fold 4
Training time: 121.1352
Fold 5
Training time: 128.6111
Fold 6
Training time: 119.9754



Parameters (IRJC4MZM1N) 26/486  -  2021-04-20 15:06:00
{'booster': 'gbtree', 'eta': 0.3, 'gamma': 0.005, 'lambda': 0, 'max_depth': 5, 'nthread': 8, 'objective': 'reg:squarederror', 'seed': 0, 'subsample': 0.75}
Fold 1
Training time: 108.3134
Fold 2
Training time: 111.4670
Fold 3
Training time: 111.0711
Fold 4
Training time: 107.4466
Fold 5
Training time: 109.9574
Fold 6
Training time: 108.6605



Parameters (Z5QKOSRFU3) 27/486  -  2021-04-20 15:17:19
{'booster': 'gbtree', 'eta': 0.3, 'gamma': 0.05, 'lambda': 0, 'max_depth': 5, 'nthread': 8, 'objective': 'reg:squarederror', 'seed': 0, 'subsample': 0.5}
Fold 1
Training time: 87.6489
Fold 2
Training time: 91.6028
Fold 3
Training time: 91.0744
Fold 4
Training time: 87.7408
Fold 5
Training time: 91.1731
Fold 6
Training time: 89.1358



Parameters (53O7TRAK1Q) 28/486  -  2021-04-20 15:26:40
{'booster': 'gbtree', 'eta': 0.5, 'gamma': 0.005, 'lambda': 2, 'max_depth': 7, 'nthread': 8, 'objective': 'reg:squarederror', 'seed': 0, 'subsample': 0.75}
Fold 1
Training time: 140.3150
Fold 2
Training time: 141.4697
Fold 3
Training time: 147.6106
Fold 4
Training time: 141.1332
Fold 5
Training time: 149.3682
Fold 6
Training time: 133.6181



Parameters (HT9DQ0OS7S) 29/486  -  2021-04-20 15:41:17
{'booster': 'gbtree', 'eta': 0.5, 'gamma': 0.01, 'lambda': 1, 'max_depth': 8, 'nthread': 8, 'objective': 'reg:squarederror', 'seed': 0, 'subsample': 0.5}
Fold 1
Training time: 125.0515
Fold 2
Training time: 133.6547
Fold 3
Training time: 137.6391
Fold 4
Training time: 134.4859
Fold 5
Training time: 140.0664
Fold 6
Training time: 126.9211



Parameters (CG0IGAXX1U) 30/486  -  2021-04-20 15:54:58
{'booster': 'gbtree', 'eta': 0.4, 'gamma': 0.05, 'lambda': 0, 'max_depth': 4, 'nthread': 8, 'objective': 'reg:squarederror', 'seed': 0, 'subsample': 1}
Fold 1
Training time: 95.3718
Fold 2
Training time: 102.9245
Fold 3
Training time: 99.7755
Fold 4
Training time: 97.7553
Fold 5
Training time: 102.2674
Fold 6
Training time: 99.4859



Parameters (N7FYR7UNVD) 31/486  -  2021-04-20 16:05:17
{'booster': 'gbtree', 'eta': 0.5, 'gamma': 0.05, 'lambda': 1, 'max_depth': 6, 'nthread': 8, 'objective': 'reg:squarederror', 'seed': 0, 'subsample': 0.75}
Fold 1
Training time: 119.7014
Fold 2
Training time: 129.3839
Fold 3
Training time: 125.9304
Fold 4
Training time: 121.7604
Fold 5
Training time: 130.5066
Fold 6
Training time: 120.9389



Parameters (UOG6QLG2FS) 32/486  -  2021-04-20 16:18:08
{'booster': 'gbtree', 'eta': 0.3, 'gamma': 0.005, 'lambda': 1, 'max_depth': 8, 'nthread': 8, 'objective': 'reg:squarederror', 'seed': 0, 'subsample': 0.75}
Fold 1
Training time: 172.8076
Fold 2
Training time: 181.3446
Fold 3
Training time: 179.0345
Fold 4
Training time: 172.1205
Fold 5
Training time: 177.6795
Fold 6
Training time: 173.5362



Parameters (OO2OOFJ0T2) 33/486  -  2021-04-20 16:36:09
{'booster': 'gbtree', 'eta': 0.3, 'gamma': 0.05, 'lambda': 0, 'max_depth': 7, 'nthread': 8, 'objective': 'reg:squarederror', 'seed': 0, 'subsample': 0.5}
Fold 1
Training time: 122.8545
Fold 2
Training time: 127.7632
Fold 3
Training time: 128.8171
Fold 4
Training time: 123.2869
Fold 5
Training time: 128.1061
Fold 6
Training time: 123.6284



Parameters (UJV92DD3F7) 34/486  -  2021-04-20 16:49:08
{'booster': 'gbtree', 'eta': 0.5, 'gamma': 0.01, 'lambda': 0, 'max_depth': 5, 'nthread': 8, 'objective': 'reg:squarederror', 'seed': 0, 'subsample': 0.75}
Fold 1
Training time: 101.7460
Fold 2
Training time: 109.6140
Fold 3
Training time: 103.7731
Fold 4
Training time: 102.3637
Fold 5
Training time: 107.8009
Fold 6
Training time: 99.4751



Parameters (VK3OFPGJIB) 35/486  -  2021-04-20 16:59:55
{'booster': 'gbtree', 'eta': 0.3, 'gamma': 0.005, 'lambda': 2, 'max_depth': 7, 'nthread': 8, 'objective': 'reg:squarederror', 'seed': 0, 'subsample': 1}
Fold 1
Training time: 174.3756
Fold 2
Training time: 182.2864
Fold 3
Training time: 181.4455
Fold 4
Training time: 174.5882
Fold 5
Training time: 181.2765
Fold 6
Training time: 177.1475



Parameters (HKRMXD6PKV) 36/486  -  2021-04-20 17:18:10
{'booster': 'gbtree', 'eta': 0.5, 'gamma': 0.05, 'lambda': 2, 'max_depth': 6, 'nthread': 8, 'objective': 'reg:squarederror', 'seed': 0, 'subsample': 0.5}
Fold 1
Training time: 99.1652
Fold 2
Training time: 102.9390
Fold 3
Training time: 104.6597
Fold 4
Training time: 100.8757
Fold 5
Training time: 105.0731
Fold 6
Training time: 97.5230



Parameters (MWK74CGKOO) 37/486  -  2021-04-20 17:28:43
{'booster': 'gbtree', 'eta': 0.3, 'gamma': 0.005, 'lambda': 1, 'max_depth': 3, 'nthread': 8, 'objective': 'reg:squarederror', 'seed': 0, 'subsample': 0.5}
Fold 1
Training time: 55.4510
Fold 2
Training time: 56.9813
Fold 3
Training time: 56.4562
Fold 4
Training time: 55.9382
Fold 5
Training time: 56.7433
Fold 6
Training time: 56.4683



Parameters (TKZ3SX54J2) 38/486  -  2021-04-20 17:34:42
{'booster': 'gbtree', 'eta': 0.3, 'gamma': 0.05, 'lambda': 2, 'max_depth': 7, 'nthread': 8, 'objective': 'reg:squarederror', 'seed': 0, 'subsample': 0.75}
Fold 1
Training time: 150.9051
Fold 2
Training time: 156.4327
Fold 3
Training time: 157.2367
Fold 4
Training time: 149.8982
Fold 5
Training time: 156.4420
Fold 6
Training time: 151.4772



Parameters (AL3LMCFB2L) 39/486  -  2021-04-20 17:50:29
{'booster': 'gbtree', 'eta': 0.5, 'gamma': 0.05, 'lambda': 1, 'max_depth': 8, 'nthread': 8, 'objective': 'reg:squarederror', 'seed': 0, 'subsample': 0.75}
Fold 1
Training time: 148.0401
Fold 2
Training time: 163.8947
Fold 3
Training time: 165.9997
Fold 4
Training time: 164.2375
Fold 5
Training time: 168.5291
Fold 6
Training time: 147.9453



Parameters (MZG12O2Q7B) 40/486  -  2021-04-20 18:06:50
{'booster': 'gbtree', 'eta': 0.4, 'gamma': 0.01, 'lambda': 2, 'max_depth': 6, 'nthread': 8, 'objective': 'reg:squarederror', 'seed': 0, 'subsample': 0.5}
Fold 1
Training time: 100.7832
Fold 2
Training time: 107.2889
Fold 3
Training time: 106.2926
Fold 4
Training time: 104.2335
Fold 5
Training time: 108.4755
Fold 6
Training time: 101.4123



Parameters (Z74ODRP0TY) 41/486  -  2021-04-20 18:17:42
{'booster': 'gbtree', 'eta': 0.5, 'gamma': 0.005, 'lambda': 1, 'max_depth': 4, 'nthread': 8, 'objective': 'reg:squarederror', 'seed': 0, 'subsample': 1}
Fold 1
Training time: 92.5507
Fold 2
Training time: 101.3282
Fold 3
Training time: 96.6125
Fold 4
Training time: 95.2709
Fold 5
Training time: 101.1180
Fold 6
Training time: 96.2930



Parameters (I6B15WHMD5) 42/486  -  2021-04-20 18:27:46
{'booster': 'gbtree', 'eta': 0.3, 'gamma': 0.005, 'lambda': 0, 'max_depth': 7, 'nthread': 8, 'objective': 'reg:squarederror', 'seed': 0, 'subsample': 1}
Fold 1
Training time: 175.3992
Fold 2
Training time: 182.3936
Fold 3
Training time: 182.4357
Fold 4
Training time: 173.9277
Fold 5
Training time: 181.2469
Fold 6
Training time: 177.3484



Parameters (2ZE38K7ZCM) 43/486  -  2021-04-20 18:46:03
{'booster': 'gbtree', 'eta': 0.5, 'gamma': 0.05, 'lambda': 2, 'max_depth': 6, 'nthread': 8, 'objective': 'reg:squarederror', 'seed': 0, 'subsample': 1}
Fold 1
Training time: 139.4938
Fold 2
Training time: 147.9265
Fold 3
Training time: 145.9455
Fold 4
Training time: 140.6149
Fold 5
Training time: 151.0881
Fold 6
Training time: 139.7965



Parameters (U1DC5ZFM1Z) 44/486  -  2021-04-20 19:00:51
{'booster': 'gbtree', 'eta': 0.4, 'gamma': 0.005, 'lambda': 0, 'max_depth': 4, 'nthread': 8, 'objective': 'reg:squarederror', 'seed': 0, 'subsample': 1}
Fold 1
Training time: 95.3096
Fold 2
Training time: 103.0840
Fold 3
Training time: 99.6281
Fold 4
Training time: 97.7439
Fold 5
Training time: 102.0289
Fold 6
Training time: 99.3377



Parameters (09PZLUD0Q2) 45/486  -  2021-04-20 19:11:10
{'booster': 'gbtree', 'eta': 0.4, 'gamma': 0.005, 'lambda': 1, 'max_depth': 6, 'nthread': 8, 'objective': 'reg:squarederror', 'seed': 0, 'subsample': 0.75}
Fold 1
Training time: 124.5830
Fold 2
Training time: 133.8358
Fold 3
Training time: 132.0965
Fold 4
Training time: 124.3637
Fold 5
Training time: 131.9866
Fold 6
Training time: 122.3885



Parameters (69JLNJO5RI) 46/486  -  2021-04-20 19:24:22
{'booster': 'gbtree', 'eta': 0.5, 'gamma': 0.01, 'lambda': 1, 'max_depth': 3, 'nthread': 8, 'objective': 'reg:squarederror', 'seed': 0, 'subsample': 0.75}
Fold 1
Training time: 62.9517
Fold 2
Training time: 66.4047
Fold 3
Training time: 64.9403
Fold 4
Training time: 64.5223
Fold 5
Training time: 66.5909
Fold 6
Training time: 65.1813



Parameters (SO9HX1Q60M) 47/486  -  2021-04-20 19:31:13
{'booster': 'gbtree', 'eta': 0.3, 'gamma': 0.005, 'lambda': 0, 'max_depth': 6, 'nthread': 8, 'objective': 'reg:squarederror', 'seed': 0, 'subsample': 0.5}
Fold 1
Training time: 104.9581
Fold 2
Training time: 109.6714
Fold 3
Training time: 109.7796
Fold 4
Training time: 105.3492
Fold 5
Training time: 109.4891
Fold 6
Training time: 106.8492



Parameters (VXKXPYRO12) 48/486  -  2021-04-20 19:42:23
{'booster': 'gbtree', 'eta': 0.5, 'gamma': 0.05, 'lambda': 2, 'max_depth': 3, 'nthread': 8, 'objective': 'reg:squarederror', 'seed': 0, 'subsample': 1}
Fold 1
Training time: 70.5300
Fold 2
Training time: 75.8483
Fold 3
Training time: 73.6291
Fold 4
Training time: 74.1274
Fold 5
Training time: 75.5051
Fold 6
Training time: 74.3587



Parameters (1HYYH8C1IE) 49/486  -  2021-04-20 19:50:08
{'booster': 'gbtree', 'eta': 0.4, 'gamma': 0.005, 'lambda': 1, 'max_depth': 8, 'nthread': 8, 'objective': 'reg:squarederror', 'seed': 0, 'subsample': 1}
Fold 1
Training time: 192.1780
Fold 2
Training time: 201.7672
Fold 3
Training time: 204.4130
Fold 4
Training time: 194.8059
Fold 5
Training time: 202.8328
Fold 6
Training time: 186.1792



Parameters (WK7G2BI77W) 50/486  -  2021-04-20 20:10:14
{'booster': 'gbtree', 'eta': 0.3, 'gamma': 0.01, 'lambda': 1, 'max_depth': 8, 'nthread': 8, 'objective': 'reg:squarederror', 'seed': 0, 'subsample': 1}
Fold 1
Training time: 200.7290
Fold 2
Training time: 208.2107
Fold 3
Training time: 209.0648
Fold 4
Training time: 199.9428
Fold 5
Training time: 208.4804
Fold 6
Training time: 197.4336



Parameters (9M1I75UWHQ) 51/486  -  2021-04-20 20:31:03
{'booster': 'gbtree', 'eta': 0.3, 'gamma': 0.05, 'lambda': 0, 'max_depth': 6, 'nthread': 8, 'objective': 'reg:squarederror', 'seed': 0, 'subsample': 1}
Fold 1
Training time: 148.2902
Fold 2
Training time: 156.2607
Fold 3
Training time: 154.9510
Fold 4
Training time: 149.0146
Fold 5
Training time: 155.2025
Fold 6
Training time: 150.1504



Parameters (K6ETDZMW2W) 52/486  -  2021-04-20 20:46:40
{'booster': 'gbtree', 'eta': 0.5, 'gamma': 0.05, 'lambda': 0, 'max_depth': 7, 'nthread': 8, 'objective': 'reg:squarederror', 'seed': 0, 'subsample': 0.5}
Fold 1
Training time: 113.5701
Fold 2
Training time: 115.4534
Fold 3
Training time: 118.4663
Fold 4
Training time: 114.9812
Fold 5
Training time: 123.8112
Fold 6
Training time: 108.7752



Parameters (5UT6IB84QN) 53/486  -  2021-04-20 20:58:38
{'booster': 'gbtree', 'eta': 0.5, 'gamma': 0.005, 'lambda': 1, 'max_depth': 8, 'nthread': 8, 'objective': 'reg:squarederror', 'seed': 0, 'subsample': 0.5}
Fold 1
Training time: 124.4560
Fold 2
Training time: 133.0954
Fold 3
Training time: 137.2063
Fold 4
Training time: 134.1844
Fold 5
Training time: 140.0687
Fold 6
Training time: 126.7358



Parameters (4Z8CTGE8HR) 54/486  -  2021-04-20 21:12:17
{'booster': 'gbtree', 'eta': 0.3, 'gamma': 0.05, 'lambda': 0, 'max_depth': 4, 'nthread': 8, 'objective': 'reg:squarederror', 'seed': 0, 'subsample': 1}
Fold 1
Training time: 100.2174
Fold 2
Training time: 102.9688
Fold 3
Training time: 102.4039
Fold 4
Training time: 99.7252
Fold 5
Training time: 101.7525
Fold 6
Training time: 99.9705



Parameters (N9Z19ZV1NL) 55/486  -  2021-04-20 21:22:46
{'booster': 'gbtree', 'eta': 0.3, 'gamma': 0.005, 'lambda': 2, 'max_depth': 5, 'nthread': 8, 'objective': 'reg:squarederror', 'seed': 0, 'subsample': 0.75}
Fold 1
Training time: 108.2422
Fold 2
Training time: 112.0865
Fold 3
Training time: 110.9064
Fold 4
Training time: 107.6618
Fold 5
Training time: 110.1414
Fold 6
Training time: 108.8144



Parameters (UDI1GX1W3P) 56/486  -  2021-04-20 21:34:06
{'booster': 'gbtree', 'eta': 0.5, 'gamma': 0.005, 'lambda': 1, 'max_depth': 5, 'nthread': 8, 'objective': 'reg:squarederror', 'seed': 0, 'subsample': 0.5}
Fold 1
Training time: 82.6051
Fold 2
Training time: 88.6130
Fold 3
Training time: 84.4647
Fold 4
Training time: 83.4495
Fold 5
Training time: 88.6663
Fold 6
Training time: 84.5926



Parameters (G60E820FRQ) 57/486  -  2021-04-20 21:43:01
{'booster': 'gbtree', 'eta': 0.3, 'gamma': 0.005, 'lambda': 0, 'max_depth': 8, 'nthread': 8, 'objective': 'reg:squarederror', 'seed': 0, 'subsample': 0.75}
Fold 1
Training time: 171.1816
Fold 2
Training time: 179.5095
Fold 3
Training time: 179.0741
Fold 4
Training time: 171.4110
Fold 5
Training time: 178.4783
Fold 6
Training time: 173.3771



Parameters (4AD62IRSLF) 58/486  -  2021-04-20 22:00:59
{'booster': 'gbtree', 'eta': 0.4, 'gamma': 0.005, 'lambda': 2, 'max_depth': 6, 'nthread': 8, 'objective': 'reg:squarederror', 'seed': 0, 'subsample': 0.75}
Fold 1
Training time: 123.7998
Fold 2
Training time: 133.6454
Fold 3
Training time: 132.2170
Fold 4
Training time: 124.2253
Fold 5
Training time: 131.6391
Fold 6
Training time: 124.3510



Parameters (SFUGAT8F7N) 59/486  -  2021-04-20 22:14:12
{'booster': 'gbtree', 'eta': 0.5, 'gamma': 0.005, 'lambda': 2, 'max_depth': 5, 'nthread': 8, 'objective': 'reg:squarederror', 'seed': 0, 'subsample': 0.5}
Fold 1
Training time: 82.8453
Fold 2
Training time: 88.7663
Fold 3
Training time: 85.2274
Fold 4
Training time: 83.9475
Fold 5
Training time: 88.6633
Fold 6
Training time: 84.3253



Parameters (Z4ORRPV4T1) 60/486  -  2021-04-20 22:23:08
{'booster': 'gbtree', 'eta': 0.4, 'gamma': 0.01, 'lambda': 0, 'max_depth': 4, 'nthread': 8, 'objective': 'reg:squarederror', 'seed': 0, 'subsample': 1}
Fold 1
Training time: 95.2135
Fold 2
Training time: 102.9407
Fold 3
Training time: 99.5266
Fold 4
Training time: 97.7409
Fold 5
Training time: 101.8711
Fold 6
Training time: 99.2267



Parameters (8XRNAK6H9B) 61/486  -  2021-04-20 22:33:26
{'booster': 'gbtree', 'eta': 0.4, 'gamma': 0.05, 'lambda': 2, 'max_depth': 8, 'nthread': 8, 'objective': 'reg:squarederror', 'seed': 0, 'subsample': 1}
Fold 1
Training time: 193.1381
Fold 2
Training time: 202.7094
Fold 3
Training time: 199.4097
Fold 4
Training time: 195.0317
Fold 5
Training time: 202.3664
Fold 6
Training time: 188.7413



Parameters (7997CXNHBE) 62/486  -  2021-04-20 22:53:31
{'booster': 'gbtree', 'eta': 0.4, 'gamma': 0.005, 'lambda': 1, 'max_depth': 5, 'nthread': 8, 'objective': 'reg:squarederror', 'seed': 0, 'subsample': 0.5}
Fold 1
Training time: 83.8983
Fold 2
Training time: 90.1344
Fold 3
Training time: 88.9486
Fold 4
Training time: 86.5974
Fold 5
Training time: 90.2028
Fold 6
Training time: 87.2166



Parameters (SME63W8TY5) 63/486  -  2021-04-20 23:02:40
{'booster': 'gbtree', 'eta': 0.5, 'gamma': 0.05, 'lambda': 0, 'max_depth': 7, 'nthread': 8, 'objective': 'reg:squarederror', 'seed': 0, 'subsample': 1}
Fold 1
Training time: 156.7221
Fold 2
Training time: 167.3896
Fold 3
Training time: 170.0073
Fold 4
Training time: 164.5602
Fold 5
Training time: 171.8200
Fold 6
Training time: 157.8503



Parameters (M02IZE7JH1) 64/486  -  2021-04-20 23:19:32
{'booster': 'gbtree', 'eta': 0.5, 'gamma': 0.05, 'lambda': 2, 'max_depth': 5, 'nthread': 8, 'objective': 'reg:squarederror', 'seed': 0, 'subsample': 1}
Fold 1
Training time: 114.5205
Fold 2
Training time: 124.9320
Fold 3
Training time: 121.6209
Fold 4
Training time: 118.0672
Fold 5
Training time: 124.7790
Fold 6
Training time: 121.0996



Parameters (REI0EPTKQI) 65/486  -  2021-04-20 23:31:59
{'booster': 'gbtree', 'eta': 0.4, 'gamma': 0.05, 'lambda': 1, 'max_depth': 6, 'nthread': 8, 'objective': 'reg:squarederror', 'seed': 0, 'subsample': 0.75}
Fold 1
Training time: 124.4841
Fold 2
Training time: 134.2324
Fold 3
Training time: 131.8879
Fold 4
Training time: 124.3707
Fold 5
Training time: 131.6542
Fold 6
Training time: 122.2704



Parameters (XAT72BF6OL) 66/486  -  2021-04-20 23:45:10
{'booster': 'gbtree', 'eta': 0.5, 'gamma': 0.005, 'lambda': 1, 'max_depth': 6, 'nthread': 8, 'objective': 'reg:squarederror', 'seed': 0, 'subsample': 1}
Fold 1
Training time: 138.7231
Fold 2
Training time: 148.4549
Fold 3
Training time: 147.1963
Fold 4
Training time: 140.5064
Fold 5
Training time: 151.9499
Fold 6
Training time: 138.9127



Parameters (EUBAU593MK) 67/486  -  2021-04-20 23:59:59
{'booster': 'gbtree', 'eta': 0.3, 'gamma': 0.05, 'lambda': 2, 'max_depth': 3, 'nthread': 8, 'objective': 'reg:squarederror', 'seed': 0, 'subsample': 0.5}
Fold 1
Training time: 55.3616
Fold 2
Training time: 57.0102
Fold 3
Training time: 56.3045
Fold 4
Training time: 55.7365
Fold 5
Training time: 56.6253
Fold 6
Training time: 56.3042



Parameters (BTHSNMQ8QZ) 68/486  -  2021-04-21 00:05:57
{'booster': 'gbtree', 'eta': 0.3, 'gamma': 0.01, 'lambda': 0, 'max_depth': 7, 'nthread': 8, 'objective': 'reg:squarederror', 'seed': 0, 'subsample': 0.75}
Fold 1
Training time: 150.5648
Fold 2
Training time: 156.0812
Fold 3
Training time: 157.5347
Fold 4
Training time: 149.5337
Fold 5
Training time: 156.4640
Fold 6
Training time: 150.5859



Parameters (QWK3DHFKCO) 69/486  -  2021-04-21 00:21:42
{'booster': 'gbtree', 'eta': 0.3, 'gamma': 0.005, 'lambda': 2, 'max_depth': 8, 'nthread': 8, 'objective': 'reg:squarederror', 'seed': 0, 'subsample': 1}
Fold 1
Training time: 202.3375
Fold 2
Training time: 209.1197
Fold 3
Training time: 210.0848
Fold 4
Training time: 202.2066
Fold 5
Training time: 209.9325
Fold 6
Training time: 197.8333



Parameters (OS9D1ANCWO) 70/486  -  2021-04-21 00:42:39
{'booster': 'gbtree', 'eta': 0.3, 'gamma': 0.005, 'lambda': 1, 'max_depth': 3, 'nthread': 8, 'objective': 'reg:squarederror', 'seed': 0, 'subsample': 0.75}
Fold 1
Training time: 66.5480
Fold 2
Training time: 68.2274
Fold 3
Training time: 67.8000
Fold 4
Training time: 66.7950
Fold 5
Training time: 66.8116
Fold 6
Training time: 67.6290



Parameters (JYM8R66XVH) 71/486  -  2021-04-21 00:49:43
{'booster': 'gbtree', 'eta': 0.3, 'gamma': 0.05, 'lambda': 2, 'max_depth': 8, 'nthread': 8, 'objective': 'reg:squarederror', 'seed': 0, 'subsample': 0.75}
Fold 1
Training time: 172.5260
Fold 2
Training time: 179.3186
Fold 3
Training time: 179.8985
Fold 4
Training time: 171.8275
Fold 5
Training time: 180.0167
Fold 6
Training time: 172.6574



Parameters (ZQED1FCJWL) 72/486  -  2021-04-21 01:07:45
{'booster': 'gbtree', 'eta': 0.3, 'gamma': 0.005, 'lambda': 1, 'max_depth': 7, 'nthread': 8, 'objective': 'reg:squarederror', 'seed': 0, 'subsample': 0.75}
Fold 1
Training time: 150.4926
Fold 2
Training time: 156.3056
Fold 3
Training time: 156.1992
Fold 4
Training time: 149.4570
Fold 5
Training time: 155.7764
Fold 6
Training time: 151.8327



Parameters (IVPIHJYPYG) 73/486  -  2021-04-21 01:23:29
{'booster': 'gbtree', 'eta': 0.4, 'gamma': 0.05, 'lambda': 1, 'max_depth': 5, 'nthread': 8, 'objective': 'reg:squarederror', 'seed': 0, 'subsample': 0.5}
Fold 1
Training time: 84.3149
Fold 2
Training time: 90.6145
Fold 3
Training time: 89.3245
Fold 4
Training time: 86.5661
Fold 5
Training time: 90.1147
Fold 6
Training time: 87.0240



Parameters (4WJX0CV0CS) 74/486  -  2021-04-21 01:32:39
{'booster': 'gbtree', 'eta': 0.4, 'gamma': 0.01, 'lambda': 0, 'max_depth': 5, 'nthread': 8, 'objective': 'reg:squarederror', 'seed': 0, 'subsample': 0.5}
Fold 1
Training time: 84.0339
Fold 2
Training time: 90.2422
Fold 3
Training time: 89.3875
Fold 4
Training time: 86.5626
Fold 5
Training time: 90.5188
Fold 6
Training time: 86.9007



Parameters (B0RS65X0R3) 75/486  -  2021-04-21 01:41:49
{'booster': 'gbtree', 'eta': 0.4, 'gamma': 0.005, 'lambda': 1, 'max_depth': 8, 'nthread': 8, 'objective': 'reg:squarederror', 'seed': 0, 'subsample': 0.5}
Fold 1
Training time: 130.4607
Fold 2
Training time: 141.2879
Fold 3
Training time: 145.0532
Fold 4
Training time: 135.8782
Fold 5
Training time: 141.3622
Fold 6
Training time: 130.1346



Parameters (9LFRI9R6JZ) 76/486  -  2021-04-21 01:55:57
{'booster': 'gbtree', 'eta': 0.3, 'gamma': 0.005, 'lambda': 2, 'max_depth': 4, 'nthread': 8, 'objective': 'reg:squarederror', 'seed': 0, 'subsample': 1}
Fold 1
Training time: 100.0804
Fold 2
Training time: 102.9952
Fold 3
Training time: 102.4019
Fold 4
Training time: 99.6974
Fold 5
Training time: 101.6100
Fold 6
Training time: 99.9436



Parameters (GV96WL3KY9) 77/486  -  2021-04-21 02:06:26
{'booster': 'gbtree', 'eta': 0.3, 'gamma': 0.05, 'lambda': 0, 'max_depth': 6, 'nthread': 8, 'objective': 'reg:squarederror', 'seed': 0, 'subsample': 0.5}
Fold 1
Training time: 104.7971
Fold 2
Training time: 109.8497
Fold 3
Training time: 109.6315
Fold 4
Training time: 105.3144
Fold 5
Training time: 109.4778
Fold 6
Training time: 107.2540



Parameters (V9P1YVAQ63) 78/486  -  2021-04-21 02:17:36
{'booster': 'gbtree', 'eta': 0.5, 'gamma': 0.01, 'lambda': 1, 'max_depth': 3, 'nthread': 8, 'objective': 'reg:squarederror', 'seed': 0, 'subsample': 1}
Fold 1
Training time: 70.3788
Fold 2
Training time: 75.9271
Fold 3
Training time: 73.5714
Fold 4
Training time: 74.0875
Fold 5
Training time: 75.2815
Fold 6
Training time: 74.1921



Parameters (LF4O6A4GBK) 79/486  -  2021-04-21 02:25:20
{'booster': 'gbtree', 'eta': 0.4, 'gamma': 0.005, 'lambda': 1, 'max_depth': 5, 'nthread': 8, 'objective': 'reg:squarederror', 'seed': 0, 'subsample': 1}
Fold 1
Training time: 119.9118
Fold 2
Training time: 129.0183
Fold 3
Training time: 123.2737
Fold 4
Training time: 120.0463
Fold 5
Training time: 126.6207
Fold 6
Training time: 119.6589



Parameters (73QSOO8KO3) 80/486  -  2021-04-21 02:38:01
{'booster': 'gbtree', 'eta': 0.3, 'gamma': 0.01, 'lambda': 2, 'max_depth': 5, 'nthread': 8, 'objective': 'reg:squarederror', 'seed': 0, 'subsample': 0.75}
Fold 1
Training time: 108.4265
Fold 2
Training time: 111.9420
Fold 3
Training time: 110.8665
Fold 4
Training time: 107.4991
Fold 5
Training time: 110.1425
Fold 6
Training time: 108.6623



Parameters (IRWPVVJBFB) 81/486  -  2021-04-21 02:49:21
{'booster': 'gbtree', 'eta': 0.5, 'gamma': 0.05, 'lambda': 2, 'max_depth': 3, 'nthread': 8, 'objective': 'reg:squarederror', 'seed': 0, 'subsample': 0.5}
Fold 1
Training time: 52.0253
Fold 2
Training time: 54.8427
Fold 3
Training time: 54.4236
Fold 4
Training time: 53.7818
Fold 5
Training time: 55.6023
Fold 6
Training time: 54.3094



Parameters (TQWFHGFUYF) 82/486  -  2021-04-21 02:55:07
{'booster': 'gbtree', 'eta': 0.3, 'gamma': 0.005, 'lambda': 0, 'max_depth': 4, 'nthread': 8, 'objective': 'reg:squarederror', 'seed': 0, 'subsample': 1}
Fold 1
Training time: 100.1394
Fold 2
Training time: 102.9031
Fold 3
Training time: 102.3047
Fold 4
Training time: 99.7169
Fold 5
Training time: 101.8753
Fold 6
Training time: 99.9236



Parameters (G688Q1R71X) 83/486  -  2021-04-21 03:05:36
{'booster': 'gbtree', 'eta': 0.3, 'gamma': 0.01, 'lambda': 1, 'max_depth': 5, 'nthread': 8, 'objective': 'reg:squarederror', 'seed': 0, 'subsample': 0.75}
Fold 1
Training time: 108.2471
Fold 2
Training time: 111.4701
Fold 3
Training time: 110.8838
Fold 4
Training time: 107.3658
Fold 5
Training time: 109.7827
Fold 6
Training time: 107.7500



Parameters (SEEG0PN9AP) 84/486  -  2021-04-21 03:16:54
{'booster': 'gbtree', 'eta': 0.3, 'gamma': 0.01, 'lambda': 1, 'max_depth': 5, 'nthread': 8, 'objective': 'reg:squarederror', 'seed': 0, 'subsample': 1}
Fold 1
Training time: 124.7245
Fold 2
Training time: 129.1800
Fold 3
Training time: 128.1491
Fold 4
Training time: 124.1263
Fold 5
Training time: 126.2711
Fold 6
Training time: 125.4919



Parameters (ZDMKGSRAOE) 85/486  -  2021-04-21 03:29:55
{'booster': 'gbtree', 'eta': 0.3, 'gamma': 0.005, 'lambda': 2, 'max_depth': 7, 'nthread': 8, 'objective': 'reg:squarederror', 'seed': 0, 'subsample': 0.75}
Fold 1
Training time: 150.4121
Fold 2
Training time: 156.2453
Fold 3
Training time: 157.6046
Fold 4
Training time: 149.7969
Fold 5
Training time: 156.2205
Fold 6
Training time: 150.9644



Parameters (ZEV0WN1GX4) 86/486  -  2021-04-21 03:45:40
{'booster': 'gbtree', 'eta': 0.3, 'gamma': 0.05, 'lambda': 0, 'max_depth': 4, 'nthread': 8, 'objective': 'reg:squarederror', 'seed': 0, 'subsample': 0.5}
Fold 1
Training time: 71.4440
Fold 2
Training time: 73.9144
Fold 3
Training time: 73.9131
Fold 4
Training time: 71.3544
Fold 5
Training time: 73.3787
Fold 6
Training time: 72.4865



Parameters (WH7ZTHQ0PQ) 87/486  -  2021-04-21 03:53:19
{'booster': 'gbtree', 'eta': 0.5, 'gamma': 0.01, 'lambda': 0, 'max_depth': 5, 'nthread': 8, 'objective': 'reg:squarederror', 'seed': 0, 'subsample': 0.5}
Fold 1
Training time: 82.3096
Fold 2
Training time: 89.8712
Fold 3
Training time: 84.1840
Fold 4
Training time: 83.5882
Fold 5
Training time: 88.7797
Fold 6
Training time: 85.0771



Parameters (XAS93RH1V0) 88/486  -  2021-04-21 04:02:15
{'booster': 'gbtree', 'eta': 0.3, 'gamma': 0.005, 'lambda': 1, 'max_depth': 3, 'nthread': 8, 'objective': 'reg:squarederror', 'seed': 0, 'subsample': 1}
Fold 1
Training time: 75.3678
Fold 2
Training time: 77.6593
Fold 3
Training time: 76.9444
Fold 4
Training time: 76.2753
Fold 5
Training time: 76.9472
Fold 6
Training time: 76.6751



Parameters (C39KRJMZWK) 89/486  -  2021-04-21 04:10:16
{'booster': 'gbtree', 'eta': 0.5, 'gamma': 0.005, 'lambda': 1, 'max_depth': 6, 'nthread': 8, 'objective': 'reg:squarederror', 'seed': 0, 'subsample': 0.75}
Fold 1
Training time: 119.4773
Fold 2
Training time: 129.1630
Fold 3
Training time: 125.6644
Fold 4
Training time: 121.5683
Fold 5
Training time: 129.9694
Fold 6
Training time: 120.7100



Parameters (0BMS5KDWJL) 90/486  -  2021-04-21 04:23:05
{'booster': 'gbtree', 'eta': 0.5, 'gamma': 0.005, 'lambda': 0, 'max_depth': 7, 'nthread': 8, 'objective': 'reg:squarederror', 'seed': 0, 'subsample': 0.75}
Fold 1
Training time: 139.0023
Fold 2
Training time: 140.6990
Fold 3
Training time: 146.9449
Fold 4
Training time: 140.3305
Fold 5
Training time: 148.3427
Fold 6
Training time: 134.9694



Parameters (0JIAR8BQ5X) 91/486  -  2021-04-21 04:37:38
{'booster': 'gbtree', 'eta': 0.5, 'gamma': 0.005, 'lambda': 2, 'max_depth': 4, 'nthread': 8, 'objective': 'reg:squarederror', 'seed': 0, 'subsample': 0.75}
Fold 1
Training time: 79.4670
Fold 2
Training time: 87.2370
Fold 3
Training time: 85.0705
Fold 4
Training time: 83.2304
Fold 5
Training time: 86.4722
Fold 6
Training time: 82.1165



Parameters (GS8HVBJK1R) 92/486  -  2021-04-21 04:46:23
{'booster': 'gbtree', 'eta': 0.5, 'gamma': 0.01, 'lambda': 0, 'max_depth': 7, 'nthread': 8, 'objective': 'reg:squarederror', 'seed': 0, 'subsample': 0.75}
Fold 1
Training time: 139.1765
Fold 2
Training time: 140.3634
Fold 3
Training time: 147.1851
Fold 4
Training time: 140.4073
Fold 5
Training time: 149.0912
Fold 6
Training time: 134.9020



Parameters (1BRKHE1NAB) 93/486  -  2021-04-21 05:00:57
{'booster': 'gbtree', 'eta': 0.4, 'gamma': 0.01, 'lambda': 0, 'max_depth': 4, 'nthread': 8, 'objective': 'reg:squarederror', 'seed': 0, 'subsample': 0.75}
Fold 1
Training time: 83.8766
Fold 2
Training time: 89.4755
Fold 3
Training time: 86.0102
Fold 4
Training time: 85.1443
Fold 5
Training time: 88.8729
Fold 6
Training time: 85.3585



Parameters (XWDGZP9OS9) 94/486  -  2021-04-21 05:09:58
{'booster': 'gbtree', 'eta': 0.5, 'gamma': 0.005, 'lambda': 1, 'max_depth': 8, 'nthread': 8, 'objective': 'reg:squarederror', 'seed': 0, 'subsample': 0.75}
Fold 1
Training time: 148.3178
Fold 2
Training time: 163.7852
Fold 3
Training time: 165.9305
Fold 4
Training time: 164.2632
Fold 5
Training time: 168.2678
Fold 6
Training time: 147.3725



Parameters (1W2WYGFVU8) 95/486  -  2021-04-21 05:26:19
{'booster': 'gbtree', 'eta': 0.4, 'gamma': 0.005, 'lambda': 2, 'max_depth': 7, 'nthread': 8, 'objective': 'reg:squarederror', 'seed': 0, 'subsample': 0.75}
Fold 1
Training time: 143.6397
Fold 2
Training time: 153.3746
Fold 3
Training time: 152.7024
Fold 4
Training time: 144.7032
Fold 5
Training time: 152.8436
Fold 6
Training time: 142.1448



Parameters (48OAL10KRN) 96/486  -  2021-04-21 05:41:32
{'booster': 'gbtree', 'eta': 0.4, 'gamma': 0.005, 'lambda': 0, 'max_depth': 6, 'nthread': 8, 'objective': 'reg:squarederror', 'seed': 0, 'subsample': 0.75}
Fold 1
Training time: 122.8757
Fold 2
Training time: 133.7732
Fold 3
Training time: 131.4733
Fold 4
Training time: 124.7788
Fold 5
Training time: 132.1443
Fold 6
Training time: 123.6936



Parameters (X32R2B811J) 97/486  -  2021-04-21 05:54:44
{'booster': 'gbtree', 'eta': 0.3, 'gamma': 0.01, 'lambda': 1, 'max_depth': 8, 'nthread': 8, 'objective': 'reg:squarederror', 'seed': 0, 'subsample': 0.75}
Fold 1
Training time: 172.4440
Fold 2
Training time: 181.0805
Fold 3
Training time: 178.7434
Fold 4
Training time: 172.0295
Fold 5
Training time: 177.5499
Fold 6
Training time: 173.1900



Parameters (TGK8TVNCHR) 98/486  -  2021-04-21 06:12:44
{'booster': 'gbtree', 'eta': 0.4, 'gamma': 0.005, 'lambda': 1, 'max_depth': 4, 'nthread': 8, 'objective': 'reg:squarederror', 'seed': 0, 'subsample': 0.75}
Fold 1
Training time: 83.7178
Fold 2
Training time: 89.6766
Fold 3
Training time: 85.8884
Fold 4
Training time: 85.8292
Fold 5
Training time: 88.4210
Fold 6
Training time: 85.4054



Parameters (9WRYDMAON5) 99/486  -  2021-04-21 06:21:44
{'booster': 'gbtree', 'eta': 0.5, 'gamma': 0.005, 'lambda': 0, 'max_depth': 4, 'nthread': 8, 'objective': 'reg:squarederror', 'seed': 0, 'subsample': 0.75}
Fold 1
Training time: 80.1523
Fold 2
Training time: 86.9314
Fold 3
Training time: 83.4913
Fold 4
Training time: 83.2657
Fold 5
Training time: 86.4572
Fold 6
Training time: 82.1007



Parameters (6UWHIXU7FH) 100/486  -  2021-04-21 06:30:28
{'booster': 'gbtree', 'eta': 0.3, 'gamma': 0.01, 'lambda': 1, 'max_depth': 7, 'nthread': 8, 'objective': 'reg:squarederror', 'seed': 0, 'subsample': 1}
Fold 1
Training time: 174.1960
Fold 2
Training time: 181.3391
Fold 3
Training time: 182.1150
Fold 4
Training time: 173.7190
Fold 5
Training time: 181.3099
Fold 6
Training time: 176.5175



Parameters (QL5MZU9JNQ) 101/486  -  2021-04-21 06:48:42
{'booster': 'gbtree', 'eta': 0.5, 'gamma': 0.05, 'lambda': 0, 'max_depth': 8, 'nthread': 8, 'objective': 'reg:squarederror', 'seed': 0, 'subsample': 0.75}
Fold 1
Training time: 154.2194
Fold 2
Training time: 160.4783
Fold 3
Training time: 167.6970
Fold 4
Training time: 162.7181
Fold 5
Training time: 166.5328
Fold 6
Training time: 148.4160



Parameters (MXMDM6KKF1) 102/486  -  2021-04-21 07:05:05
{'booster': 'gbtree', 'eta': 0.5, 'gamma': 0.05, 'lambda': 1, 'max_depth': 6, 'nthread': 8, 'objective': 'reg:squarederror', 'seed': 0, 'subsample': 1}
Fold 1
Training time: 138.4513
Fold 2
Training time: 148.2927
Fold 3
Training time: 147.0442
Fold 4
Training time: 140.4828
Fold 5
Training time: 151.8043
Fold 6
Training time: 138.5367



Parameters (YKFKBCOD9O) 103/486  -  2021-04-21 07:19:52
{'booster': 'gbtree', 'eta': 0.4, 'gamma': 0.01, 'lambda': 0, 'max_depth': 3, 'nthread': 8, 'objective': 'reg:squarederror', 'seed': 0, 'subsample': 0.75}
Fold 1
Training time: 65.2004
Fold 2
Training time: 68.3363
Fold 3
Training time: 66.7063
Fold 4
Training time: 65.6946
Fold 5
Training time: 67.6050
Fold 6
Training time: 66.2870



Parameters (40TY5ZG7UE) 104/486  -  2021-04-21 07:26:53
{'booster': 'gbtree', 'eta': 0.4, 'gamma': 0.01, 'lambda': 1, 'max_depth': 8, 'nthread': 8, 'objective': 'reg:squarederror', 'seed': 0, 'subsample': 0.75}
Fold 1
Training time: 161.3411
Fold 2
Training time: 172.2417
Fold 3
Training time: 173.9798
Fold 4
Training time: 168.9272
Fold 5
Training time: 173.0807
Fold 6
Training time: 160.7847



Parameters (GC1F3XW5K6) 105/486  -  2021-04-21 07:44:07
{'booster': 'gbtree', 'eta': 0.5, 'gamma': 0.05, 'lambda': 0, 'max_depth': 4, 'nthread': 8, 'objective': 'reg:squarederror', 'seed': 0, 'subsample': 0.5}
Fold 1
Training time: 66.8026
Fold 2
Training time: 72.1566
Fold 3
Training time: 69.4703
Fold 4
Training time: 69.3840
Fold 5
Training time: 72.3679
Fold 6
Training time: 68.2291



Parameters (3D8UF67CQL) 106/486  -  2021-04-21 07:51:27
{'booster': 'gbtree', 'eta': 0.4, 'gamma': 0.01, 'lambda': 1, 'max_depth': 8, 'nthread': 8, 'objective': 'reg:squarederror', 'seed': 0, 'subsample': 0.5}
Fold 1
Training time: 130.2140
Fold 2
Training time: 141.1722
Fold 3
Training time: 144.0513
Fold 4
Training time: 135.7097
Fold 5
Training time: 141.4135
Fold 6
Training time: 130.1122



Parameters (ZKY46FSHWI) 107/486  -  2021-04-21 08:05:34
{'booster': 'gbtree', 'eta': 0.3, 'gamma': 0.05, 'lambda': 0, 'max_depth': 8, 'nthread': 8, 'objective': 'reg:squarederror', 'seed': 0, 'subsample': 0.75}
Fold 1
Training time: 171.0074
Fold 2
Training time: 179.5452
Fold 3
Training time: 178.9833
Fold 4
Training time: 171.4671
Fold 5
Training time: 178.5851
Fold 6
Training time: 172.7287



Parameters (9M1YNNKFAT) 108/486  -  2021-04-21 08:23:31
{'booster': 'gbtree', 'eta': 0.4, 'gamma': 0.005, 'lambda': 0, 'max_depth': 7, 'nthread': 8, 'objective': 'reg:squarederror', 'seed': 0, 'subsample': 0.75}
Fold 1
Training time: 144.2077
Fold 2
Training time: 153.0588
Fold 3
Training time: 152.2826
Fold 4
Training time: 144.9126
Fold 5
Training time: 153.0524
Fold 6
Training time: 142.3597



Parameters (30GI6ERRCX) 109/486  -  2021-04-21 08:38:45
{'booster': 'gbtree', 'eta': 0.5, 'gamma': 0.01, 'lambda': 0, 'max_depth': 6, 'nthread': 8, 'objective': 'reg:squarederror', 'seed': 0, 'subsample': 1}
Fold 1
Training time: 139.3682
Fold 2
Training time: 147.6716
Fold 3
Training time: 146.6856
Fold 4
Training time: 139.9418
Fold 5
Training time: 151.8404
Fold 6
Training time: 139.2583



Parameters (FTN2A7XGI1) 110/486  -  2021-04-21 08:53:32
{'booster': 'gbtree', 'eta': 0.3, 'gamma': 0.01, 'lambda': 2, 'max_depth': 4, 'nthread': 8, 'objective': 'reg:squarederror', 'seed': 0, 'subsample': 0.5}
Fold 1
Training time: 71.4202
Fold 2
Training time: 74.1543
Fold 3
Training time: 73.9948
Fold 4
Training time: 71.6794
Fold 5
Training time: 73.1448
Fold 6
Training time: 72.4273



Parameters (GY92DMWJXE) 111/486  -  2021-04-21 09:01:11
{'booster': 'gbtree', 'eta': 0.4, 'gamma': 0.05, 'lambda': 2, 'max_depth': 8, 'nthread': 8, 'objective': 'reg:squarederror', 'seed': 0, 'subsample': 0.75}
Fold 1
Training time: 161.3188
Fold 2
Training time: 174.5901
Fold 3
Training time: 174.3770
Fold 4
Training time: 168.0195
Fold 5
Training time: 173.4858
Fold 6
Training time: 160.7046



Parameters (4NADMVKKXH) 112/486  -  2021-04-21 09:18:27
{'booster': 'gbtree', 'eta': 0.4, 'gamma': 0.01, 'lambda': 2, 'max_depth': 7, 'nthread': 8, 'objective': 'reg:squarederror', 'seed': 0, 'subsample': 0.5}
Fold 1
Training time: 117.7758
Fold 2
Training time: 122.9776
Fold 3
Training time: 124.6645
Fold 4
Training time: 118.7628
Fold 5
Training time: 126.3262
Fold 6
Training time: 116.6603



Parameters (PFWE224BA5) 113/486  -  2021-04-21 09:30:58
{'booster': 'gbtree', 'eta': 0.4, 'gamma': 0.005, 'lambda': 2, 'max_depth': 4, 'nthread': 8, 'objective': 'reg:squarederror', 'seed': 0, 'subsample': 1}
Fold 1
Training time: 95.6258
Fold 2
Training time: 102.7393
Fold 3
Training time: 99.5109
Fold 4
Training time: 97.5396
Fold 5
Training time: 101.8682
Fold 6
Training time: 99.1517



Parameters (6OBXVPG1OH) 114/486  -  2021-04-21 09:41:16
{'booster': 'gbtree', 'eta': 0.5, 'gamma': 0.01, 'lambda': 1, 'max_depth': 8, 'nthread': 8, 'objective': 'reg:squarederror', 'seed': 0, 'subsample': 0.75}
Fold 1
Training time: 147.9158
Fold 2
Training time: 163.6625
Fold 3
Training time: 165.9475
Fold 4
Training time: 165.0186
Fold 5
Training time: 168.3146
Fold 6
Training time: 147.4997



Parameters (BHD6LZ1MV1) 115/486  -  2021-04-21 09:57:38
{'booster': 'gbtree', 'eta': 0.5, 'gamma': 0.01, 'lambda': 2, 'max_depth': 3, 'nthread': 8, 'objective': 'reg:squarederror', 'seed': 0, 'subsample': 1}
Fold 1
Training time: 70.6168
Fold 2
Training time: 75.8997
Fold 3
Training time: 73.7506
Fold 4
Training time: 74.3933
Fold 5
Training time: 75.3607
Fold 6
Training time: 74.3086



Parameters (3VETYWM5TC) 116/486  -  2021-04-21 10:05:23
{'booster': 'gbtree', 'eta': 0.4, 'gamma': 0.005, 'lambda': 1, 'max_depth': 4, 'nthread': 8, 'objective': 'reg:squarederror', 'seed': 0, 'subsample': 0.5}
Fold 1
Training time: 68.3407
Fold 2
Training time: 72.5507
Fold 3
Training time: 70.9435
Fold 4
Training time: 70.2010
Fold 5
Training time: 72.7769
Fold 6
Training time: 70.5181



Parameters (YO1GY3J97Z) 117/486  -  2021-04-21 10:12:50
{'booster': 'gbtree', 'eta': 0.3, 'gamma': 0.005, 'lambda': 2, 'max_depth': 6, 'nthread': 8, 'objective': 'reg:squarederror', 'seed': 0, 'subsample': 0.75}
Fold 1
Training time: 128.2475
Fold 2
Training time: 134.7646
Fold 3
Training time: 133.6627
Fold 4
Training time: 129.0326
Fold 5
Training time: 132.7039
Fold 6
Training time: 129.5666



Parameters (ORGTSCF9ZF) 118/486  -  2021-04-21 10:26:22
{'booster': 'gbtree', 'eta': 0.4, 'gamma': 0.01, 'lambda': 0, 'max_depth': 6, 'nthread': 8, 'objective': 'reg:squarederror', 'seed': 0, 'subsample': 1}
Fold 1
Training time: 141.9113
Fold 2
Training time: 155.2030
Fold 3
Training time: 150.9026
Fold 4
Training time: 144.8801
Fold 5
Training time: 152.6358
Fold 6
Training time: 144.2138



Parameters (BDPOOHZ3ZN) 119/486  -  2021-04-21 10:41:35
{'booster': 'gbtree', 'eta': 0.3, 'gamma': 0.05, 'lambda': 1, 'max_depth': 4, 'nthread': 8, 'objective': 'reg:squarederror', 'seed': 0, 'subsample': 0.75}
Fold 1
Training time: 86.1466
Fold 2
Training time: 88.6975
Fold 3
Training time: 88.1399
Fold 4
Training time: 86.6639
Fold 5
Training time: 88.3562
Fold 6
Training time: 87.3631



Parameters (JL20D7CMUR) 120/486  -  2021-04-21 10:50:42
{'booster': 'gbtree', 'eta': 0.5, 'gamma': 0.01, 'lambda': 1, 'max_depth': 5, 'nthread': 8, 'objective': 'reg:squarederror', 'seed': 0, 'subsample': 0.5}
Fold 1
Training time: 82.9402
Fold 2
Training time: 88.5630
Fold 3
Training time: 84.3950
Fold 4
Training time: 84.3377
Fold 5
Training time: 88.6897
Fold 6
Training time: 84.2762



Parameters (5ZC6OOLBTR) 121/486  -  2021-04-21 10:59:37
{'booster': 'gbtree', 'eta': 0.3, 'gamma': 0.01, 'lambda': 0, 'max_depth': 6, 'nthread': 8, 'objective': 'reg:squarederror', 'seed': 0, 'subsample': 0.5}
Fold 1
Training time: 104.7695
Fold 2
Training time: 109.6158
Fold 3
Training time: 109.6303
Fold 4
Training time: 105.2275
Fold 5
Training time: 109.3014
Fold 6
Training time: 106.6471



Parameters (5ZAD85CB81) 122/486  -  2021-04-21 11:10:46
{'booster': 'gbtree', 'eta': 0.4, 'gamma': 0.05, 'lambda': 1, 'max_depth': 4, 'nthread': 8, 'objective': 'reg:squarederror', 'seed': 0, 'subsample': 0.75}
Fold 1
Training time: 83.5541
Fold 2
Training time: 89.3477
Fold 3
Training time: 85.9799
Fold 4
Training time: 84.9956
Fold 5
Training time: 88.4345
Fold 6
Training time: 85.4867



Parameters (2T01MUCNGI) 123/486  -  2021-04-21 11:19:46
{'booster': 'gbtree', 'eta': 0.3, 'gamma': 0.05, 'lambda': 2, 'max_depth': 6, 'nthread': 8, 'objective': 'reg:squarederror', 'seed': 0, 'subsample': 0.75}
Fold 1
Training time: 128.1948
Fold 2
Training time: 135.2660
Fold 3
Training time: 133.9065
Fold 4
Training time: 128.6730
Fold 5
Training time: 132.8910
Fold 6
Training time: 129.6326



Parameters (TH49B9FWW3) 124/486  -  2021-04-21 11:33:18
{'booster': 'gbtree', 'eta': 0.5, 'gamma': 0.05, 'lambda': 1, 'max_depth': 4, 'nthread': 8, 'objective': 'reg:squarederror', 'seed': 0, 'subsample': 0.5}
Fold 1
Training time: 66.9001
Fold 2
Training time: 72.8714
Fold 3
Training time: 69.6994
Fold 4
Training time: 69.3030
Fold 5
Training time: 72.3792
Fold 6
Training time: 112.9098



Parameters (3VZR0N46G9) 125/486  -  2021-04-21 11:41:25
{'booster': 'gbtree', 'eta': 0.3, 'gamma': 0.005, 'lambda': 2, 'max_depth': 5, 'nthread': 8, 'objective': 'reg:squarederror', 'seed': 0, 'subsample': 0.5}
Fold 1
Training time: 212.6947
Fold 2
Training time: 157.7036
Fold 3
Training time: 166.9483
Fold 4
Training time: 211.5333
Fold 5
Training time: 133.8869
Fold 6
Training time: 89.0612



Parameters (R5N4F15XRA) 126/486  -  2021-04-21 11:58:12
{'booster': 'gbtree', 'eta': 0.5, 'gamma': 0.005, 'lambda': 0, 'max_depth': 7, 'nthread': 8, 'objective': 'reg:squarederror', 'seed': 0, 'subsample': 1}
Fold 1
Training time: 156.9049
Fold 2
Training time: 167.3681
Fold 3
Training time: 170.2409
Fold 4
Training time: 164.1885
Fold 5
Training time: 171.8442
Fold 6
Training time: 157.7656



Parameters (K3X186GREF) 127/486  -  2021-04-21 12:15:03
{'booster': 'gbtree', 'eta': 0.4, 'gamma': 0.05, 'lambda': 1, 'max_depth': 7, 'nthread': 8, 'objective': 'reg:squarederror', 'seed': 0, 'subsample': 1}
Fold 1
Training time: 167.8434
Fold 2
Training time: 175.4861
Fold 3
