Model training with data: 0005_19042021
Number of parameters combinations: 486
Parameters (7T8QE34V4X) 1/486  -  2021-04-19 22:03:56
{'booster': 'gbtree', 'eta': 0.3, 'gamma': 0.05, 'lambda': 1, 'max_depth': 30, 'nthread': 8, 'objective': 'reg:squarederror', 'seed': 0, 'subsample': 0.75}
Fold 1
Training time: 612.8624
Fold 2
Training time: 642.9585
Fold 3
Training time: 656.5261
Fold 4
Training time: 611.9148
Fold 5
Training time: 642.4310
Fold 6
Training time: 583.0552



Parameters (Z8JN8ZSY6K) 2/486  -  2021-04-19 23:06:58
{'booster': 'gbtree', 'eta': 0.4, 'gamma': 0.05, 'lambda': 1.2, 'max_depth': 30, 'nthread': 8, 'objective': 'reg:squarederror', 'seed': 0, 'subsample': 1}
Fold 1
Training time: 630.3484
Fold 2
Training time: 719.5752
Fold 3
Training time: 772.4786
Fold 4
Training time: 738.2720
Fold 5
Training time: 742.4015
Fold 6
Training time: 648.6819



Parameters (X2M36O6DH3) 3/486  -  2021-04-20 00:18:21
{'booster': 'gbtree', 'eta': 0.4, 'gamma': 0.01, 'lambda': 1, 'max_depth': 10, 'nthread': 8, 'objective': 'reg:squarederror', 'seed': 0, 'subsample': 1}
Fold 1
Training time: 239.5656
Fold 2
Training time: 253.4519
Fold 3
Training time: 254.1075
Fold 4
Training time: 242.3602
Fold 5
Training time: 256.9900
Fold 6
Training time: 230.3942



Parameters (2OY5JYTSAA) 4/486  -  2021-04-20 00:43:18
{'booster': 'gbtree', 'eta': 0.2, 'gamma': 0.05, 'lambda': 1.2, 'max_depth': 4, 'nthread': 8, 'objective': 'reg:squarederror', 'seed': 0, 'subsample': 0.5}
Fold 1
Training time: 72.6321
Fold 2
Training time: 74.6817
Fold 3
Training time: 73.4759
Fold 4
Training time: 72.8546
Fold 5
Training time: 73.9851
Fold 6
Training time: 73.3401



Parameters (H66HMVC8X7) 5/486  -  2021-04-20 00:50:57
{'booster': 'gbtree', 'eta': 0.4, 'gamma': 0.01, 'lambda': 1.2, 'max_depth': 15, 'nthread': 8, 'objective': 'reg:squarederror', 'seed': 0, 'subsample': 0.5}
Fold 1
Training time: 245.3446
Fold 2
Training time: 266.9363
Fold 3
Training time: 273.8251
Fold 4
Training time: 262.7290
Fold 5
Training time: 267.7485
Fold 6
Training time: 243.7012



Parameters (UZN5JZ9SD9) 6/486  -  2021-04-20 01:17:20
{'booster': 'gbtree', 'eta': 0.3, 'gamma': 0.1, 'lambda': 1.2, 'max_depth': 15, 'nthread': 8, 'objective': 'reg:squarederror', 'seed': 0, 'subsample': 0.75}
Fold 1
Training time: 325.9716
Fold 2
Training time: 342.3222
Fold 3
Training time: 346.0153
Fold 4
Training time: 328.3560
Fold 5
Training time: 341.3854
Fold 6
Training time: 323.4528



Parameters (SQ137IWT23) 7/486  -  2021-04-20 01:51:12
{'booster': 'gbtree', 'eta': 0.4, 'gamma': 0.1, 'lambda': 0.8, 'max_depth': 6, 'nthread': 8, 'objective': 'reg:squarederror', 'seed': 0, 'subsample': 0.5}
Fold 1
Training time: 102.6872
Fold 2
Training time: 107.9507
Fold 3
Training time: 106.3727
Fold 4
Training time: 104.0227
Fold 5
Training time: 108.3327
Fold 6
Training time: 100.8579



Parameters (Q4ZPOSZ4QC) 8/486  -  2021-04-20 02:02:01
{'booster': 'gbtree', 'eta': 0.4, 'gamma': 0.01, 'lambda': 1, 'max_depth': 30, 'nthread': 8, 'objective': 'reg:squarederror', 'seed': 0, 'subsample': 1}
Fold 1
Training time: 639.9494
Fold 2
Training time: 703.0581
Fold 3
Training time: 766.6113
Fold 4
Training time: 731.6535
Fold 5
Training time: 740.9854
Fold 6
Training time: 646.4874



Parameters (WFC1L57OY7) 9/486  -  2021-04-20 03:13:01
{'booster': 'gbtree', 'eta': 0.4, 'gamma': 0.01, 'lambda': 0.8, 'max_depth': 6, 'nthread': 8, 'objective': 'reg:squarederror', 'seed': 0, 'subsample': 0.75}
Fold 1
Training time: 125.2323
Fold 2
Training time: 134.6867
Fold 3
Training time: 132.5853
Fold 4
Training time: 125.0838
Fold 5
Training time: 132.3950
Fold 6
Training time: 123.1316



Parameters (IM0ANE2J78) 10/486  -  2021-04-20 03:26:12
{'booster': 'gbtree', 'eta': 0.3, 'gamma': 0.05, 'lambda': 1.2, 'max_depth': 30, 'nthread': 8, 'objective': 'reg:squarederror', 'seed': 0, 'subsample': 0.75}
Fold 1
Training time: 579.2117
Fold 2
Training time: 634.2360
Fold 3
Training time: 645.4427
Fold 4
Training time: 605.2015
Fold 5
Training time: 634.9477
Fold 6
Training time: 594.9424



Parameters (P63LB1GSD7) 11/486  -  2021-04-20 04:28:19
{'booster': 'gbtree', 'eta': 0.2, 'gamma': 0.01, 'lambda': 1, 'max_depth': 15, 'nthread': 8, 'objective': 'reg:squarederror', 'seed': 0, 'subsample': 1}
Fold 1
Training time: 400.3317
Fold 2
Training time: 418.5275
Fold 3
Training time: 415.3822
Fold 4
Training time: 398.3818
Fold 5
Training time: 408.9186
Fold 6
Training time: 402.6240



Parameters (H67AXHLY06) 12/486  -  2021-04-20 05:09:30
{'booster': 'gbtree', 'eta': 0.3, 'gamma': 0.05, 'lambda': 0.8, 'max_depth': 30, 'nthread': 8, 'objective': 'reg:squarederror', 'seed': 0, 'subsample': 1}
Fold 1
Training time: 670.8240
Fold 2
Training time: 742.3987
Fold 3
Training time: 756.4561
Fold 4
Training time: 707.1383
Fold 5
Training time: 727.3286
Fold 6
Training time: 669.4657



Parameters (OSK7I1J5QA) 13/486  -  2021-04-20 06:21:15
{'booster': 'gbtree', 'eta': 0.4, 'gamma': 0.01, 'lambda': 1, 'max_depth': 30, 'nthread': 8, 'objective': 'reg:squarederror', 'seed': 0, 'subsample': 0.5}
Fold 1
Training time: 465.9509
Fold 2
Training time: 508.2438
Fold 3
Training time: 534.8111
Fold 4
Training time: 512.5113
Fold 5
Training time: 520.4573
Fold 6
Training time: 461.0514



Parameters (II2ZWODEDU) 14/486  -  2021-04-20 07:11:48
{'booster': 'gbtree', 'eta': 0.3, 'gamma': 0.01, 'lambda': 1, 'max_depth': 6, 'nthread': 8, 'objective': 'reg:squarederror', 'seed': 0, 'subsample': 0.75}
Fold 1
Training time: 129.6599
Fold 2
Training time: 135.6046
Fold 3
Training time: 134.9093
Fold 4
Training time: 129.5962
Fold 5
Training time: 134.0021
Fold 6
Training time: 130.7912



Parameters (WM6A1S4U3W) 15/486  -  2021-04-20 07:25:22
{'booster': 'gbtree', 'eta': 0.2, 'gamma': 0.01, 'lambda': 1.2, 'max_depth': 4, 'nthread': 8, 'objective': 'reg:squarederror', 'seed': 0, 'subsample': 0.75}
Fold 1
Training time: 88.2597
Fold 2
Training time: 89.8840
Fold 3
Training time: 89.8780
Fold 4
Training time: 88.8871
Fold 5
Training time: 89.5777
Fold 6
Training time: 89.0282



Parameters (DO8M2GE72F) 16/486  -  2021-04-20 07:34:35
{'booster': 'gbtree', 'eta': 0.4, 'gamma': 0.05, 'lambda': 0.8, 'max_depth': 15, 'nthread': 8, 'objective': 'reg:squarederror', 'seed': 0, 'subsample': 1}
Fold 1
Training time: 341.2438
Fold 2
Training time: 375.9176
Fold 3
Training time: 381.0834
Fold 4
Training time: 373.1535
Fold 5
Training time: 382.1150
Fold 6
Training time: 346.8219



Parameters (9J5F9BD0D8) 17/486  -  2021-04-20 08:11:38
{'booster': 'gbtree', 'eta': 0.3, 'gamma': 0.05, 'lambda': 1.2, 'max_depth': 10, 'nthread': 8, 'objective': 'reg:squarederror', 'seed': 0, 'subsample': 0.75}
Fold 1
Training time: 219.2808
Fold 2
Training time: 228.5156
Fold 3
Training time: 230.4531
Fold 4
Training time: 217.9251
Fold 5
Training time: 226.4262
Fold 6
Training time: 214.5893



Parameters (2N9QBTGWJU) 18/486  -  2021-04-20 08:34:17
{'booster': 'gbtree', 'eta': 0.3, 'gamma': 0.05, 'lambda': 1, 'max_depth': 15, 'nthread': 8, 'objective': 'reg:squarederror', 'seed': 0, 'subsample': 0.5}
Fold 1
Training time: 269.9287
Fold 2
Training time: 282.7137
Fold 3
Training time: 283.2808
Fold 4
Training time: 270.7327
Fold 5
Training time: 279.0109
Fold 6
Training time: 266.6424



Parameters (5X189CD72Y) 19/486  -  2021-04-20 09:02:14
{'booster': 'gbtree', 'eta': 0.2, 'gamma': 0.05, 'lambda': 0.8, 'max_depth': 30, 'nthread': 8, 'objective': 'reg:squarederror', 'seed': 0, 'subsample': 1}
Fold 1
Training time: 689.9213
Fold 2
Training time: 732.8646
Fold 3
